[2024-07-06T19:47:08.371+0000] {processor.py:154} INFO - Started process (PID=40) to work on /opt/airflow/dags/1.bashoperator.py
[2024-07-06T19:47:08.448+0000] {processor.py:756} INFO - Processing file /opt/airflow/dags/1.bashoperator.py for tasks to queue
[2024-07-06T19:47:08.449+0000] {logging_mixin.py:120} INFO - [2024-07-06T19:47:08.448+0000] {dagbag.py:537} INFO - Filling up the DagBag from /opt/airflow/dags/1.bashoperator.py
[2024-07-06T19:47:09.025+0000] {processor.py:766} INFO - DAG(s) dict_keys(['bashoperator']) retrieved from /opt/airflow/dags/1.bashoperator.py
[2024-07-06T19:47:09.407+0000] {logging_mixin.py:120} INFO - [2024-07-06T19:47:09.405+0000] {dag.py:2585} INFO - Sync 1 DAGs
[2024-07-06T19:47:09.554+0000] {logging_mixin.py:120} INFO - [2024-07-06T19:47:09.554+0000] {dag.py:3340} INFO - Setting next_dagrun for bashoperator to 2024-07-06T00:00:00+00:00, run_after=2024-07-07T00:00:00+00:00
[2024-07-06T19:47:09.685+0000] {processor.py:176} INFO - Processing /opt/airflow/dags/1.bashoperator.py took 1.369 seconds
[2024-07-06T19:47:41.089+0000] {processor.py:154} INFO - Started process (PID=61) to work on /opt/airflow/dags/1.bashoperator.py
[2024-07-06T19:47:41.209+0000] {processor.py:756} INFO - Processing file /opt/airflow/dags/1.bashoperator.py for tasks to queue
[2024-07-06T19:47:41.214+0000] {logging_mixin.py:120} INFO - [2024-07-06T19:47:41.212+0000] {dagbag.py:537} INFO - Filling up the DagBag from /opt/airflow/dags/1.bashoperator.py
[2024-07-06T19:47:42.335+0000] {processor.py:766} INFO - DAG(s) dict_keys(['bashoperator']) retrieved from /opt/airflow/dags/1.bashoperator.py
[2024-07-06T19:47:43.661+0000] {logging_mixin.py:120} INFO - [2024-07-06T19:47:43.661+0000] {dag.py:2585} INFO - Sync 1 DAGs
[2024-07-06T19:47:44.953+0000] {logging_mixin.py:120} INFO - [2024-07-06T19:47:44.951+0000] {dag.py:3340} INFO - Setting next_dagrun for bashoperator to 2024-07-06T00:00:00+00:00, run_after=2024-07-07T00:00:00+00:00
[2024-07-06T19:47:45.176+0000] {processor.py:176} INFO - Processing /opt/airflow/dags/1.bashoperator.py took 4.492 seconds
[2024-07-06T19:48:15.409+0000] {processor.py:154} INFO - Started process (PID=88) to work on /opt/airflow/dags/1.bashoperator.py
[2024-07-06T19:48:15.422+0000] {processor.py:756} INFO - Processing file /opt/airflow/dags/1.bashoperator.py for tasks to queue
[2024-07-06T19:48:15.423+0000] {logging_mixin.py:120} INFO - [2024-07-06T19:48:15.422+0000] {dagbag.py:537} INFO - Filling up the DagBag from /opt/airflow/dags/1.bashoperator.py
[2024-07-06T19:48:15.438+0000] {processor.py:766} INFO - DAG(s) dict_keys(['bashoperator']) retrieved from /opt/airflow/dags/1.bashoperator.py
[2024-07-06T19:48:15.540+0000] {logging_mixin.py:120} INFO - [2024-07-06T19:48:15.539+0000] {dag.py:2585} INFO - Sync 1 DAGs
[2024-07-06T19:48:15.569+0000] {logging_mixin.py:120} INFO - [2024-07-06T19:48:15.569+0000] {dag.py:3340} INFO - Setting next_dagrun for bashoperator to 2024-07-06T00:00:00+00:00, run_after=2024-07-07T00:00:00+00:00
[2024-07-06T19:48:15.622+0000] {processor.py:176} INFO - Processing /opt/airflow/dags/1.bashoperator.py took 0.215 seconds
[2024-07-06T19:48:45.903+0000] {processor.py:154} INFO - Started process (PID=113) to work on /opt/airflow/dags/1.bashoperator.py
[2024-07-06T19:48:45.903+0000] {processor.py:756} INFO - Processing file /opt/airflow/dags/1.bashoperator.py for tasks to queue
[2024-07-06T19:48:45.904+0000] {logging_mixin.py:120} INFO - [2024-07-06T19:48:45.904+0000] {dagbag.py:537} INFO - Filling up the DagBag from /opt/airflow/dags/1.bashoperator.py
[2024-07-06T19:48:45.927+0000] {processor.py:766} INFO - DAG(s) dict_keys(['bashoperator']) retrieved from /opt/airflow/dags/1.bashoperator.py
[2024-07-06T19:48:45.970+0000] {logging_mixin.py:120} INFO - [2024-07-06T19:48:45.969+0000] {dag.py:2585} INFO - Sync 1 DAGs
[2024-07-06T19:48:46.041+0000] {logging_mixin.py:120} INFO - [2024-07-06T19:48:46.040+0000] {dag.py:3340} INFO - Setting next_dagrun for bashoperator to 2024-07-06T00:00:00+00:00, run_after=2024-07-07T00:00:00+00:00
[2024-07-06T19:48:46.075+0000] {processor.py:176} INFO - Processing /opt/airflow/dags/1.bashoperator.py took 0.176 seconds
[2024-07-06T19:49:16.343+0000] {processor.py:154} INFO - Started process (PID=143) to work on /opt/airflow/dags/1.bashoperator.py
[2024-07-06T19:49:16.346+0000] {processor.py:756} INFO - Processing file /opt/airflow/dags/1.bashoperator.py for tasks to queue
[2024-07-06T19:49:16.351+0000] {logging_mixin.py:120} INFO - [2024-07-06T19:49:16.350+0000] {dagbag.py:537} INFO - Filling up the DagBag from /opt/airflow/dags/1.bashoperator.py
[2024-07-06T19:49:16.381+0000] {processor.py:766} INFO - DAG(s) dict_keys(['bashoperator']) retrieved from /opt/airflow/dags/1.bashoperator.py
[2024-07-06T19:49:16.521+0000] {logging_mixin.py:120} INFO - [2024-07-06T19:49:16.520+0000] {dag.py:2585} INFO - Sync 1 DAGs
[2024-07-06T19:49:16.583+0000] {logging_mixin.py:120} INFO - [2024-07-06T19:49:16.582+0000] {dag.py:3340} INFO - Setting next_dagrun for bashoperator to 2024-07-06T00:00:00+00:00, run_after=2024-07-07T00:00:00+00:00
[2024-07-06T19:49:16.684+0000] {processor.py:176} INFO - Processing /opt/airflow/dags/1.bashoperator.py took 0.343 seconds
[2024-07-06T19:49:53.720+0000] {processor.py:154} INFO - Started process (PID=170) to work on /opt/airflow/dags/1.bashoperator.py
[2024-07-06T19:49:53.766+0000] {processor.py:756} INFO - Processing file /opt/airflow/dags/1.bashoperator.py for tasks to queue
[2024-07-06T19:49:53.769+0000] {logging_mixin.py:120} INFO - [2024-07-06T19:49:53.769+0000] {dagbag.py:537} INFO - Filling up the DagBag from /opt/airflow/dags/1.bashoperator.py
[2024-07-06T19:49:56.010+0000] {processor.py:766} INFO - DAG(s) dict_keys(['bashoperator']) retrieved from /opt/airflow/dags/1.bashoperator.py
[2024-07-06T19:50:00.114+0000] {logging_mixin.py:120} INFO - [2024-07-06T19:50:00.114+0000] {dag.py:2585} INFO - Sync 1 DAGs
[2024-07-06T19:50:00.383+0000] {logging_mixin.py:120} INFO - [2024-07-06T19:50:00.383+0000] {dag.py:3340} INFO - Setting next_dagrun for bashoperator to 2024-07-06T00:00:00+00:00, run_after=2024-07-07T00:00:00+00:00
[2024-07-06T19:50:00.500+0000] {processor.py:176} INFO - Processing /opt/airflow/dags/1.bashoperator.py took 8.403 seconds
[2024-07-06T19:50:32.267+0000] {processor.py:154} INFO - Started process (PID=193) to work on /opt/airflow/dags/1.bashoperator.py
[2024-07-06T19:50:32.275+0000] {processor.py:756} INFO - Processing file /opt/airflow/dags/1.bashoperator.py for tasks to queue
[2024-07-06T19:50:32.279+0000] {logging_mixin.py:120} INFO - [2024-07-06T19:50:32.278+0000] {dagbag.py:537} INFO - Filling up the DagBag from /opt/airflow/dags/1.bashoperator.py
[2024-07-06T19:50:32.614+0000] {processor.py:766} INFO - DAG(s) dict_keys(['bashoperator']) retrieved from /opt/airflow/dags/1.bashoperator.py
[2024-07-06T19:50:34.058+0000] {logging_mixin.py:120} INFO - [2024-07-06T19:50:34.058+0000] {dag.py:2585} INFO - Sync 1 DAGs
[2024-07-06T19:50:35.003+0000] {logging_mixin.py:120} INFO - [2024-07-06T19:50:35.002+0000] {dag.py:3340} INFO - Setting next_dagrun for bashoperator to 2024-07-06T00:00:00+00:00, run_after=2024-07-07T00:00:00+00:00
[2024-07-06T19:50:35.259+0000] {processor.py:176} INFO - Processing /opt/airflow/dags/1.bashoperator.py took 3.054 seconds
[2024-07-06T19:51:06.743+0000] {processor.py:154} INFO - Started process (PID=214) to work on /opt/airflow/dags/1.bashoperator.py
[2024-07-06T19:51:06.881+0000] {processor.py:756} INFO - Processing file /opt/airflow/dags/1.bashoperator.py for tasks to queue
[2024-07-06T19:51:07.172+0000] {logging_mixin.py:120} INFO - [2024-07-06T19:51:07.171+0000] {dagbag.py:537} INFO - Filling up the DagBag from /opt/airflow/dags/1.bashoperator.py
[2024-07-06T19:51:07.995+0000] {processor.py:766} INFO - DAG(s) dict_keys(['bashoperator']) retrieved from /opt/airflow/dags/1.bashoperator.py
[2024-07-06T19:51:08.857+0000] {logging_mixin.py:120} INFO - [2024-07-06T19:51:08.856+0000] {dag.py:2585} INFO - Sync 1 DAGs
[2024-07-06T19:51:09.021+0000] {logging_mixin.py:120} INFO - [2024-07-06T19:51:09.021+0000] {dag.py:3340} INFO - Setting next_dagrun for bashoperator to 2024-07-06T00:00:00+00:00, run_after=2024-07-07T00:00:00+00:00
[2024-07-06T19:51:09.138+0000] {processor.py:176} INFO - Processing /opt/airflow/dags/1.bashoperator.py took 2.903 seconds
[2024-07-06T19:51:39.404+0000] {processor.py:154} INFO - Started process (PID=235) to work on /opt/airflow/dags/1.bashoperator.py
[2024-07-06T19:51:39.411+0000] {processor.py:756} INFO - Processing file /opt/airflow/dags/1.bashoperator.py for tasks to queue
[2024-07-06T19:51:39.416+0000] {logging_mixin.py:120} INFO - [2024-07-06T19:51:39.416+0000] {dagbag.py:537} INFO - Filling up the DagBag from /opt/airflow/dags/1.bashoperator.py
[2024-07-06T19:51:39.789+0000] {processor.py:766} INFO - DAG(s) dict_keys(['bashoperator']) retrieved from /opt/airflow/dags/1.bashoperator.py
[2024-07-06T19:51:40.563+0000] {logging_mixin.py:120} INFO - [2024-07-06T19:51:40.563+0000] {dag.py:2585} INFO - Sync 1 DAGs
[2024-07-06T19:51:40.713+0000] {logging_mixin.py:120} INFO - [2024-07-06T19:51:40.705+0000] {dag.py:3340} INFO - Setting next_dagrun for bashoperator to 2024-07-06T00:00:00+00:00, run_after=2024-07-07T00:00:00+00:00
[2024-07-06T19:51:40.863+0000] {processor.py:176} INFO - Processing /opt/airflow/dags/1.bashoperator.py took 1.464 seconds
