[2024-07-06T19:47:08.346+0000] {processor.py:154} INFO - Started process (PID=39) to work on /opt/airflow/dags/2-pythonoperator.py
[2024-07-06T19:47:08.399+0000] {processor.py:756} INFO - Processing file /opt/airflow/dags/2-pythonoperator.py for tasks to queue
[2024-07-06T19:47:08.400+0000] {logging_mixin.py:120} INFO - [2024-07-06T19:47:08.400+0000] {dagbag.py:537} INFO - Filling up the DagBag from /opt/airflow/dags/2-pythonoperator.py
[2024-07-06T19:47:09.070+0000] {processor.py:766} INFO - DAG(s) dict_keys(['pythonoperator']) retrieved from /opt/airflow/dags/2-pythonoperator.py
[2024-07-06T19:47:09.405+0000] {logging_mixin.py:120} INFO - [2024-07-06T19:47:09.403+0000] {dag.py:2585} INFO - Sync 1 DAGs
[2024-07-06T19:47:09.547+0000] {logging_mixin.py:120} INFO - [2024-07-06T19:47:09.547+0000] {dag.py:3340} INFO - Setting next_dagrun for pythonoperator to None, run_after=None
[2024-07-06T19:47:09.666+0000] {processor.py:176} INFO - Processing /opt/airflow/dags/2-pythonoperator.py took 1.333 seconds
[2024-07-06T19:47:41.058+0000] {processor.py:154} INFO - Started process (PID=60) to work on /opt/airflow/dags/2-pythonoperator.py
[2024-07-06T19:47:41.189+0000] {processor.py:756} INFO - Processing file /opt/airflow/dags/2-pythonoperator.py for tasks to queue
[2024-07-06T19:47:41.221+0000] {logging_mixin.py:120} INFO - [2024-07-06T19:47:41.221+0000] {dagbag.py:537} INFO - Filling up the DagBag from /opt/airflow/dags/2-pythonoperator.py
[2024-07-06T19:47:42.337+0000] {processor.py:766} INFO - DAG(s) dict_keys(['pythonoperator']) retrieved from /opt/airflow/dags/2-pythonoperator.py
[2024-07-06T19:47:43.677+0000] {logging_mixin.py:120} INFO - [2024-07-06T19:47:43.677+0000] {dag.py:2585} INFO - Sync 1 DAGs
[2024-07-06T19:47:44.928+0000] {logging_mixin.py:120} INFO - [2024-07-06T19:47:44.928+0000] {dag.py:3340} INFO - Setting next_dagrun for pythonoperator to None, run_after=None
[2024-07-06T19:47:45.176+0000] {processor.py:176} INFO - Processing /opt/airflow/dags/2-pythonoperator.py took 4.536 seconds
[2024-07-06T19:48:15.398+0000] {processor.py:154} INFO - Started process (PID=87) to work on /opt/airflow/dags/2-pythonoperator.py
[2024-07-06T19:48:15.402+0000] {processor.py:756} INFO - Processing file /opt/airflow/dags/2-pythonoperator.py for tasks to queue
[2024-07-06T19:48:15.402+0000] {logging_mixin.py:120} INFO - [2024-07-06T19:48:15.402+0000] {dagbag.py:537} INFO - Filling up the DagBag from /opt/airflow/dags/2-pythonoperator.py
[2024-07-06T19:48:15.447+0000] {processor.py:766} INFO - DAG(s) dict_keys(['pythonoperator']) retrieved from /opt/airflow/dags/2-pythonoperator.py
[2024-07-06T19:48:15.603+0000] {logging_mixin.py:120} INFO - [2024-07-06T19:48:15.602+0000] {dag.py:2585} INFO - Sync 1 DAGs
[2024-07-06T19:48:15.663+0000] {logging_mixin.py:120} INFO - [2024-07-06T19:48:15.663+0000] {dag.py:3340} INFO - Setting next_dagrun for pythonoperator to None, run_after=None
[2024-07-06T19:48:15.713+0000] {processor.py:176} INFO - Processing /opt/airflow/dags/2-pythonoperator.py took 0.318 seconds
[2024-07-06T19:48:45.896+0000] {processor.py:154} INFO - Started process (PID=112) to work on /opt/airflow/dags/2-pythonoperator.py
[2024-07-06T19:48:45.899+0000] {processor.py:756} INFO - Processing file /opt/airflow/dags/2-pythonoperator.py for tasks to queue
[2024-07-06T19:48:45.900+0000] {logging_mixin.py:120} INFO - [2024-07-06T19:48:45.900+0000] {dagbag.py:537} INFO - Filling up the DagBag from /opt/airflow/dags/2-pythonoperator.py
[2024-07-06T19:48:45.927+0000] {processor.py:766} INFO - DAG(s) dict_keys(['pythonoperator']) retrieved from /opt/airflow/dags/2-pythonoperator.py
[2024-07-06T19:48:45.992+0000] {logging_mixin.py:120} INFO - [2024-07-06T19:48:45.992+0000] {dag.py:2585} INFO - Sync 1 DAGs
[2024-07-06T19:48:46.047+0000] {logging_mixin.py:120} INFO - [2024-07-06T19:48:46.046+0000] {dag.py:3340} INFO - Setting next_dagrun for pythonoperator to None, run_after=None
[2024-07-06T19:48:46.122+0000] {processor.py:176} INFO - Processing /opt/airflow/dags/2-pythonoperator.py took 0.230 seconds
[2024-07-06T19:49:16.334+0000] {processor.py:154} INFO - Started process (PID=142) to work on /opt/airflow/dags/2-pythonoperator.py
[2024-07-06T19:49:16.338+0000] {processor.py:756} INFO - Processing file /opt/airflow/dags/2-pythonoperator.py for tasks to queue
[2024-07-06T19:49:16.338+0000] {logging_mixin.py:120} INFO - [2024-07-06T19:49:16.338+0000] {dagbag.py:537} INFO - Filling up the DagBag from /opt/airflow/dags/2-pythonoperator.py
[2024-07-06T19:49:16.370+0000] {processor.py:766} INFO - DAG(s) dict_keys(['pythonoperator']) retrieved from /opt/airflow/dags/2-pythonoperator.py
[2024-07-06T19:49:16.722+0000] {logging_mixin.py:120} INFO - [2024-07-06T19:49:16.721+0000] {dag.py:2585} INFO - Sync 1 DAGs
[2024-07-06T19:49:16.785+0000] {logging_mixin.py:120} INFO - [2024-07-06T19:49:16.785+0000] {dag.py:3340} INFO - Setting next_dagrun for pythonoperator to None, run_after=None
[2024-07-06T19:49:16.870+0000] {processor.py:176} INFO - Processing /opt/airflow/dags/2-pythonoperator.py took 0.539 seconds
[2024-07-06T19:49:53.707+0000] {processor.py:154} INFO - Started process (PID=169) to work on /opt/airflow/dags/2-pythonoperator.py
[2024-07-06T19:49:53.829+0000] {processor.py:756} INFO - Processing file /opt/airflow/dags/2-pythonoperator.py for tasks to queue
[2024-07-06T19:49:53.831+0000] {logging_mixin.py:120} INFO - [2024-07-06T19:49:53.830+0000] {dagbag.py:537} INFO - Filling up the DagBag from /opt/airflow/dags/2-pythonoperator.py
[2024-07-06T19:49:55.844+0000] {processor.py:766} INFO - DAG(s) dict_keys(['pythonoperator']) retrieved from /opt/airflow/dags/2-pythonoperator.py
[2024-07-06T19:49:59.953+0000] {logging_mixin.py:120} INFO - [2024-07-06T19:49:59.952+0000] {dag.py:2585} INFO - Sync 1 DAGs
[2024-07-06T19:50:00.384+0000] {logging_mixin.py:120} INFO - [2024-07-06T19:50:00.384+0000] {dag.py:3340} INFO - Setting next_dagrun for pythonoperator to None, run_after=None
[2024-07-06T19:50:00.503+0000] {processor.py:176} INFO - Processing /opt/airflow/dags/2-pythonoperator.py took 8.300 seconds
[2024-07-06T19:50:32.277+0000] {processor.py:154} INFO - Started process (PID=192) to work on /opt/airflow/dags/2-pythonoperator.py
[2024-07-06T19:50:32.282+0000] {processor.py:756} INFO - Processing file /opt/airflow/dags/2-pythonoperator.py for tasks to queue
[2024-07-06T19:50:32.283+0000] {logging_mixin.py:120} INFO - [2024-07-06T19:50:32.283+0000] {dagbag.py:537} INFO - Filling up the DagBag from /opt/airflow/dags/2-pythonoperator.py
[2024-07-06T19:50:32.600+0000] {processor.py:766} INFO - DAG(s) dict_keys(['pythonoperator']) retrieved from /opt/airflow/dags/2-pythonoperator.py
[2024-07-06T19:50:34.082+0000] {logging_mixin.py:120} INFO - [2024-07-06T19:50:34.043+0000] {dag.py:2585} INFO - Sync 1 DAGs
[2024-07-06T19:50:34.983+0000] {logging_mixin.py:120} INFO - [2024-07-06T19:50:34.980+0000] {dag.py:3340} INFO - Setting next_dagrun for pythonoperator to None, run_after=None
[2024-07-06T19:50:35.269+0000] {processor.py:176} INFO - Processing /opt/airflow/dags/2-pythonoperator.py took 3.076 seconds
[2024-07-06T19:51:06.755+0000] {processor.py:154} INFO - Started process (PID=213) to work on /opt/airflow/dags/2-pythonoperator.py
[2024-07-06T19:51:06.979+0000] {processor.py:756} INFO - Processing file /opt/airflow/dags/2-pythonoperator.py for tasks to queue
[2024-07-06T19:51:07.356+0000] {logging_mixin.py:120} INFO - [2024-07-06T19:51:07.278+0000] {dagbag.py:537} INFO - Filling up the DagBag from /opt/airflow/dags/2-pythonoperator.py
[2024-07-06T19:51:07.994+0000] {processor.py:766} INFO - DAG(s) dict_keys(['pythonoperator']) retrieved from /opt/airflow/dags/2-pythonoperator.py
[2024-07-06T19:51:08.857+0000] {logging_mixin.py:120} INFO - [2024-07-06T19:51:08.857+0000] {dag.py:2585} INFO - Sync 1 DAGs
[2024-07-06T19:51:09.016+0000] {logging_mixin.py:120} INFO - [2024-07-06T19:51:09.014+0000] {dag.py:3340} INFO - Setting next_dagrun for pythonoperator to None, run_after=None
[2024-07-06T19:51:09.137+0000] {processor.py:176} INFO - Processing /opt/airflow/dags/2-pythonoperator.py took 2.925 seconds
[2024-07-06T19:51:39.384+0000] {processor.py:154} INFO - Started process (PID=234) to work on /opt/airflow/dags/2-pythonoperator.py
[2024-07-06T19:51:39.390+0000] {processor.py:756} INFO - Processing file /opt/airflow/dags/2-pythonoperator.py for tasks to queue
[2024-07-06T19:51:39.391+0000] {logging_mixin.py:120} INFO - [2024-07-06T19:51:39.391+0000] {dagbag.py:537} INFO - Filling up the DagBag from /opt/airflow/dags/2-pythonoperator.py
[2024-07-06T19:51:39.529+0000] {processor.py:766} INFO - DAG(s) dict_keys(['pythonoperator']) retrieved from /opt/airflow/dags/2-pythonoperator.py
[2024-07-06T19:51:40.545+0000] {logging_mixin.py:120} INFO - [2024-07-06T19:51:40.545+0000] {dag.py:2585} INFO - Sync 1 DAGs
[2024-07-06T19:51:40.643+0000] {logging_mixin.py:120} INFO - [2024-07-06T19:51:40.643+0000] {dag.py:3340} INFO - Setting next_dagrun for pythonoperator to None, run_after=None
[2024-07-06T19:51:40.763+0000] {processor.py:176} INFO - Processing /opt/airflow/dags/2-pythonoperator.py took 1.428 seconds
