[2024-07-06T20:07:09.741+0000] {processor.py:154} INFO - Started process (PID=1081) to work on /opt/airflow/dags/3-dependencias.py
[2024-07-06T20:07:09.742+0000] {processor.py:756} INFO - Processing file /opt/airflow/dags/3-dependencias.py for tasks to queue
[2024-07-06T20:07:09.743+0000] {logging_mixin.py:120} INFO - [2024-07-06T20:07:09.743+0000] {dagbag.py:537} INFO - Filling up the DagBag from /opt/airflow/dags/3-dependencias.py
[2024-07-06T20:07:09.761+0000] {processor.py:766} INFO - DAG(s) dict_keys(['dependencias']) retrieved from /opt/airflow/dags/3-dependencias.py
[2024-07-06T20:07:10.322+0000] {logging_mixin.py:120} INFO - [2024-07-06T20:07:10.322+0000] {manager.py:507} INFO - Created Permission View: can read on DAG:dependencias
[2024-07-06T20:07:10.334+0000] {logging_mixin.py:120} INFO - [2024-07-06T20:07:10.333+0000] {manager.py:507} INFO - Created Permission View: can delete on DAG:dependencias
[2024-07-06T20:07:10.342+0000] {logging_mixin.py:120} INFO - [2024-07-06T20:07:10.342+0000] {manager.py:507} INFO - Created Permission View: can edit on DAG:dependencias
[2024-07-06T20:07:10.342+0000] {logging_mixin.py:120} INFO - [2024-07-06T20:07:10.342+0000] {dag.py:2585} INFO - Sync 1 DAGs
[2024-07-06T20:07:10.358+0000] {logging_mixin.py:120} INFO - [2024-07-06T20:07:10.358+0000] {dag.py:2606} INFO - Creating ORM DAG for dependencias
[2024-07-06T20:07:10.373+0000] {logging_mixin.py:120} INFO - [2024-07-06T20:07:10.373+0000] {dag.py:3340} INFO - Setting next_dagrun for dependencias to 2024-07-05T00:00:00+00:00, run_after=2024-07-05T00:00:00+00:00
[2024-07-06T20:07:10.396+0000] {processor.py:176} INFO - Processing /opt/airflow/dags/3-dependencias.py took 0.658 seconds
[2024-07-06T20:07:24.253+0000] {processor.py:154} INFO - Started process (PID=1104) to work on /opt/airflow/dags/3-dependencias.py
[2024-07-06T20:07:24.270+0000] {processor.py:756} INFO - Processing file /opt/airflow/dags/3-dependencias.py for tasks to queue
[2024-07-06T20:07:24.271+0000] {logging_mixin.py:120} INFO - [2024-07-06T20:07:24.271+0000] {dagbag.py:537} INFO - Filling up the DagBag from /opt/airflow/dags/3-dependencias.py
[2024-07-06T20:07:24.292+0000] {processor.py:766} INFO - DAG(s) dict_keys(['dependencias']) retrieved from /opt/airflow/dags/3-dependencias.py
[2024-07-06T20:07:24.348+0000] {logging_mixin.py:120} INFO - [2024-07-06T20:07:24.348+0000] {dag.py:2585} INFO - Sync 1 DAGs
[2024-07-06T20:07:24.375+0000] {logging_mixin.py:120} INFO - [2024-07-06T20:07:24.375+0000] {dag.py:3340} INFO - Setting next_dagrun for dependencias to 2024-07-05T00:00:00+00:00, run_after=2024-07-05T00:00:00+00:00
[2024-07-06T20:07:24.440+0000] {processor.py:176} INFO - Processing /opt/airflow/dags/3-dependencias.py took 0.197 seconds
[2024-07-06T20:07:25.513+0000] {processor.py:154} INFO - Started process (PID=1105) to work on /opt/airflow/dags/3-dependencias.py
[2024-07-06T20:07:25.514+0000] {processor.py:756} INFO - Processing file /opt/airflow/dags/3-dependencias.py for tasks to queue
[2024-07-06T20:07:25.515+0000] {logging_mixin.py:120} INFO - [2024-07-06T20:07:25.515+0000] {dagbag.py:537} INFO - Filling up the DagBag from /opt/airflow/dags/3-dependencias.py
[2024-07-06T20:07:25.543+0000] {processor.py:766} INFO - DAG(s) dict_keys(['dependencias']) retrieved from /opt/airflow/dags/3-dependencias.py
[2024-07-06T20:07:25.626+0000] {logging_mixin.py:120} INFO - [2024-07-06T20:07:25.626+0000] {dag.py:2585} INFO - Sync 1 DAGs
[2024-07-06T20:07:25.771+0000] {logging_mixin.py:120} INFO - [2024-07-06T20:07:25.771+0000] {dag.py:3340} INFO - Setting next_dagrun for dependencias to 2024-07-05T00:00:00+00:00, run_after=2024-07-05T00:00:00+00:00
[2024-07-06T20:07:25.801+0000] {processor.py:176} INFO - Processing /opt/airflow/dags/3-dependencias.py took 0.291 seconds
[2024-07-06T20:07:56.331+0000] {processor.py:154} INFO - Started process (PID=1127) to work on /opt/airflow/dags/3-dependencias.py
[2024-07-06T20:07:56.332+0000] {processor.py:756} INFO - Processing file /opt/airflow/dags/3-dependencias.py for tasks to queue
[2024-07-06T20:07:56.332+0000] {logging_mixin.py:120} INFO - [2024-07-06T20:07:56.332+0000] {dagbag.py:537} INFO - Filling up the DagBag from /opt/airflow/dags/3-dependencias.py
[2024-07-06T20:07:56.348+0000] {processor.py:766} INFO - DAG(s) dict_keys(['dependencias']) retrieved from /opt/airflow/dags/3-dependencias.py
[2024-07-06T20:07:56.460+0000] {logging_mixin.py:120} INFO - [2024-07-06T20:07:56.460+0000] {dag.py:2585} INFO - Sync 1 DAGs
[2024-07-06T20:07:56.483+0000] {logging_mixin.py:120} INFO - [2024-07-06T20:07:56.482+0000] {dag.py:3340} INFO - Setting next_dagrun for dependencias to 2024-07-05T00:00:00+00:00, run_after=2024-07-05T00:00:00+00:00
[2024-07-06T20:07:56.539+0000] {processor.py:176} INFO - Processing /opt/airflow/dags/3-dependencias.py took 0.212 seconds
[2024-07-06T20:08:26.760+0000] {processor.py:154} INFO - Started process (PID=1159) to work on /opt/airflow/dags/3-dependencias.py
[2024-07-06T20:08:26.760+0000] {processor.py:756} INFO - Processing file /opt/airflow/dags/3-dependencias.py for tasks to queue
[2024-07-06T20:08:26.761+0000] {logging_mixin.py:120} INFO - [2024-07-06T20:08:26.761+0000] {dagbag.py:537} INFO - Filling up the DagBag from /opt/airflow/dags/3-dependencias.py
[2024-07-06T20:08:26.777+0000] {processor.py:766} INFO - DAG(s) dict_keys(['dependencias']) retrieved from /opt/airflow/dags/3-dependencias.py
[2024-07-06T20:08:26.848+0000] {logging_mixin.py:120} INFO - [2024-07-06T20:08:26.848+0000] {dag.py:2585} INFO - Sync 1 DAGs
[2024-07-06T20:08:26.874+0000] {logging_mixin.py:120} INFO - [2024-07-06T20:08:26.873+0000] {dag.py:3340} INFO - Setting next_dagrun for dependencias to 2024-07-05T00:00:00+00:00, run_after=2024-07-05T00:00:00+00:00
[2024-07-06T20:08:26.893+0000] {processor.py:176} INFO - Processing /opt/airflow/dags/3-dependencias.py took 0.137 seconds
[2024-07-06T20:08:43.980+0000] {processor.py:154} INFO - Started process (PID=1179) to work on /opt/airflow/dags/3-dependencias.py
[2024-07-06T20:08:43.982+0000] {processor.py:756} INFO - Processing file /opt/airflow/dags/3-dependencias.py for tasks to queue
[2024-07-06T20:08:43.983+0000] {logging_mixin.py:120} INFO - [2024-07-06T20:08:43.982+0000] {dagbag.py:537} INFO - Filling up the DagBag from /opt/airflow/dags/3-dependencias.py
[2024-07-06T20:08:44.016+0000] {logging_mixin.py:120} INFO - [2024-07-06T20:08:43.998+0000] {dagbag.py:342} ERROR - Failed to import: /opt/airflow/dags/3-dependencias.py
Traceback (most recent call last):
  File "/home/airflow/.local/lib/python3.7/site-packages/airflow/models/dagbag.py", line 338, in parse
    loader.exec_module(new_module)
  File "<frozen importlib._bootstrap_external>", line 728, in exec_module
  File "<frozen importlib._bootstrap>", line 219, in _call_with_frames_removed
  File "/opt/airflow/dags/3-dependencias.py", line 22, in <module>
    t1.set_downstrem(t2)
AttributeError: 'PythonOperator' object has no attribute 'set_downstrem'
[2024-07-06T20:08:44.017+0000] {processor.py:768} WARNING - No viable dags retrieved from /opt/airflow/dags/3-dependencias.py
[2024-07-06T20:08:44.083+0000] {processor.py:176} INFO - Processing /opt/airflow/dags/3-dependencias.py took 0.106 seconds
[2024-07-06T20:09:14.611+0000] {processor.py:154} INFO - Started process (PID=1201) to work on /opt/airflow/dags/3-dependencias.py
[2024-07-06T20:09:14.612+0000] {processor.py:756} INFO - Processing file /opt/airflow/dags/3-dependencias.py for tasks to queue
[2024-07-06T20:09:14.613+0000] {logging_mixin.py:120} INFO - [2024-07-06T20:09:14.613+0000] {dagbag.py:537} INFO - Filling up the DagBag from /opt/airflow/dags/3-dependencias.py
[2024-07-06T20:09:14.624+0000] {logging_mixin.py:120} INFO - [2024-07-06T20:09:14.623+0000] {dagbag.py:342} ERROR - Failed to import: /opt/airflow/dags/3-dependencias.py
Traceback (most recent call last):
  File "/home/airflow/.local/lib/python3.7/site-packages/airflow/models/dagbag.py", line 338, in parse
    loader.exec_module(new_module)
  File "<frozen importlib._bootstrap_external>", line 728, in exec_module
  File "<frozen importlib._bootstrap>", line 219, in _call_with_frames_removed
  File "/opt/airflow/dags/3-dependencias.py", line 22, in <module>
    t1.set_downstrem(t2)
AttributeError: 'PythonOperator' object has no attribute 'set_downstrem'
[2024-07-06T20:09:14.624+0000] {processor.py:768} WARNING - No viable dags retrieved from /opt/airflow/dags/3-dependencias.py
[2024-07-06T20:09:14.656+0000] {processor.py:176} INFO - Processing /opt/airflow/dags/3-dependencias.py took 0.048 seconds
[2024-07-06T20:09:42.439+0000] {processor.py:154} INFO - Started process (PID=1232) to work on /opt/airflow/dags/3-dependencias.py
[2024-07-06T20:09:42.441+0000] {processor.py:756} INFO - Processing file /opt/airflow/dags/3-dependencias.py for tasks to queue
[2024-07-06T20:09:42.441+0000] {logging_mixin.py:120} INFO - [2024-07-06T20:09:42.441+0000] {dagbag.py:537} INFO - Filling up the DagBag from /opt/airflow/dags/3-dependencias.py
[2024-07-06T20:09:42.453+0000] {logging_mixin.py:120} INFO - [2024-07-06T20:09:42.452+0000] {dagbag.py:342} ERROR - Failed to import: /opt/airflow/dags/3-dependencias.py
Traceback (most recent call last):
  File "/home/airflow/.local/lib/python3.7/site-packages/airflow/models/dagbag.py", line 338, in parse
    loader.exec_module(new_module)
  File "<frozen importlib._bootstrap_external>", line 728, in exec_module
  File "<frozen importlib._bootstrap>", line 219, in _call_with_frames_removed
  File "/opt/airflow/dags/3-dependencias.py", line 23, in <module>
    t2.set_downstream[t3,t4]
TypeError: 'method' object is not subscriptable
[2024-07-06T20:09:42.453+0000] {processor.py:768} WARNING - No viable dags retrieved from /opt/airflow/dags/3-dependencias.py
[2024-07-06T20:09:42.474+0000] {processor.py:176} INFO - Processing /opt/airflow/dags/3-dependencias.py took 0.037 seconds
[2024-07-06T20:10:08.016+0000] {processor.py:154} INFO - Started process (PID=1255) to work on /opt/airflow/dags/3-dependencias.py
[2024-07-06T20:10:08.017+0000] {processor.py:756} INFO - Processing file /opt/airflow/dags/3-dependencias.py for tasks to queue
[2024-07-06T20:10:08.017+0000] {logging_mixin.py:120} INFO - [2024-07-06T20:10:08.017+0000] {dagbag.py:537} INFO - Filling up the DagBag from /opt/airflow/dags/3-dependencias.py
[2024-07-06T20:10:08.028+0000] {logging_mixin.py:120} INFO - [2024-07-06T20:10:08.027+0000] {dagbag.py:342} ERROR - Failed to import: /opt/airflow/dags/3-dependencias.py
Traceback (most recent call last):
  File "/home/airflow/.local/lib/python3.7/site-packages/airflow/models/dagbag.py", line 338, in parse
    loader.exec_module(new_module)
  File "<frozen importlib._bootstrap_external>", line 728, in exec_module
  File "<frozen importlib._bootstrap>", line 219, in _call_with_frames_removed
  File "/opt/airflow/dags/3-dependencias.py", line 23, in <module>
    t2.set_downstream[t3,t4]
TypeError: 'method' object is not subscriptable
[2024-07-06T20:10:08.028+0000] {processor.py:768} WARNING - No viable dags retrieved from /opt/airflow/dags/3-dependencias.py
[2024-07-06T20:10:08.048+0000] {processor.py:176} INFO - Processing /opt/airflow/dags/3-dependencias.py took 0.035 seconds
[2024-07-06T20:10:19.107+0000] {processor.py:154} INFO - Started process (PID=1265) to work on /opt/airflow/dags/3-dependencias.py
[2024-07-06T20:10:19.108+0000] {processor.py:756} INFO - Processing file /opt/airflow/dags/3-dependencias.py for tasks to queue
[2024-07-06T20:10:19.109+0000] {logging_mixin.py:120} INFO - [2024-07-06T20:10:19.109+0000] {dagbag.py:537} INFO - Filling up the DagBag from /opt/airflow/dags/3-dependencias.py
[2024-07-06T20:10:19.126+0000] {processor.py:766} INFO - DAG(s) dict_keys(['dependencias']) retrieved from /opt/airflow/dags/3-dependencias.py
[2024-07-06T20:10:19.229+0000] {logging_mixin.py:120} INFO - [2024-07-06T20:10:19.229+0000] {dag.py:2585} INFO - Sync 1 DAGs
[2024-07-06T20:10:19.255+0000] {logging_mixin.py:120} INFO - [2024-07-06T20:10:19.255+0000] {dag.py:3340} INFO - Setting next_dagrun for dependencias to 2024-07-05T00:00:00+00:00, run_after=2024-07-05T00:00:00+00:00
[2024-07-06T20:10:19.285+0000] {processor.py:176} INFO - Processing /opt/airflow/dags/3-dependencias.py took 0.185 seconds
[2024-07-06T20:10:49.413+0000] {processor.py:154} INFO - Started process (PID=1296) to work on /opt/airflow/dags/3-dependencias.py
[2024-07-06T20:10:49.415+0000] {processor.py:756} INFO - Processing file /opt/airflow/dags/3-dependencias.py for tasks to queue
[2024-07-06T20:10:49.416+0000] {logging_mixin.py:120} INFO - [2024-07-06T20:10:49.415+0000] {dagbag.py:537} INFO - Filling up the DagBag from /opt/airflow/dags/3-dependencias.py
[2024-07-06T20:10:49.431+0000] {processor.py:766} INFO - DAG(s) dict_keys(['dependencias']) retrieved from /opt/airflow/dags/3-dependencias.py
[2024-07-06T20:10:49.478+0000] {logging_mixin.py:120} INFO - [2024-07-06T20:10:49.478+0000] {dag.py:2585} INFO - Sync 1 DAGs
[2024-07-06T20:10:49.513+0000] {logging_mixin.py:120} INFO - [2024-07-06T20:10:49.512+0000] {dag.py:3340} INFO - Setting next_dagrun for dependencias to 2024-07-05T00:00:00+00:00, run_after=2024-07-05T00:00:00+00:00
[2024-07-06T20:10:49.532+0000] {processor.py:176} INFO - Processing /opt/airflow/dags/3-dependencias.py took 0.125 seconds
[2024-07-06T20:11:19.809+0000] {processor.py:154} INFO - Started process (PID=1326) to work on /opt/airflow/dags/3-dependencias.py
[2024-07-06T20:11:19.811+0000] {processor.py:756} INFO - Processing file /opt/airflow/dags/3-dependencias.py for tasks to queue
[2024-07-06T20:11:19.812+0000] {logging_mixin.py:120} INFO - [2024-07-06T20:11:19.812+0000] {dagbag.py:537} INFO - Filling up the DagBag from /opt/airflow/dags/3-dependencias.py
[2024-07-06T20:11:19.830+0000] {processor.py:766} INFO - DAG(s) dict_keys(['dependencias']) retrieved from /opt/airflow/dags/3-dependencias.py
[2024-07-06T20:11:19.869+0000] {logging_mixin.py:120} INFO - [2024-07-06T20:11:19.869+0000] {dag.py:2585} INFO - Sync 1 DAGs
[2024-07-06T20:11:19.903+0000] {logging_mixin.py:120} INFO - [2024-07-06T20:11:19.903+0000] {dag.py:3340} INFO - Setting next_dagrun for dependencias to 2024-07-05T00:00:00+00:00, run_after=2024-07-05T00:00:00+00:00
[2024-07-06T20:11:19.925+0000] {processor.py:176} INFO - Processing /opt/airflow/dags/3-dependencias.py took 0.120 seconds
[2024-07-06T20:11:50.221+0000] {processor.py:154} INFO - Started process (PID=1347) to work on /opt/airflow/dags/3-dependencias.py
[2024-07-06T20:11:50.222+0000] {processor.py:756} INFO - Processing file /opt/airflow/dags/3-dependencias.py for tasks to queue
[2024-07-06T20:11:50.223+0000] {logging_mixin.py:120} INFO - [2024-07-06T20:11:50.223+0000] {dagbag.py:537} INFO - Filling up the DagBag from /opt/airflow/dags/3-dependencias.py
[2024-07-06T20:11:50.240+0000] {processor.py:766} INFO - DAG(s) dict_keys(['dependencias']) retrieved from /opt/airflow/dags/3-dependencias.py
[2024-07-06T20:11:50.280+0000] {logging_mixin.py:120} INFO - [2024-07-06T20:11:50.280+0000] {dag.py:2585} INFO - Sync 1 DAGs
[2024-07-06T20:11:50.306+0000] {logging_mixin.py:120} INFO - [2024-07-06T20:11:50.305+0000] {dag.py:3340} INFO - Setting next_dagrun for dependencias to 2024-07-05T00:00:00+00:00, run_after=2024-07-05T00:00:00+00:00
[2024-07-06T20:11:50.328+0000] {processor.py:176} INFO - Processing /opt/airflow/dags/3-dependencias.py took 0.110 seconds
[2024-07-06T20:12:20.672+0000] {processor.py:154} INFO - Started process (PID=1378) to work on /opt/airflow/dags/3-dependencias.py
[2024-07-06T20:12:20.673+0000] {processor.py:756} INFO - Processing file /opt/airflow/dags/3-dependencias.py for tasks to queue
[2024-07-06T20:12:20.674+0000] {logging_mixin.py:120} INFO - [2024-07-06T20:12:20.674+0000] {dagbag.py:537} INFO - Filling up the DagBag from /opt/airflow/dags/3-dependencias.py
[2024-07-06T20:12:20.691+0000] {processor.py:766} INFO - DAG(s) dict_keys(['dependencias']) retrieved from /opt/airflow/dags/3-dependencias.py
[2024-07-06T20:12:20.731+0000] {logging_mixin.py:120} INFO - [2024-07-06T20:12:20.730+0000] {dag.py:2585} INFO - Sync 1 DAGs
[2024-07-06T20:12:20.756+0000] {logging_mixin.py:120} INFO - [2024-07-06T20:12:20.756+0000] {dag.py:3340} INFO - Setting next_dagrun for dependencias to 2024-07-05T00:00:00+00:00, run_after=2024-07-05T00:00:00+00:00
[2024-07-06T20:12:20.779+0000] {processor.py:176} INFO - Processing /opt/airflow/dags/3-dependencias.py took 0.111 seconds
[2024-07-06T20:12:51.071+0000] {processor.py:154} INFO - Started process (PID=1409) to work on /opt/airflow/dags/3-dependencias.py
[2024-07-06T20:12:51.072+0000] {processor.py:756} INFO - Processing file /opt/airflow/dags/3-dependencias.py for tasks to queue
[2024-07-06T20:12:51.072+0000] {logging_mixin.py:120} INFO - [2024-07-06T20:12:51.072+0000] {dagbag.py:537} INFO - Filling up the DagBag from /opt/airflow/dags/3-dependencias.py
[2024-07-06T20:12:51.090+0000] {processor.py:766} INFO - DAG(s) dict_keys(['dependencias']) retrieved from /opt/airflow/dags/3-dependencias.py
[2024-07-06T20:12:51.129+0000] {logging_mixin.py:120} INFO - [2024-07-06T20:12:51.129+0000] {dag.py:2585} INFO - Sync 1 DAGs
[2024-07-06T20:12:51.162+0000] {logging_mixin.py:120} INFO - [2024-07-06T20:12:51.161+0000] {dag.py:3340} INFO - Setting next_dagrun for dependencias to 2024-07-05T00:00:00+00:00, run_after=2024-07-05T00:00:00+00:00
[2024-07-06T20:12:51.187+0000] {processor.py:176} INFO - Processing /opt/airflow/dags/3-dependencias.py took 0.119 seconds
[2024-07-06T20:13:21.602+0000] {processor.py:154} INFO - Started process (PID=1431) to work on /opt/airflow/dags/3-dependencias.py
[2024-07-06T20:13:21.603+0000] {processor.py:756} INFO - Processing file /opt/airflow/dags/3-dependencias.py for tasks to queue
[2024-07-06T20:13:21.603+0000] {logging_mixin.py:120} INFO - [2024-07-06T20:13:21.603+0000] {dagbag.py:537} INFO - Filling up the DagBag from /opt/airflow/dags/3-dependencias.py
[2024-07-06T20:13:21.618+0000] {processor.py:766} INFO - DAG(s) dict_keys(['dependencias']) retrieved from /opt/airflow/dags/3-dependencias.py
[2024-07-06T20:13:21.657+0000] {logging_mixin.py:120} INFO - [2024-07-06T20:13:21.657+0000] {dag.py:2585} INFO - Sync 1 DAGs
[2024-07-06T20:13:21.683+0000] {logging_mixin.py:120} INFO - [2024-07-06T20:13:21.683+0000] {dag.py:3340} INFO - Setting next_dagrun for dependencias to 2024-07-05T00:00:00+00:00, run_after=2024-07-05T00:00:00+00:00
[2024-07-06T20:13:21.705+0000] {processor.py:176} INFO - Processing /opt/airflow/dags/3-dependencias.py took 0.106 seconds
[2024-07-06T20:13:52.001+0000] {processor.py:154} INFO - Started process (PID=1463) to work on /opt/airflow/dags/3-dependencias.py
[2024-07-06T20:13:52.002+0000] {processor.py:756} INFO - Processing file /opt/airflow/dags/3-dependencias.py for tasks to queue
[2024-07-06T20:13:52.003+0000] {logging_mixin.py:120} INFO - [2024-07-06T20:13:52.003+0000] {dagbag.py:537} INFO - Filling up the DagBag from /opt/airflow/dags/3-dependencias.py
[2024-07-06T20:13:52.021+0000] {processor.py:766} INFO - DAG(s) dict_keys(['dependencias']) retrieved from /opt/airflow/dags/3-dependencias.py
[2024-07-06T20:13:52.066+0000] {logging_mixin.py:120} INFO - [2024-07-06T20:13:52.066+0000] {dag.py:2585} INFO - Sync 1 DAGs
[2024-07-06T20:13:52.093+0000] {logging_mixin.py:120} INFO - [2024-07-06T20:13:52.093+0000] {dag.py:3340} INFO - Setting next_dagrun for dependencias to 2024-07-05T00:00:00+00:00, run_after=2024-07-05T00:00:00+00:00
[2024-07-06T20:13:52.115+0000] {processor.py:176} INFO - Processing /opt/airflow/dags/3-dependencias.py took 0.118 seconds
[2024-07-06T20:14:22.364+0000] {processor.py:154} INFO - Started process (PID=1496) to work on /opt/airflow/dags/3-dependencias.py
[2024-07-06T20:14:22.365+0000] {processor.py:756} INFO - Processing file /opt/airflow/dags/3-dependencias.py for tasks to queue
[2024-07-06T20:14:22.366+0000] {logging_mixin.py:120} INFO - [2024-07-06T20:14:22.366+0000] {dagbag.py:537} INFO - Filling up the DagBag from /opt/airflow/dags/3-dependencias.py
[2024-07-06T20:14:22.383+0000] {processor.py:766} INFO - DAG(s) dict_keys(['dependencias']) retrieved from /opt/airflow/dags/3-dependencias.py
[2024-07-06T20:14:22.423+0000] {logging_mixin.py:120} INFO - [2024-07-06T20:14:22.423+0000] {dag.py:2585} INFO - Sync 1 DAGs
[2024-07-06T20:14:22.462+0000] {logging_mixin.py:120} INFO - [2024-07-06T20:14:22.462+0000] {dag.py:3340} INFO - Setting next_dagrun for dependencias to 2024-07-05T00:00:00+00:00, run_after=2024-07-05T00:00:00+00:00
[2024-07-06T20:14:22.491+0000] {processor.py:176} INFO - Processing /opt/airflow/dags/3-dependencias.py took 0.130 seconds
[2024-07-06T20:14:52.749+0000] {processor.py:154} INFO - Started process (PID=1528) to work on /opt/airflow/dags/3-dependencias.py
[2024-07-06T20:14:52.750+0000] {processor.py:756} INFO - Processing file /opt/airflow/dags/3-dependencias.py for tasks to queue
[2024-07-06T20:14:52.751+0000] {logging_mixin.py:120} INFO - [2024-07-06T20:14:52.751+0000] {dagbag.py:537} INFO - Filling up the DagBag from /opt/airflow/dags/3-dependencias.py
[2024-07-06T20:14:52.768+0000] {processor.py:766} INFO - DAG(s) dict_keys(['dependencias']) retrieved from /opt/airflow/dags/3-dependencias.py
[2024-07-06T20:14:52.807+0000] {logging_mixin.py:120} INFO - [2024-07-06T20:14:52.806+0000] {dag.py:2585} INFO - Sync 1 DAGs
[2024-07-06T20:14:52.829+0000] {logging_mixin.py:120} INFO - [2024-07-06T20:14:52.828+0000] {dag.py:3340} INFO - Setting next_dagrun for dependencias to 2024-07-05T00:00:00+00:00, run_after=2024-07-05T00:00:00+00:00
[2024-07-06T20:14:52.856+0000] {processor.py:176} INFO - Processing /opt/airflow/dags/3-dependencias.py took 0.110 seconds
[2024-07-06T20:15:23.340+0000] {processor.py:154} INFO - Started process (PID=1549) to work on /opt/airflow/dags/3-dependencias.py
[2024-07-06T20:15:23.341+0000] {processor.py:756} INFO - Processing file /opt/airflow/dags/3-dependencias.py for tasks to queue
[2024-07-06T20:15:23.341+0000] {logging_mixin.py:120} INFO - [2024-07-06T20:15:23.341+0000] {dagbag.py:537} INFO - Filling up the DagBag from /opt/airflow/dags/3-dependencias.py
[2024-07-06T20:15:23.358+0000] {processor.py:766} INFO - DAG(s) dict_keys(['dependencias']) retrieved from /opt/airflow/dags/3-dependencias.py
[2024-07-06T20:15:23.406+0000] {logging_mixin.py:120} INFO - [2024-07-06T20:15:23.406+0000] {dag.py:2585} INFO - Sync 1 DAGs
[2024-07-06T20:15:23.431+0000] {logging_mixin.py:120} INFO - [2024-07-06T20:15:23.431+0000] {dag.py:3340} INFO - Setting next_dagrun for dependencias to 2024-07-05T00:00:00+00:00, run_after=2024-07-05T00:00:00+00:00
[2024-07-06T20:15:23.461+0000] {processor.py:176} INFO - Processing /opt/airflow/dags/3-dependencias.py took 0.124 seconds
[2024-07-06T20:15:53.788+0000] {processor.py:154} INFO - Started process (PID=1581) to work on /opt/airflow/dags/3-dependencias.py
[2024-07-06T20:15:53.789+0000] {processor.py:756} INFO - Processing file /opt/airflow/dags/3-dependencias.py for tasks to queue
[2024-07-06T20:15:53.790+0000] {logging_mixin.py:120} INFO - [2024-07-06T20:15:53.790+0000] {dagbag.py:537} INFO - Filling up the DagBag from /opt/airflow/dags/3-dependencias.py
[2024-07-06T20:15:53.805+0000] {processor.py:766} INFO - DAG(s) dict_keys(['dependencias']) retrieved from /opt/airflow/dags/3-dependencias.py
[2024-07-06T20:15:53.844+0000] {logging_mixin.py:120} INFO - [2024-07-06T20:15:53.844+0000] {dag.py:2585} INFO - Sync 1 DAGs
[2024-07-06T20:15:53.868+0000] {logging_mixin.py:120} INFO - [2024-07-06T20:15:53.867+0000] {dag.py:3340} INFO - Setting next_dagrun for dependencias to 2024-07-05T00:00:00+00:00, run_after=2024-07-05T00:00:00+00:00
[2024-07-06T20:15:53.892+0000] {processor.py:176} INFO - Processing /opt/airflow/dags/3-dependencias.py took 0.107 seconds
[2024-07-06T20:16:24.224+0000] {processor.py:154} INFO - Started process (PID=1613) to work on /opt/airflow/dags/3-dependencias.py
[2024-07-06T20:16:24.225+0000] {processor.py:756} INFO - Processing file /opt/airflow/dags/3-dependencias.py for tasks to queue
[2024-07-06T20:16:24.226+0000] {logging_mixin.py:120} INFO - [2024-07-06T20:16:24.226+0000] {dagbag.py:537} INFO - Filling up the DagBag from /opt/airflow/dags/3-dependencias.py
[2024-07-06T20:16:24.251+0000] {processor.py:766} INFO - DAG(s) dict_keys(['dependencias']) retrieved from /opt/airflow/dags/3-dependencias.py
[2024-07-06T20:16:24.307+0000] {logging_mixin.py:120} INFO - [2024-07-06T20:16:24.307+0000] {dag.py:2585} INFO - Sync 1 DAGs
[2024-07-06T20:16:24.343+0000] {logging_mixin.py:120} INFO - [2024-07-06T20:16:24.343+0000] {dag.py:3340} INFO - Setting next_dagrun for dependencias to 2024-07-05T00:00:00+00:00, run_after=2024-07-05T00:00:00+00:00
[2024-07-06T20:16:24.376+0000] {processor.py:176} INFO - Processing /opt/airflow/dags/3-dependencias.py took 0.155 seconds
[2024-07-06T20:16:54.461+0000] {processor.py:154} INFO - Started process (PID=1635) to work on /opt/airflow/dags/3-dependencias.py
[2024-07-06T20:16:54.462+0000] {processor.py:756} INFO - Processing file /opt/airflow/dags/3-dependencias.py for tasks to queue
[2024-07-06T20:16:54.463+0000] {logging_mixin.py:120} INFO - [2024-07-06T20:16:54.462+0000] {dagbag.py:537} INFO - Filling up the DagBag from /opt/airflow/dags/3-dependencias.py
[2024-07-06T20:16:54.481+0000] {processor.py:766} INFO - DAG(s) dict_keys(['dependencias']) retrieved from /opt/airflow/dags/3-dependencias.py
[2024-07-06T20:16:54.531+0000] {logging_mixin.py:120} INFO - [2024-07-06T20:16:54.531+0000] {dag.py:2585} INFO - Sync 1 DAGs
[2024-07-06T20:16:54.565+0000] {logging_mixin.py:120} INFO - [2024-07-06T20:16:54.565+0000] {dag.py:3340} INFO - Setting next_dagrun for dependencias to 2024-07-05T00:00:00+00:00, run_after=2024-07-05T00:00:00+00:00
[2024-07-06T20:16:54.594+0000] {processor.py:176} INFO - Processing /opt/airflow/dags/3-dependencias.py took 0.139 seconds
[2024-07-06T20:17:25.083+0000] {processor.py:154} INFO - Started process (PID=1668) to work on /opt/airflow/dags/3-dependencias.py
[2024-07-06T20:17:25.085+0000] {processor.py:756} INFO - Processing file /opt/airflow/dags/3-dependencias.py for tasks to queue
[2024-07-06T20:17:25.085+0000] {logging_mixin.py:120} INFO - [2024-07-06T20:17:25.085+0000] {dagbag.py:537} INFO - Filling up the DagBag from /opt/airflow/dags/3-dependencias.py
[2024-07-06T20:17:25.101+0000] {processor.py:766} INFO - DAG(s) dict_keys(['dependencias']) retrieved from /opt/airflow/dags/3-dependencias.py
[2024-07-06T20:17:25.147+0000] {logging_mixin.py:120} INFO - [2024-07-06T20:17:25.147+0000] {dag.py:2585} INFO - Sync 1 DAGs
[2024-07-06T20:17:25.172+0000] {logging_mixin.py:120} INFO - [2024-07-06T20:17:25.172+0000] {dag.py:3340} INFO - Setting next_dagrun for dependencias to 2024-07-05T00:00:00+00:00, run_after=2024-07-05T00:00:00+00:00
[2024-07-06T20:17:25.196+0000] {processor.py:176} INFO - Processing /opt/airflow/dags/3-dependencias.py took 0.115 seconds
[2024-07-06T20:17:55.453+0000] {processor.py:154} INFO - Started process (PID=1698) to work on /opt/airflow/dags/3-dependencias.py
[2024-07-06T20:17:55.455+0000] {processor.py:756} INFO - Processing file /opt/airflow/dags/3-dependencias.py for tasks to queue
[2024-07-06T20:17:55.456+0000] {logging_mixin.py:120} INFO - [2024-07-06T20:17:55.456+0000] {dagbag.py:537} INFO - Filling up the DagBag from /opt/airflow/dags/3-dependencias.py
[2024-07-06T20:17:55.473+0000] {processor.py:766} INFO - DAG(s) dict_keys(['dependencias']) retrieved from /opt/airflow/dags/3-dependencias.py
[2024-07-06T20:17:55.522+0000] {logging_mixin.py:120} INFO - [2024-07-06T20:17:55.522+0000] {dag.py:2585} INFO - Sync 1 DAGs
[2024-07-06T20:17:55.558+0000] {logging_mixin.py:120} INFO - [2024-07-06T20:17:55.558+0000] {dag.py:3340} INFO - Setting next_dagrun for dependencias to 2024-07-05T00:00:00+00:00, run_after=2024-07-05T00:00:00+00:00
[2024-07-06T20:17:55.607+0000] {processor.py:176} INFO - Processing /opt/airflow/dags/3-dependencias.py took 0.158 seconds
[2024-07-06T20:18:26.206+0000] {processor.py:154} INFO - Started process (PID=1721) to work on /opt/airflow/dags/3-dependencias.py
[2024-07-06T20:18:26.208+0000] {processor.py:756} INFO - Processing file /opt/airflow/dags/3-dependencias.py for tasks to queue
[2024-07-06T20:18:26.208+0000] {logging_mixin.py:120} INFO - [2024-07-06T20:18:26.208+0000] {dagbag.py:537} INFO - Filling up the DagBag from /opt/airflow/dags/3-dependencias.py
[2024-07-06T20:18:26.222+0000] {processor.py:766} INFO - DAG(s) dict_keys(['dependencias']) retrieved from /opt/airflow/dags/3-dependencias.py
[2024-07-06T20:18:26.258+0000] {logging_mixin.py:120} INFO - [2024-07-06T20:18:26.258+0000] {dag.py:2585} INFO - Sync 1 DAGs
[2024-07-06T20:18:26.280+0000] {logging_mixin.py:120} INFO - [2024-07-06T20:18:26.280+0000] {dag.py:3340} INFO - Setting next_dagrun for dependencias to 2024-07-05T00:00:00+00:00, run_after=2024-07-05T00:00:00+00:00
[2024-07-06T20:18:26.304+0000] {processor.py:176} INFO - Processing /opt/airflow/dags/3-dependencias.py took 0.101 seconds
[2024-07-06T20:18:56.608+0000] {processor.py:154} INFO - Started process (PID=1754) to work on /opt/airflow/dags/3-dependencias.py
[2024-07-06T20:18:56.619+0000] {processor.py:756} INFO - Processing file /opt/airflow/dags/3-dependencias.py for tasks to queue
[2024-07-06T20:18:56.620+0000] {logging_mixin.py:120} INFO - [2024-07-06T20:18:56.620+0000] {dagbag.py:537} INFO - Filling up the DagBag from /opt/airflow/dags/3-dependencias.py
[2024-07-06T20:18:56.640+0000] {processor.py:766} INFO - DAG(s) dict_keys(['dependencias']) retrieved from /opt/airflow/dags/3-dependencias.py
[2024-07-06T20:18:56.693+0000] {logging_mixin.py:120} INFO - [2024-07-06T20:18:56.693+0000] {dag.py:2585} INFO - Sync 1 DAGs
[2024-07-06T20:18:56.729+0000] {logging_mixin.py:120} INFO - [2024-07-06T20:18:56.729+0000] {dag.py:3340} INFO - Setting next_dagrun for dependencias to 2024-07-05T00:00:00+00:00, run_after=2024-07-05T00:00:00+00:00
[2024-07-06T20:18:56.785+0000] {processor.py:176} INFO - Processing /opt/airflow/dags/3-dependencias.py took 0.179 seconds
[2024-07-06T20:19:26.946+0000] {processor.py:154} INFO - Started process (PID=1785) to work on /opt/airflow/dags/3-dependencias.py
[2024-07-06T20:19:26.947+0000] {processor.py:756} INFO - Processing file /opt/airflow/dags/3-dependencias.py for tasks to queue
[2024-07-06T20:19:26.948+0000] {logging_mixin.py:120} INFO - [2024-07-06T20:19:26.948+0000] {dagbag.py:537} INFO - Filling up the DagBag from /opt/airflow/dags/3-dependencias.py
[2024-07-06T20:19:26.963+0000] {processor.py:766} INFO - DAG(s) dict_keys(['dependencias']) retrieved from /opt/airflow/dags/3-dependencias.py
[2024-07-06T20:19:27.004+0000] {logging_mixin.py:120} INFO - [2024-07-06T20:19:27.004+0000] {dag.py:2585} INFO - Sync 1 DAGs
[2024-07-06T20:19:27.034+0000] {logging_mixin.py:120} INFO - [2024-07-06T20:19:27.033+0000] {dag.py:3340} INFO - Setting next_dagrun for dependencias to 2024-07-05T00:00:00+00:00, run_after=2024-07-05T00:00:00+00:00
[2024-07-06T20:19:27.058+0000] {processor.py:176} INFO - Processing /opt/airflow/dags/3-dependencias.py took 0.115 seconds
[2024-07-06T20:19:57.516+0000] {processor.py:154} INFO - Started process (PID=1808) to work on /opt/airflow/dags/3-dependencias.py
[2024-07-06T20:19:57.517+0000] {processor.py:756} INFO - Processing file /opt/airflow/dags/3-dependencias.py for tasks to queue
[2024-07-06T20:19:57.517+0000] {logging_mixin.py:120} INFO - [2024-07-06T20:19:57.517+0000] {dagbag.py:537} INFO - Filling up the DagBag from /opt/airflow/dags/3-dependencias.py
[2024-07-06T20:19:57.532+0000] {processor.py:766} INFO - DAG(s) dict_keys(['dependencias']) retrieved from /opt/airflow/dags/3-dependencias.py
[2024-07-06T20:19:57.569+0000] {logging_mixin.py:120} INFO - [2024-07-06T20:19:57.569+0000] {dag.py:2585} INFO - Sync 1 DAGs
[2024-07-06T20:19:57.599+0000] {logging_mixin.py:120} INFO - [2024-07-06T20:19:57.599+0000] {dag.py:3340} INFO - Setting next_dagrun for dependencias to 2024-07-05T00:00:00+00:00, run_after=2024-07-05T00:00:00+00:00
[2024-07-06T20:19:57.619+0000] {processor.py:176} INFO - Processing /opt/airflow/dags/3-dependencias.py took 0.106 seconds
[2024-07-06T20:20:27.787+0000] {processor.py:154} INFO - Started process (PID=1839) to work on /opt/airflow/dags/3-dependencias.py
[2024-07-06T20:20:27.789+0000] {processor.py:756} INFO - Processing file /opt/airflow/dags/3-dependencias.py for tasks to queue
[2024-07-06T20:20:27.791+0000] {logging_mixin.py:120} INFO - [2024-07-06T20:20:27.791+0000] {dagbag.py:537} INFO - Filling up the DagBag from /opt/airflow/dags/3-dependencias.py
[2024-07-06T20:20:27.811+0000] {processor.py:766} INFO - DAG(s) dict_keys(['dependencias']) retrieved from /opt/airflow/dags/3-dependencias.py
[2024-07-06T20:20:27.852+0000] {logging_mixin.py:120} INFO - [2024-07-06T20:20:27.852+0000] {dag.py:2585} INFO - Sync 1 DAGs
[2024-07-06T20:20:27.878+0000] {logging_mixin.py:120} INFO - [2024-07-06T20:20:27.878+0000] {dag.py:3340} INFO - Setting next_dagrun for dependencias to 2024-07-05T00:00:00+00:00, run_after=2024-07-05T00:00:00+00:00
[2024-07-06T20:20:27.899+0000] {processor.py:176} INFO - Processing /opt/airflow/dags/3-dependencias.py took 0.115 seconds
[2024-07-06T20:20:58.545+0000] {processor.py:154} INFO - Started process (PID=1871) to work on /opt/airflow/dags/3-dependencias.py
[2024-07-06T20:20:58.564+0000] {processor.py:756} INFO - Processing file /opt/airflow/dags/3-dependencias.py for tasks to queue
[2024-07-06T20:20:58.564+0000] {logging_mixin.py:120} INFO - [2024-07-06T20:20:58.564+0000] {dagbag.py:537} INFO - Filling up the DagBag from /opt/airflow/dags/3-dependencias.py
[2024-07-06T20:20:58.646+0000] {processor.py:766} INFO - DAG(s) dict_keys(['dependencias']) retrieved from /opt/airflow/dags/3-dependencias.py
[2024-07-06T20:20:58.693+0000] {logging_mixin.py:120} INFO - [2024-07-06T20:20:58.693+0000] {dag.py:2585} INFO - Sync 1 DAGs
[2024-07-06T20:20:58.717+0000] {logging_mixin.py:120} INFO - [2024-07-06T20:20:58.717+0000] {dag.py:3340} INFO - Setting next_dagrun for dependencias to 2024-07-05T00:00:00+00:00, run_after=2024-07-05T00:00:00+00:00
[2024-07-06T20:20:58.746+0000] {processor.py:176} INFO - Processing /opt/airflow/dags/3-dependencias.py took 0.229 seconds
[2024-07-06T20:21:28.850+0000] {processor.py:154} INFO - Started process (PID=1893) to work on /opt/airflow/dags/3-dependencias.py
[2024-07-06T20:21:28.852+0000] {processor.py:756} INFO - Processing file /opt/airflow/dags/3-dependencias.py for tasks to queue
[2024-07-06T20:21:28.853+0000] {logging_mixin.py:120} INFO - [2024-07-06T20:21:28.853+0000] {dagbag.py:537} INFO - Filling up the DagBag from /opt/airflow/dags/3-dependencias.py
[2024-07-06T20:21:28.874+0000] {processor.py:766} INFO - DAG(s) dict_keys(['dependencias']) retrieved from /opt/airflow/dags/3-dependencias.py
[2024-07-06T20:21:28.913+0000] {logging_mixin.py:120} INFO - [2024-07-06T20:21:28.913+0000] {dag.py:2585} INFO - Sync 1 DAGs
[2024-07-06T20:21:28.941+0000] {logging_mixin.py:120} INFO - [2024-07-06T20:21:28.941+0000] {dag.py:3340} INFO - Setting next_dagrun for dependencias to 2024-07-05T00:00:00+00:00, run_after=2024-07-05T00:00:00+00:00
[2024-07-06T20:21:28.963+0000] {processor.py:176} INFO - Processing /opt/airflow/dags/3-dependencias.py took 0.120 seconds
[2024-07-06T20:21:59.275+0000] {processor.py:154} INFO - Started process (PID=1925) to work on /opt/airflow/dags/3-dependencias.py
[2024-07-06T20:21:59.276+0000] {processor.py:756} INFO - Processing file /opt/airflow/dags/3-dependencias.py for tasks to queue
[2024-07-06T20:21:59.277+0000] {logging_mixin.py:120} INFO - [2024-07-06T20:21:59.277+0000] {dagbag.py:537} INFO - Filling up the DagBag from /opt/airflow/dags/3-dependencias.py
[2024-07-06T20:21:59.291+0000] {processor.py:766} INFO - DAG(s) dict_keys(['dependencias']) retrieved from /opt/airflow/dags/3-dependencias.py
[2024-07-06T20:21:59.330+0000] {logging_mixin.py:120} INFO - [2024-07-06T20:21:59.330+0000] {dag.py:2585} INFO - Sync 1 DAGs
[2024-07-06T20:21:59.354+0000] {logging_mixin.py:120} INFO - [2024-07-06T20:21:59.354+0000] {dag.py:3340} INFO - Setting next_dagrun for dependencias to 2024-07-05T00:00:00+00:00, run_after=2024-07-05T00:00:00+00:00
[2024-07-06T20:21:59.377+0000] {processor.py:176} INFO - Processing /opt/airflow/dags/3-dependencias.py took 0.105 seconds
[2024-07-06T20:22:29.591+0000] {processor.py:154} INFO - Started process (PID=1958) to work on /opt/airflow/dags/3-dependencias.py
[2024-07-06T20:22:29.592+0000] {processor.py:756} INFO - Processing file /opt/airflow/dags/3-dependencias.py for tasks to queue
[2024-07-06T20:22:29.592+0000] {logging_mixin.py:120} INFO - [2024-07-06T20:22:29.592+0000] {dagbag.py:537} INFO - Filling up the DagBag from /opt/airflow/dags/3-dependencias.py
[2024-07-06T20:22:29.606+0000] {processor.py:766} INFO - DAG(s) dict_keys(['dependencias']) retrieved from /opt/airflow/dags/3-dependencias.py
[2024-07-06T20:22:29.641+0000] {logging_mixin.py:120} INFO - [2024-07-06T20:22:29.641+0000] {dag.py:2585} INFO - Sync 1 DAGs
[2024-07-06T20:22:29.665+0000] {logging_mixin.py:120} INFO - [2024-07-06T20:22:29.665+0000] {dag.py:3340} INFO - Setting next_dagrun for dependencias to 2024-07-05T00:00:00+00:00, run_after=2024-07-05T00:00:00+00:00
[2024-07-06T20:22:29.686+0000] {processor.py:176} INFO - Processing /opt/airflow/dags/3-dependencias.py took 0.098 seconds
[2024-07-06T20:22:59.914+0000] {processor.py:154} INFO - Started process (PID=1983) to work on /opt/airflow/dags/3-dependencias.py
[2024-07-06T20:22:59.915+0000] {processor.py:756} INFO - Processing file /opt/airflow/dags/3-dependencias.py for tasks to queue
[2024-07-06T20:22:59.915+0000] {logging_mixin.py:120} INFO - [2024-07-06T20:22:59.915+0000] {dagbag.py:537} INFO - Filling up the DagBag from /opt/airflow/dags/3-dependencias.py
[2024-07-06T20:22:59.931+0000] {processor.py:766} INFO - DAG(s) dict_keys(['dependencias']) retrieved from /opt/airflow/dags/3-dependencias.py
[2024-07-06T20:22:59.967+0000] {logging_mixin.py:120} INFO - [2024-07-06T20:22:59.967+0000] {dag.py:2585} INFO - Sync 1 DAGs
[2024-07-06T20:22:59.992+0000] {logging_mixin.py:120} INFO - [2024-07-06T20:22:59.991+0000] {dag.py:3340} INFO - Setting next_dagrun for dependencias to 2024-07-05T00:00:00+00:00, run_after=2024-07-05T00:00:00+00:00
[2024-07-06T20:23:00.022+0000] {processor.py:176} INFO - Processing /opt/airflow/dags/3-dependencias.py took 0.111 seconds
[2024-07-06T20:23:30.268+0000] {processor.py:154} INFO - Started process (PID=2014) to work on /opt/airflow/dags/3-dependencias.py
[2024-07-06T20:23:30.270+0000] {processor.py:756} INFO - Processing file /opt/airflow/dags/3-dependencias.py for tasks to queue
[2024-07-06T20:23:30.270+0000] {logging_mixin.py:120} INFO - [2024-07-06T20:23:30.270+0000] {dagbag.py:537} INFO - Filling up the DagBag from /opt/airflow/dags/3-dependencias.py
[2024-07-06T20:23:30.285+0000] {processor.py:766} INFO - DAG(s) dict_keys(['dependencias']) retrieved from /opt/airflow/dags/3-dependencias.py
[2024-07-06T20:23:30.321+0000] {logging_mixin.py:120} INFO - [2024-07-06T20:23:30.321+0000] {dag.py:2585} INFO - Sync 1 DAGs
[2024-07-06T20:23:30.343+0000] {logging_mixin.py:120} INFO - [2024-07-06T20:23:30.343+0000] {dag.py:3340} INFO - Setting next_dagrun for dependencias to 2024-07-05T00:00:00+00:00, run_after=2024-07-05T00:00:00+00:00
[2024-07-06T20:23:30.380+0000] {processor.py:176} INFO - Processing /opt/airflow/dags/3-dependencias.py took 0.115 seconds
[2024-07-06T20:24:00.665+0000] {processor.py:154} INFO - Started process (PID=2048) to work on /opt/airflow/dags/3-dependencias.py
[2024-07-06T20:24:00.666+0000] {processor.py:756} INFO - Processing file /opt/airflow/dags/3-dependencias.py for tasks to queue
[2024-07-06T20:24:00.667+0000] {logging_mixin.py:120} INFO - [2024-07-06T20:24:00.667+0000] {dagbag.py:537} INFO - Filling up the DagBag from /opt/airflow/dags/3-dependencias.py
[2024-07-06T20:24:00.681+0000] {processor.py:766} INFO - DAG(s) dict_keys(['dependencias']) retrieved from /opt/airflow/dags/3-dependencias.py
[2024-07-06T20:24:00.719+0000] {logging_mixin.py:120} INFO - [2024-07-06T20:24:00.719+0000] {dag.py:2585} INFO - Sync 1 DAGs
[2024-07-06T20:24:00.743+0000] {logging_mixin.py:120} INFO - [2024-07-06T20:24:00.743+0000] {dag.py:3340} INFO - Setting next_dagrun for dependencias to 2024-07-05T00:00:00+00:00, run_after=2024-07-05T00:00:00+00:00
[2024-07-06T20:24:00.769+0000] {processor.py:176} INFO - Processing /opt/airflow/dags/3-dependencias.py took 0.107 seconds
[2024-07-06T20:24:31.095+0000] {processor.py:154} INFO - Started process (PID=2080) to work on /opt/airflow/dags/3-dependencias.py
[2024-07-06T20:24:31.097+0000] {processor.py:756} INFO - Processing file /opt/airflow/dags/3-dependencias.py for tasks to queue
[2024-07-06T20:24:31.098+0000] {logging_mixin.py:120} INFO - [2024-07-06T20:24:31.098+0000] {dagbag.py:537} INFO - Filling up the DagBag from /opt/airflow/dags/3-dependencias.py
[2024-07-06T20:24:31.113+0000] {processor.py:766} INFO - DAG(s) dict_keys(['dependencias']) retrieved from /opt/airflow/dags/3-dependencias.py
[2024-07-06T20:24:31.151+0000] {logging_mixin.py:120} INFO - [2024-07-06T20:24:31.151+0000] {dag.py:2585} INFO - Sync 1 DAGs
[2024-07-06T20:24:31.173+0000] {logging_mixin.py:120} INFO - [2024-07-06T20:24:31.173+0000] {dag.py:3340} INFO - Setting next_dagrun for dependencias to 2024-07-05T00:00:00+00:00, run_after=2024-07-05T00:00:00+00:00
[2024-07-06T20:24:31.196+0000] {processor.py:176} INFO - Processing /opt/airflow/dags/3-dependencias.py took 0.103 seconds
[2024-07-06T20:25:01.489+0000] {processor.py:154} INFO - Started process (PID=2102) to work on /opt/airflow/dags/3-dependencias.py
[2024-07-06T20:25:01.490+0000] {processor.py:756} INFO - Processing file /opt/airflow/dags/3-dependencias.py for tasks to queue
[2024-07-06T20:25:01.491+0000] {logging_mixin.py:120} INFO - [2024-07-06T20:25:01.491+0000] {dagbag.py:537} INFO - Filling up the DagBag from /opt/airflow/dags/3-dependencias.py
[2024-07-06T20:25:01.506+0000] {processor.py:766} INFO - DAG(s) dict_keys(['dependencias']) retrieved from /opt/airflow/dags/3-dependencias.py
[2024-07-06T20:25:01.542+0000] {logging_mixin.py:120} INFO - [2024-07-06T20:25:01.542+0000] {dag.py:2585} INFO - Sync 1 DAGs
[2024-07-06T20:25:01.564+0000] {logging_mixin.py:120} INFO - [2024-07-06T20:25:01.564+0000] {dag.py:3340} INFO - Setting next_dagrun for dependencias to 2024-07-05T00:00:00+00:00, run_after=2024-07-05T00:00:00+00:00
[2024-07-06T20:25:01.588+0000] {processor.py:176} INFO - Processing /opt/airflow/dags/3-dependencias.py took 0.102 seconds
[2024-07-06T20:25:31.888+0000] {processor.py:154} INFO - Started process (PID=2135) to work on /opt/airflow/dags/3-dependencias.py
[2024-07-06T20:25:31.889+0000] {processor.py:756} INFO - Processing file /opt/airflow/dags/3-dependencias.py for tasks to queue
[2024-07-06T20:25:31.889+0000] {logging_mixin.py:120} INFO - [2024-07-06T20:25:31.889+0000] {dagbag.py:537} INFO - Filling up the DagBag from /opt/airflow/dags/3-dependencias.py
[2024-07-06T20:25:31.904+0000] {processor.py:766} INFO - DAG(s) dict_keys(['dependencias']) retrieved from /opt/airflow/dags/3-dependencias.py
[2024-07-06T20:25:31.959+0000] {logging_mixin.py:120} INFO - [2024-07-06T20:25:31.959+0000] {dag.py:2585} INFO - Sync 1 DAGs
[2024-07-06T20:25:31.988+0000] {logging_mixin.py:120} INFO - [2024-07-06T20:25:31.988+0000] {dag.py:3340} INFO - Setting next_dagrun for dependencias to 2024-07-05T00:00:00+00:00, run_after=2024-07-05T00:00:00+00:00
[2024-07-06T20:25:32.007+0000] {processor.py:176} INFO - Processing /opt/airflow/dags/3-dependencias.py took 0.122 seconds
[2024-07-06T20:26:02.436+0000] {processor.py:154} INFO - Started process (PID=2166) to work on /opt/airflow/dags/3-dependencias.py
[2024-07-06T20:26:02.437+0000] {processor.py:756} INFO - Processing file /opt/airflow/dags/3-dependencias.py for tasks to queue
[2024-07-06T20:26:02.438+0000] {logging_mixin.py:120} INFO - [2024-07-06T20:26:02.437+0000] {dagbag.py:537} INFO - Filling up the DagBag from /opt/airflow/dags/3-dependencias.py
[2024-07-06T20:26:02.452+0000] {processor.py:766} INFO - DAG(s) dict_keys(['dependencias']) retrieved from /opt/airflow/dags/3-dependencias.py
[2024-07-06T20:26:02.488+0000] {logging_mixin.py:120} INFO - [2024-07-06T20:26:02.488+0000] {dag.py:2585} INFO - Sync 1 DAGs
[2024-07-06T20:26:02.511+0000] {logging_mixin.py:120} INFO - [2024-07-06T20:26:02.511+0000] {dag.py:3340} INFO - Setting next_dagrun for dependencias to 2024-07-05T00:00:00+00:00, run_after=2024-07-05T00:00:00+00:00
[2024-07-06T20:26:02.533+0000] {processor.py:176} INFO - Processing /opt/airflow/dags/3-dependencias.py took 0.100 seconds
[2024-07-06T20:26:32.754+0000] {processor.py:154} INFO - Started process (PID=2197) to work on /opt/airflow/dags/3-dependencias.py
[2024-07-06T20:26:32.757+0000] {processor.py:756} INFO - Processing file /opt/airflow/dags/3-dependencias.py for tasks to queue
[2024-07-06T20:26:32.757+0000] {logging_mixin.py:120} INFO - [2024-07-06T20:26:32.757+0000] {dagbag.py:537} INFO - Filling up the DagBag from /opt/airflow/dags/3-dependencias.py
[2024-07-06T20:26:32.773+0000] {processor.py:766} INFO - DAG(s) dict_keys(['dependencias']) retrieved from /opt/airflow/dags/3-dependencias.py
[2024-07-06T20:26:32.811+0000] {logging_mixin.py:120} INFO - [2024-07-06T20:26:32.811+0000] {dag.py:2585} INFO - Sync 1 DAGs
[2024-07-06T20:26:32.837+0000] {logging_mixin.py:120} INFO - [2024-07-06T20:26:32.837+0000] {dag.py:3340} INFO - Setting next_dagrun for dependencias to 2024-07-05T00:00:00+00:00, run_after=2024-07-05T00:00:00+00:00
[2024-07-06T20:26:32.861+0000] {processor.py:176} INFO - Processing /opt/airflow/dags/3-dependencias.py took 0.109 seconds
[2024-07-06T20:27:03.221+0000] {processor.py:154} INFO - Started process (PID=2219) to work on /opt/airflow/dags/3-dependencias.py
[2024-07-06T20:27:03.223+0000] {processor.py:756} INFO - Processing file /opt/airflow/dags/3-dependencias.py for tasks to queue
[2024-07-06T20:27:03.224+0000] {logging_mixin.py:120} INFO - [2024-07-06T20:27:03.224+0000] {dagbag.py:537} INFO - Filling up the DagBag from /opt/airflow/dags/3-dependencias.py
[2024-07-06T20:27:03.268+0000] {processor.py:766} INFO - DAG(s) dict_keys(['dependencias']) retrieved from /opt/airflow/dags/3-dependencias.py
[2024-07-06T20:27:03.396+0000] {logging_mixin.py:120} INFO - [2024-07-06T20:27:03.395+0000] {dag.py:2585} INFO - Sync 1 DAGs
[2024-07-06T20:27:03.432+0000] {logging_mixin.py:120} INFO - [2024-07-06T20:27:03.431+0000] {dag.py:3340} INFO - Setting next_dagrun for dependencias to 2024-07-05T00:00:00+00:00, run_after=2024-07-05T00:00:00+00:00
[2024-07-06T20:27:03.454+0000] {processor.py:176} INFO - Processing /opt/airflow/dags/3-dependencias.py took 0.237 seconds
[2024-07-06T20:27:33.801+0000] {processor.py:154} INFO - Started process (PID=2250) to work on /opt/airflow/dags/3-dependencias.py
[2024-07-06T20:27:33.803+0000] {processor.py:756} INFO - Processing file /opt/airflow/dags/3-dependencias.py for tasks to queue
[2024-07-06T20:27:33.803+0000] {logging_mixin.py:120} INFO - [2024-07-06T20:27:33.803+0000] {dagbag.py:537} INFO - Filling up the DagBag from /opt/airflow/dags/3-dependencias.py
[2024-07-06T20:27:33.819+0000] {processor.py:766} INFO - DAG(s) dict_keys(['dependencias']) retrieved from /opt/airflow/dags/3-dependencias.py
[2024-07-06T20:27:33.863+0000] {logging_mixin.py:120} INFO - [2024-07-06T20:27:33.863+0000] {dag.py:2585} INFO - Sync 1 DAGs
[2024-07-06T20:27:33.890+0000] {logging_mixin.py:120} INFO - [2024-07-06T20:27:33.889+0000] {dag.py:3340} INFO - Setting next_dagrun for dependencias to 2024-07-05T00:00:00+00:00, run_after=2024-07-05T00:00:00+00:00
[2024-07-06T20:27:33.907+0000] {processor.py:176} INFO - Processing /opt/airflow/dags/3-dependencias.py took 0.109 seconds
[2024-07-06T20:28:04.187+0000] {processor.py:154} INFO - Started process (PID=2281) to work on /opt/airflow/dags/3-dependencias.py
[2024-07-06T20:28:04.188+0000] {processor.py:756} INFO - Processing file /opt/airflow/dags/3-dependencias.py for tasks to queue
[2024-07-06T20:28:04.189+0000] {logging_mixin.py:120} INFO - [2024-07-06T20:28:04.189+0000] {dagbag.py:537} INFO - Filling up the DagBag from /opt/airflow/dags/3-dependencias.py
[2024-07-06T20:28:04.205+0000] {processor.py:766} INFO - DAG(s) dict_keys(['dependencias']) retrieved from /opt/airflow/dags/3-dependencias.py
[2024-07-06T20:28:04.242+0000] {logging_mixin.py:120} INFO - [2024-07-06T20:28:04.242+0000] {dag.py:2585} INFO - Sync 1 DAGs
[2024-07-06T20:28:04.265+0000] {logging_mixin.py:120} INFO - [2024-07-06T20:28:04.265+0000] {dag.py:3340} INFO - Setting next_dagrun for dependencias to 2024-07-05T00:00:00+00:00, run_after=2024-07-05T00:00:00+00:00
[2024-07-06T20:28:04.288+0000] {processor.py:176} INFO - Processing /opt/airflow/dags/3-dependencias.py took 0.104 seconds
[2024-07-06T20:28:34.544+0000] {processor.py:154} INFO - Started process (PID=2304) to work on /opt/airflow/dags/3-dependencias.py
[2024-07-06T20:28:34.545+0000] {processor.py:756} INFO - Processing file /opt/airflow/dags/3-dependencias.py for tasks to queue
[2024-07-06T20:28:34.546+0000] {logging_mixin.py:120} INFO - [2024-07-06T20:28:34.546+0000] {dagbag.py:537} INFO - Filling up the DagBag from /opt/airflow/dags/3-dependencias.py
[2024-07-06T20:28:34.569+0000] {processor.py:766} INFO - DAG(s) dict_keys(['dependencias']) retrieved from /opt/airflow/dags/3-dependencias.py
[2024-07-06T20:28:34.622+0000] {logging_mixin.py:120} INFO - [2024-07-06T20:28:34.621+0000] {dag.py:2585} INFO - Sync 1 DAGs
[2024-07-06T20:28:34.696+0000] {logging_mixin.py:120} INFO - [2024-07-06T20:28:34.696+0000] {dag.py:3340} INFO - Setting next_dagrun for dependencias to 2024-07-05T00:00:00+00:00, run_after=2024-07-05T00:00:00+00:00
[2024-07-06T20:28:34.722+0000] {processor.py:176} INFO - Processing /opt/airflow/dags/3-dependencias.py took 0.181 seconds
[2024-07-06T20:29:05.078+0000] {processor.py:154} INFO - Started process (PID=2333) to work on /opt/airflow/dags/3-dependencias.py
[2024-07-06T20:29:05.079+0000] {processor.py:756} INFO - Processing file /opt/airflow/dags/3-dependencias.py for tasks to queue
[2024-07-06T20:29:05.080+0000] {logging_mixin.py:120} INFO - [2024-07-06T20:29:05.080+0000] {dagbag.py:537} INFO - Filling up the DagBag from /opt/airflow/dags/3-dependencias.py
[2024-07-06T20:29:05.095+0000] {processor.py:766} INFO - DAG(s) dict_keys(['dependencias']) retrieved from /opt/airflow/dags/3-dependencias.py
[2024-07-06T20:29:05.131+0000] {logging_mixin.py:120} INFO - [2024-07-06T20:29:05.131+0000] {dag.py:2585} INFO - Sync 1 DAGs
[2024-07-06T20:29:05.154+0000] {logging_mixin.py:120} INFO - [2024-07-06T20:29:05.154+0000] {dag.py:3340} INFO - Setting next_dagrun for dependencias to 2024-07-05T00:00:00+00:00, run_after=2024-07-05T00:00:00+00:00
[2024-07-06T20:29:05.178+0000] {processor.py:176} INFO - Processing /opt/airflow/dags/3-dependencias.py took 0.104 seconds
[2024-07-06T20:29:35.484+0000] {processor.py:154} INFO - Started process (PID=2365) to work on /opt/airflow/dags/3-dependencias.py
[2024-07-06T20:29:35.485+0000] {processor.py:756} INFO - Processing file /opt/airflow/dags/3-dependencias.py for tasks to queue
[2024-07-06T20:29:35.486+0000] {logging_mixin.py:120} INFO - [2024-07-06T20:29:35.486+0000] {dagbag.py:537} INFO - Filling up the DagBag from /opt/airflow/dags/3-dependencias.py
[2024-07-06T20:29:35.501+0000] {processor.py:766} INFO - DAG(s) dict_keys(['dependencias']) retrieved from /opt/airflow/dags/3-dependencias.py
[2024-07-06T20:29:35.538+0000] {logging_mixin.py:120} INFO - [2024-07-06T20:29:35.538+0000] {dag.py:2585} INFO - Sync 1 DAGs
[2024-07-06T20:29:35.561+0000] {logging_mixin.py:120} INFO - [2024-07-06T20:29:35.561+0000] {dag.py:3340} INFO - Setting next_dagrun for dependencias to 2024-07-05T00:00:00+00:00, run_after=2024-07-05T00:00:00+00:00
[2024-07-06T20:29:35.585+0000] {processor.py:176} INFO - Processing /opt/airflow/dags/3-dependencias.py took 0.104 seconds
[2024-07-06T20:30:05.869+0000] {processor.py:154} INFO - Started process (PID=2396) to work on /opt/airflow/dags/3-dependencias.py
[2024-07-06T20:30:05.869+0000] {processor.py:756} INFO - Processing file /opt/airflow/dags/3-dependencias.py for tasks to queue
[2024-07-06T20:30:05.870+0000] {logging_mixin.py:120} INFO - [2024-07-06T20:30:05.870+0000] {dagbag.py:537} INFO - Filling up the DagBag from /opt/airflow/dags/3-dependencias.py
[2024-07-06T20:30:05.884+0000] {processor.py:766} INFO - DAG(s) dict_keys(['dependencias']) retrieved from /opt/airflow/dags/3-dependencias.py
[2024-07-06T20:30:05.925+0000] {logging_mixin.py:120} INFO - [2024-07-06T20:30:05.924+0000] {dag.py:2585} INFO - Sync 1 DAGs
[2024-07-06T20:30:05.947+0000] {logging_mixin.py:120} INFO - [2024-07-06T20:30:05.947+0000] {dag.py:3340} INFO - Setting next_dagrun for dependencias to 2024-07-05T00:00:00+00:00, run_after=2024-07-05T00:00:00+00:00
[2024-07-06T20:30:05.968+0000] {processor.py:176} INFO - Processing /opt/airflow/dags/3-dependencias.py took 0.103 seconds
[2024-07-06T20:30:36.225+0000] {processor.py:154} INFO - Started process (PID=2419) to work on /opt/airflow/dags/3-dependencias.py
[2024-07-06T20:30:36.233+0000] {processor.py:756} INFO - Processing file /opt/airflow/dags/3-dependencias.py for tasks to queue
[2024-07-06T20:30:36.235+0000] {logging_mixin.py:120} INFO - [2024-07-06T20:30:36.235+0000] {dagbag.py:537} INFO - Filling up the DagBag from /opt/airflow/dags/3-dependencias.py
[2024-07-06T20:30:36.265+0000] {processor.py:766} INFO - DAG(s) dict_keys(['dependencias']) retrieved from /opt/airflow/dags/3-dependencias.py
[2024-07-06T20:30:36.345+0000] {logging_mixin.py:120} INFO - [2024-07-06T20:30:36.345+0000] {dag.py:2585} INFO - Sync 1 DAGs
[2024-07-06T20:30:36.376+0000] {logging_mixin.py:120} INFO - [2024-07-06T20:30:36.375+0000] {dag.py:3340} INFO - Setting next_dagrun for dependencias to 2024-07-05T00:00:00+00:00, run_after=2024-07-05T00:00:00+00:00
[2024-07-06T20:30:36.400+0000] {processor.py:176} INFO - Processing /opt/airflow/dags/3-dependencias.py took 0.180 seconds
[2024-07-06T20:31:06.646+0000] {processor.py:154} INFO - Started process (PID=2450) to work on /opt/airflow/dags/3-dependencias.py
[2024-07-06T20:31:06.654+0000] {processor.py:756} INFO - Processing file /opt/airflow/dags/3-dependencias.py for tasks to queue
[2024-07-06T20:31:06.654+0000] {logging_mixin.py:120} INFO - [2024-07-06T20:31:06.654+0000] {dagbag.py:537} INFO - Filling up the DagBag from /opt/airflow/dags/3-dependencias.py
[2024-07-06T20:31:06.670+0000] {processor.py:766} INFO - DAG(s) dict_keys(['dependencias']) retrieved from /opt/airflow/dags/3-dependencias.py
[2024-07-06T20:31:06.713+0000] {logging_mixin.py:120} INFO - [2024-07-06T20:31:06.712+0000] {dag.py:2585} INFO - Sync 1 DAGs
[2024-07-06T20:31:06.738+0000] {logging_mixin.py:120} INFO - [2024-07-06T20:31:06.738+0000] {dag.py:3340} INFO - Setting next_dagrun for dependencias to 2024-07-05T00:00:00+00:00, run_after=2024-07-05T00:00:00+00:00
[2024-07-06T20:31:06.758+0000] {processor.py:176} INFO - Processing /opt/airflow/dags/3-dependencias.py took 0.115 seconds
[2024-07-06T20:31:37.034+0000] {processor.py:154} INFO - Started process (PID=2482) to work on /opt/airflow/dags/3-dependencias.py
[2024-07-06T20:31:37.040+0000] {processor.py:756} INFO - Processing file /opt/airflow/dags/3-dependencias.py for tasks to queue
[2024-07-06T20:31:37.041+0000] {logging_mixin.py:120} INFO - [2024-07-06T20:31:37.041+0000] {dagbag.py:537} INFO - Filling up the DagBag from /opt/airflow/dags/3-dependencias.py
[2024-07-06T20:31:37.073+0000] {processor.py:766} INFO - DAG(s) dict_keys(['dependencias']) retrieved from /opt/airflow/dags/3-dependencias.py
[2024-07-06T20:31:37.132+0000] {logging_mixin.py:120} INFO - [2024-07-06T20:31:37.131+0000] {dag.py:2585} INFO - Sync 1 DAGs
[2024-07-06T20:31:37.162+0000] {logging_mixin.py:120} INFO - [2024-07-06T20:31:37.162+0000] {dag.py:3340} INFO - Setting next_dagrun for dependencias to 2024-07-05T00:00:00+00:00, run_after=2024-07-05T00:00:00+00:00
[2024-07-06T20:31:37.213+0000] {processor.py:176} INFO - Processing /opt/airflow/dags/3-dependencias.py took 0.183 seconds
[2024-07-06T20:32:07.591+0000] {processor.py:154} INFO - Started process (PID=2504) to work on /opt/airflow/dags/3-dependencias.py
[2024-07-06T20:32:07.592+0000] {processor.py:756} INFO - Processing file /opt/airflow/dags/3-dependencias.py for tasks to queue
[2024-07-06T20:32:07.593+0000] {logging_mixin.py:120} INFO - [2024-07-06T20:32:07.592+0000] {dagbag.py:537} INFO - Filling up the DagBag from /opt/airflow/dags/3-dependencias.py
[2024-07-06T20:32:07.607+0000] {processor.py:766} INFO - DAG(s) dict_keys(['dependencias']) retrieved from /opt/airflow/dags/3-dependencias.py
[2024-07-06T20:32:07.647+0000] {logging_mixin.py:120} INFO - [2024-07-06T20:32:07.647+0000] {dag.py:2585} INFO - Sync 1 DAGs
[2024-07-06T20:32:07.673+0000] {logging_mixin.py:120} INFO - [2024-07-06T20:32:07.672+0000] {dag.py:3340} INFO - Setting next_dagrun for dependencias to 2024-07-05T00:00:00+00:00, run_after=2024-07-05T00:00:00+00:00
[2024-07-06T20:32:07.695+0000] {processor.py:176} INFO - Processing /opt/airflow/dags/3-dependencias.py took 0.107 seconds
[2024-07-06T20:32:38.014+0000] {processor.py:154} INFO - Started process (PID=2536) to work on /opt/airflow/dags/3-dependencias.py
[2024-07-06T20:32:38.015+0000] {processor.py:756} INFO - Processing file /opt/airflow/dags/3-dependencias.py for tasks to queue
[2024-07-06T20:32:38.016+0000] {logging_mixin.py:120} INFO - [2024-07-06T20:32:38.016+0000] {dagbag.py:537} INFO - Filling up the DagBag from /opt/airflow/dags/3-dependencias.py
[2024-07-06T20:32:38.031+0000] {processor.py:766} INFO - DAG(s) dict_keys(['dependencias']) retrieved from /opt/airflow/dags/3-dependencias.py
[2024-07-06T20:32:38.073+0000] {logging_mixin.py:120} INFO - [2024-07-06T20:32:38.073+0000] {dag.py:2585} INFO - Sync 1 DAGs
[2024-07-06T20:32:38.095+0000] {logging_mixin.py:120} INFO - [2024-07-06T20:32:38.094+0000] {dag.py:3340} INFO - Setting next_dagrun for dependencias to 2024-07-05T00:00:00+00:00, run_after=2024-07-05T00:00:00+00:00
[2024-07-06T20:32:38.119+0000] {processor.py:176} INFO - Processing /opt/airflow/dags/3-dependencias.py took 0.107 seconds
[2024-07-06T20:33:08.466+0000] {processor.py:154} INFO - Started process (PID=2568) to work on /opt/airflow/dags/3-dependencias.py
[2024-07-06T20:33:08.477+0000] {processor.py:756} INFO - Processing file /opt/airflow/dags/3-dependencias.py for tasks to queue
[2024-07-06T20:33:08.480+0000] {logging_mixin.py:120} INFO - [2024-07-06T20:33:08.480+0000] {dagbag.py:537} INFO - Filling up the DagBag from /opt/airflow/dags/3-dependencias.py
[2024-07-06T20:33:08.540+0000] {processor.py:766} INFO - DAG(s) dict_keys(['dependencias']) retrieved from /opt/airflow/dags/3-dependencias.py
[2024-07-06T20:33:08.579+0000] {logging_mixin.py:120} INFO - [2024-07-06T20:33:08.578+0000] {dag.py:2585} INFO - Sync 1 DAGs
[2024-07-06T20:33:08.604+0000] {logging_mixin.py:120} INFO - [2024-07-06T20:33:08.604+0000] {dag.py:3340} INFO - Setting next_dagrun for dependencias to 2024-07-05T00:00:00+00:00, run_after=2024-07-05T00:00:00+00:00
[2024-07-06T20:33:08.625+0000] {processor.py:176} INFO - Processing /opt/airflow/dags/3-dependencias.py took 0.164 seconds
[2024-07-06T20:33:38.981+0000] {processor.py:154} INFO - Started process (PID=2601) to work on /opt/airflow/dags/3-dependencias.py
[2024-07-06T20:33:38.982+0000] {processor.py:756} INFO - Processing file /opt/airflow/dags/3-dependencias.py for tasks to queue
[2024-07-06T20:33:38.982+0000] {logging_mixin.py:120} INFO - [2024-07-06T20:33:38.982+0000] {dagbag.py:537} INFO - Filling up the DagBag from /opt/airflow/dags/3-dependencias.py
[2024-07-06T20:33:39.003+0000] {processor.py:766} INFO - DAG(s) dict_keys(['dependencias']) retrieved from /opt/airflow/dags/3-dependencias.py
[2024-07-06T20:33:39.046+0000] {logging_mixin.py:120} INFO - [2024-07-06T20:33:39.046+0000] {dag.py:2585} INFO - Sync 1 DAGs
[2024-07-06T20:33:39.076+0000] {logging_mixin.py:120} INFO - [2024-07-06T20:33:39.075+0000] {dag.py:3340} INFO - Setting next_dagrun for dependencias to 2024-07-05T00:00:00+00:00, run_after=2024-07-05T00:00:00+00:00
[2024-07-06T20:33:39.109+0000] {processor.py:176} INFO - Processing /opt/airflow/dags/3-dependencias.py took 0.131 seconds
[2024-07-06T20:34:09.317+0000] {processor.py:154} INFO - Started process (PID=2624) to work on /opt/airflow/dags/3-dependencias.py
[2024-07-06T20:34:09.318+0000] {processor.py:756} INFO - Processing file /opt/airflow/dags/3-dependencias.py for tasks to queue
[2024-07-06T20:34:09.319+0000] {logging_mixin.py:120} INFO - [2024-07-06T20:34:09.319+0000] {dagbag.py:537} INFO - Filling up the DagBag from /opt/airflow/dags/3-dependencias.py
[2024-07-06T20:34:09.336+0000] {processor.py:766} INFO - DAG(s) dict_keys(['dependencias']) retrieved from /opt/airflow/dags/3-dependencias.py
[2024-07-06T20:34:09.374+0000] {logging_mixin.py:120} INFO - [2024-07-06T20:34:09.374+0000] {dag.py:2585} INFO - Sync 1 DAGs
[2024-07-06T20:34:09.399+0000] {logging_mixin.py:120} INFO - [2024-07-06T20:34:09.399+0000] {dag.py:3340} INFO - Setting next_dagrun for dependencias to 2024-07-05T00:00:00+00:00, run_after=2024-07-05T00:00:00+00:00
[2024-07-06T20:34:09.421+0000] {processor.py:176} INFO - Processing /opt/airflow/dags/3-dependencias.py took 0.108 seconds
[2024-07-06T20:34:39.724+0000] {processor.py:154} INFO - Started process (PID=2657) to work on /opt/airflow/dags/3-dependencias.py
[2024-07-06T20:34:39.735+0000] {processor.py:756} INFO - Processing file /opt/airflow/dags/3-dependencias.py for tasks to queue
[2024-07-06T20:34:39.736+0000] {logging_mixin.py:120} INFO - [2024-07-06T20:34:39.736+0000] {dagbag.py:537} INFO - Filling up the DagBag from /opt/airflow/dags/3-dependencias.py
[2024-07-06T20:34:39.761+0000] {processor.py:766} INFO - DAG(s) dict_keys(['dependencias']) retrieved from /opt/airflow/dags/3-dependencias.py
[2024-07-06T20:34:39.855+0000] {logging_mixin.py:120} INFO - [2024-07-06T20:34:39.855+0000] {dag.py:2585} INFO - Sync 1 DAGs
[2024-07-06T20:34:39.908+0000] {logging_mixin.py:120} INFO - [2024-07-06T20:34:39.908+0000] {dag.py:3340} INFO - Setting next_dagrun for dependencias to 2024-07-05T00:00:00+00:00, run_after=2024-07-05T00:00:00+00:00
[2024-07-06T20:34:39.947+0000] {processor.py:176} INFO - Processing /opt/airflow/dags/3-dependencias.py took 0.227 seconds
[2024-07-06T20:35:10.122+0000] {processor.py:154} INFO - Started process (PID=2689) to work on /opt/airflow/dags/3-dependencias.py
[2024-07-06T20:35:10.123+0000] {processor.py:756} INFO - Processing file /opt/airflow/dags/3-dependencias.py for tasks to queue
[2024-07-06T20:35:10.123+0000] {logging_mixin.py:120} INFO - [2024-07-06T20:35:10.123+0000] {dagbag.py:537} INFO - Filling up the DagBag from /opt/airflow/dags/3-dependencias.py
[2024-07-06T20:35:10.139+0000] {processor.py:766} INFO - DAG(s) dict_keys(['dependencias']) retrieved from /opt/airflow/dags/3-dependencias.py
[2024-07-06T20:35:10.177+0000] {logging_mixin.py:120} INFO - [2024-07-06T20:35:10.177+0000] {dag.py:2585} INFO - Sync 1 DAGs
[2024-07-06T20:35:10.204+0000] {logging_mixin.py:120} INFO - [2024-07-06T20:35:10.204+0000] {dag.py:3340} INFO - Setting next_dagrun for dependencias to 2024-07-05T00:00:00+00:00, run_after=2024-07-05T00:00:00+00:00
[2024-07-06T20:35:10.238+0000] {processor.py:176} INFO - Processing /opt/airflow/dags/3-dependencias.py took 0.119 seconds
[2024-07-06T20:35:40.553+0000] {processor.py:154} INFO - Started process (PID=2711) to work on /opt/airflow/dags/3-dependencias.py
[2024-07-06T20:35:40.555+0000] {processor.py:756} INFO - Processing file /opt/airflow/dags/3-dependencias.py for tasks to queue
[2024-07-06T20:35:40.555+0000] {logging_mixin.py:120} INFO - [2024-07-06T20:35:40.555+0000] {dagbag.py:537} INFO - Filling up the DagBag from /opt/airflow/dags/3-dependencias.py
[2024-07-06T20:35:40.571+0000] {processor.py:766} INFO - DAG(s) dict_keys(['dependencias']) retrieved from /opt/airflow/dags/3-dependencias.py
[2024-07-06T20:35:40.607+0000] {logging_mixin.py:120} INFO - [2024-07-06T20:35:40.607+0000] {dag.py:2585} INFO - Sync 1 DAGs
[2024-07-06T20:35:40.630+0000] {logging_mixin.py:120} INFO - [2024-07-06T20:35:40.630+0000] {dag.py:3340} INFO - Setting next_dagrun for dependencias to 2024-07-05T00:00:00+00:00, run_after=2024-07-05T00:00:00+00:00
[2024-07-06T20:35:40.652+0000] {processor.py:176} INFO - Processing /opt/airflow/dags/3-dependencias.py took 0.102 seconds
[2024-07-06T20:36:11.075+0000] {processor.py:154} INFO - Started process (PID=2743) to work on /opt/airflow/dags/3-dependencias.py
[2024-07-06T20:36:11.079+0000] {processor.py:756} INFO - Processing file /opt/airflow/dags/3-dependencias.py for tasks to queue
[2024-07-06T20:36:11.080+0000] {logging_mixin.py:120} INFO - [2024-07-06T20:36:11.080+0000] {dagbag.py:537} INFO - Filling up the DagBag from /opt/airflow/dags/3-dependencias.py
[2024-07-06T20:36:11.100+0000] {processor.py:766} INFO - DAG(s) dict_keys(['dependencias']) retrieved from /opt/airflow/dags/3-dependencias.py
[2024-07-06T20:36:11.137+0000] {logging_mixin.py:120} INFO - [2024-07-06T20:36:11.136+0000] {dag.py:2585} INFO - Sync 1 DAGs
[2024-07-06T20:36:11.167+0000] {logging_mixin.py:120} INFO - [2024-07-06T20:36:11.167+0000] {dag.py:3340} INFO - Setting next_dagrun for dependencias to 2024-07-05T00:00:00+00:00, run_after=2024-07-05T00:00:00+00:00
[2024-07-06T20:36:11.191+0000] {processor.py:176} INFO - Processing /opt/airflow/dags/3-dependencias.py took 0.119 seconds
[2024-07-06T20:36:41.441+0000] {processor.py:154} INFO - Started process (PID=2774) to work on /opt/airflow/dags/3-dependencias.py
[2024-07-06T20:36:41.442+0000] {processor.py:756} INFO - Processing file /opt/airflow/dags/3-dependencias.py for tasks to queue
[2024-07-06T20:36:41.443+0000] {logging_mixin.py:120} INFO - [2024-07-06T20:36:41.443+0000] {dagbag.py:537} INFO - Filling up the DagBag from /opt/airflow/dags/3-dependencias.py
[2024-07-06T20:36:41.458+0000] {processor.py:766} INFO - DAG(s) dict_keys(['dependencias']) retrieved from /opt/airflow/dags/3-dependencias.py
[2024-07-06T20:36:41.496+0000] {logging_mixin.py:120} INFO - [2024-07-06T20:36:41.496+0000] {dag.py:2585} INFO - Sync 1 DAGs
[2024-07-06T20:36:41.518+0000] {logging_mixin.py:120} INFO - [2024-07-06T20:36:41.518+0000] {dag.py:3340} INFO - Setting next_dagrun for dependencias to 2024-07-05T00:00:00+00:00, run_after=2024-07-05T00:00:00+00:00
[2024-07-06T20:36:41.539+0000] {processor.py:176} INFO - Processing /opt/airflow/dags/3-dependencias.py took 0.101 seconds
[2024-07-06T20:37:11.982+0000] {processor.py:154} INFO - Started process (PID=2806) to work on /opt/airflow/dags/3-dependencias.py
[2024-07-06T20:37:11.984+0000] {processor.py:756} INFO - Processing file /opt/airflow/dags/3-dependencias.py for tasks to queue
[2024-07-06T20:37:11.984+0000] {logging_mixin.py:120} INFO - [2024-07-06T20:37:11.984+0000] {dagbag.py:537} INFO - Filling up the DagBag from /opt/airflow/dags/3-dependencias.py
[2024-07-06T20:37:12.001+0000] {processor.py:766} INFO - DAG(s) dict_keys(['dependencias']) retrieved from /opt/airflow/dags/3-dependencias.py
[2024-07-06T20:37:12.039+0000] {logging_mixin.py:120} INFO - [2024-07-06T20:37:12.039+0000] {dag.py:2585} INFO - Sync 1 DAGs
[2024-07-06T20:37:12.063+0000] {logging_mixin.py:120} INFO - [2024-07-06T20:37:12.063+0000] {dag.py:3340} INFO - Setting next_dagrun for dependencias to 2024-07-05T00:00:00+00:00, run_after=2024-07-05T00:00:00+00:00
[2024-07-06T20:37:12.085+0000] {processor.py:176} INFO - Processing /opt/airflow/dags/3-dependencias.py took 0.106 seconds
[2024-07-06T20:37:42.294+0000] {processor.py:154} INFO - Started process (PID=2827) to work on /opt/airflow/dags/3-dependencias.py
[2024-07-06T20:37:42.296+0000] {processor.py:756} INFO - Processing file /opt/airflow/dags/3-dependencias.py for tasks to queue
[2024-07-06T20:37:42.298+0000] {logging_mixin.py:120} INFO - [2024-07-06T20:37:42.297+0000] {dagbag.py:537} INFO - Filling up the DagBag from /opt/airflow/dags/3-dependencias.py
[2024-07-06T20:37:42.330+0000] {processor.py:766} INFO - DAG(s) dict_keys(['dependencias']) retrieved from /opt/airflow/dags/3-dependencias.py
[2024-07-06T20:37:42.399+0000] {logging_mixin.py:120} INFO - [2024-07-06T20:37:42.399+0000] {dag.py:2585} INFO - Sync 1 DAGs
[2024-07-06T20:37:42.424+0000] {logging_mixin.py:120} INFO - [2024-07-06T20:37:42.424+0000] {dag.py:3340} INFO - Setting next_dagrun for dependencias to 2024-07-05T00:00:00+00:00, run_after=2024-07-05T00:00:00+00:00
[2024-07-06T20:37:42.444+0000] {processor.py:176} INFO - Processing /opt/airflow/dags/3-dependencias.py took 0.154 seconds
[2024-07-06T20:38:12.655+0000] {processor.py:154} INFO - Started process (PID=2859) to work on /opt/airflow/dags/3-dependencias.py
[2024-07-06T20:38:12.658+0000] {processor.py:756} INFO - Processing file /opt/airflow/dags/3-dependencias.py for tasks to queue
[2024-07-06T20:38:12.658+0000] {logging_mixin.py:120} INFO - [2024-07-06T20:38:12.658+0000] {dagbag.py:537} INFO - Filling up the DagBag from /opt/airflow/dags/3-dependencias.py
[2024-07-06T20:38:12.676+0000] {processor.py:766} INFO - DAG(s) dict_keys(['dependencias']) retrieved from /opt/airflow/dags/3-dependencias.py
[2024-07-06T20:38:12.760+0000] {logging_mixin.py:120} INFO - [2024-07-06T20:38:12.759+0000] {dag.py:2585} INFO - Sync 1 DAGs
[2024-07-06T20:38:12.793+0000] {logging_mixin.py:120} INFO - [2024-07-06T20:38:12.793+0000] {dag.py:3340} INFO - Setting next_dagrun for dependencias to 2024-07-05T00:00:00+00:00, run_after=2024-07-05T00:00:00+00:00
[2024-07-06T20:38:12.816+0000] {processor.py:176} INFO - Processing /opt/airflow/dags/3-dependencias.py took 0.164 seconds
[2024-07-06T20:38:43.071+0000] {processor.py:154} INFO - Started process (PID=2892) to work on /opt/airflow/dags/3-dependencias.py
[2024-07-06T20:38:43.072+0000] {processor.py:756} INFO - Processing file /opt/airflow/dags/3-dependencias.py for tasks to queue
[2024-07-06T20:38:43.072+0000] {logging_mixin.py:120} INFO - [2024-07-06T20:38:43.072+0000] {dagbag.py:537} INFO - Filling up the DagBag from /opt/airflow/dags/3-dependencias.py
[2024-07-06T20:38:43.086+0000] {processor.py:766} INFO - DAG(s) dict_keys(['dependencias']) retrieved from /opt/airflow/dags/3-dependencias.py
[2024-07-06T20:38:43.123+0000] {logging_mixin.py:120} INFO - [2024-07-06T20:38:43.122+0000] {dag.py:2585} INFO - Sync 1 DAGs
[2024-07-06T20:38:43.144+0000] {logging_mixin.py:120} INFO - [2024-07-06T20:38:43.144+0000] {dag.py:3340} INFO - Setting next_dagrun for dependencias to 2024-07-05T00:00:00+00:00, run_after=2024-07-05T00:00:00+00:00
[2024-07-06T20:38:43.168+0000] {processor.py:176} INFO - Processing /opt/airflow/dags/3-dependencias.py took 0.100 seconds
[2024-07-06T20:39:13.462+0000] {processor.py:154} INFO - Started process (PID=2922) to work on /opt/airflow/dags/3-dependencias.py
[2024-07-06T20:39:13.466+0000] {processor.py:756} INFO - Processing file /opt/airflow/dags/3-dependencias.py for tasks to queue
[2024-07-06T20:39:13.467+0000] {logging_mixin.py:120} INFO - [2024-07-06T20:39:13.466+0000] {dagbag.py:537} INFO - Filling up the DagBag from /opt/airflow/dags/3-dependencias.py
[2024-07-06T20:39:13.486+0000] {processor.py:766} INFO - DAG(s) dict_keys(['dependencias']) retrieved from /opt/airflow/dags/3-dependencias.py
[2024-07-06T20:39:13.534+0000] {logging_mixin.py:120} INFO - [2024-07-06T20:39:13.534+0000] {dag.py:2585} INFO - Sync 1 DAGs
[2024-07-06T20:39:13.560+0000] {logging_mixin.py:120} INFO - [2024-07-06T20:39:13.560+0000] {dag.py:3340} INFO - Setting next_dagrun for dependencias to 2024-07-05T00:00:00+00:00, run_after=2024-07-05T00:00:00+00:00
[2024-07-06T20:39:13.580+0000] {processor.py:176} INFO - Processing /opt/airflow/dags/3-dependencias.py took 0.122 seconds
[2024-07-06T20:39:43.838+0000] {processor.py:154} INFO - Started process (PID=2946) to work on /opt/airflow/dags/3-dependencias.py
[2024-07-06T20:39:43.839+0000] {processor.py:756} INFO - Processing file /opt/airflow/dags/3-dependencias.py for tasks to queue
[2024-07-06T20:39:43.841+0000] {logging_mixin.py:120} INFO - [2024-07-06T20:39:43.840+0000] {dagbag.py:537} INFO - Filling up the DagBag from /opt/airflow/dags/3-dependencias.py
[2024-07-06T20:39:43.863+0000] {processor.py:766} INFO - DAG(s) dict_keys(['dependencias']) retrieved from /opt/airflow/dags/3-dependencias.py
[2024-07-06T20:39:43.912+0000] {logging_mixin.py:120} INFO - [2024-07-06T20:39:43.912+0000] {dag.py:2585} INFO - Sync 1 DAGs
[2024-07-06T20:39:43.944+0000] {logging_mixin.py:120} INFO - [2024-07-06T20:39:43.944+0000] {dag.py:3340} INFO - Setting next_dagrun for dependencias to 2024-07-05T00:00:00+00:00, run_after=2024-07-05T00:00:00+00:00
[2024-07-06T20:39:43.967+0000] {processor.py:176} INFO - Processing /opt/airflow/dags/3-dependencias.py took 0.133 seconds
[2024-07-06T20:40:14.255+0000] {processor.py:154} INFO - Started process (PID=2978) to work on /opt/airflow/dags/3-dependencias.py
[2024-07-06T20:40:14.256+0000] {processor.py:756} INFO - Processing file /opt/airflow/dags/3-dependencias.py for tasks to queue
[2024-07-06T20:40:14.256+0000] {logging_mixin.py:120} INFO - [2024-07-06T20:40:14.256+0000] {dagbag.py:537} INFO - Filling up the DagBag from /opt/airflow/dags/3-dependencias.py
[2024-07-06T20:40:14.277+0000] {processor.py:766} INFO - DAG(s) dict_keys(['dependencias']) retrieved from /opt/airflow/dags/3-dependencias.py
[2024-07-06T20:40:14.333+0000] {logging_mixin.py:120} INFO - [2024-07-06T20:40:14.333+0000] {dag.py:2585} INFO - Sync 1 DAGs
[2024-07-06T20:40:14.361+0000] {logging_mixin.py:120} INFO - [2024-07-06T20:40:14.361+0000] {dag.py:3340} INFO - Setting next_dagrun for dependencias to 2024-07-05T00:00:00+00:00, run_after=2024-07-05T00:00:00+00:00
[2024-07-06T20:40:14.382+0000] {processor.py:176} INFO - Processing /opt/airflow/dags/3-dependencias.py took 0.131 seconds
[2024-07-06T20:40:45.003+0000] {processor.py:154} INFO - Started process (PID=3009) to work on /opt/airflow/dags/3-dependencias.py
[2024-07-06T20:40:45.004+0000] {processor.py:756} INFO - Processing file /opt/airflow/dags/3-dependencias.py for tasks to queue
[2024-07-06T20:40:45.005+0000] {logging_mixin.py:120} INFO - [2024-07-06T20:40:45.005+0000] {dagbag.py:537} INFO - Filling up the DagBag from /opt/airflow/dags/3-dependencias.py
[2024-07-06T20:40:45.045+0000] {processor.py:766} INFO - DAG(s) dict_keys(['dependencias']) retrieved from /opt/airflow/dags/3-dependencias.py
[2024-07-06T20:40:45.187+0000] {logging_mixin.py:120} INFO - [2024-07-06T20:40:45.187+0000] {dag.py:2585} INFO - Sync 1 DAGs
[2024-07-06T20:40:45.417+0000] {logging_mixin.py:120} INFO - [2024-07-06T20:40:45.416+0000] {dag.py:3340} INFO - Setting next_dagrun for dependencias to 2024-07-05T00:00:00+00:00, run_after=2024-07-05T00:00:00+00:00
[2024-07-06T20:40:45.577+0000] {processor.py:176} INFO - Processing /opt/airflow/dags/3-dependencias.py took 0.578 seconds
[2024-07-06T20:41:15.935+0000] {processor.py:154} INFO - Started process (PID=3031) to work on /opt/airflow/dags/3-dependencias.py
[2024-07-06T20:41:15.936+0000] {processor.py:756} INFO - Processing file /opt/airflow/dags/3-dependencias.py for tasks to queue
[2024-07-06T20:41:15.937+0000] {logging_mixin.py:120} INFO - [2024-07-06T20:41:15.937+0000] {dagbag.py:537} INFO - Filling up the DagBag from /opt/airflow/dags/3-dependencias.py
[2024-07-06T20:41:15.951+0000] {processor.py:766} INFO - DAG(s) dict_keys(['dependencias']) retrieved from /opt/airflow/dags/3-dependencias.py
[2024-07-06T20:41:15.986+0000] {logging_mixin.py:120} INFO - [2024-07-06T20:41:15.986+0000] {dag.py:2585} INFO - Sync 1 DAGs
[2024-07-06T20:41:16.008+0000] {logging_mixin.py:120} INFO - [2024-07-06T20:41:16.008+0000] {dag.py:3340} INFO - Setting next_dagrun for dependencias to 2024-07-05T00:00:00+00:00, run_after=2024-07-05T00:00:00+00:00
[2024-07-06T20:41:16.029+0000] {processor.py:176} INFO - Processing /opt/airflow/dags/3-dependencias.py took 0.097 seconds
[2024-07-06T20:41:46.288+0000] {processor.py:154} INFO - Started process (PID=3061) to work on /opt/airflow/dags/3-dependencias.py
[2024-07-06T20:41:46.289+0000] {processor.py:756} INFO - Processing file /opt/airflow/dags/3-dependencias.py for tasks to queue
[2024-07-06T20:41:46.289+0000] {logging_mixin.py:120} INFO - [2024-07-06T20:41:46.289+0000] {dagbag.py:537} INFO - Filling up the DagBag from /opt/airflow/dags/3-dependencias.py
[2024-07-06T20:41:46.304+0000] {processor.py:766} INFO - DAG(s) dict_keys(['dependencias']) retrieved from /opt/airflow/dags/3-dependencias.py
[2024-07-06T20:41:46.339+0000] {logging_mixin.py:120} INFO - [2024-07-06T20:41:46.339+0000] {dag.py:2585} INFO - Sync 1 DAGs
[2024-07-06T20:41:46.361+0000] {logging_mixin.py:120} INFO - [2024-07-06T20:41:46.361+0000] {dag.py:3340} INFO - Setting next_dagrun for dependencias to 2024-07-05T00:00:00+00:00, run_after=2024-07-05T00:00:00+00:00
[2024-07-06T20:41:46.381+0000] {processor.py:176} INFO - Processing /opt/airflow/dags/3-dependencias.py took 0.096 seconds
[2024-07-06T20:42:16.694+0000] {processor.py:154} INFO - Started process (PID=3091) to work on /opt/airflow/dags/3-dependencias.py
[2024-07-06T20:42:16.713+0000] {processor.py:756} INFO - Processing file /opt/airflow/dags/3-dependencias.py for tasks to queue
[2024-07-06T20:42:16.714+0000] {logging_mixin.py:120} INFO - [2024-07-06T20:42:16.714+0000] {dagbag.py:537} INFO - Filling up the DagBag from /opt/airflow/dags/3-dependencias.py
[2024-07-06T20:42:16.759+0000] {processor.py:766} INFO - DAG(s) dict_keys(['dependencias']) retrieved from /opt/airflow/dags/3-dependencias.py
[2024-07-06T20:42:16.879+0000] {logging_mixin.py:120} INFO - [2024-07-06T20:42:16.879+0000] {dag.py:2585} INFO - Sync 1 DAGs
[2024-07-06T20:42:16.942+0000] {logging_mixin.py:120} INFO - [2024-07-06T20:42:16.941+0000] {dag.py:3340} INFO - Setting next_dagrun for dependencias to 2024-07-05T00:00:00+00:00, run_after=2024-07-05T00:00:00+00:00
[2024-07-06T20:42:17.008+0000] {processor.py:176} INFO - Processing /opt/airflow/dags/3-dependencias.py took 0.327 seconds
[2024-07-06T20:42:47.386+0000] {processor.py:154} INFO - Started process (PID=3113) to work on /opt/airflow/dags/3-dependencias.py
[2024-07-06T20:42:47.387+0000] {processor.py:756} INFO - Processing file /opt/airflow/dags/3-dependencias.py for tasks to queue
[2024-07-06T20:42:47.387+0000] {logging_mixin.py:120} INFO - [2024-07-06T20:42:47.387+0000] {dagbag.py:537} INFO - Filling up the DagBag from /opt/airflow/dags/3-dependencias.py
[2024-07-06T20:42:47.402+0000] {processor.py:766} INFO - DAG(s) dict_keys(['dependencias']) retrieved from /opt/airflow/dags/3-dependencias.py
[2024-07-06T20:42:47.452+0000] {logging_mixin.py:120} INFO - [2024-07-06T20:42:47.451+0000] {dag.py:2585} INFO - Sync 1 DAGs
[2024-07-06T20:42:47.475+0000] {logging_mixin.py:120} INFO - [2024-07-06T20:42:47.475+0000] {dag.py:3340} INFO - Setting next_dagrun for dependencias to 2024-07-05T00:00:00+00:00, run_after=2024-07-05T00:00:00+00:00
[2024-07-06T20:42:47.495+0000] {processor.py:176} INFO - Processing /opt/airflow/dags/3-dependencias.py took 0.112 seconds
[2024-07-06T20:43:17.712+0000] {processor.py:154} INFO - Started process (PID=3143) to work on /opt/airflow/dags/3-dependencias.py
[2024-07-06T20:43:17.713+0000] {processor.py:756} INFO - Processing file /opt/airflow/dags/3-dependencias.py for tasks to queue
[2024-07-06T20:43:17.714+0000] {logging_mixin.py:120} INFO - [2024-07-06T20:43:17.714+0000] {dagbag.py:537} INFO - Filling up the DagBag from /opt/airflow/dags/3-dependencias.py
[2024-07-06T20:43:17.729+0000] {processor.py:766} INFO - DAG(s) dict_keys(['dependencias']) retrieved from /opt/airflow/dags/3-dependencias.py
[2024-07-06T20:43:17.767+0000] {logging_mixin.py:120} INFO - [2024-07-06T20:43:17.767+0000] {dag.py:2585} INFO - Sync 1 DAGs
[2024-07-06T20:43:17.791+0000] {logging_mixin.py:120} INFO - [2024-07-06T20:43:17.791+0000] {dag.py:3340} INFO - Setting next_dagrun for dependencias to 2024-07-05T00:00:00+00:00, run_after=2024-07-05T00:00:00+00:00
[2024-07-06T20:43:17.817+0000] {processor.py:176} INFO - Processing /opt/airflow/dags/3-dependencias.py took 0.108 seconds
[2024-07-06T20:43:48.122+0000] {processor.py:154} INFO - Started process (PID=3174) to work on /opt/airflow/dags/3-dependencias.py
[2024-07-06T20:43:48.125+0000] {processor.py:756} INFO - Processing file /opt/airflow/dags/3-dependencias.py for tasks to queue
[2024-07-06T20:43:48.127+0000] {logging_mixin.py:120} INFO - [2024-07-06T20:43:48.127+0000] {dagbag.py:537} INFO - Filling up the DagBag from /opt/airflow/dags/3-dependencias.py
[2024-07-06T20:43:48.154+0000] {processor.py:766} INFO - DAG(s) dict_keys(['dependencias']) retrieved from /opt/airflow/dags/3-dependencias.py
[2024-07-06T20:43:48.192+0000] {logging_mixin.py:120} INFO - [2024-07-06T20:43:48.192+0000] {dag.py:2585} INFO - Sync 1 DAGs
[2024-07-06T20:43:48.220+0000] {logging_mixin.py:120} INFO - [2024-07-06T20:43:48.219+0000] {dag.py:3340} INFO - Setting next_dagrun for dependencias to 2024-07-05T00:00:00+00:00, run_after=2024-07-05T00:00:00+00:00
[2024-07-06T20:43:48.240+0000] {processor.py:176} INFO - Processing /opt/airflow/dags/3-dependencias.py took 0.124 seconds
[2024-07-06T20:44:18.766+0000] {processor.py:154} INFO - Started process (PID=3203) to work on /opt/airflow/dags/3-dependencias.py
[2024-07-06T20:44:18.767+0000] {processor.py:756} INFO - Processing file /opt/airflow/dags/3-dependencias.py for tasks to queue
[2024-07-06T20:44:18.774+0000] {logging_mixin.py:120} INFO - [2024-07-06T20:44:18.774+0000] {dagbag.py:537} INFO - Filling up the DagBag from /opt/airflow/dags/3-dependencias.py
[2024-07-06T20:44:18.797+0000] {processor.py:766} INFO - DAG(s) dict_keys(['dependencias']) retrieved from /opt/airflow/dags/3-dependencias.py
[2024-07-06T20:44:18.846+0000] {logging_mixin.py:120} INFO - [2024-07-06T20:44:18.846+0000] {dag.py:2585} INFO - Sync 1 DAGs
[2024-07-06T20:44:18.873+0000] {logging_mixin.py:120} INFO - [2024-07-06T20:44:18.873+0000] {dag.py:3340} INFO - Setting next_dagrun for dependencias to 2024-07-05T00:00:00+00:00, run_after=2024-07-05T00:00:00+00:00
[2024-07-06T20:44:18.897+0000] {processor.py:176} INFO - Processing /opt/airflow/dags/3-dependencias.py took 0.141 seconds
[2024-07-06T20:44:49.166+0000] {processor.py:154} INFO - Started process (PID=3227) to work on /opt/airflow/dags/3-dependencias.py
[2024-07-06T20:44:49.169+0000] {processor.py:756} INFO - Processing file /opt/airflow/dags/3-dependencias.py for tasks to queue
[2024-07-06T20:44:49.169+0000] {logging_mixin.py:120} INFO - [2024-07-06T20:44:49.169+0000] {dagbag.py:537} INFO - Filling up the DagBag from /opt/airflow/dags/3-dependencias.py
[2024-07-06T20:44:49.184+0000] {processor.py:766} INFO - DAG(s) dict_keys(['dependencias']) retrieved from /opt/airflow/dags/3-dependencias.py
[2024-07-06T20:44:49.220+0000] {logging_mixin.py:120} INFO - [2024-07-06T20:44:49.220+0000] {dag.py:2585} INFO - Sync 1 DAGs
[2024-07-06T20:44:49.247+0000] {logging_mixin.py:120} INFO - [2024-07-06T20:44:49.246+0000] {dag.py:3340} INFO - Setting next_dagrun for dependencias to 2024-07-05T00:00:00+00:00, run_after=2024-07-05T00:00:00+00:00
[2024-07-06T20:44:49.269+0000] {processor.py:176} INFO - Processing /opt/airflow/dags/3-dependencias.py took 0.107 seconds
[2024-07-06T20:45:19.554+0000] {processor.py:154} INFO - Started process (PID=3259) to work on /opt/airflow/dags/3-dependencias.py
[2024-07-06T20:45:19.555+0000] {processor.py:756} INFO - Processing file /opt/airflow/dags/3-dependencias.py for tasks to queue
[2024-07-06T20:45:19.555+0000] {logging_mixin.py:120} INFO - [2024-07-06T20:45:19.555+0000] {dagbag.py:537} INFO - Filling up the DagBag from /opt/airflow/dags/3-dependencias.py
[2024-07-06T20:45:19.580+0000] {processor.py:766} INFO - DAG(s) dict_keys(['dependencias']) retrieved from /opt/airflow/dags/3-dependencias.py
[2024-07-06T20:45:19.621+0000] {logging_mixin.py:120} INFO - [2024-07-06T20:45:19.621+0000] {dag.py:2585} INFO - Sync 1 DAGs
[2024-07-06T20:45:19.647+0000] {logging_mixin.py:120} INFO - [2024-07-06T20:45:19.647+0000] {dag.py:3340} INFO - Setting next_dagrun for dependencias to 2024-07-05T00:00:00+00:00, run_after=2024-07-05T00:00:00+00:00
[2024-07-06T20:45:19.670+0000] {processor.py:176} INFO - Processing /opt/airflow/dags/3-dependencias.py took 0.120 seconds
[2024-07-06T20:45:50.087+0000] {processor.py:154} INFO - Started process (PID=3291) to work on /opt/airflow/dags/3-dependencias.py
[2024-07-06T20:45:50.088+0000] {processor.py:756} INFO - Processing file /opt/airflow/dags/3-dependencias.py for tasks to queue
[2024-07-06T20:45:50.089+0000] {logging_mixin.py:120} INFO - [2024-07-06T20:45:50.089+0000] {dagbag.py:537} INFO - Filling up the DagBag from /opt/airflow/dags/3-dependencias.py
[2024-07-06T20:45:50.104+0000] {processor.py:766} INFO - DAG(s) dict_keys(['dependencias']) retrieved from /opt/airflow/dags/3-dependencias.py
[2024-07-06T20:45:50.145+0000] {logging_mixin.py:120} INFO - [2024-07-06T20:45:50.144+0000] {dag.py:2585} INFO - Sync 1 DAGs
[2024-07-06T20:45:50.166+0000] {logging_mixin.py:120} INFO - [2024-07-06T20:45:50.166+0000] {dag.py:3340} INFO - Setting next_dagrun for dependencias to 2024-07-05T00:00:00+00:00, run_after=2024-07-05T00:00:00+00:00
[2024-07-06T20:45:50.188+0000] {processor.py:176} INFO - Processing /opt/airflow/dags/3-dependencias.py took 0.103 seconds
[2024-07-06T20:46:20.499+0000] {processor.py:154} INFO - Started process (PID=3314) to work on /opt/airflow/dags/3-dependencias.py
[2024-07-06T20:46:20.500+0000] {processor.py:756} INFO - Processing file /opt/airflow/dags/3-dependencias.py for tasks to queue
[2024-07-06T20:46:20.501+0000] {logging_mixin.py:120} INFO - [2024-07-06T20:46:20.500+0000] {dagbag.py:537} INFO - Filling up the DagBag from /opt/airflow/dags/3-dependencias.py
[2024-07-06T20:46:20.516+0000] {processor.py:766} INFO - DAG(s) dict_keys(['dependencias']) retrieved from /opt/airflow/dags/3-dependencias.py
[2024-07-06T20:46:20.553+0000] {logging_mixin.py:120} INFO - [2024-07-06T20:46:20.553+0000] {dag.py:2585} INFO - Sync 1 DAGs
[2024-07-06T20:46:20.577+0000] {logging_mixin.py:120} INFO - [2024-07-06T20:46:20.577+0000] {dag.py:3340} INFO - Setting next_dagrun for dependencias to 2024-07-05T00:00:00+00:00, run_after=2024-07-05T00:00:00+00:00
[2024-07-06T20:46:20.599+0000] {processor.py:176} INFO - Processing /opt/airflow/dags/3-dependencias.py took 0.103 seconds
[2024-07-06T20:46:51.038+0000] {processor.py:154} INFO - Started process (PID=3348) to work on /opt/airflow/dags/3-dependencias.py
[2024-07-06T20:46:51.040+0000] {processor.py:756} INFO - Processing file /opt/airflow/dags/3-dependencias.py for tasks to queue
[2024-07-06T20:46:51.041+0000] {logging_mixin.py:120} INFO - [2024-07-06T20:46:51.041+0000] {dagbag.py:537} INFO - Filling up the DagBag from /opt/airflow/dags/3-dependencias.py
[2024-07-06T20:46:51.062+0000] {processor.py:766} INFO - DAG(s) dict_keys(['dependencias']) retrieved from /opt/airflow/dags/3-dependencias.py
[2024-07-06T20:46:51.105+0000] {logging_mixin.py:120} INFO - [2024-07-06T20:46:51.105+0000] {dag.py:2585} INFO - Sync 1 DAGs
[2024-07-06T20:46:51.133+0000] {logging_mixin.py:120} INFO - [2024-07-06T20:46:51.133+0000] {dag.py:3340} INFO - Setting next_dagrun for dependencias to 2024-07-05T00:00:00+00:00, run_after=2024-07-05T00:00:00+00:00
[2024-07-06T20:46:51.163+0000] {processor.py:176} INFO - Processing /opt/airflow/dags/3-dependencias.py took 0.131 seconds
[2024-07-06T20:47:21.482+0000] {processor.py:154} INFO - Started process (PID=3380) to work on /opt/airflow/dags/3-dependencias.py
[2024-07-06T20:47:21.483+0000] {processor.py:756} INFO - Processing file /opt/airflow/dags/3-dependencias.py for tasks to queue
[2024-07-06T20:47:21.485+0000] {logging_mixin.py:120} INFO - [2024-07-06T20:47:21.485+0000] {dagbag.py:537} INFO - Filling up the DagBag from /opt/airflow/dags/3-dependencias.py
[2024-07-06T20:47:21.507+0000] {processor.py:766} INFO - DAG(s) dict_keys(['dependencias']) retrieved from /opt/airflow/dags/3-dependencias.py
[2024-07-06T20:47:21.558+0000] {logging_mixin.py:120} INFO - [2024-07-06T20:47:21.558+0000] {dag.py:2585} INFO - Sync 1 DAGs
[2024-07-06T20:47:21.582+0000] {logging_mixin.py:120} INFO - [2024-07-06T20:47:21.582+0000] {dag.py:3340} INFO - Setting next_dagrun for dependencias to 2024-07-05T00:00:00+00:00, run_after=2024-07-05T00:00:00+00:00
[2024-07-06T20:47:21.605+0000] {processor.py:176} INFO - Processing /opt/airflow/dags/3-dependencias.py took 0.127 seconds
[2024-07-06T20:47:51.833+0000] {processor.py:154} INFO - Started process (PID=3412) to work on /opt/airflow/dags/3-dependencias.py
[2024-07-06T20:47:51.834+0000] {processor.py:756} INFO - Processing file /opt/airflow/dags/3-dependencias.py for tasks to queue
[2024-07-06T20:47:51.834+0000] {logging_mixin.py:120} INFO - [2024-07-06T20:47:51.834+0000] {dagbag.py:537} INFO - Filling up the DagBag from /opt/airflow/dags/3-dependencias.py
[2024-07-06T20:47:51.849+0000] {processor.py:766} INFO - DAG(s) dict_keys(['dependencias']) retrieved from /opt/airflow/dags/3-dependencias.py
[2024-07-06T20:47:51.886+0000] {logging_mixin.py:120} INFO - [2024-07-06T20:47:51.886+0000] {dag.py:2585} INFO - Sync 1 DAGs
[2024-07-06T20:47:51.908+0000] {logging_mixin.py:120} INFO - [2024-07-06T20:47:51.908+0000] {dag.py:3340} INFO - Setting next_dagrun for dependencias to 2024-07-05T00:00:00+00:00, run_after=2024-07-05T00:00:00+00:00
[2024-07-06T20:47:51.929+0000] {processor.py:176} INFO - Processing /opt/airflow/dags/3-dependencias.py took 0.099 seconds
[2024-07-06T20:48:22.194+0000] {processor.py:154} INFO - Started process (PID=3434) to work on /opt/airflow/dags/3-dependencias.py
[2024-07-06T20:48:22.196+0000] {processor.py:756} INFO - Processing file /opt/airflow/dags/3-dependencias.py for tasks to queue
[2024-07-06T20:48:22.197+0000] {logging_mixin.py:120} INFO - [2024-07-06T20:48:22.197+0000] {dagbag.py:537} INFO - Filling up the DagBag from /opt/airflow/dags/3-dependencias.py
[2024-07-06T20:48:22.215+0000] {processor.py:766} INFO - DAG(s) dict_keys(['dependencias']) retrieved from /opt/airflow/dags/3-dependencias.py
[2024-07-06T20:48:22.252+0000] {logging_mixin.py:120} INFO - [2024-07-06T20:48:22.252+0000] {dag.py:2585} INFO - Sync 1 DAGs
[2024-07-06T20:48:22.278+0000] {logging_mixin.py:120} INFO - [2024-07-06T20:48:22.277+0000] {dag.py:3340} INFO - Setting next_dagrun for dependencias to 2024-07-05T00:00:00+00:00, run_after=2024-07-05T00:00:00+00:00
[2024-07-06T20:48:22.311+0000] {processor.py:176} INFO - Processing /opt/airflow/dags/3-dependencias.py took 0.121 seconds
[2024-07-06T20:48:52.556+0000] {processor.py:154} INFO - Started process (PID=3466) to work on /opt/airflow/dags/3-dependencias.py
[2024-07-06T20:48:52.557+0000] {processor.py:756} INFO - Processing file /opt/airflow/dags/3-dependencias.py for tasks to queue
[2024-07-06T20:48:52.558+0000] {logging_mixin.py:120} INFO - [2024-07-06T20:48:52.558+0000] {dagbag.py:537} INFO - Filling up the DagBag from /opt/airflow/dags/3-dependencias.py
[2024-07-06T20:48:52.572+0000] {processor.py:766} INFO - DAG(s) dict_keys(['dependencias']) retrieved from /opt/airflow/dags/3-dependencias.py
[2024-07-06T20:48:52.611+0000] {logging_mixin.py:120} INFO - [2024-07-06T20:48:52.610+0000] {dag.py:2585} INFO - Sync 1 DAGs
[2024-07-06T20:48:52.634+0000] {logging_mixin.py:120} INFO - [2024-07-06T20:48:52.633+0000] {dag.py:3340} INFO - Setting next_dagrun for dependencias to 2024-07-05T00:00:00+00:00, run_after=2024-07-05T00:00:00+00:00
[2024-07-06T20:48:52.656+0000] {processor.py:176} INFO - Processing /opt/airflow/dags/3-dependencias.py took 0.102 seconds
[2024-07-06T20:49:22.954+0000] {processor.py:154} INFO - Started process (PID=3497) to work on /opt/airflow/dags/3-dependencias.py
[2024-07-06T20:49:22.956+0000] {processor.py:756} INFO - Processing file /opt/airflow/dags/3-dependencias.py for tasks to queue
[2024-07-06T20:49:22.956+0000] {logging_mixin.py:120} INFO - [2024-07-06T20:49:22.956+0000] {dagbag.py:537} INFO - Filling up the DagBag from /opt/airflow/dags/3-dependencias.py
[2024-07-06T20:49:22.976+0000] {processor.py:766} INFO - DAG(s) dict_keys(['dependencias']) retrieved from /opt/airflow/dags/3-dependencias.py
[2024-07-06T20:49:23.023+0000] {logging_mixin.py:120} INFO - [2024-07-06T20:49:23.023+0000] {dag.py:2585} INFO - Sync 1 DAGs
[2024-07-06T20:49:23.055+0000] {logging_mixin.py:120} INFO - [2024-07-06T20:49:23.055+0000] {dag.py:3340} INFO - Setting next_dagrun for dependencias to 2024-07-05T00:00:00+00:00, run_after=2024-07-05T00:00:00+00:00
[2024-07-06T20:49:23.076+0000] {processor.py:176} INFO - Processing /opt/airflow/dags/3-dependencias.py took 0.125 seconds
[2024-07-06T20:49:53.440+0000] {processor.py:154} INFO - Started process (PID=3529) to work on /opt/airflow/dags/3-dependencias.py
[2024-07-06T20:49:53.441+0000] {processor.py:756} INFO - Processing file /opt/airflow/dags/3-dependencias.py for tasks to queue
[2024-07-06T20:49:53.441+0000] {logging_mixin.py:120} INFO - [2024-07-06T20:49:53.441+0000] {dagbag.py:537} INFO - Filling up the DagBag from /opt/airflow/dags/3-dependencias.py
[2024-07-06T20:49:53.459+0000] {processor.py:766} INFO - DAG(s) dict_keys(['dependencias']) retrieved from /opt/airflow/dags/3-dependencias.py
[2024-07-06T20:49:53.503+0000] {logging_mixin.py:120} INFO - [2024-07-06T20:49:53.503+0000] {dag.py:2585} INFO - Sync 1 DAGs
[2024-07-06T20:49:53.533+0000] {logging_mixin.py:120} INFO - [2024-07-06T20:49:53.532+0000] {dag.py:3340} INFO - Setting next_dagrun for dependencias to 2024-07-05T00:00:00+00:00, run_after=2024-07-05T00:00:00+00:00
[2024-07-06T20:49:53.557+0000] {processor.py:176} INFO - Processing /opt/airflow/dags/3-dependencias.py took 0.123 seconds
[2024-07-06T20:50:23.840+0000] {processor.py:154} INFO - Started process (PID=3550) to work on /opt/airflow/dags/3-dependencias.py
[2024-07-06T20:50:23.841+0000] {processor.py:756} INFO - Processing file /opt/airflow/dags/3-dependencias.py for tasks to queue
[2024-07-06T20:50:23.842+0000] {logging_mixin.py:120} INFO - [2024-07-06T20:50:23.842+0000] {dagbag.py:537} INFO - Filling up the DagBag from /opt/airflow/dags/3-dependencias.py
[2024-07-06T20:50:23.856+0000] {processor.py:766} INFO - DAG(s) dict_keys(['dependencias']) retrieved from /opt/airflow/dags/3-dependencias.py
[2024-07-06T20:50:23.894+0000] {logging_mixin.py:120} INFO - [2024-07-06T20:50:23.894+0000] {dag.py:2585} INFO - Sync 1 DAGs
[2024-07-06T20:50:23.918+0000] {logging_mixin.py:120} INFO - [2024-07-06T20:50:23.918+0000] {dag.py:3340} INFO - Setting next_dagrun for dependencias to 2024-07-05T00:00:00+00:00, run_after=2024-07-05T00:00:00+00:00
[2024-07-06T20:50:23.940+0000] {processor.py:176} INFO - Processing /opt/airflow/dags/3-dependencias.py took 0.103 seconds
[2024-07-06T20:50:54.218+0000] {processor.py:154} INFO - Started process (PID=3582) to work on /opt/airflow/dags/3-dependencias.py
[2024-07-06T20:50:54.219+0000] {processor.py:756} INFO - Processing file /opt/airflow/dags/3-dependencias.py for tasks to queue
[2024-07-06T20:50:54.219+0000] {logging_mixin.py:120} INFO - [2024-07-06T20:50:54.219+0000] {dagbag.py:537} INFO - Filling up the DagBag from /opt/airflow/dags/3-dependencias.py
[2024-07-06T20:50:54.239+0000] {processor.py:766} INFO - DAG(s) dict_keys(['dependencias']) retrieved from /opt/airflow/dags/3-dependencias.py
[2024-07-06T20:50:54.279+0000] {logging_mixin.py:120} INFO - [2024-07-06T20:50:54.279+0000] {dag.py:2585} INFO - Sync 1 DAGs
[2024-07-06T20:50:54.305+0000] {logging_mixin.py:120} INFO - [2024-07-06T20:50:54.305+0000] {dag.py:3340} INFO - Setting next_dagrun for dependencias to 2024-07-05T00:00:00+00:00, run_after=2024-07-05T00:00:00+00:00
[2024-07-06T20:50:54.326+0000] {processor.py:176} INFO - Processing /opt/airflow/dags/3-dependencias.py took 0.112 seconds
[2024-07-06T20:51:24.616+0000] {processor.py:154} INFO - Started process (PID=3613) to work on /opt/airflow/dags/3-dependencias.py
[2024-07-06T20:51:24.620+0000] {processor.py:756} INFO - Processing file /opt/airflow/dags/3-dependencias.py for tasks to queue
[2024-07-06T20:51:24.621+0000] {logging_mixin.py:120} INFO - [2024-07-06T20:51:24.621+0000] {dagbag.py:537} INFO - Filling up the DagBag from /opt/airflow/dags/3-dependencias.py
[2024-07-06T20:51:24.635+0000] {processor.py:766} INFO - DAG(s) dict_keys(['dependencias']) retrieved from /opt/airflow/dags/3-dependencias.py
[2024-07-06T20:51:24.678+0000] {logging_mixin.py:120} INFO - [2024-07-06T20:51:24.678+0000] {dag.py:2585} INFO - Sync 1 DAGs
[2024-07-06T20:51:24.704+0000] {logging_mixin.py:120} INFO - [2024-07-06T20:51:24.704+0000] {dag.py:3340} INFO - Setting next_dagrun for dependencias to 2024-07-05T00:00:00+00:00, run_after=2024-07-05T00:00:00+00:00
[2024-07-06T20:51:24.724+0000] {processor.py:176} INFO - Processing /opt/airflow/dags/3-dependencias.py took 0.112 seconds
