[2024-07-07T19:32:08.324+0000] {taskinstance.py:1165} INFO - Dependencies all met for <TaskInstance: filesensor.waiting_file scheduled__2022-10-27T00:00:00+00:00 [queued]>
[2024-07-07T19:32:08.341+0000] {taskinstance.py:1165} INFO - Dependencies all met for <TaskInstance: filesensor.waiting_file scheduled__2022-10-27T00:00:00+00:00 [queued]>
[2024-07-07T19:32:08.341+0000] {taskinstance.py:1362} INFO - 
--------------------------------------------------------------------------------
[2024-07-07T19:32:08.342+0000] {taskinstance.py:1363} INFO - Starting attempt 1 of 1
[2024-07-07T19:32:08.342+0000] {taskinstance.py:1364} INFO - 
--------------------------------------------------------------------------------
[2024-07-07T19:32:08.363+0000] {taskinstance.py:1383} INFO - Executing <Task(FileSensor): waiting_file> on 2022-10-27 00:00:00+00:00
[2024-07-07T19:32:08.396+0000] {standard_task_runner.py:55} INFO - Started process 17384 to run task
[2024-07-07T19:32:08.399+0000] {standard_task_runner.py:82} INFO - Running: ['***', 'tasks', 'run', 'filesensor', 'waiting_file', 'scheduled__2022-10-27T00:00:00+00:00', '--job-id', '233', '--raw', '--subdir', 'DAGS_FOLDER/7.3-FileSensor.py', '--cfg-path', '/tmp/tmp9w15bjoy']
[2024-07-07T19:32:08.411+0000] {standard_task_runner.py:83} INFO - Job 233: Subtask waiting_file
[2024-07-07T19:32:08.589+0000] {task_command.py:376} INFO - Running <TaskInstance: filesensor.waiting_file scheduled__2022-10-27T00:00:00+00:00 [running]> on host 76c37bb8730f
[2024-07-07T19:32:08.703+0000] {taskinstance.py:1592} INFO - Exporting the following env vars:
AIRFLOW_CTX_DAG_OWNER=***
AIRFLOW_CTX_DAG_ID=filesensor
AIRFLOW_CTX_TASK_ID=waiting_file
AIRFLOW_CTX_EXECUTION_DATE=2022-10-27T00:00:00+00:00
AIRFLOW_CTX_TRY_NUMBER=1
AIRFLOW_CTX_DAG_RUN_ID=scheduled__2022-10-27T00:00:00+00:00
[2024-07-07T19:32:08.715+0000] {base.py:71} INFO - Using connection ID 'fs_default' for task execution.
[2024-07-07T19:32:08.716+0000] {filesystem.py:58} INFO - Poking for file /tmp/file.txt
[2024-07-07T19:32:08.717+0000] {filesystem.py:63} INFO - Found File /tmp/file.txt last modified: 20240707193206
[2024-07-07T19:32:08.717+0000] {base.py:213} INFO - Success criteria met. Exiting.
[2024-07-07T19:32:08.726+0000] {taskinstance.py:1406} INFO - Marking task as SUCCESS. dag_id=filesensor, task_id=waiting_file, execution_date=20221027T000000, start_date=20240707T193208, end_date=20240707T193208
[2024-07-07T19:32:08.788+0000] {local_task_job.py:164} INFO - Task exited with return code 0
[2024-07-07T19:32:08.828+0000] {local_task_job.py:273} INFO - 1 downstream tasks scheduled from follow-on schedule check
