[2024-07-07T19:40:06.551+0000] {taskinstance.py:1165} INFO - Dependencies all met for <TaskInstance: filesensor.end_task scheduled__2022-11-25T00:00:00+00:00 [queued]>
[2024-07-07T19:40:06.570+0000] {taskinstance.py:1165} INFO - Dependencies all met for <TaskInstance: filesensor.end_task scheduled__2022-11-25T00:00:00+00:00 [queued]>
[2024-07-07T19:40:06.570+0000] {taskinstance.py:1362} INFO - 
--------------------------------------------------------------------------------
[2024-07-07T19:40:06.571+0000] {taskinstance.py:1363} INFO - Starting attempt 1 of 1
[2024-07-07T19:40:06.571+0000] {taskinstance.py:1364} INFO - 
--------------------------------------------------------------------------------
[2024-07-07T19:40:06.590+0000] {taskinstance.py:1383} INFO - Executing <Task(BashOperator): end_task> on 2022-11-25 00:00:00+00:00
[2024-07-07T19:40:06.601+0000] {standard_task_runner.py:55} INFO - Started process 17988 to run task
[2024-07-07T19:40:06.604+0000] {standard_task_runner.py:82} INFO - Running: ['***', 'tasks', 'run', 'filesensor', 'end_task', 'scheduled__2022-11-25T00:00:00+00:00', '--job-id', '321', '--raw', '--subdir', 'DAGS_FOLDER/7.3-FileSensor.py', '--cfg-path', '/tmp/tmpet950sde']
[2024-07-07T19:40:06.605+0000] {standard_task_runner.py:83} INFO - Job 321: Subtask end_task
[2024-07-07T19:40:06.699+0000] {task_command.py:376} INFO - Running <TaskInstance: filesensor.end_task scheduled__2022-11-25T00:00:00+00:00 [running]> on host 76c37bb8730f
[2024-07-07T19:40:06.802+0000] {taskinstance.py:1592} INFO - Exporting the following env vars:
AIRFLOW_CTX_DAG_OWNER=***
AIRFLOW_CTX_DAG_ID=filesensor
AIRFLOW_CTX_TASK_ID=end_task
AIRFLOW_CTX_EXECUTION_DATE=2022-11-25T00:00:00+00:00
AIRFLOW_CTX_TRY_NUMBER=1
AIRFLOW_CTX_DAG_RUN_ID=scheduled__2022-11-25T00:00:00+00:00
[2024-07-07T19:40:06.807+0000] {subprocess.py:63} INFO - Tmp dir root location: 
 /tmp
[2024-07-07T19:40:06.810+0000] {subprocess.py:75} INFO - Running command: ['/bin/bash', '-c', "echo 'The file has been received, and contains this: ' && cat /tmp/file.txt"]
[2024-07-07T19:40:06.839+0000] {subprocess.py:86} INFO - Output:
[2024-07-07T19:40:06.839+0000] {subprocess.py:93} INFO - The file has been received, and contains this:
[2024-07-07T19:40:06.841+0000] {subprocess.py:93} INFO - Hi, from my first FileSensor.
[2024-07-07T19:40:06.842+0000] {subprocess.py:97} INFO - Command exited with return code 0
[2024-07-07T19:40:06.879+0000] {taskinstance.py:1406} INFO - Marking task as SUCCESS. dag_id=filesensor, task_id=end_task, execution_date=20221125T000000, start_date=20240707T194006, end_date=20240707T194006
[2024-07-07T19:40:06.938+0000] {local_task_job.py:164} INFO - Task exited with return code 0
[2024-07-07T19:40:06.968+0000] {local_task_job.py:273} INFO - 0 downstream tasks scheduled from follow-on schedule check
