[2024-07-07T09:59:50.302+0000] {taskinstance.py:1165} INFO - Dependencies all met for <TaskInstance: orquestation.task14 scheduled__2024-07-06T00:00:00+00:00 [queued]>
[2024-07-07T09:59:50.313+0000] {taskinstance.py:1165} INFO - Dependencies all met for <TaskInstance: orquestation.task14 scheduled__2024-07-06T00:00:00+00:00 [queued]>
[2024-07-07T09:59:50.314+0000] {taskinstance.py:1362} INFO - 
--------------------------------------------------------------------------------
[2024-07-07T09:59:50.314+0000] {taskinstance.py:1363} INFO - Starting attempt 1 of 1
[2024-07-07T09:59:50.314+0000] {taskinstance.py:1364} INFO - 
--------------------------------------------------------------------------------
[2024-07-07T09:59:50.329+0000] {taskinstance.py:1383} INFO - Executing <Task(BashOperator): task14> on 2024-07-06 00:00:00+00:00
[2024-07-07T09:59:50.336+0000] {standard_task_runner.py:55} INFO - Started process 1629 to run task
[2024-07-07T09:59:50.342+0000] {standard_task_runner.py:82} INFO - Running: ['***', 'tasks', 'run', 'orquestation', 'task14', 'scheduled__2024-07-06T00:00:00+00:00', '--job-id', '103', '--raw', '--subdir', 'DAGS_FOLDER/5.1-orchestration.py', '--cfg-path', '/tmp/tmpifd0of_q']
[2024-07-07T09:59:50.343+0000] {standard_task_runner.py:83} INFO - Job 103: Subtask task14
[2024-07-07T09:59:50.416+0000] {task_command.py:376} INFO - Running <TaskInstance: orquestation.task14 scheduled__2024-07-06T00:00:00+00:00 [running]> on host 76c37bb8730f
[2024-07-07T09:59:50.489+0000] {taskinstance.py:1592} INFO - Exporting the following env vars:
AIRFLOW_CTX_DAG_OWNER=***
AIRFLOW_CTX_DAG_ID=orquestation
AIRFLOW_CTX_TASK_ID=task14
AIRFLOW_CTX_EXECUTION_DATE=2024-07-06T00:00:00+00:00
AIRFLOW_CTX_TRY_NUMBER=1
AIRFLOW_CTX_DAG_RUN_ID=scheduled__2024-07-06T00:00:00+00:00
[2024-07-07T09:59:50.490+0000] {subprocess.py:63} INFO - Tmp dir root location: 
 /tmp
[2024-07-07T09:59:50.491+0000] {subprocess.py:75} INFO - Running command: ['/bin/bash', '-c', "sleep 2 && echo 'Orquestando en tarea 4'"]
[2024-07-07T09:59:50.505+0000] {subprocess.py:86} INFO - Output:
[2024-07-07T09:59:52.508+0000] {subprocess.py:93} INFO - Orquestando en tarea 4
[2024-07-07T09:59:52.509+0000] {subprocess.py:97} INFO - Command exited with return code 0
[2024-07-07T09:59:52.535+0000] {taskinstance.py:1406} INFO - Marking task as SUCCESS. dag_id=orquestation, task_id=task14, execution_date=20240706T000000, start_date=20240707T095950, end_date=20240707T095952
[2024-07-07T09:59:52.564+0000] {local_task_job.py:164} INFO - Task exited with return code 0
[2024-07-07T09:59:52.584+0000] {local_task_job.py:273} INFO - 0 downstream tasks scheduled from follow-on schedule check
