[2024-07-04T10:13:18.312+0000] {taskinstance.py:1165} INFO - Dependencies all met for <TaskInstance: bashoperator.Hello_with_bash scheduled__2024-07-03T00:00:00+00:00 [queued]>
[2024-07-04T10:13:18.382+0000] {taskinstance.py:1165} INFO - Dependencies all met for <TaskInstance: bashoperator.Hello_with_bash scheduled__2024-07-03T00:00:00+00:00 [queued]>
[2024-07-04T10:13:18.384+0000] {taskinstance.py:1362} INFO - 
--------------------------------------------------------------------------------
[2024-07-04T10:13:18.385+0000] {taskinstance.py:1363} INFO - Starting attempt 1 of 1
[2024-07-04T10:13:18.385+0000] {taskinstance.py:1364} INFO - 
--------------------------------------------------------------------------------
[2024-07-04T10:13:19.429+0000] {taskinstance.py:1383} INFO - Executing <Task(BashOperator): Hello_with_bash> on 2024-07-03 00:00:00+00:00
[2024-07-04T10:13:19.511+0000] {standard_task_runner.py:55} INFO - Started process 2244 to run task
[2024-07-04T10:13:20.005+0000] {standard_task_runner.py:82} INFO - Running: ['***', 'tasks', 'run', 'bashoperator', 'Hello_with_bash', 'scheduled__2024-07-03T00:00:00+00:00', '--job-id', '7', '--raw', '--subdir', 'DAGS_FOLDER/1.bashoperator.py', '--cfg-path', '/tmp/tmpawelzapf']
[2024-07-04T10:13:20.009+0000] {standard_task_runner.py:83} INFO - Job 7: Subtask Hello_with_bash
[2024-07-04T10:13:22.806+0000] {task_command.py:376} INFO - Running <TaskInstance: bashoperator.Hello_with_bash scheduled__2024-07-03T00:00:00+00:00 [running]> on host 76c37bb8730f
[2024-07-04T10:13:23.459+0000] {taskinstance.py:1592} INFO - Exporting the following env vars:
AIRFLOW_CTX_DAG_OWNER=***
AIRFLOW_CTX_DAG_ID=bashoperator
AIRFLOW_CTX_TASK_ID=Hello_with_bash
AIRFLOW_CTX_EXECUTION_DATE=2024-07-03T00:00:00+00:00
AIRFLOW_CTX_TRY_NUMBER=1
AIRFLOW_CTX_DAG_RUN_ID=scheduled__2024-07-03T00:00:00+00:00
[2024-07-04T10:13:23.474+0000] {subprocess.py:63} INFO - Tmp dir root location: 
 /tmp
[2024-07-04T10:13:23.479+0000] {subprocess.py:75} INFO - Running command: ['/bin/bash', '-c', "echo 'Hola este es mi primer mensaje en ***'"]
[2024-07-04T10:13:23.569+0000] {subprocess.py:86} INFO - Output:
[2024-07-04T10:13:23.579+0000] {subprocess.py:93} INFO - Hola este es mi primer mensaje en ***
[2024-07-04T10:13:23.585+0000] {subprocess.py:97} INFO - Command exited with return code 0
[2024-07-04T10:13:23.681+0000] {taskinstance.py:1406} INFO - Marking task as SUCCESS. dag_id=bashoperator, task_id=Hello_with_bash, execution_date=20240703T000000, start_date=20240704T101318, end_date=20240704T101323
[2024-07-04T10:13:24.249+0000] {local_task_job.py:164} INFO - Task exited with return code 0
[2024-07-04T10:13:24.297+0000] {local_task_job.py:273} INFO - 0 downstream tasks scheduled from follow-on schedule check
