[2024-07-07T09:58:39.513+0000] {taskinstance.py:1165} INFO - Dependencies all met for <TaskInstance: orquestation.task2 scheduled__2024-07-01T00:00:00+00:00 [queued]>
[2024-07-07T09:58:39.532+0000] {taskinstance.py:1165} INFO - Dependencies all met for <TaskInstance: orquestation.task2 scheduled__2024-07-01T00:00:00+00:00 [queued]>
[2024-07-07T09:58:39.532+0000] {taskinstance.py:1362} INFO - 
--------------------------------------------------------------------------------
[2024-07-07T09:58:39.533+0000] {taskinstance.py:1363} INFO - Starting attempt 1 of 1
[2024-07-07T09:58:39.533+0000] {taskinstance.py:1364} INFO - 
--------------------------------------------------------------------------------
[2024-07-07T09:58:39.554+0000] {taskinstance.py:1383} INFO - Executing <Task(BashOperator): task2> on 2024-07-01 00:00:00+00:00
[2024-07-07T09:58:39.568+0000] {standard_task_runner.py:55} INFO - Started process 1489 to run task
[2024-07-07T09:58:39.572+0000] {standard_task_runner.py:82} INFO - Running: ['***', 'tasks', 'run', 'orquestation', 'task2', 'scheduled__2024-07-01T00:00:00+00:00', '--job-id', '81', '--raw', '--subdir', 'DAGS_FOLDER/5.1-orchestration.py', '--cfg-path', '/tmp/tmp_ek_0tu6']
[2024-07-07T09:58:39.572+0000] {standard_task_runner.py:83} INFO - Job 81: Subtask task2
[2024-07-07T09:58:39.658+0000] {task_command.py:376} INFO - Running <TaskInstance: orquestation.task2 scheduled__2024-07-01T00:00:00+00:00 [running]> on host 76c37bb8730f
[2024-07-07T09:58:39.732+0000] {taskinstance.py:1592} INFO - Exporting the following env vars:
AIRFLOW_CTX_DAG_OWNER=***
AIRFLOW_CTX_DAG_ID=orquestation
AIRFLOW_CTX_TASK_ID=task2
AIRFLOW_CTX_EXECUTION_DATE=2024-07-01T00:00:00+00:00
AIRFLOW_CTX_TRY_NUMBER=1
AIRFLOW_CTX_DAG_RUN_ID=scheduled__2024-07-01T00:00:00+00:00
[2024-07-07T09:58:39.733+0000] {subprocess.py:63} INFO - Tmp dir root location: 
 /tmp
[2024-07-07T09:58:39.734+0000] {subprocess.py:75} INFO - Running command: ['/bin/bash', '-c', "sleep 3 && echo 'Orquestando en tarea 2'"]
[2024-07-07T09:58:39.747+0000] {subprocess.py:86} INFO - Output:
[2024-07-07T09:58:42.750+0000] {subprocess.py:93} INFO - Orquestando en tarea 2
[2024-07-07T09:58:42.751+0000] {subprocess.py:97} INFO - Command exited with return code 0
[2024-07-07T09:58:42.780+0000] {taskinstance.py:1406} INFO - Marking task as SUCCESS. dag_id=orquestation, task_id=task2, execution_date=20240701T000000, start_date=20240707T095839, end_date=20240707T095842
[2024-07-07T09:58:42.815+0000] {local_task_job.py:164} INFO - Task exited with return code 0
[2024-07-07T09:58:42.843+0000] {local_task_job.py:273} INFO - 2 downstream tasks scheduled from follow-on schedule check
