[2024-07-07T19:37:49.979+0000] {taskinstance.py:1165} INFO - Dependencies all met for <TaskInstance: filesensor.end_task scheduled__2022-11-16T00:00:00+00:00 [queued]>
[2024-07-07T19:37:50.010+0000] {taskinstance.py:1165} INFO - Dependencies all met for <TaskInstance: filesensor.end_task scheduled__2022-11-16T00:00:00+00:00 [queued]>
[2024-07-07T19:37:50.011+0000] {taskinstance.py:1362} INFO - 
--------------------------------------------------------------------------------
[2024-07-07T19:37:50.011+0000] {taskinstance.py:1363} INFO - Starting attempt 1 of 1
[2024-07-07T19:37:50.012+0000] {taskinstance.py:1364} INFO - 
--------------------------------------------------------------------------------
[2024-07-07T19:37:50.088+0000] {taskinstance.py:1383} INFO - Executing <Task(BashOperator): end_task> on 2022-11-16 00:00:00+00:00
[2024-07-07T19:37:50.131+0000] {standard_task_runner.py:55} INFO - Started process 17798 to run task
[2024-07-07T19:37:50.146+0000] {standard_task_runner.py:82} INFO - Running: ['***', 'tasks', 'run', 'filesensor', 'end_task', 'scheduled__2022-11-16T00:00:00+00:00', '--job-id', '294', '--raw', '--subdir', 'DAGS_FOLDER/7.3-FileSensor.py', '--cfg-path', '/tmp/tmpuraado4n']
[2024-07-07T19:37:50.147+0000] {standard_task_runner.py:83} INFO - Job 294: Subtask end_task
[2024-07-07T19:37:50.393+0000] {task_command.py:376} INFO - Running <TaskInstance: filesensor.end_task scheduled__2022-11-16T00:00:00+00:00 [running]> on host 76c37bb8730f
[2024-07-07T19:37:50.614+0000] {taskinstance.py:1592} INFO - Exporting the following env vars:
AIRFLOW_CTX_DAG_OWNER=***
AIRFLOW_CTX_DAG_ID=filesensor
AIRFLOW_CTX_TASK_ID=end_task
AIRFLOW_CTX_EXECUTION_DATE=2022-11-16T00:00:00+00:00
AIRFLOW_CTX_TRY_NUMBER=1
AIRFLOW_CTX_DAG_RUN_ID=scheduled__2022-11-16T00:00:00+00:00
[2024-07-07T19:37:50.618+0000] {subprocess.py:63} INFO - Tmp dir root location: 
 /tmp
[2024-07-07T19:37:50.620+0000] {subprocess.py:75} INFO - Running command: ['/bin/bash', '-c', "echo 'The file has been received, and contains this: ' && cat /tmp/file.txt"]
[2024-07-07T19:37:50.640+0000] {subprocess.py:86} INFO - Output:
[2024-07-07T19:37:50.644+0000] {subprocess.py:93} INFO - The file has been received, and contains this:
[2024-07-07T19:37:50.646+0000] {subprocess.py:93} INFO - Hi, from my first FileSensor.
[2024-07-07T19:37:50.647+0000] {subprocess.py:97} INFO - Command exited with return code 0
[2024-07-07T19:37:50.687+0000] {taskinstance.py:1406} INFO - Marking task as SUCCESS. dag_id=filesensor, task_id=end_task, execution_date=20221116T000000, start_date=20240707T193749, end_date=20240707T193750
[2024-07-07T19:37:50.748+0000] {local_task_job.py:164} INFO - Task exited with return code 0
[2024-07-07T19:37:50.789+0000] {local_task_job.py:273} INFO - 0 downstream tasks scheduled from follow-on schedule check
