[2024-07-07T09:58:58.658+0000] {taskinstance.py:1165} INFO - Dependencies all met for <TaskInstance: orquestation.task3 scheduled__2024-07-02T00:00:00+00:00 [queued]>
[2024-07-07T09:58:58.699+0000] {taskinstance.py:1165} INFO - Dependencies all met for <TaskInstance: orquestation.task3 scheduled__2024-07-02T00:00:00+00:00 [queued]>
[2024-07-07T09:58:58.699+0000] {taskinstance.py:1362} INFO - 
--------------------------------------------------------------------------------
[2024-07-07T09:58:58.699+0000] {taskinstance.py:1363} INFO - Starting attempt 1 of 1
[2024-07-07T09:58:58.699+0000] {taskinstance.py:1364} INFO - 
--------------------------------------------------------------------------------
[2024-07-07T09:58:58.723+0000] {taskinstance.py:1383} INFO - Executing <Task(BashOperator): task3> on 2024-07-02 00:00:00+00:00
[2024-07-07T09:58:58.740+0000] {standard_task_runner.py:55} INFO - Started process 1527 to run task
[2024-07-07T09:58:58.747+0000] {standard_task_runner.py:82} INFO - Running: ['***', 'tasks', 'run', 'orquestation', 'task3', 'scheduled__2024-07-02T00:00:00+00:00', '--job-id', '87', '--raw', '--subdir', 'DAGS_FOLDER/5.1-orchestration.py', '--cfg-path', '/tmp/tmp9e9xgqai']
[2024-07-07T09:58:58.748+0000] {standard_task_runner.py:83} INFO - Job 87: Subtask task3
[2024-07-07T09:58:58.862+0000] {task_command.py:376} INFO - Running <TaskInstance: orquestation.task3 scheduled__2024-07-02T00:00:00+00:00 [running]> on host 76c37bb8730f
[2024-07-07T09:58:58.950+0000] {taskinstance.py:1592} INFO - Exporting the following env vars:
AIRFLOW_CTX_DAG_OWNER=***
AIRFLOW_CTX_DAG_ID=orquestation
AIRFLOW_CTX_TASK_ID=task3
AIRFLOW_CTX_EXECUTION_DATE=2024-07-02T00:00:00+00:00
AIRFLOW_CTX_TRY_NUMBER=1
AIRFLOW_CTX_DAG_RUN_ID=scheduled__2024-07-02T00:00:00+00:00
[2024-07-07T09:58:58.951+0000] {subprocess.py:63} INFO - Tmp dir root location: 
 /tmp
[2024-07-07T09:58:58.952+0000] {subprocess.py:75} INFO - Running command: ['/bin/bash', '-c', "sleep 3 && echo 'Orquestando en tarea 3'"]
[2024-07-07T09:58:58.973+0000] {subprocess.py:86} INFO - Output:
[2024-07-07T09:59:01.977+0000] {subprocess.py:93} INFO - Orquestando en tarea 3
[2024-07-07T09:59:01.978+0000] {subprocess.py:97} INFO - Command exited with return code 0
[2024-07-07T09:59:02.010+0000] {taskinstance.py:1406} INFO - Marking task as SUCCESS. dag_id=orquestation, task_id=task3, execution_date=20240702T000000, start_date=20240707T095858, end_date=20240707T095902
[2024-07-07T09:59:02.067+0000] {local_task_job.py:164} INFO - Task exited with return code 0
[2024-07-07T09:59:02.088+0000] {local_task_job.py:273} INFO - 0 downstream tasks scheduled from follow-on schedule check
