[2024-07-07T19:24:37.197+0000] {taskinstance.py:1165} INFO - Dependencies all met for <TaskInstance: filesensor.waiting_file scheduled__2022-09-30T00:00:00+00:00 [queued]>
[2024-07-07T19:24:37.219+0000] {taskinstance.py:1165} INFO - Dependencies all met for <TaskInstance: filesensor.waiting_file scheduled__2022-09-30T00:00:00+00:00 [queued]>
[2024-07-07T19:24:37.220+0000] {taskinstance.py:1362} INFO - 
--------------------------------------------------------------------------------
[2024-07-07T19:24:37.220+0000] {taskinstance.py:1363} INFO - Starting attempt 1 of 1
[2024-07-07T19:24:37.220+0000] {taskinstance.py:1364} INFO - 
--------------------------------------------------------------------------------
[2024-07-07T19:24:37.243+0000] {taskinstance.py:1383} INFO - Executing <Task(FileSensor): waiting_file> on 2022-09-30 00:00:00+00:00
[2024-07-07T19:24:37.254+0000] {standard_task_runner.py:55} INFO - Started process 16843 to run task
[2024-07-07T19:24:37.259+0000] {standard_task_runner.py:82} INFO - Running: ['***', 'tasks', 'run', 'filesensor', 'waiting_file', 'scheduled__2022-09-30T00:00:00+00:00', '--job-id', '152', '--raw', '--subdir', 'DAGS_FOLDER/7.3-FileSensor.py', '--cfg-path', '/tmp/tmp6zwnbdr_']
[2024-07-07T19:24:37.259+0000] {standard_task_runner.py:83} INFO - Job 152: Subtask waiting_file
[2024-07-07T19:24:37.371+0000] {task_command.py:376} INFO - Running <TaskInstance: filesensor.waiting_file scheduled__2022-09-30T00:00:00+00:00 [running]> on host 76c37bb8730f
[2024-07-07T19:24:37.481+0000] {taskinstance.py:1592} INFO - Exporting the following env vars:
AIRFLOW_CTX_DAG_OWNER=***
AIRFLOW_CTX_DAG_ID=filesensor
AIRFLOW_CTX_TASK_ID=waiting_file
AIRFLOW_CTX_EXECUTION_DATE=2022-09-30T00:00:00+00:00
AIRFLOW_CTX_TRY_NUMBER=1
AIRFLOW_CTX_DAG_RUN_ID=scheduled__2022-09-30T00:00:00+00:00
[2024-07-07T19:24:37.495+0000] {base.py:71} INFO - Using connection ID 'fs_default' for task execution.
[2024-07-07T19:24:37.496+0000] {filesystem.py:58} INFO - Poking for file /tmp/file.txt
[2024-07-07T19:24:37.496+0000] {filesystem.py:63} INFO - Found File /tmp/file.txt last modified: 20240707192436
[2024-07-07T19:24:37.497+0000] {base.py:213} INFO - Success criteria met. Exiting.
[2024-07-07T19:24:37.513+0000] {taskinstance.py:1406} INFO - Marking task as SUCCESS. dag_id=filesensor, task_id=waiting_file, execution_date=20220930T000000, start_date=20240707T192437, end_date=20240707T192437
[2024-07-07T19:24:37.553+0000] {local_task_job.py:164} INFO - Task exited with return code 0
[2024-07-07T19:24:37.609+0000] {local_task_job.py:273} INFO - 1 downstream tasks scheduled from follow-on schedule check
