[2024-07-07T19:41:43.649+0000] {taskinstance.py:1165} INFO - Dependencies all met for <TaskInstance: filesensor.end_task scheduled__2022-12-01T00:00:00+00:00 [queued]>
[2024-07-07T19:41:43.672+0000] {taskinstance.py:1165} INFO - Dependencies all met for <TaskInstance: filesensor.end_task scheduled__2022-12-01T00:00:00+00:00 [queued]>
[2024-07-07T19:41:43.672+0000] {taskinstance.py:1362} INFO - 
--------------------------------------------------------------------------------
[2024-07-07T19:41:43.673+0000] {taskinstance.py:1363} INFO - Starting attempt 1 of 1
[2024-07-07T19:41:43.673+0000] {taskinstance.py:1364} INFO - 
--------------------------------------------------------------------------------
[2024-07-07T19:41:43.697+0000] {taskinstance.py:1383} INFO - Executing <Task(BashOperator): end_task> on 2022-12-01 00:00:00+00:00
[2024-07-07T19:41:43.707+0000] {standard_task_runner.py:55} INFO - Started process 18103 to run task
[2024-07-07T19:41:43.710+0000] {standard_task_runner.py:82} INFO - Running: ['***', 'tasks', 'run', 'filesensor', 'end_task', 'scheduled__2022-12-01T00:00:00+00:00', '--job-id', '339', '--raw', '--subdir', 'DAGS_FOLDER/7.3-FileSensor.py', '--cfg-path', '/tmp/tmp2rlyxah7']
[2024-07-07T19:41:43.711+0000] {standard_task_runner.py:83} INFO - Job 339: Subtask end_task
[2024-07-07T19:41:43.831+0000] {task_command.py:376} INFO - Running <TaskInstance: filesensor.end_task scheduled__2022-12-01T00:00:00+00:00 [running]> on host 76c37bb8730f
[2024-07-07T19:41:44.030+0000] {taskinstance.py:1592} INFO - Exporting the following env vars:
AIRFLOW_CTX_DAG_OWNER=***
AIRFLOW_CTX_DAG_ID=filesensor
AIRFLOW_CTX_TASK_ID=end_task
AIRFLOW_CTX_EXECUTION_DATE=2022-12-01T00:00:00+00:00
AIRFLOW_CTX_TRY_NUMBER=1
AIRFLOW_CTX_DAG_RUN_ID=scheduled__2022-12-01T00:00:00+00:00
[2024-07-07T19:41:44.031+0000] {subprocess.py:63} INFO - Tmp dir root location: 
 /tmp
[2024-07-07T19:41:44.037+0000] {subprocess.py:75} INFO - Running command: ['/bin/bash', '-c', "echo 'The file has been received, and contains this: ' && cat /tmp/file.txt"]
[2024-07-07T19:41:44.083+0000] {subprocess.py:86} INFO - Output:
[2024-07-07T19:41:44.088+0000] {subprocess.py:93} INFO - The file has been received, and contains this:
[2024-07-07T19:41:44.090+0000] {subprocess.py:93} INFO - Hi, from my first FileSensor.
[2024-07-07T19:41:44.090+0000] {subprocess.py:97} INFO - Command exited with return code 0
[2024-07-07T19:41:44.143+0000] {taskinstance.py:1406} INFO - Marking task as SUCCESS. dag_id=filesensor, task_id=end_task, execution_date=20221201T000000, start_date=20240707T194143, end_date=20240707T194144
[2024-07-07T19:41:44.244+0000] {local_task_job.py:164} INFO - Task exited with return code 0
[2024-07-07T19:41:44.369+0000] {local_task_job.py:273} INFO - 0 downstream tasks scheduled from follow-on schedule check
