[2024-07-07T19:25:31.955+0000] {taskinstance.py:1165} INFO - Dependencies all met for <TaskInstance: filesensor.creating_file scheduled__2022-10-04T00:00:00+00:00 [queued]>
[2024-07-07T19:25:31.975+0000] {taskinstance.py:1165} INFO - Dependencies all met for <TaskInstance: filesensor.creating_file scheduled__2022-10-04T00:00:00+00:00 [queued]>
[2024-07-07T19:25:31.976+0000] {taskinstance.py:1362} INFO - 
--------------------------------------------------------------------------------
[2024-07-07T19:25:31.976+0000] {taskinstance.py:1363} INFO - Starting attempt 1 of 1
[2024-07-07T19:25:31.976+0000] {taskinstance.py:1364} INFO - 
--------------------------------------------------------------------------------
[2024-07-07T19:25:32.009+0000] {taskinstance.py:1383} INFO - Executing <Task(BashOperator): creating_file> on 2022-10-04 00:00:00+00:00
[2024-07-07T19:25:32.033+0000] {standard_task_runner.py:55} INFO - Started process 16910 to run task
[2024-07-07T19:25:32.044+0000] {standard_task_runner.py:82} INFO - Running: ['***', 'tasks', 'run', 'filesensor', 'creating_file', 'scheduled__2022-10-04T00:00:00+00:00', '--job-id', '163', '--raw', '--subdir', 'DAGS_FOLDER/7.3-FileSensor.py', '--cfg-path', '/tmp/tmp1absxget']
[2024-07-07T19:25:32.045+0000] {standard_task_runner.py:83} INFO - Job 163: Subtask creating_file
[2024-07-07T19:25:32.418+0000] {task_command.py:376} INFO - Running <TaskInstance: filesensor.creating_file scheduled__2022-10-04T00:00:00+00:00 [running]> on host 76c37bb8730f
[2024-07-07T19:25:33.237+0000] {taskinstance.py:1592} INFO - Exporting the following env vars:
AIRFLOW_CTX_DAG_OWNER=***
AIRFLOW_CTX_DAG_ID=filesensor
AIRFLOW_CTX_TASK_ID=creating_file
AIRFLOW_CTX_EXECUTION_DATE=2022-10-04T00:00:00+00:00
AIRFLOW_CTX_TRY_NUMBER=1
AIRFLOW_CTX_DAG_RUN_ID=scheduled__2022-10-04T00:00:00+00:00
[2024-07-07T19:25:33.239+0000] {subprocess.py:63} INFO - Tmp dir root location: 
 /tmp
[2024-07-07T19:25:33.244+0000] {subprocess.py:75} INFO - Running command: ['/bin/bash', '-c', "sleep 10 && echo 'Hi, from my first FileSensor.' > /tmp/file.txt"]
[2024-07-07T19:25:33.387+0000] {subprocess.py:86} INFO - Output:
[2024-07-07T19:25:43.591+0000] {subprocess.py:97} INFO - Command exited with return code 0
[2024-07-07T19:25:44.189+0000] {taskinstance.py:1406} INFO - Marking task as SUCCESS. dag_id=filesensor, task_id=creating_file, execution_date=20221004T000000, start_date=20240707T192531, end_date=20240707T192544
[2024-07-07T19:25:44.449+0000] {local_task_job.py:164} INFO - Task exited with return code 0
[2024-07-07T19:25:44.807+0000] {local_task_job.py:273} INFO - 1 downstream tasks scheduled from follow-on schedule check
