[2024-07-07T19:41:46.789+0000] {taskinstance.py:1165} INFO - Dependencies all met for <TaskInstance: filesensor.creating_file scheduled__2022-12-02T00:00:00+00:00 [queued]>
[2024-07-07T19:41:46.808+0000] {taskinstance.py:1165} INFO - Dependencies all met for <TaskInstance: filesensor.creating_file scheduled__2022-12-02T00:00:00+00:00 [queued]>
[2024-07-07T19:41:46.809+0000] {taskinstance.py:1362} INFO - 
--------------------------------------------------------------------------------
[2024-07-07T19:41:46.809+0000] {taskinstance.py:1363} INFO - Starting attempt 1 of 1
[2024-07-07T19:41:46.809+0000] {taskinstance.py:1364} INFO - 
--------------------------------------------------------------------------------
[2024-07-07T19:41:46.837+0000] {taskinstance.py:1383} INFO - Executing <Task(BashOperator): creating_file> on 2022-12-02 00:00:00+00:00
[2024-07-07T19:41:46.846+0000] {standard_task_runner.py:55} INFO - Started process 18115 to run task
[2024-07-07T19:41:46.856+0000] {standard_task_runner.py:82} INFO - Running: ['***', 'tasks', 'run', 'filesensor', 'creating_file', 'scheduled__2022-12-02T00:00:00+00:00', '--job-id', '340', '--raw', '--subdir', 'DAGS_FOLDER/7.3-FileSensor.py', '--cfg-path', '/tmp/tmpuvqo6q1y']
[2024-07-07T19:41:46.856+0000] {standard_task_runner.py:83} INFO - Job 340: Subtask creating_file
[2024-07-07T19:41:46.997+0000] {task_command.py:376} INFO - Running <TaskInstance: filesensor.creating_file scheduled__2022-12-02T00:00:00+00:00 [running]> on host 76c37bb8730f
[2024-07-07T19:41:47.193+0000] {taskinstance.py:1592} INFO - Exporting the following env vars:
AIRFLOW_CTX_DAG_OWNER=***
AIRFLOW_CTX_DAG_ID=filesensor
AIRFLOW_CTX_TASK_ID=creating_file
AIRFLOW_CTX_EXECUTION_DATE=2022-12-02T00:00:00+00:00
AIRFLOW_CTX_TRY_NUMBER=1
AIRFLOW_CTX_DAG_RUN_ID=scheduled__2022-12-02T00:00:00+00:00
[2024-07-07T19:41:47.195+0000] {subprocess.py:63} INFO - Tmp dir root location: 
 /tmp
[2024-07-07T19:41:47.197+0000] {subprocess.py:75} INFO - Running command: ['/bin/bash', '-c', "sleep 10 && echo 'Hi, from my first FileSensor.' > /tmp/file.txt"]
[2024-07-07T19:41:47.221+0000] {subprocess.py:86} INFO - Output:
[2024-07-07T19:41:57.236+0000] {subprocess.py:97} INFO - Command exited with return code 0
[2024-07-07T19:41:57.350+0000] {taskinstance.py:1406} INFO - Marking task as SUCCESS. dag_id=filesensor, task_id=creating_file, execution_date=20221202T000000, start_date=20240707T194146, end_date=20240707T194157
[2024-07-07T19:41:57.531+0000] {local_task_job.py:164} INFO - Task exited with return code 0
[2024-07-07T19:41:57.620+0000] {local_task_job.py:273} INFO - 1 downstream tasks scheduled from follow-on schedule check
