[2024-07-07T09:56:10.072+0000] {taskinstance.py:1165} INFO - Dependencies all met for <TaskInstance: orquestation.task1 scheduled__2024-07-01T00:00:00+00:00 [queued]>
[2024-07-07T09:56:10.105+0000] {taskinstance.py:1165} INFO - Dependencies all met for <TaskInstance: orquestation.task1 scheduled__2024-07-01T00:00:00+00:00 [queued]>
[2024-07-07T09:56:10.105+0000] {taskinstance.py:1362} INFO - 
--------------------------------------------------------------------------------
[2024-07-07T09:56:10.106+0000] {taskinstance.py:1363} INFO - Starting attempt 1 of 1
[2024-07-07T09:56:10.106+0000] {taskinstance.py:1364} INFO - 
--------------------------------------------------------------------------------
[2024-07-07T09:56:10.129+0000] {taskinstance.py:1383} INFO - Executing <Task(BashOperator): task1> on 2024-07-01 00:00:00+00:00
[2024-07-07T09:56:10.136+0000] {standard_task_runner.py:55} INFO - Started process 1359 to run task
[2024-07-07T09:56:10.142+0000] {standard_task_runner.py:82} INFO - Running: ['***', 'tasks', 'run', 'orquestation', 'task1', 'scheduled__2024-07-01T00:00:00+00:00', '--job-id', '78', '--raw', '--subdir', 'DAGS_FOLDER/5.1-orchestration.py', '--cfg-path', '/tmp/tmpg_s31vn0']
[2024-07-07T09:56:10.142+0000] {standard_task_runner.py:83} INFO - Job 78: Subtask task1
[2024-07-07T09:56:10.208+0000] {task_command.py:376} INFO - Running <TaskInstance: orquestation.task1 scheduled__2024-07-01T00:00:00+00:00 [running]> on host 76c37bb8730f
[2024-07-07T09:56:10.314+0000] {taskinstance.py:1592} INFO - Exporting the following env vars:
AIRFLOW_CTX_DAG_OWNER=***
AIRFLOW_CTX_DAG_ID=orquestation
AIRFLOW_CTX_TASK_ID=task1
AIRFLOW_CTX_EXECUTION_DATE=2024-07-01T00:00:00+00:00
AIRFLOW_CTX_TRY_NUMBER=1
AIRFLOW_CTX_DAG_RUN_ID=scheduled__2024-07-01T00:00:00+00:00
[2024-07-07T09:56:10.326+0000] {subprocess.py:63} INFO - Tmp dir root location: 
 /tmp
[2024-07-07T09:56:10.328+0000] {subprocess.py:75} INFO - Running command: ['/bin/bash', '-c', "sleep 2 echo 'Orquestando en tarea 1'"]
[2024-07-07T09:56:10.348+0000] {subprocess.py:86} INFO - Output:
[2024-07-07T09:56:10.360+0000] {subprocess.py:93} INFO - sleep: invalid time interval ‘echo’
[2024-07-07T09:56:10.360+0000] {subprocess.py:93} INFO - sleep: invalid time interval ‘Orquestando en tarea 1’
[2024-07-07T09:56:10.361+0000] {subprocess.py:93} INFO - Try 'sleep --help' for more information.
[2024-07-07T09:56:10.361+0000] {subprocess.py:97} INFO - Command exited with return code 1
[2024-07-07T09:56:10.375+0000] {taskinstance.py:1851} ERROR - Task failed with exception
Traceback (most recent call last):
  File "/home/airflow/.local/lib/python3.7/site-packages/airflow/operators/bash.py", line 197, in execute
    f'Bash command failed. The command returned a non-zero exit code {result.exit_code}.'
airflow.exceptions.AirflowException: Bash command failed. The command returned a non-zero exit code 1.
[2024-07-07T09:56:10.391+0000] {taskinstance.py:1406} INFO - Marking task as FAILED. dag_id=orquestation, task_id=task1, execution_date=20240701T000000, start_date=20240707T095610, end_date=20240707T095610
[2024-07-07T09:56:10.414+0000] {standard_task_runner.py:105} ERROR - Failed to execute job 78 for task task1 (Bash command failed. The command returned a non-zero exit code 1.; 1359)
[2024-07-07T09:56:10.482+0000] {local_task_job.py:164} INFO - Task exited with return code 1
[2024-07-07T09:56:10.530+0000] {local_task_job.py:273} INFO - 0 downstream tasks scheduled from follow-on schedule check
[2024-07-07T09:57:05.887+0000] {taskinstance.py:1165} INFO - Dependencies all met for <TaskInstance: orquestation.task1 scheduled__2024-07-01T00:00:00+00:00 [queued]>
[2024-07-07T09:57:05.901+0000] {taskinstance.py:1165} INFO - Dependencies all met for <TaskInstance: orquestation.task1 scheduled__2024-07-01T00:00:00+00:00 [queued]>
[2024-07-07T09:57:05.902+0000] {taskinstance.py:1362} INFO - 
--------------------------------------------------------------------------------
[2024-07-07T09:57:05.902+0000] {taskinstance.py:1363} INFO - Starting attempt 1 of 1
[2024-07-07T09:57:05.902+0000] {taskinstance.py:1364} INFO - 
--------------------------------------------------------------------------------
[2024-07-07T09:57:05.919+0000] {taskinstance.py:1383} INFO - Executing <Task(BashOperator): task1> on 2024-07-01 00:00:00+00:00
[2024-07-07T09:57:05.926+0000] {standard_task_runner.py:55} INFO - Started process 1408 to run task
[2024-07-07T09:57:05.929+0000] {standard_task_runner.py:82} INFO - Running: ['***', 'tasks', 'run', 'orquestation', 'task1', 'scheduled__2024-07-01T00:00:00+00:00', '--job-id', '79', '--raw', '--subdir', 'DAGS_FOLDER/5.1-orchestration.py', '--cfg-path', '/tmp/tmpbqdcf0kq']
[2024-07-07T09:57:05.930+0000] {standard_task_runner.py:83} INFO - Job 79: Subtask task1
[2024-07-07T09:57:05.990+0000] {task_command.py:376} INFO - Running <TaskInstance: orquestation.task1 scheduled__2024-07-01T00:00:00+00:00 [running]> on host 76c37bb8730f
[2024-07-07T09:57:06.062+0000] {taskinstance.py:1592} INFO - Exporting the following env vars:
AIRFLOW_CTX_DAG_OWNER=***
AIRFLOW_CTX_DAG_ID=orquestation
AIRFLOW_CTX_TASK_ID=task1
AIRFLOW_CTX_EXECUTION_DATE=2024-07-01T00:00:00+00:00
AIRFLOW_CTX_TRY_NUMBER=1
AIRFLOW_CTX_DAG_RUN_ID=scheduled__2024-07-01T00:00:00+00:00
[2024-07-07T09:57:06.063+0000] {subprocess.py:63} INFO - Tmp dir root location: 
 /tmp
[2024-07-07T09:57:06.064+0000] {subprocess.py:75} INFO - Running command: ['/bin/bash', '-c', "sleep 2 echo 'Orquestando en tarea 1'"]
[2024-07-07T09:57:06.075+0000] {subprocess.py:86} INFO - Output:
[2024-07-07T09:57:06.078+0000] {subprocess.py:93} INFO - sleep: invalid time interval ‘echo’
[2024-07-07T09:57:06.078+0000] {subprocess.py:93} INFO - sleep: invalid time interval ‘Orquestando en tarea 1’
[2024-07-07T09:57:06.078+0000] {subprocess.py:93} INFO - Try 'sleep --help' for more information.
[2024-07-07T09:57:06.078+0000] {subprocess.py:97} INFO - Command exited with return code 1
[2024-07-07T09:57:06.086+0000] {taskinstance.py:1851} ERROR - Task failed with exception
Traceback (most recent call last):
  File "/home/airflow/.local/lib/python3.7/site-packages/airflow/operators/bash.py", line 197, in execute
    f'Bash command failed. The command returned a non-zero exit code {result.exit_code}.'
airflow.exceptions.AirflowException: Bash command failed. The command returned a non-zero exit code 1.
[2024-07-07T09:57:06.090+0000] {taskinstance.py:1406} INFO - Marking task as FAILED. dag_id=orquestation, task_id=task1, execution_date=20240701T000000, start_date=20240707T095705, end_date=20240707T095706
[2024-07-07T09:57:06.102+0000] {standard_task_runner.py:105} ERROR - Failed to execute job 79 for task task1 (Bash command failed. The command returned a non-zero exit code 1.; 1408)
[2024-07-07T09:57:06.143+0000] {local_task_job.py:164} INFO - Task exited with return code 1
[2024-07-07T09:57:06.176+0000] {local_task_job.py:273} INFO - 0 downstream tasks scheduled from follow-on schedule check
[2024-07-07T09:58:35.871+0000] {taskinstance.py:1165} INFO - Dependencies all met for <TaskInstance: orquestation.task1 scheduled__2024-07-01T00:00:00+00:00 [queued]>
[2024-07-07T09:58:35.935+0000] {taskinstance.py:1165} INFO - Dependencies all met for <TaskInstance: orquestation.task1 scheduled__2024-07-01T00:00:00+00:00 [queued]>
[2024-07-07T09:58:35.937+0000] {taskinstance.py:1362} INFO - 
--------------------------------------------------------------------------------
[2024-07-07T09:58:35.938+0000] {taskinstance.py:1363} INFO - Starting attempt 1 of 1
[2024-07-07T09:58:35.938+0000] {taskinstance.py:1364} INFO - 
--------------------------------------------------------------------------------
[2024-07-07T09:58:35.984+0000] {taskinstance.py:1383} INFO - Executing <Task(BashOperator): task1> on 2024-07-01 00:00:00+00:00
[2024-07-07T09:58:36.014+0000] {standard_task_runner.py:82} INFO - Running: ['***', 'tasks', 'run', 'orquestation', 'task1', 'scheduled__2024-07-01T00:00:00+00:00', '--job-id', '80', '--raw', '--subdir', 'DAGS_FOLDER/5.1-orchestration.py', '--cfg-path', '/tmp/tmppu3lljdy']
[2024-07-07T09:58:36.006+0000] {standard_task_runner.py:55} INFO - Started process 1485 to run task
[2024-07-07T09:58:36.039+0000] {standard_task_runner.py:83} INFO - Job 80: Subtask task1
[2024-07-07T09:58:36.209+0000] {task_command.py:376} INFO - Running <TaskInstance: orquestation.task1 scheduled__2024-07-01T00:00:00+00:00 [running]> on host 76c37bb8730f
[2024-07-07T09:58:36.363+0000] {taskinstance.py:1592} INFO - Exporting the following env vars:
AIRFLOW_CTX_DAG_OWNER=***
AIRFLOW_CTX_DAG_ID=orquestation
AIRFLOW_CTX_TASK_ID=task1
AIRFLOW_CTX_EXECUTION_DATE=2024-07-01T00:00:00+00:00
AIRFLOW_CTX_TRY_NUMBER=1
AIRFLOW_CTX_DAG_RUN_ID=scheduled__2024-07-01T00:00:00+00:00
[2024-07-07T09:58:36.365+0000] {subprocess.py:63} INFO - Tmp dir root location: 
 /tmp
[2024-07-07T09:58:36.366+0000] {subprocess.py:75} INFO - Running command: ['/bin/bash', '-c', "sleep 2 && echo 'Orquestando en tarea 1'"]
[2024-07-07T09:58:36.413+0000] {subprocess.py:86} INFO - Output:
[2024-07-07T09:58:38.417+0000] {subprocess.py:93} INFO - Orquestando en tarea 1
[2024-07-07T09:58:38.418+0000] {subprocess.py:97} INFO - Command exited with return code 0
[2024-07-07T09:58:38.456+0000] {taskinstance.py:1406} INFO - Marking task as SUCCESS. dag_id=orquestation, task_id=task1, execution_date=20240701T000000, start_date=20240707T095835, end_date=20240707T095838
[2024-07-07T09:58:38.506+0000] {local_task_job.py:164} INFO - Task exited with return code 0
[2024-07-07T09:58:38.550+0000] {local_task_job.py:273} INFO - 1 downstream tasks scheduled from follow-on schedule check
