[2024-07-07T19:23:24.724+0000] {taskinstance.py:1165} INFO - Dependencies all met for <TaskInstance: filesensor.end_task scheduled__2022-09-25T00:00:00+00:00 [queued]>
[2024-07-07T19:23:24.749+0000] {taskinstance.py:1165} INFO - Dependencies all met for <TaskInstance: filesensor.end_task scheduled__2022-09-25T00:00:00+00:00 [queued]>
[2024-07-07T19:23:24.750+0000] {taskinstance.py:1362} INFO - 
--------------------------------------------------------------------------------
[2024-07-07T19:23:24.751+0000] {taskinstance.py:1363} INFO - Starting attempt 2 of 2
[2024-07-07T19:23:24.751+0000] {taskinstance.py:1364} INFO - 
--------------------------------------------------------------------------------
[2024-07-07T19:23:24.773+0000] {taskinstance.py:1383} INFO - Executing <Task(BashOperator): end_task> on 2022-09-25 00:00:00+00:00
[2024-07-07T19:23:24.782+0000] {standard_task_runner.py:55} INFO - Started process 16753 to run task
[2024-07-07T19:23:24.786+0000] {standard_task_runner.py:82} INFO - Running: ['***', 'tasks', 'run', 'filesensor', 'end_task', 'scheduled__2022-09-25T00:00:00+00:00', '--job-id', '141', '--raw', '--subdir', 'DAGS_FOLDER/7.3-FileSensor.py', '--cfg-path', '/tmp/tmpt12gr5lj']
[2024-07-07T19:23:24.787+0000] {standard_task_runner.py:83} INFO - Job 141: Subtask end_task
[2024-07-07T19:23:24.892+0000] {task_command.py:376} INFO - Running <TaskInstance: filesensor.end_task scheduled__2022-09-25T00:00:00+00:00 [running]> on host 76c37bb8730f
[2024-07-07T19:23:25.052+0000] {taskinstance.py:1592} INFO - Exporting the following env vars:
AIRFLOW_CTX_DAG_OWNER=***
AIRFLOW_CTX_DAG_ID=filesensor
AIRFLOW_CTX_TASK_ID=end_task
AIRFLOW_CTX_EXECUTION_DATE=2022-09-25T00:00:00+00:00
AIRFLOW_CTX_TRY_NUMBER=2
AIRFLOW_CTX_DAG_RUN_ID=scheduled__2022-09-25T00:00:00+00:00
[2024-07-07T19:23:25.055+0000] {subprocess.py:63} INFO - Tmp dir root location: 
 /tmp
[2024-07-07T19:23:25.056+0000] {subprocess.py:75} INFO - Running command: ['/bin/bash', '-c', "echo 'The file has been received, and contains this: ' && cat /tmp/file.txt"]
[2024-07-07T19:23:25.087+0000] {subprocess.py:86} INFO - Output:
[2024-07-07T19:23:25.089+0000] {subprocess.py:93} INFO - The file has been received, and contains this:
[2024-07-07T19:23:25.093+0000] {subprocess.py:93} INFO - Hi, from my first FileSensor.
[2024-07-07T19:23:25.094+0000] {subprocess.py:97} INFO - Command exited with return code 0
[2024-07-07T19:23:25.138+0000] {taskinstance.py:1406} INFO - Marking task as SUCCESS. dag_id=filesensor, task_id=end_task, execution_date=20220925T000000, start_date=20240707T192324, end_date=20240707T192325
[2024-07-07T19:23:25.202+0000] {local_task_job.py:164} INFO - Task exited with return code 0
[2024-07-07T19:23:25.231+0000] {local_task_job.py:273} INFO - 0 downstream tasks scheduled from follow-on schedule check
