[2024-07-05T14:14:31.555+0000] {taskinstance.py:1165} INFO - Dependencies all met for <TaskInstance: pythonoperator.hello_python scheduled__2024-07-05T00:00:00+00:00 [queued]>
[2024-07-05T14:14:31.868+0000] {taskinstance.py:1165} INFO - Dependencies all met for <TaskInstance: pythonoperator.hello_python scheduled__2024-07-05T00:00:00+00:00 [queued]>
[2024-07-05T14:14:31.868+0000] {taskinstance.py:1362} INFO - 
--------------------------------------------------------------------------------
[2024-07-05T14:14:31.869+0000] {taskinstance.py:1363} INFO - Starting attempt 1 of 1
[2024-07-05T14:14:31.869+0000] {taskinstance.py:1364} INFO - 
--------------------------------------------------------------------------------
[2024-07-05T14:14:32.158+0000] {taskinstance.py:1383} INFO - Executing <Task(PythonOperator): hello_python> on 2024-07-05 00:00:00+00:00
[2024-07-05T14:14:32.256+0000] {standard_task_runner.py:55} INFO - Started process 26346 to run task
[2024-07-05T14:14:32.568+0000] {standard_task_runner.py:82} INFO - Running: ['***', 'tasks', 'run', 'pythonoperator', 'hello_python', 'scheduled__2024-07-05T00:00:00+00:00', '--job-id', '8', '--raw', '--subdir', 'DAGS_FOLDER/2-pythonoperator.py', '--cfg-path', '/tmp/tmpivx5wdk1']
[2024-07-05T14:14:32.580+0000] {standard_task_runner.py:83} INFO - Job 8: Subtask hello_python
[2024-07-05T14:14:33.100+0000] {task_command.py:376} INFO - Running <TaskInstance: pythonoperator.hello_python scheduled__2024-07-05T00:00:00+00:00 [running]> on host 76c37bb8730f
[2024-07-05T14:14:33.656+0000] {taskinstance.py:1592} INFO - Exporting the following env vars:
AIRFLOW_CTX_DAG_OWNER=***
AIRFLOW_CTX_DAG_ID=pythonoperator
AIRFLOW_CTX_TASK_ID=hello_python
AIRFLOW_CTX_EXECUTION_DATE=2024-07-05T00:00:00+00:00
AIRFLOW_CTX_TRY_NUMBER=1
AIRFLOW_CTX_DAG_RUN_ID=scheduled__2024-07-05T00:00:00+00:00
[2024-07-05T14:14:33.675+0000] {logging_mixin.py:120} INFO - Hello mi gente los quiero mucho
[2024-07-05T14:14:33.676+0000] {python.py:177} INFO - Done. Returned value was: None
[2024-07-05T14:14:33.756+0000] {taskinstance.py:1406} INFO - Marking task as SUCCESS. dag_id=pythonoperator, task_id=hello_python, execution_date=20240705T000000, start_date=20240705T141431, end_date=20240705T141433
[2024-07-05T14:14:33.980+0000] {local_task_job.py:164} INFO - Task exited with return code 0
[2024-07-05T14:14:34.140+0000] {local_task_job.py:273} INFO - 0 downstream tasks scheduled from follow-on schedule check
