[2024-07-07T09:59:31.106+0000] {taskinstance.py:1165} INFO - Dependencies all met for <TaskInstance: orquestation.task1 scheduled__2024-07-05T00:00:00+00:00 [queued]>
[2024-07-07T09:59:31.125+0000] {taskinstance.py:1165} INFO - Dependencies all met for <TaskInstance: orquestation.task1 scheduled__2024-07-05T00:00:00+00:00 [queued]>
[2024-07-07T09:59:31.125+0000] {taskinstance.py:1362} INFO - 
--------------------------------------------------------------------------------
[2024-07-07T09:59:31.125+0000] {taskinstance.py:1363} INFO - Starting attempt 1 of 1
[2024-07-07T09:59:31.125+0000] {taskinstance.py:1364} INFO - 
--------------------------------------------------------------------------------
[2024-07-07T09:59:31.155+0000] {taskinstance.py:1383} INFO - Executing <Task(BashOperator): task1> on 2024-07-05 00:00:00+00:00
[2024-07-07T09:59:31.161+0000] {standard_task_runner.py:55} INFO - Started process 1585 to run task
[2024-07-07T09:59:31.165+0000] {standard_task_runner.py:82} INFO - Running: ['***', 'tasks', 'run', 'orquestation', 'task1', 'scheduled__2024-07-05T00:00:00+00:00', '--job-id', '96', '--raw', '--subdir', 'DAGS_FOLDER/5.1-orchestration.py', '--cfg-path', '/tmp/tmpqxdnktxm']
[2024-07-07T09:59:31.166+0000] {standard_task_runner.py:83} INFO - Job 96: Subtask task1
[2024-07-07T09:59:31.226+0000] {task_command.py:376} INFO - Running <TaskInstance: orquestation.task1 scheduled__2024-07-05T00:00:00+00:00 [running]> on host 76c37bb8730f
[2024-07-07T09:59:31.294+0000] {taskinstance.py:1592} INFO - Exporting the following env vars:
AIRFLOW_CTX_DAG_OWNER=***
AIRFLOW_CTX_DAG_ID=orquestation
AIRFLOW_CTX_TASK_ID=task1
AIRFLOW_CTX_EXECUTION_DATE=2024-07-05T00:00:00+00:00
AIRFLOW_CTX_TRY_NUMBER=1
AIRFLOW_CTX_DAG_RUN_ID=scheduled__2024-07-05T00:00:00+00:00
[2024-07-07T09:59:31.295+0000] {subprocess.py:63} INFO - Tmp dir root location: 
 /tmp
[2024-07-07T09:59:31.296+0000] {subprocess.py:75} INFO - Running command: ['/bin/bash', '-c', "sleep 2 && echo 'Orquestando en tarea 1'"]
[2024-07-07T09:59:31.308+0000] {subprocess.py:86} INFO - Output:
[2024-07-07T09:59:33.310+0000] {subprocess.py:93} INFO - Orquestando en tarea 1
[2024-07-07T09:59:33.311+0000] {subprocess.py:97} INFO - Command exited with return code 0
[2024-07-07T09:59:33.336+0000] {taskinstance.py:1406} INFO - Marking task as SUCCESS. dag_id=orquestation, task_id=task1, execution_date=20240705T000000, start_date=20240707T095931, end_date=20240707T095933
[2024-07-07T09:59:33.362+0000] {local_task_job.py:164} INFO - Task exited with return code 0
[2024-07-07T09:59:33.401+0000] {local_task_job.py:273} INFO - 1 downstream tasks scheduled from follow-on schedule check
