[2024-07-07T09:16:27.697+0000] {processor.py:154} INFO - Started process (PID=6945) to work on /opt/airflow/dags/4-customoperator.py
[2024-07-07T09:16:27.698+0000] {processor.py:756} INFO - Processing file /opt/airflow/dags/4-customoperator.py for tasks to queue
[2024-07-07T09:16:27.699+0000] {logging_mixin.py:120} INFO - [2024-07-07T09:16:27.699+0000] {dagbag.py:537} INFO - Filling up the DagBag from /opt/airflow/dags/4-customoperator.py
[2024-07-07T09:16:27.733+0000] {processor.py:766} INFO - DAG(s) dict_keys(['customoperator']) retrieved from /opt/airflow/dags/4-customoperator.py
[2024-07-07T09:16:28.835+0000] {logging_mixin.py:120} INFO - [2024-07-07T09:16:28.835+0000] {manager.py:507} INFO - Created Permission View: can read on DAG:customoperator
[2024-07-07T09:16:28.847+0000] {logging_mixin.py:120} INFO - [2024-07-07T09:16:28.847+0000] {manager.py:507} INFO - Created Permission View: can delete on DAG:customoperator
[2024-07-07T09:16:28.858+0000] {logging_mixin.py:120} INFO - [2024-07-07T09:16:28.858+0000] {manager.py:507} INFO - Created Permission View: can edit on DAG:customoperator
[2024-07-07T09:16:28.859+0000] {logging_mixin.py:120} INFO - [2024-07-07T09:16:28.858+0000] {dag.py:2585} INFO - Sync 1 DAGs
[2024-07-07T09:16:28.923+0000] {logging_mixin.py:120} INFO - [2024-07-07T09:16:28.920+0000] {dag.py:2606} INFO - Creating ORM DAG for customoperator
[2024-07-07T09:16:28.946+0000] {logging_mixin.py:120} INFO - [2024-07-07T09:16:28.946+0000] {dag.py:3340} INFO - Setting next_dagrun for customoperator to 2022-08-01T00:00:00+00:00, run_after=2022-08-02T00:00:00+00:00
[2024-07-07T09:16:28.989+0000] {processor.py:176} INFO - Processing /opt/airflow/dags/4-customoperator.py took 1.296 seconds
[2024-07-07T09:17:03.644+0000] {processor.py:154} INFO - Started process (PID=6975) to work on /opt/airflow/dags/4-customoperator.py
[2024-07-07T09:17:03.658+0000] {processor.py:756} INFO - Processing file /opt/airflow/dags/4-customoperator.py for tasks to queue
[2024-07-07T09:17:03.659+0000] {logging_mixin.py:120} INFO - [2024-07-07T09:17:03.659+0000] {dagbag.py:537} INFO - Filling up the DagBag from /opt/airflow/dags/4-customoperator.py
[2024-07-07T09:17:03.702+0000] {processor.py:766} INFO - DAG(s) dict_keys(['customoperator']) retrieved from /opt/airflow/dags/4-customoperator.py
[2024-07-07T09:17:03.892+0000] {logging_mixin.py:120} INFO - [2024-07-07T09:17:03.892+0000] {dag.py:2585} INFO - Sync 1 DAGs
[2024-07-07T09:17:04.073+0000] {processor.py:176} INFO - Processing /opt/airflow/dags/4-customoperator.py took 0.440 seconds
[2024-07-07T09:17:45.141+0000] {processor.py:154} INFO - Started process (PID=6998) to work on /opt/airflow/dags/4-customoperator.py
[2024-07-07T09:17:45.160+0000] {processor.py:756} INFO - Processing file /opt/airflow/dags/4-customoperator.py for tasks to queue
[2024-07-07T09:17:45.161+0000] {logging_mixin.py:120} INFO - [2024-07-07T09:17:45.161+0000] {dagbag.py:537} INFO - Filling up the DagBag from /opt/airflow/dags/4-customoperator.py
[2024-07-07T09:17:46.005+0000] {processor.py:766} INFO - DAG(s) dict_keys(['customoperator']) retrieved from /opt/airflow/dags/4-customoperator.py
[2024-07-07T09:17:46.784+0000] {logging_mixin.py:120} INFO - [2024-07-07T09:17:46.784+0000] {dag.py:2585} INFO - Sync 1 DAGs
[2024-07-07T09:17:52.266+0000] {processor.py:176} INFO - Processing /opt/airflow/dags/4-customoperator.py took 7.152 seconds
[2024-07-07T09:18:23.819+0000] {processor.py:154} INFO - Started process (PID=7015) to work on /opt/airflow/dags/4-customoperator.py
[2024-07-07T09:18:24.004+0000] {processor.py:756} INFO - Processing file /opt/airflow/dags/4-customoperator.py for tasks to queue
[2024-07-07T09:18:24.058+0000] {logging_mixin.py:120} INFO - [2024-07-07T09:18:24.058+0000] {dagbag.py:537} INFO - Filling up the DagBag from /opt/airflow/dags/4-customoperator.py
[2024-07-07T09:18:24.515+0000] {processor.py:766} INFO - DAG(s) dict_keys(['customoperator']) retrieved from /opt/airflow/dags/4-customoperator.py
[2024-07-07T09:18:26.084+0000] {logging_mixin.py:120} INFO - [2024-07-07T09:18:26.083+0000] {dag.py:2585} INFO - Sync 1 DAGs
[2024-07-07T09:18:26.610+0000] {logging_mixin.py:120} INFO - [2024-07-07T09:18:26.610+0000] {dag.py:3340} INFO - Setting next_dagrun for customoperator to 2022-08-17T00:00:00+00:00, run_after=2022-08-18T00:00:00+00:00
[2024-07-07T09:18:27.159+0000] {processor.py:176} INFO - Processing /opt/airflow/dags/4-customoperator.py took 3.472 seconds
[2024-07-07T09:18:57.647+0000] {processor.py:154} INFO - Started process (PID=7039) to work on /opt/airflow/dags/4-customoperator.py
[2024-07-07T09:18:57.659+0000] {processor.py:756} INFO - Processing file /opt/airflow/dags/4-customoperator.py for tasks to queue
[2024-07-07T09:18:57.666+0000] {logging_mixin.py:120} INFO - [2024-07-07T09:18:57.666+0000] {dagbag.py:537} INFO - Filling up the DagBag from /opt/airflow/dags/4-customoperator.py
[2024-07-07T09:18:57.754+0000] {processor.py:766} INFO - DAG(s) dict_keys(['customoperator']) retrieved from /opt/airflow/dags/4-customoperator.py
[2024-07-07T09:18:58.023+0000] {logging_mixin.py:120} INFO - [2024-07-07T09:18:58.023+0000] {dag.py:2585} INFO - Sync 1 DAGs
[2024-07-07T09:18:58.179+0000] {logging_mixin.py:120} INFO - [2024-07-07T09:18:58.179+0000] {dag.py:3340} INFO - Setting next_dagrun for customoperator to 2022-08-31T00:00:00+00:00, run_after=2022-09-01T00:00:00+00:00
[2024-07-07T09:18:58.278+0000] {processor.py:176} INFO - Processing /opt/airflow/dags/4-customoperator.py took 0.728 seconds
[2024-07-07T09:19:29.155+0000] {processor.py:154} INFO - Started process (PID=7062) to work on /opt/airflow/dags/4-customoperator.py
[2024-07-07T09:19:29.156+0000] {processor.py:756} INFO - Processing file /opt/airflow/dags/4-customoperator.py for tasks to queue
[2024-07-07T09:19:29.157+0000] {logging_mixin.py:120} INFO - [2024-07-07T09:19:29.157+0000] {dagbag.py:537} INFO - Filling up the DagBag from /opt/airflow/dags/4-customoperator.py
[2024-07-07T09:19:29.173+0000] {processor.py:766} INFO - DAG(s) dict_keys(['customoperator']) retrieved from /opt/airflow/dags/4-customoperator.py
[2024-07-07T09:19:29.226+0000] {logging_mixin.py:120} INFO - [2024-07-07T09:19:29.226+0000] {dag.py:2585} INFO - Sync 1 DAGs
[2024-07-07T09:19:29.262+0000] {logging_mixin.py:120} INFO - [2024-07-07T09:19:29.262+0000] {dag.py:3340} INFO - Setting next_dagrun for customoperator to 2022-09-02T00:00:00+00:00, run_after=2022-09-03T00:00:00+00:00
[2024-07-07T09:19:29.298+0000] {processor.py:176} INFO - Processing /opt/airflow/dags/4-customoperator.py took 0.147 seconds
[2024-07-07T09:19:59.709+0000] {processor.py:154} INFO - Started process (PID=7094) to work on /opt/airflow/dags/4-customoperator.py
[2024-07-07T09:19:59.718+0000] {processor.py:756} INFO - Processing file /opt/airflow/dags/4-customoperator.py for tasks to queue
[2024-07-07T09:19:59.719+0000] {logging_mixin.py:120} INFO - [2024-07-07T09:19:59.719+0000] {dagbag.py:537} INFO - Filling up the DagBag from /opt/airflow/dags/4-customoperator.py
[2024-07-07T09:19:59.752+0000] {processor.py:766} INFO - DAG(s) dict_keys(['customoperator']) retrieved from /opt/airflow/dags/4-customoperator.py
[2024-07-07T09:19:59.874+0000] {logging_mixin.py:120} INFO - [2024-07-07T09:19:59.874+0000] {dag.py:2585} INFO - Sync 1 DAGs
[2024-07-07T09:20:00.107+0000] {logging_mixin.py:120} INFO - [2024-07-07T09:20:00.107+0000] {dag.py:3340} INFO - Setting next_dagrun for customoperator to 2022-09-02T00:00:00+00:00, run_after=2022-09-03T00:00:00+00:00
[2024-07-07T09:20:00.175+0000] {processor.py:176} INFO - Processing /opt/airflow/dags/4-customoperator.py took 0.471 seconds
