[2024-07-07T09:51:51.885+0000] {processor.py:154} INFO - Started process (PID=1465) to work on /opt/airflow/dags/5.1-orchestration.py
[2024-07-07T09:51:51.886+0000] {processor.py:756} INFO - Processing file /opt/airflow/dags/5.1-orchestration.py for tasks to queue
[2024-07-07T09:51:51.887+0000] {logging_mixin.py:120} INFO - [2024-07-07T09:51:51.886+0000] {dagbag.py:537} INFO - Filling up the DagBag from /opt/airflow/dags/5.1-orchestration.py
[2024-07-07T09:51:51.933+0000] {processor.py:766} INFO - DAG(s) dict_keys(['bashoperator']) retrieved from /opt/airflow/dags/5.1-orchestration.py
[2024-07-07T09:51:52.085+0000] {logging_mixin.py:120} INFO - [2024-07-07T09:51:52.085+0000] {dag.py:2585} INFO - Sync 1 DAGs
[2024-07-07T09:51:52.115+0000] {logging_mixin.py:120} INFO - [2024-07-07T09:51:52.115+0000] {dag.py:3340} INFO - Setting next_dagrun for bashoperator to 2024-07-07T00:00:00+00:00, run_after=2024-07-08T00:00:00+00:00
[2024-07-07T09:51:52.149+0000] {processor.py:176} INFO - Processing /opt/airflow/dags/5.1-orchestration.py took 0.268 seconds
[2024-07-07T09:52:09.140+0000] {processor.py:154} INFO - Started process (PID=1476) to work on /opt/airflow/dags/5.1-orchestration.py
[2024-07-07T09:52:09.141+0000] {processor.py:756} INFO - Processing file /opt/airflow/dags/5.1-orchestration.py for tasks to queue
[2024-07-07T09:52:09.141+0000] {logging_mixin.py:120} INFO - [2024-07-07T09:52:09.141+0000] {dagbag.py:537} INFO - Filling up the DagBag from /opt/airflow/dags/5.1-orchestration.py
[2024-07-07T09:52:09.163+0000] {processor.py:766} INFO - DAG(s) dict_keys(['bashoperator']) retrieved from /opt/airflow/dags/5.1-orchestration.py
[2024-07-07T09:52:09.194+0000] {logging_mixin.py:120} INFO - [2024-07-07T09:52:09.193+0000] {dag.py:2585} INFO - Sync 1 DAGs
[2024-07-07T09:52:09.231+0000] {logging_mixin.py:120} INFO - [2024-07-07T09:52:09.231+0000] {dag.py:3340} INFO - Setting next_dagrun for bashoperator to 2024-07-07T00:00:00+00:00, run_after=2024-07-08T00:00:00+00:00
[2024-07-07T09:52:09.266+0000] {processor.py:176} INFO - Processing /opt/airflow/dags/5.1-orchestration.py took 0.130 seconds
[2024-07-07T09:52:22.645+0000] {processor.py:154} INFO - Started process (PID=1491) to work on /opt/airflow/dags/5.1-orchestration.py
[2024-07-07T09:52:22.646+0000] {processor.py:756} INFO - Processing file /opt/airflow/dags/5.1-orchestration.py for tasks to queue
[2024-07-07T09:52:22.647+0000] {logging_mixin.py:120} INFO - [2024-07-07T09:52:22.646+0000] {dagbag.py:537} INFO - Filling up the DagBag from /opt/airflow/dags/5.1-orchestration.py
[2024-07-07T09:52:22.671+0000] {processor.py:766} INFO - DAG(s) dict_keys(['bashoperator']) retrieved from /opt/airflow/dags/5.1-orchestration.py
[2024-07-07T09:52:22.722+0000] {logging_mixin.py:120} INFO - [2024-07-07T09:52:22.721+0000] {dag.py:2585} INFO - Sync 1 DAGs
[2024-07-07T09:52:22.777+0000] {logging_mixin.py:120} INFO - [2024-07-07T09:52:22.777+0000] {dag.py:3340} INFO - Setting next_dagrun for bashoperator to 2024-07-07T00:00:00+00:00, run_after=2024-07-08T00:00:00+00:00
[2024-07-07T09:52:22.803+0000] {processor.py:176} INFO - Processing /opt/airflow/dags/5.1-orchestration.py took 0.161 seconds
[2024-07-07T09:52:30.842+0000] {processor.py:154} INFO - Started process (PID=1503) to work on /opt/airflow/dags/5.1-orchestration.py
[2024-07-07T09:52:30.842+0000] {processor.py:756} INFO - Processing file /opt/airflow/dags/5.1-orchestration.py for tasks to queue
[2024-07-07T09:52:30.843+0000] {logging_mixin.py:120} INFO - [2024-07-07T09:52:30.843+0000] {dagbag.py:537} INFO - Filling up the DagBag from /opt/airflow/dags/5.1-orchestration.py
[2024-07-07T09:52:30.861+0000] {processor.py:766} INFO - DAG(s) dict_keys(['bashoperator']) retrieved from /opt/airflow/dags/5.1-orchestration.py
[2024-07-07T09:52:30.941+0000] {logging_mixin.py:120} INFO - [2024-07-07T09:52:30.941+0000] {dag.py:2585} INFO - Sync 1 DAGs
[2024-07-07T09:52:30.965+0000] {logging_mixin.py:120} INFO - [2024-07-07T09:52:30.965+0000] {dag.py:3340} INFO - Setting next_dagrun for bashoperator to 2024-07-07T00:00:00+00:00, run_after=2024-07-08T00:00:00+00:00
[2024-07-07T09:52:30.990+0000] {processor.py:176} INFO - Processing /opt/airflow/dags/5.1-orchestration.py took 0.152 seconds
[2024-07-07T09:53:01.329+0000] {processor.py:154} INFO - Started process (PID=1535) to work on /opt/airflow/dags/5.1-orchestration.py
[2024-07-07T09:53:01.331+0000] {processor.py:756} INFO - Processing file /opt/airflow/dags/5.1-orchestration.py for tasks to queue
[2024-07-07T09:53:01.332+0000] {logging_mixin.py:120} INFO - [2024-07-07T09:53:01.332+0000] {dagbag.py:537} INFO - Filling up the DagBag from /opt/airflow/dags/5.1-orchestration.py
[2024-07-07T09:53:01.351+0000] {processor.py:766} INFO - DAG(s) dict_keys(['bashoperator']) retrieved from /opt/airflow/dags/5.1-orchestration.py
[2024-07-07T09:53:01.402+0000] {logging_mixin.py:120} INFO - [2024-07-07T09:53:01.402+0000] {dag.py:2585} INFO - Sync 1 DAGs
[2024-07-07T09:53:01.431+0000] {logging_mixin.py:120} INFO - [2024-07-07T09:53:01.431+0000] {dag.py:3340} INFO - Setting next_dagrun for bashoperator to 2024-07-07T00:00:00+00:00, run_after=2024-07-08T00:00:00+00:00
[2024-07-07T09:53:01.455+0000] {processor.py:176} INFO - Processing /opt/airflow/dags/5.1-orchestration.py took 0.129 seconds
[2024-07-07T09:53:12.529+0000] {processor.py:154} INFO - Started process (PID=1546) to work on /opt/airflow/dags/5.1-orchestration.py
[2024-07-07T09:53:12.531+0000] {processor.py:756} INFO - Processing file /opt/airflow/dags/5.1-orchestration.py for tasks to queue
[2024-07-07T09:53:12.531+0000] {logging_mixin.py:120} INFO - [2024-07-07T09:53:12.531+0000] {dagbag.py:537} INFO - Filling up the DagBag from /opt/airflow/dags/5.1-orchestration.py
[2024-07-07T09:53:12.555+0000] {processor.py:766} INFO - DAG(s) dict_keys(['orquestation']) retrieved from /opt/airflow/dags/5.1-orchestration.py
[2024-07-07T09:53:13.070+0000] {logging_mixin.py:120} INFO - [2024-07-07T09:53:13.069+0000] {manager.py:507} INFO - Created Permission View: can read on DAG:orquestation
[2024-07-07T09:53:13.081+0000] {logging_mixin.py:120} INFO - [2024-07-07T09:53:13.081+0000] {manager.py:507} INFO - Created Permission View: can edit on DAG:orquestation
[2024-07-07T09:53:13.092+0000] {logging_mixin.py:120} INFO - [2024-07-07T09:53:13.092+0000] {manager.py:507} INFO - Created Permission View: can delete on DAG:orquestation
[2024-07-07T09:53:13.092+0000] {logging_mixin.py:120} INFO - [2024-07-07T09:53:13.092+0000] {dag.py:2585} INFO - Sync 1 DAGs
[2024-07-07T09:53:13.108+0000] {logging_mixin.py:120} INFO - [2024-07-07T09:53:13.108+0000] {dag.py:2606} INFO - Creating ORM DAG for orquestation
[2024-07-07T09:53:13.123+0000] {logging_mixin.py:120} INFO - [2024-07-07T09:53:13.122+0000] {dag.py:3340} INFO - Setting next_dagrun for orquestation to 2024-07-07T00:00:00+00:00, run_after=2024-07-08T00:00:00+00:00
[2024-07-07T09:53:13.154+0000] {processor.py:176} INFO - Processing /opt/airflow/dags/5.1-orchestration.py took 0.631 seconds
[2024-07-07T09:53:43.865+0000] {processor.py:154} INFO - Started process (PID=1570) to work on /opt/airflow/dags/5.1-orchestration.py
[2024-07-07T09:53:43.867+0000] {processor.py:756} INFO - Processing file /opt/airflow/dags/5.1-orchestration.py for tasks to queue
[2024-07-07T09:53:43.868+0000] {logging_mixin.py:120} INFO - [2024-07-07T09:53:43.867+0000] {dagbag.py:537} INFO - Filling up the DagBag from /opt/airflow/dags/5.1-orchestration.py
[2024-07-07T09:53:43.887+0000] {processor.py:766} INFO - DAG(s) dict_keys(['orquestation']) retrieved from /opt/airflow/dags/5.1-orchestration.py
[2024-07-07T09:53:43.924+0000] {logging_mixin.py:120} INFO - [2024-07-07T09:53:43.924+0000] {dag.py:2585} INFO - Sync 1 DAGs
[2024-07-07T09:53:43.948+0000] {logging_mixin.py:120} INFO - [2024-07-07T09:53:43.948+0000] {dag.py:3340} INFO - Setting next_dagrun for orquestation to 2024-07-07T00:00:00+00:00, run_after=2024-07-08T00:00:00+00:00
[2024-07-07T09:53:43.973+0000] {processor.py:176} INFO - Processing /opt/airflow/dags/5.1-orchestration.py took 0.111 seconds
[2024-07-07T09:54:14.015+0000] {processor.py:154} INFO - Started process (PID=1603) to work on /opt/airflow/dags/5.1-orchestration.py
[2024-07-07T09:54:14.040+0000] {processor.py:756} INFO - Processing file /opt/airflow/dags/5.1-orchestration.py for tasks to queue
[2024-07-07T09:54:14.046+0000] {logging_mixin.py:120} INFO - [2024-07-07T09:54:14.045+0000] {dagbag.py:537} INFO - Filling up the DagBag from /opt/airflow/dags/5.1-orchestration.py
[2024-07-07T09:54:14.105+0000] {processor.py:766} INFO - DAG(s) dict_keys(['orquestation']) retrieved from /opt/airflow/dags/5.1-orchestration.py
[2024-07-07T09:54:14.391+0000] {logging_mixin.py:120} INFO - [2024-07-07T09:54:14.391+0000] {dag.py:2585} INFO - Sync 1 DAGs
[2024-07-07T09:54:14.641+0000] {logging_mixin.py:120} INFO - [2024-07-07T09:54:14.641+0000] {dag.py:3340} INFO - Setting next_dagrun for orquestation to 2024-07-07T00:00:00+00:00, run_after=2024-07-08T00:00:00+00:00
[2024-07-07T09:54:14.711+0000] {processor.py:176} INFO - Processing /opt/airflow/dags/5.1-orchestration.py took 0.711 seconds
[2024-07-07T09:54:45.296+0000] {processor.py:154} INFO - Started process (PID=1637) to work on /opt/airflow/dags/5.1-orchestration.py
[2024-07-07T09:54:45.297+0000] {processor.py:756} INFO - Processing file /opt/airflow/dags/5.1-orchestration.py for tasks to queue
[2024-07-07T09:54:45.298+0000] {logging_mixin.py:120} INFO - [2024-07-07T09:54:45.298+0000] {dagbag.py:537} INFO - Filling up the DagBag from /opt/airflow/dags/5.1-orchestration.py
[2024-07-07T09:54:45.340+0000] {processor.py:766} INFO - DAG(s) dict_keys(['orquestation']) retrieved from /opt/airflow/dags/5.1-orchestration.py
[2024-07-07T09:54:45.388+0000] {logging_mixin.py:120} INFO - [2024-07-07T09:54:45.388+0000] {dag.py:2585} INFO - Sync 1 DAGs
[2024-07-07T09:54:45.412+0000] {logging_mixin.py:120} INFO - [2024-07-07T09:54:45.411+0000] {dag.py:3340} INFO - Setting next_dagrun for orquestation to 2024-07-07T00:00:00+00:00, run_after=2024-07-08T00:00:00+00:00
[2024-07-07T09:54:45.436+0000] {processor.py:176} INFO - Processing /opt/airflow/dags/5.1-orchestration.py took 0.144 seconds
[2024-07-07T09:55:05.785+0000] {processor.py:154} INFO - Started process (PID=1662) to work on /opt/airflow/dags/5.1-orchestration.py
[2024-07-07T09:55:05.791+0000] {processor.py:756} INFO - Processing file /opt/airflow/dags/5.1-orchestration.py for tasks to queue
[2024-07-07T09:55:05.800+0000] {logging_mixin.py:120} INFO - [2024-07-07T09:55:05.800+0000] {dagbag.py:537} INFO - Filling up the DagBag from /opt/airflow/dags/5.1-orchestration.py
[2024-07-07T09:55:05.843+0000] {logging_mixin.py:120} INFO - [2024-07-07T09:55:05.813+0000] {dagbag.py:342} ERROR - Failed to import: /opt/airflow/dags/5.1-orchestration.py
Traceback (most recent call last):
  File "/home/airflow/.local/lib/python3.7/site-packages/airflow/models/dagbag.py", line 338, in parse
    loader.exec_module(new_module)
  File "<frozen importlib._bootstrap_external>", line 728, in exec_module
  File "<frozen importlib._bootstrap>", line 219, in _call_with_frames_removed
  File "/opt/airflow/dags/5.1-orchestration.py", line 11, in <module>
    max_actives_runs="1"
TypeError: __init__() got an unexpected keyword argument 'max_actives_runs'
[2024-07-07T09:55:05.844+0000] {processor.py:768} WARNING - No viable dags retrieved from /opt/airflow/dags/5.1-orchestration.py
[2024-07-07T09:55:05.983+0000] {processor.py:176} INFO - Processing /opt/airflow/dags/5.1-orchestration.py took 0.202 seconds
[2024-07-07T09:55:29.604+0000] {processor.py:154} INFO - Started process (PID=1686) to work on /opt/airflow/dags/5.1-orchestration.py
[2024-07-07T09:55:29.610+0000] {processor.py:756} INFO - Processing file /opt/airflow/dags/5.1-orchestration.py for tasks to queue
[2024-07-07T09:55:29.611+0000] {logging_mixin.py:120} INFO - [2024-07-07T09:55:29.611+0000] {dagbag.py:537} INFO - Filling up the DagBag from /opt/airflow/dags/5.1-orchestration.py
[2024-07-07T09:55:29.639+0000] {logging_mixin.py:120} INFO - [2024-07-07T09:55:29.638+0000] {dagbag.py:342} ERROR - Failed to import: /opt/airflow/dags/5.1-orchestration.py
Traceback (most recent call last):
  File "/home/airflow/.local/lib/python3.7/site-packages/airflow/models/dagbag.py", line 338, in parse
    loader.exec_module(new_module)
  File "<frozen importlib._bootstrap_external>", line 728, in exec_module
  File "<frozen importlib._bootstrap>", line 219, in _call_with_frames_removed
  File "/opt/airflow/dags/5.1-orchestration.py", line 11, in <module>
    max_actives_runs=1
TypeError: __init__() got an unexpected keyword argument 'max_actives_runs'
[2024-07-07T09:55:29.642+0000] {processor.py:768} WARNING - No viable dags retrieved from /opt/airflow/dags/5.1-orchestration.py
[2024-07-07T09:55:29.702+0000] {processor.py:176} INFO - Processing /opt/airflow/dags/5.1-orchestration.py took 0.104 seconds
[2024-07-07T09:55:30.611+0000] {processor.py:154} INFO - Started process (PID=1687) to work on /opt/airflow/dags/5.1-orchestration.py
[2024-07-07T09:55:30.612+0000] {processor.py:756} INFO - Processing file /opt/airflow/dags/5.1-orchestration.py for tasks to queue
[2024-07-07T09:55:30.613+0000] {logging_mixin.py:120} INFO - [2024-07-07T09:55:30.613+0000] {dagbag.py:537} INFO - Filling up the DagBag from /opt/airflow/dags/5.1-orchestration.py
[2024-07-07T09:55:30.625+0000] {logging_mixin.py:120} INFO - [2024-07-07T09:55:30.624+0000] {dagbag.py:342} ERROR - Failed to import: /opt/airflow/dags/5.1-orchestration.py
Traceback (most recent call last):
  File "/home/airflow/.local/lib/python3.7/site-packages/airflow/models/dagbag.py", line 338, in parse
    loader.exec_module(new_module)
  File "<frozen importlib._bootstrap_external>", line 728, in exec_module
  File "<frozen importlib._bootstrap>", line 219, in _call_with_frames_removed
  File "/opt/airflow/dags/5.1-orchestration.py", line 11, in <module>
    max_actives_runs=1
TypeError: __init__() got an unexpected keyword argument 'max_actives_runs'
[2024-07-07T09:55:30.626+0000] {processor.py:768} WARNING - No viable dags retrieved from /opt/airflow/dags/5.1-orchestration.py
[2024-07-07T09:55:30.655+0000] {processor.py:176} INFO - Processing /opt/airflow/dags/5.1-orchestration.py took 0.049 seconds
[2024-07-07T09:55:58.190+0000] {processor.py:154} INFO - Started process (PID=1711) to work on /opt/airflow/dags/5.1-orchestration.py
[2024-07-07T09:55:58.192+0000] {processor.py:756} INFO - Processing file /opt/airflow/dags/5.1-orchestration.py for tasks to queue
[2024-07-07T09:55:58.193+0000] {logging_mixin.py:120} INFO - [2024-07-07T09:55:58.192+0000] {dagbag.py:537} INFO - Filling up the DagBag from /opt/airflow/dags/5.1-orchestration.py
[2024-07-07T09:55:58.224+0000] {processor.py:766} INFO - DAG(s) dict_keys(['orquestation']) retrieved from /opt/airflow/dags/5.1-orchestration.py
[2024-07-07T09:55:58.356+0000] {logging_mixin.py:120} INFO - [2024-07-07T09:55:58.355+0000] {dag.py:2585} INFO - Sync 1 DAGs
[2024-07-07T09:55:58.385+0000] {logging_mixin.py:120} INFO - [2024-07-07T09:55:58.385+0000] {dag.py:3340} INFO - Setting next_dagrun for orquestation to 2024-07-01T00:00:00+00:00, run_after=2024-07-02T00:00:00+00:00
[2024-07-07T09:55:58.425+0000] {processor.py:176} INFO - Processing /opt/airflow/dags/5.1-orchestration.py took 0.241 seconds
[2024-07-07T09:56:28.918+0000] {processor.py:154} INFO - Started process (PID=1744) to work on /opt/airflow/dags/5.1-orchestration.py
[2024-07-07T09:56:28.933+0000] {processor.py:756} INFO - Processing file /opt/airflow/dags/5.1-orchestration.py for tasks to queue
[2024-07-07T09:56:28.934+0000] {logging_mixin.py:120} INFO - [2024-07-07T09:56:28.933+0000] {dagbag.py:537} INFO - Filling up the DagBag from /opt/airflow/dags/5.1-orchestration.py
[2024-07-07T09:56:28.952+0000] {processor.py:766} INFO - DAG(s) dict_keys(['orquestation']) retrieved from /opt/airflow/dags/5.1-orchestration.py
[2024-07-07T09:56:29.083+0000] {logging_mixin.py:120} INFO - [2024-07-07T09:56:29.083+0000] {dag.py:2585} INFO - Sync 1 DAGs
[2024-07-07T09:56:29.194+0000] {processor.py:176} INFO - Processing /opt/airflow/dags/5.1-orchestration.py took 0.278 seconds
[2024-07-07T09:56:59.677+0000] {processor.py:154} INFO - Started process (PID=1768) to work on /opt/airflow/dags/5.1-orchestration.py
[2024-07-07T09:56:59.679+0000] {processor.py:756} INFO - Processing file /opt/airflow/dags/5.1-orchestration.py for tasks to queue
[2024-07-07T09:56:59.680+0000] {logging_mixin.py:120} INFO - [2024-07-07T09:56:59.680+0000] {dagbag.py:537} INFO - Filling up the DagBag from /opt/airflow/dags/5.1-orchestration.py
[2024-07-07T09:56:59.699+0000] {processor.py:766} INFO - DAG(s) dict_keys(['orquestation']) retrieved from /opt/airflow/dags/5.1-orchestration.py
[2024-07-07T09:56:59.845+0000] {logging_mixin.py:120} INFO - [2024-07-07T09:56:59.845+0000] {dag.py:2585} INFO - Sync 1 DAGs
[2024-07-07T09:56:59.871+0000] {logging_mixin.py:120} INFO - [2024-07-07T09:56:59.871+0000] {dag.py:2606} INFO - Creating ORM DAG for orquestation
[2024-07-07T09:56:59.905+0000] {logging_mixin.py:120} INFO - [2024-07-07T09:56:59.905+0000] {dag.py:3340} INFO - Setting next_dagrun for orquestation to 2024-07-01T00:00:00+00:00, run_after=2024-07-02T00:00:00+00:00
[2024-07-07T09:56:59.949+0000] {processor.py:176} INFO - Processing /opt/airflow/dags/5.1-orchestration.py took 0.275 seconds
[2024-07-07T09:57:30.397+0000] {processor.py:154} INFO - Started process (PID=1801) to work on /opt/airflow/dags/5.1-orchestration.py
[2024-07-07T09:57:30.397+0000] {processor.py:756} INFO - Processing file /opt/airflow/dags/5.1-orchestration.py for tasks to queue
[2024-07-07T09:57:30.398+0000] {logging_mixin.py:120} INFO - [2024-07-07T09:57:30.398+0000] {dagbag.py:537} INFO - Filling up the DagBag from /opt/airflow/dags/5.1-orchestration.py
[2024-07-07T09:57:30.414+0000] {processor.py:766} INFO - DAG(s) dict_keys(['orquestation']) retrieved from /opt/airflow/dags/5.1-orchestration.py
[2024-07-07T09:57:30.450+0000] {logging_mixin.py:120} INFO - [2024-07-07T09:57:30.449+0000] {dag.py:2585} INFO - Sync 1 DAGs
[2024-07-07T09:57:30.499+0000] {processor.py:176} INFO - Processing /opt/airflow/dags/5.1-orchestration.py took 0.105 seconds
[2024-07-07T09:58:00.842+0000] {processor.py:154} INFO - Started process (PID=1835) to work on /opt/airflow/dags/5.1-orchestration.py
[2024-07-07T09:58:00.844+0000] {processor.py:756} INFO - Processing file /opt/airflow/dags/5.1-orchestration.py for tasks to queue
[2024-07-07T09:58:00.844+0000] {logging_mixin.py:120} INFO - [2024-07-07T09:58:00.844+0000] {dagbag.py:537} INFO - Filling up the DagBag from /opt/airflow/dags/5.1-orchestration.py
[2024-07-07T09:58:00.861+0000] {processor.py:766} INFO - DAG(s) dict_keys(['orquestation']) retrieved from /opt/airflow/dags/5.1-orchestration.py
[2024-07-07T09:58:00.898+0000] {logging_mixin.py:120} INFO - [2024-07-07T09:58:00.898+0000] {dag.py:2585} INFO - Sync 1 DAGs
[2024-07-07T09:58:00.951+0000] {processor.py:176} INFO - Processing /opt/airflow/dags/5.1-orchestration.py took 0.111 seconds
[2024-07-07T09:58:12.021+0000] {processor.py:154} INFO - Started process (PID=1846) to work on /opt/airflow/dags/5.1-orchestration.py
[2024-07-07T09:58:12.022+0000] {processor.py:756} INFO - Processing file /opt/airflow/dags/5.1-orchestration.py for tasks to queue
[2024-07-07T09:58:12.023+0000] {logging_mixin.py:120} INFO - [2024-07-07T09:58:12.023+0000] {dagbag.py:537} INFO - Filling up the DagBag from /opt/airflow/dags/5.1-orchestration.py
[2024-07-07T09:58:12.040+0000] {processor.py:766} INFO - DAG(s) dict_keys(['orquestation']) retrieved from /opt/airflow/dags/5.1-orchestration.py
[2024-07-07T09:58:12.126+0000] {logging_mixin.py:120} INFO - [2024-07-07T09:58:12.126+0000] {dag.py:2585} INFO - Sync 1 DAGs
[2024-07-07T09:58:12.224+0000] {processor.py:176} INFO - Processing /opt/airflow/dags/5.1-orchestration.py took 0.205 seconds
[2024-07-07T09:58:23.304+0000] {processor.py:154} INFO - Started process (PID=1859) to work on /opt/airflow/dags/5.1-orchestration.py
[2024-07-07T09:58:23.305+0000] {processor.py:756} INFO - Processing file /opt/airflow/dags/5.1-orchestration.py for tasks to queue
[2024-07-07T09:58:23.309+0000] {logging_mixin.py:120} INFO - [2024-07-07T09:58:23.309+0000] {dagbag.py:537} INFO - Filling up the DagBag from /opt/airflow/dags/5.1-orchestration.py
[2024-07-07T09:58:23.334+0000] {processor.py:766} INFO - DAG(s) dict_keys(['orquestation']) retrieved from /opt/airflow/dags/5.1-orchestration.py
[2024-07-07T09:58:23.431+0000] {logging_mixin.py:120} INFO - [2024-07-07T09:58:23.430+0000] {dag.py:2585} INFO - Sync 1 DAGs
[2024-07-07T09:58:23.443+0000] {logging_mixin.py:120} INFO - [2024-07-07T09:58:23.443+0000] {dag.py:2606} INFO - Creating ORM DAG for orquestation
[2024-07-07T09:58:23.460+0000] {logging_mixin.py:120} INFO - [2024-07-07T09:58:23.460+0000] {dag.py:3340} INFO - Setting next_dagrun for orquestation to 2024-07-01T00:00:00+00:00, run_after=2024-07-02T00:00:00+00:00
[2024-07-07T09:58:23.511+0000] {processor.py:176} INFO - Processing /opt/airflow/dags/5.1-orchestration.py took 0.211 seconds
[2024-07-07T09:58:24.544+0000] {processor.py:154} INFO - Started process (PID=1860) to work on /opt/airflow/dags/5.1-orchestration.py
[2024-07-07T09:58:24.545+0000] {processor.py:756} INFO - Processing file /opt/airflow/dags/5.1-orchestration.py for tasks to queue
[2024-07-07T09:58:24.546+0000] {logging_mixin.py:120} INFO - [2024-07-07T09:58:24.546+0000] {dagbag.py:537} INFO - Filling up the DagBag from /opt/airflow/dags/5.1-orchestration.py
[2024-07-07T09:58:24.575+0000] {processor.py:766} INFO - DAG(s) dict_keys(['orquestation']) retrieved from /opt/airflow/dags/5.1-orchestration.py
[2024-07-07T09:58:24.607+0000] {logging_mixin.py:120} INFO - [2024-07-07T09:58:24.607+0000] {dag.py:2585} INFO - Sync 1 DAGs
[2024-07-07T09:58:24.642+0000] {logging_mixin.py:120} INFO - [2024-07-07T09:58:24.641+0000] {dag.py:3340} INFO - Setting next_dagrun for orquestation to 2024-07-01T00:00:00+00:00, run_after=2024-07-02T00:00:00+00:00
[2024-07-07T09:58:24.683+0000] {processor.py:176} INFO - Processing /opt/airflow/dags/5.1-orchestration.py took 0.143 seconds
[2024-07-07T09:58:55.317+0000] {processor.py:154} INFO - Started process (PID=1883) to work on /opt/airflow/dags/5.1-orchestration.py
[2024-07-07T09:58:55.318+0000] {processor.py:756} INFO - Processing file /opt/airflow/dags/5.1-orchestration.py for tasks to queue
[2024-07-07T09:58:55.319+0000] {logging_mixin.py:120} INFO - [2024-07-07T09:58:55.319+0000] {dagbag.py:537} INFO - Filling up the DagBag from /opt/airflow/dags/5.1-orchestration.py
[2024-07-07T09:58:55.334+0000] {processor.py:766} INFO - DAG(s) dict_keys(['orquestation']) retrieved from /opt/airflow/dags/5.1-orchestration.py
[2024-07-07T09:58:55.369+0000] {logging_mixin.py:120} INFO - [2024-07-07T09:58:55.369+0000] {dag.py:2585} INFO - Sync 1 DAGs
[2024-07-07T09:58:55.419+0000] {processor.py:176} INFO - Processing /opt/airflow/dags/5.1-orchestration.py took 0.105 seconds
[2024-07-07T09:59:25.467+0000] {processor.py:154} INFO - Started process (PID=1915) to work on /opt/airflow/dags/5.1-orchestration.py
[2024-07-07T09:59:25.468+0000] {processor.py:756} INFO - Processing file /opt/airflow/dags/5.1-orchestration.py for tasks to queue
[2024-07-07T09:59:25.469+0000] {logging_mixin.py:120} INFO - [2024-07-07T09:59:25.468+0000] {dagbag.py:537} INFO - Filling up the DagBag from /opt/airflow/dags/5.1-orchestration.py
[2024-07-07T09:59:25.487+0000] {processor.py:766} INFO - DAG(s) dict_keys(['orquestation']) retrieved from /opt/airflow/dags/5.1-orchestration.py
[2024-07-07T09:59:25.554+0000] {logging_mixin.py:120} INFO - [2024-07-07T09:59:25.554+0000] {dag.py:2585} INFO - Sync 1 DAGs
[2024-07-07T09:59:25.642+0000] {processor.py:176} INFO - Processing /opt/airflow/dags/5.1-orchestration.py took 0.178 seconds
[2024-07-07T09:59:56.116+0000] {processor.py:154} INFO - Started process (PID=1948) to work on /opt/airflow/dags/5.1-orchestration.py
[2024-07-07T09:59:56.117+0000] {processor.py:756} INFO - Processing file /opt/airflow/dags/5.1-orchestration.py for tasks to queue
[2024-07-07T09:59:56.118+0000] {logging_mixin.py:120} INFO - [2024-07-07T09:59:56.118+0000] {dagbag.py:537} INFO - Filling up the DagBag from /opt/airflow/dags/5.1-orchestration.py
[2024-07-07T09:59:56.133+0000] {processor.py:766} INFO - DAG(s) dict_keys(['orquestation']) retrieved from /opt/airflow/dags/5.1-orchestration.py
[2024-07-07T09:59:56.169+0000] {logging_mixin.py:120} INFO - [2024-07-07T09:59:56.169+0000] {dag.py:2585} INFO - Sync 1 DAGs
[2024-07-07T09:59:56.208+0000] {logging_mixin.py:120} INFO - [2024-07-07T09:59:56.208+0000] {dag.py:3340} INFO - Setting next_dagrun for orquestation to 2024-07-07T00:00:00+00:00, run_after=2024-07-08T00:00:00+00:00
[2024-07-07T09:59:56.226+0000] {processor.py:176} INFO - Processing /opt/airflow/dags/5.1-orchestration.py took 0.112 seconds
[2024-07-07T10:00:26.550+0000] {processor.py:154} INFO - Started process (PID=1981) to work on /opt/airflow/dags/5.1-orchestration.py
[2024-07-07T10:00:26.551+0000] {processor.py:756} INFO - Processing file /opt/airflow/dags/5.1-orchestration.py for tasks to queue
[2024-07-07T10:00:26.551+0000] {logging_mixin.py:120} INFO - [2024-07-07T10:00:26.551+0000] {dagbag.py:537} INFO - Filling up the DagBag from /opt/airflow/dags/5.1-orchestration.py
[2024-07-07T10:00:26.567+0000] {processor.py:766} INFO - DAG(s) dict_keys(['orquestation']) retrieved from /opt/airflow/dags/5.1-orchestration.py
[2024-07-07T10:00:26.613+0000] {logging_mixin.py:120} INFO - [2024-07-07T10:00:26.613+0000] {dag.py:2585} INFO - Sync 1 DAGs
[2024-07-07T10:00:26.642+0000] {logging_mixin.py:120} INFO - [2024-07-07T10:00:26.641+0000] {dag.py:3340} INFO - Setting next_dagrun for orquestation to 2024-07-07T00:00:00+00:00, run_after=2024-07-08T00:00:00+00:00
[2024-07-07T10:00:26.666+0000] {processor.py:176} INFO - Processing /opt/airflow/dags/5.1-orchestration.py took 0.123 seconds
[2024-07-07T10:00:57.156+0000] {processor.py:154} INFO - Started process (PID=2006) to work on /opt/airflow/dags/5.1-orchestration.py
[2024-07-07T10:00:57.157+0000] {processor.py:756} INFO - Processing file /opt/airflow/dags/5.1-orchestration.py for tasks to queue
[2024-07-07T10:00:57.158+0000] {logging_mixin.py:120} INFO - [2024-07-07T10:00:57.158+0000] {dagbag.py:537} INFO - Filling up the DagBag from /opt/airflow/dags/5.1-orchestration.py
[2024-07-07T10:00:57.172+0000] {processor.py:766} INFO - DAG(s) dict_keys(['orquestation']) retrieved from /opt/airflow/dags/5.1-orchestration.py
[2024-07-07T10:00:57.208+0000] {logging_mixin.py:120} INFO - [2024-07-07T10:00:57.207+0000] {dag.py:2585} INFO - Sync 1 DAGs
[2024-07-07T10:00:57.232+0000] {logging_mixin.py:120} INFO - [2024-07-07T10:00:57.232+0000] {dag.py:3340} INFO - Setting next_dagrun for orquestation to 2024-07-07T00:00:00+00:00, run_after=2024-07-08T00:00:00+00:00
[2024-07-07T10:00:57.253+0000] {processor.py:176} INFO - Processing /opt/airflow/dags/5.1-orchestration.py took 0.100 seconds
[2024-07-07T10:01:27.627+0000] {processor.py:154} INFO - Started process (PID=2040) to work on /opt/airflow/dags/5.1-orchestration.py
[2024-07-07T10:01:27.628+0000] {processor.py:756} INFO - Processing file /opt/airflow/dags/5.1-orchestration.py for tasks to queue
[2024-07-07T10:01:27.628+0000] {logging_mixin.py:120} INFO - [2024-07-07T10:01:27.628+0000] {dagbag.py:537} INFO - Filling up the DagBag from /opt/airflow/dags/5.1-orchestration.py
[2024-07-07T10:01:27.645+0000] {processor.py:766} INFO - DAG(s) dict_keys(['orquestation']) retrieved from /opt/airflow/dags/5.1-orchestration.py
[2024-07-07T10:01:27.686+0000] {logging_mixin.py:120} INFO - [2024-07-07T10:01:27.686+0000] {dag.py:2585} INFO - Sync 1 DAGs
[2024-07-07T10:01:27.716+0000] {logging_mixin.py:120} INFO - [2024-07-07T10:01:27.716+0000] {dag.py:3340} INFO - Setting next_dagrun for orquestation to 2024-07-07T00:00:00+00:00, run_after=2024-07-08T00:00:00+00:00
[2024-07-07T10:01:27.739+0000] {processor.py:176} INFO - Processing /opt/airflow/dags/5.1-orchestration.py took 0.114 seconds
[2024-07-07T10:01:58.163+0000] {processor.py:154} INFO - Started process (PID=2075) to work on /opt/airflow/dags/5.1-orchestration.py
[2024-07-07T10:01:58.164+0000] {processor.py:756} INFO - Processing file /opt/airflow/dags/5.1-orchestration.py for tasks to queue
[2024-07-07T10:01:58.164+0000] {logging_mixin.py:120} INFO - [2024-07-07T10:01:58.164+0000] {dagbag.py:537} INFO - Filling up the DagBag from /opt/airflow/dags/5.1-orchestration.py
[2024-07-07T10:01:58.178+0000] {processor.py:766} INFO - DAG(s) dict_keys(['orquestation']) retrieved from /opt/airflow/dags/5.1-orchestration.py
[2024-07-07T10:01:58.213+0000] {logging_mixin.py:120} INFO - [2024-07-07T10:01:58.213+0000] {dag.py:2585} INFO - Sync 1 DAGs
[2024-07-07T10:01:58.234+0000] {logging_mixin.py:120} INFO - [2024-07-07T10:01:58.234+0000] {dag.py:3340} INFO - Setting next_dagrun for orquestation to 2024-07-07T00:00:00+00:00, run_after=2024-07-08T00:00:00+00:00
[2024-07-07T10:01:58.255+0000] {processor.py:176} INFO - Processing /opt/airflow/dags/5.1-orchestration.py took 0.096 seconds
[2024-07-07T10:02:28.889+0000] {processor.py:154} INFO - Started process (PID=2108) to work on /opt/airflow/dags/5.1-orchestration.py
[2024-07-07T10:02:28.890+0000] {processor.py:756} INFO - Processing file /opt/airflow/dags/5.1-orchestration.py for tasks to queue
[2024-07-07T10:02:28.890+0000] {logging_mixin.py:120} INFO - [2024-07-07T10:02:28.890+0000] {dagbag.py:537} INFO - Filling up the DagBag from /opt/airflow/dags/5.1-orchestration.py
[2024-07-07T10:02:28.905+0000] {processor.py:766} INFO - DAG(s) dict_keys(['orquestation']) retrieved from /opt/airflow/dags/5.1-orchestration.py
[2024-07-07T10:02:28.939+0000] {logging_mixin.py:120} INFO - [2024-07-07T10:02:28.939+0000] {dag.py:2585} INFO - Sync 1 DAGs
[2024-07-07T10:02:28.961+0000] {logging_mixin.py:120} INFO - [2024-07-07T10:02:28.961+0000] {dag.py:3340} INFO - Setting next_dagrun for orquestation to 2024-07-07T00:00:00+00:00, run_after=2024-07-08T00:00:00+00:00
[2024-07-07T10:02:28.984+0000] {processor.py:176} INFO - Processing /opt/airflow/dags/5.1-orchestration.py took 0.097 seconds
[2024-07-07T10:02:59.310+0000] {processor.py:154} INFO - Started process (PID=2132) to work on /opt/airflow/dags/5.1-orchestration.py
[2024-07-07T10:02:59.318+0000] {processor.py:756} INFO - Processing file /opt/airflow/dags/5.1-orchestration.py for tasks to queue
[2024-07-07T10:02:59.319+0000] {logging_mixin.py:120} INFO - [2024-07-07T10:02:59.319+0000] {dagbag.py:537} INFO - Filling up the DagBag from /opt/airflow/dags/5.1-orchestration.py
[2024-07-07T10:02:59.336+0000] {processor.py:766} INFO - DAG(s) dict_keys(['orquestation']) retrieved from /opt/airflow/dags/5.1-orchestration.py
[2024-07-07T10:02:59.372+0000] {logging_mixin.py:120} INFO - [2024-07-07T10:02:59.372+0000] {dag.py:2585} INFO - Sync 1 DAGs
[2024-07-07T10:02:59.397+0000] {logging_mixin.py:120} INFO - [2024-07-07T10:02:59.396+0000] {dag.py:3340} INFO - Setting next_dagrun for orquestation to 2024-07-07T00:00:00+00:00, run_after=2024-07-08T00:00:00+00:00
[2024-07-07T10:02:59.419+0000] {processor.py:176} INFO - Processing /opt/airflow/dags/5.1-orchestration.py took 0.112 seconds
[2024-07-07T10:03:29.752+0000] {processor.py:154} INFO - Started process (PID=2165) to work on /opt/airflow/dags/5.1-orchestration.py
[2024-07-07T10:03:29.754+0000] {processor.py:756} INFO - Processing file /opt/airflow/dags/5.1-orchestration.py for tasks to queue
[2024-07-07T10:03:29.754+0000] {logging_mixin.py:120} INFO - [2024-07-07T10:03:29.754+0000] {dagbag.py:537} INFO - Filling up the DagBag from /opt/airflow/dags/5.1-orchestration.py
[2024-07-07T10:03:29.780+0000] {processor.py:766} INFO - DAG(s) dict_keys(['orquestation']) retrieved from /opt/airflow/dags/5.1-orchestration.py
[2024-07-07T10:03:29.934+0000] {logging_mixin.py:120} INFO - [2024-07-07T10:03:29.933+0000] {dag.py:2585} INFO - Sync 1 DAGs
[2024-07-07T10:03:29.958+0000] {logging_mixin.py:120} INFO - [2024-07-07T10:03:29.958+0000] {dag.py:3340} INFO - Setting next_dagrun for orquestation to 2024-07-07T00:00:00+00:00, run_after=2024-07-08T00:00:00+00:00
[2024-07-07T10:03:30.008+0000] {processor.py:176} INFO - Processing /opt/airflow/dags/5.1-orchestration.py took 0.262 seconds
[2024-07-07T10:04:00.159+0000] {processor.py:154} INFO - Started process (PID=2200) to work on /opt/airflow/dags/5.1-orchestration.py
[2024-07-07T10:04:00.160+0000] {processor.py:756} INFO - Processing file /opt/airflow/dags/5.1-orchestration.py for tasks to queue
[2024-07-07T10:04:00.161+0000] {logging_mixin.py:120} INFO - [2024-07-07T10:04:00.161+0000] {dagbag.py:537} INFO - Filling up the DagBag from /opt/airflow/dags/5.1-orchestration.py
[2024-07-07T10:04:00.179+0000] {processor.py:766} INFO - DAG(s) dict_keys(['orquestation']) retrieved from /opt/airflow/dags/5.1-orchestration.py
[2024-07-07T10:04:00.224+0000] {logging_mixin.py:120} INFO - [2024-07-07T10:04:00.224+0000] {dag.py:2585} INFO - Sync 1 DAGs
[2024-07-07T10:04:00.250+0000] {logging_mixin.py:120} INFO - [2024-07-07T10:04:00.250+0000] {dag.py:3340} INFO - Setting next_dagrun for orquestation to 2024-07-07T00:00:00+00:00, run_after=2024-07-08T00:00:00+00:00
[2024-07-07T10:04:00.270+0000] {processor.py:176} INFO - Processing /opt/airflow/dags/5.1-orchestration.py took 0.115 seconds
[2024-07-07T10:04:30.775+0000] {processor.py:154} INFO - Started process (PID=2233) to work on /opt/airflow/dags/5.1-orchestration.py
[2024-07-07T10:04:30.778+0000] {processor.py:756} INFO - Processing file /opt/airflow/dags/5.1-orchestration.py for tasks to queue
[2024-07-07T10:04:30.778+0000] {logging_mixin.py:120} INFO - [2024-07-07T10:04:30.778+0000] {dagbag.py:537} INFO - Filling up the DagBag from /opt/airflow/dags/5.1-orchestration.py
[2024-07-07T10:04:30.792+0000] {processor.py:766} INFO - DAG(s) dict_keys(['orquestation']) retrieved from /opt/airflow/dags/5.1-orchestration.py
[2024-07-07T10:04:30.825+0000] {logging_mixin.py:120} INFO - [2024-07-07T10:04:30.825+0000] {dag.py:2585} INFO - Sync 1 DAGs
[2024-07-07T10:04:30.849+0000] {logging_mixin.py:120} INFO - [2024-07-07T10:04:30.849+0000] {dag.py:3340} INFO - Setting next_dagrun for orquestation to 2024-07-07T00:00:00+00:00, run_after=2024-07-08T00:00:00+00:00
[2024-07-07T10:04:30.871+0000] {processor.py:176} INFO - Processing /opt/airflow/dags/5.1-orchestration.py took 0.098 seconds
[2024-07-07T10:05:01.307+0000] {processor.py:154} INFO - Started process (PID=2257) to work on /opt/airflow/dags/5.1-orchestration.py
[2024-07-07T10:05:01.307+0000] {processor.py:756} INFO - Processing file /opt/airflow/dags/5.1-orchestration.py for tasks to queue
[2024-07-07T10:05:01.308+0000] {logging_mixin.py:120} INFO - [2024-07-07T10:05:01.308+0000] {dagbag.py:537} INFO - Filling up the DagBag from /opt/airflow/dags/5.1-orchestration.py
[2024-07-07T10:05:01.328+0000] {processor.py:766} INFO - DAG(s) dict_keys(['orquestation']) retrieved from /opt/airflow/dags/5.1-orchestration.py
[2024-07-07T10:05:01.366+0000] {logging_mixin.py:120} INFO - [2024-07-07T10:05:01.366+0000] {dag.py:2585} INFO - Sync 1 DAGs
[2024-07-07T10:05:01.391+0000] {logging_mixin.py:120} INFO - [2024-07-07T10:05:01.391+0000] {dag.py:3340} INFO - Setting next_dagrun for orquestation to 2024-07-07T00:00:00+00:00, run_after=2024-07-08T00:00:00+00:00
[2024-07-07T10:05:01.408+0000] {processor.py:176} INFO - Processing /opt/airflow/dags/5.1-orchestration.py took 0.104 seconds
[2024-07-07T10:05:31.681+0000] {processor.py:154} INFO - Started process (PID=2291) to work on /opt/airflow/dags/5.1-orchestration.py
[2024-07-07T10:05:31.683+0000] {processor.py:756} INFO - Processing file /opt/airflow/dags/5.1-orchestration.py for tasks to queue
[2024-07-07T10:05:31.683+0000] {logging_mixin.py:120} INFO - [2024-07-07T10:05:31.683+0000] {dagbag.py:537} INFO - Filling up the DagBag from /opt/airflow/dags/5.1-orchestration.py
[2024-07-07T10:05:31.698+0000] {processor.py:766} INFO - DAG(s) dict_keys(['orquestation']) retrieved from /opt/airflow/dags/5.1-orchestration.py
[2024-07-07T10:05:31.734+0000] {logging_mixin.py:120} INFO - [2024-07-07T10:05:31.734+0000] {dag.py:2585} INFO - Sync 1 DAGs
[2024-07-07T10:05:31.758+0000] {logging_mixin.py:120} INFO - [2024-07-07T10:05:31.757+0000] {dag.py:3340} INFO - Setting next_dagrun for orquestation to 2024-07-07T00:00:00+00:00, run_after=2024-07-08T00:00:00+00:00
[2024-07-07T10:05:31.779+0000] {processor.py:176} INFO - Processing /opt/airflow/dags/5.1-orchestration.py took 0.101 seconds
[2024-07-07T10:06:02.477+0000] {processor.py:154} INFO - Started process (PID=2325) to work on /opt/airflow/dags/5.1-orchestration.py
[2024-07-07T10:06:02.481+0000] {processor.py:756} INFO - Processing file /opt/airflow/dags/5.1-orchestration.py for tasks to queue
[2024-07-07T10:06:02.482+0000] {logging_mixin.py:120} INFO - [2024-07-07T10:06:02.482+0000] {dagbag.py:537} INFO - Filling up the DagBag from /opt/airflow/dags/5.1-orchestration.py
[2024-07-07T10:06:02.496+0000] {processor.py:766} INFO - DAG(s) dict_keys(['orquestation']) retrieved from /opt/airflow/dags/5.1-orchestration.py
[2024-07-07T10:06:02.534+0000] {logging_mixin.py:120} INFO - [2024-07-07T10:06:02.533+0000] {dag.py:2585} INFO - Sync 1 DAGs
[2024-07-07T10:06:02.560+0000] {logging_mixin.py:120} INFO - [2024-07-07T10:06:02.560+0000] {dag.py:3340} INFO - Setting next_dagrun for orquestation to 2024-07-07T00:00:00+00:00, run_after=2024-07-08T00:00:00+00:00
[2024-07-07T10:06:02.583+0000] {processor.py:176} INFO - Processing /opt/airflow/dags/5.1-orchestration.py took 0.108 seconds
[2024-07-07T10:06:32.985+0000] {processor.py:154} INFO - Started process (PID=2358) to work on /opt/airflow/dags/5.1-orchestration.py
[2024-07-07T10:06:32.991+0000] {processor.py:756} INFO - Processing file /opt/airflow/dags/5.1-orchestration.py for tasks to queue
[2024-07-07T10:06:32.996+0000] {logging_mixin.py:120} INFO - [2024-07-07T10:06:32.996+0000] {dagbag.py:537} INFO - Filling up the DagBag from /opt/airflow/dags/5.1-orchestration.py
[2024-07-07T10:06:33.067+0000] {processor.py:766} INFO - DAG(s) dict_keys(['orquestation']) retrieved from /opt/airflow/dags/5.1-orchestration.py
[2024-07-07T10:06:33.188+0000] {logging_mixin.py:120} INFO - [2024-07-07T10:06:33.187+0000] {dag.py:2585} INFO - Sync 1 DAGs
[2024-07-07T10:06:33.215+0000] {logging_mixin.py:120} INFO - [2024-07-07T10:06:33.214+0000] {dag.py:3340} INFO - Setting next_dagrun for orquestation to 2024-07-07T00:00:00+00:00, run_after=2024-07-08T00:00:00+00:00
[2024-07-07T10:06:33.236+0000] {processor.py:176} INFO - Processing /opt/airflow/dags/5.1-orchestration.py took 0.270 seconds
[2024-07-07T10:07:03.551+0000] {processor.py:154} INFO - Started process (PID=2380) to work on /opt/airflow/dags/5.1-orchestration.py
[2024-07-07T10:07:03.552+0000] {processor.py:756} INFO - Processing file /opt/airflow/dags/5.1-orchestration.py for tasks to queue
[2024-07-07T10:07:03.553+0000] {logging_mixin.py:120} INFO - [2024-07-07T10:07:03.553+0000] {dagbag.py:537} INFO - Filling up the DagBag from /opt/airflow/dags/5.1-orchestration.py
[2024-07-07T10:07:03.567+0000] {processor.py:766} INFO - DAG(s) dict_keys(['orquestation']) retrieved from /opt/airflow/dags/5.1-orchestration.py
[2024-07-07T10:07:03.600+0000] {logging_mixin.py:120} INFO - [2024-07-07T10:07:03.600+0000] {dag.py:2585} INFO - Sync 1 DAGs
[2024-07-07T10:07:03.623+0000] {logging_mixin.py:120} INFO - [2024-07-07T10:07:03.623+0000] {dag.py:3340} INFO - Setting next_dagrun for orquestation to 2024-07-07T00:00:00+00:00, run_after=2024-07-08T00:00:00+00:00
[2024-07-07T10:07:03.644+0000] {processor.py:176} INFO - Processing /opt/airflow/dags/5.1-orchestration.py took 0.096 seconds
[2024-07-07T10:07:33.966+0000] {processor.py:154} INFO - Started process (PID=2413) to work on /opt/airflow/dags/5.1-orchestration.py
[2024-07-07T10:07:33.967+0000] {processor.py:756} INFO - Processing file /opt/airflow/dags/5.1-orchestration.py for tasks to queue
[2024-07-07T10:07:33.968+0000] {logging_mixin.py:120} INFO - [2024-07-07T10:07:33.968+0000] {dagbag.py:537} INFO - Filling up the DagBag from /opt/airflow/dags/5.1-orchestration.py
[2024-07-07T10:07:33.983+0000] {processor.py:766} INFO - DAG(s) dict_keys(['orquestation']) retrieved from /opt/airflow/dags/5.1-orchestration.py
[2024-07-07T10:07:34.017+0000] {logging_mixin.py:120} INFO - [2024-07-07T10:07:34.016+0000] {dag.py:2585} INFO - Sync 1 DAGs
[2024-07-07T10:07:34.040+0000] {logging_mixin.py:120} INFO - [2024-07-07T10:07:34.039+0000] {dag.py:3340} INFO - Setting next_dagrun for orquestation to 2024-07-07T00:00:00+00:00, run_after=2024-07-08T00:00:00+00:00
[2024-07-07T10:07:34.062+0000] {processor.py:176} INFO - Processing /opt/airflow/dags/5.1-orchestration.py took 0.098 seconds
[2024-07-07T10:08:04.404+0000] {processor.py:154} INFO - Started process (PID=2446) to work on /opt/airflow/dags/5.1-orchestration.py
[2024-07-07T10:08:04.406+0000] {processor.py:756} INFO - Processing file /opt/airflow/dags/5.1-orchestration.py for tasks to queue
[2024-07-07T10:08:04.406+0000] {logging_mixin.py:120} INFO - [2024-07-07T10:08:04.406+0000] {dagbag.py:537} INFO - Filling up the DagBag from /opt/airflow/dags/5.1-orchestration.py
[2024-07-07T10:08:04.420+0000] {processor.py:766} INFO - DAG(s) dict_keys(['orquestation']) retrieved from /opt/airflow/dags/5.1-orchestration.py
[2024-07-07T10:08:04.455+0000] {logging_mixin.py:120} INFO - [2024-07-07T10:08:04.455+0000] {dag.py:2585} INFO - Sync 1 DAGs
[2024-07-07T10:08:04.477+0000] {logging_mixin.py:120} INFO - [2024-07-07T10:08:04.477+0000] {dag.py:3340} INFO - Setting next_dagrun for orquestation to 2024-07-07T00:00:00+00:00, run_after=2024-07-08T00:00:00+00:00
[2024-07-07T10:08:04.498+0000] {processor.py:176} INFO - Processing /opt/airflow/dags/5.1-orchestration.py took 0.097 seconds
[2024-07-07T10:08:34.756+0000] {processor.py:154} INFO - Started process (PID=2479) to work on /opt/airflow/dags/5.1-orchestration.py
[2024-07-07T10:08:34.759+0000] {processor.py:756} INFO - Processing file /opt/airflow/dags/5.1-orchestration.py for tasks to queue
[2024-07-07T10:08:34.760+0000] {logging_mixin.py:120} INFO - [2024-07-07T10:08:34.759+0000] {dagbag.py:537} INFO - Filling up the DagBag from /opt/airflow/dags/5.1-orchestration.py
[2024-07-07T10:08:34.778+0000] {processor.py:766} INFO - DAG(s) dict_keys(['orquestation']) retrieved from /opt/airflow/dags/5.1-orchestration.py
[2024-07-07T10:08:34.820+0000] {logging_mixin.py:120} INFO - [2024-07-07T10:08:34.819+0000] {dag.py:2585} INFO - Sync 1 DAGs
[2024-07-07T10:08:34.862+0000] {logging_mixin.py:120} INFO - [2024-07-07T10:08:34.861+0000] {dag.py:3340} INFO - Setting next_dagrun for orquestation to 2024-07-07T00:00:00+00:00, run_after=2024-07-08T00:00:00+00:00
[2024-07-07T10:08:34.895+0000] {processor.py:176} INFO - Processing /opt/airflow/dags/5.1-orchestration.py took 0.142 seconds
[2024-07-07T10:09:05.418+0000] {processor.py:154} INFO - Started process (PID=2503) to work on /opt/airflow/dags/5.1-orchestration.py
[2024-07-07T10:09:05.419+0000] {processor.py:756} INFO - Processing file /opt/airflow/dags/5.1-orchestration.py for tasks to queue
[2024-07-07T10:09:05.420+0000] {logging_mixin.py:120} INFO - [2024-07-07T10:09:05.420+0000] {dagbag.py:537} INFO - Filling up the DagBag from /opt/airflow/dags/5.1-orchestration.py
[2024-07-07T10:09:05.435+0000] {processor.py:766} INFO - DAG(s) dict_keys(['orquestation']) retrieved from /opt/airflow/dags/5.1-orchestration.py
[2024-07-07T10:09:05.469+0000] {logging_mixin.py:120} INFO - [2024-07-07T10:09:05.469+0000] {dag.py:2585} INFO - Sync 1 DAGs
[2024-07-07T10:09:05.492+0000] {logging_mixin.py:120} INFO - [2024-07-07T10:09:05.492+0000] {dag.py:3340} INFO - Setting next_dagrun for orquestation to 2024-07-07T00:00:00+00:00, run_after=2024-07-08T00:00:00+00:00
[2024-07-07T10:09:05.514+0000] {processor.py:176} INFO - Processing /opt/airflow/dags/5.1-orchestration.py took 0.098 seconds
[2024-07-07T10:09:36.050+0000] {processor.py:154} INFO - Started process (PID=2536) to work on /opt/airflow/dags/5.1-orchestration.py
[2024-07-07T10:09:36.051+0000] {processor.py:756} INFO - Processing file /opt/airflow/dags/5.1-orchestration.py for tasks to queue
[2024-07-07T10:09:36.051+0000] {logging_mixin.py:120} INFO - [2024-07-07T10:09:36.051+0000] {dagbag.py:537} INFO - Filling up the DagBag from /opt/airflow/dags/5.1-orchestration.py
[2024-07-07T10:09:36.067+0000] {processor.py:766} INFO - DAG(s) dict_keys(['orquestation']) retrieved from /opt/airflow/dags/5.1-orchestration.py
[2024-07-07T10:09:36.114+0000] {logging_mixin.py:120} INFO - [2024-07-07T10:09:36.114+0000] {dag.py:2585} INFO - Sync 1 DAGs
[2024-07-07T10:09:36.145+0000] {logging_mixin.py:120} INFO - [2024-07-07T10:09:36.145+0000] {dag.py:3340} INFO - Setting next_dagrun for orquestation to 2024-07-07T00:00:00+00:00, run_after=2024-07-08T00:00:00+00:00
[2024-07-07T10:09:36.166+0000] {processor.py:176} INFO - Processing /opt/airflow/dags/5.1-orchestration.py took 0.119 seconds
[2024-07-07T10:10:06.649+0000] {processor.py:154} INFO - Started process (PID=2570) to work on /opt/airflow/dags/5.1-orchestration.py
[2024-07-07T10:10:06.650+0000] {processor.py:756} INFO - Processing file /opt/airflow/dags/5.1-orchestration.py for tasks to queue
[2024-07-07T10:10:06.651+0000] {logging_mixin.py:120} INFO - [2024-07-07T10:10:06.650+0000] {dagbag.py:537} INFO - Filling up the DagBag from /opt/airflow/dags/5.1-orchestration.py
[2024-07-07T10:10:06.665+0000] {processor.py:766} INFO - DAG(s) dict_keys(['orquestation']) retrieved from /opt/airflow/dags/5.1-orchestration.py
[2024-07-07T10:10:06.699+0000] {logging_mixin.py:120} INFO - [2024-07-07T10:10:06.699+0000] {dag.py:2585} INFO - Sync 1 DAGs
[2024-07-07T10:10:06.724+0000] {logging_mixin.py:120} INFO - [2024-07-07T10:10:06.724+0000] {dag.py:3340} INFO - Setting next_dagrun for orquestation to 2024-07-07T00:00:00+00:00, run_after=2024-07-08T00:00:00+00:00
[2024-07-07T10:10:06.745+0000] {processor.py:176} INFO - Processing /opt/airflow/dags/5.1-orchestration.py took 0.099 seconds
[2024-07-07T10:10:37.059+0000] {processor.py:154} INFO - Started process (PID=2603) to work on /opt/airflow/dags/5.1-orchestration.py
[2024-07-07T10:10:37.059+0000] {processor.py:756} INFO - Processing file /opt/airflow/dags/5.1-orchestration.py for tasks to queue
[2024-07-07T10:10:37.060+0000] {logging_mixin.py:120} INFO - [2024-07-07T10:10:37.060+0000] {dagbag.py:537} INFO - Filling up the DagBag from /opt/airflow/dags/5.1-orchestration.py
[2024-07-07T10:10:37.073+0000] {processor.py:766} INFO - DAG(s) dict_keys(['orquestation']) retrieved from /opt/airflow/dags/5.1-orchestration.py
[2024-07-07T10:10:37.107+0000] {logging_mixin.py:120} INFO - [2024-07-07T10:10:37.107+0000] {dag.py:2585} INFO - Sync 1 DAGs
[2024-07-07T10:10:37.130+0000] {logging_mixin.py:120} INFO - [2024-07-07T10:10:37.130+0000] {dag.py:3340} INFO - Setting next_dagrun for orquestation to 2024-07-07T00:00:00+00:00, run_after=2024-07-08T00:00:00+00:00
[2024-07-07T10:10:37.152+0000] {processor.py:176} INFO - Processing /opt/airflow/dags/5.1-orchestration.py took 0.097 seconds
[2024-07-07T10:11:07.626+0000] {processor.py:154} INFO - Started process (PID=2628) to work on /opt/airflow/dags/5.1-orchestration.py
[2024-07-07T10:11:07.627+0000] {processor.py:756} INFO - Processing file /opt/airflow/dags/5.1-orchestration.py for tasks to queue
[2024-07-07T10:11:07.627+0000] {logging_mixin.py:120} INFO - [2024-07-07T10:11:07.627+0000] {dagbag.py:537} INFO - Filling up the DagBag from /opt/airflow/dags/5.1-orchestration.py
[2024-07-07T10:11:07.641+0000] {processor.py:766} INFO - DAG(s) dict_keys(['orquestation']) retrieved from /opt/airflow/dags/5.1-orchestration.py
[2024-07-07T10:11:07.681+0000] {logging_mixin.py:120} INFO - [2024-07-07T10:11:07.681+0000] {dag.py:2585} INFO - Sync 1 DAGs
[2024-07-07T10:11:07.706+0000] {logging_mixin.py:120} INFO - [2024-07-07T10:11:07.706+0000] {dag.py:3340} INFO - Setting next_dagrun for orquestation to 2024-07-07T00:00:00+00:00, run_after=2024-07-08T00:00:00+00:00
[2024-07-07T10:11:07.726+0000] {processor.py:176} INFO - Processing /opt/airflow/dags/5.1-orchestration.py took 0.103 seconds
[2024-07-07T10:11:38.095+0000] {processor.py:154} INFO - Started process (PID=2661) to work on /opt/airflow/dags/5.1-orchestration.py
[2024-07-07T10:11:38.096+0000] {processor.py:756} INFO - Processing file /opt/airflow/dags/5.1-orchestration.py for tasks to queue
[2024-07-07T10:11:38.096+0000] {logging_mixin.py:120} INFO - [2024-07-07T10:11:38.096+0000] {dagbag.py:537} INFO - Filling up the DagBag from /opt/airflow/dags/5.1-orchestration.py
[2024-07-07T10:11:38.110+0000] {processor.py:766} INFO - DAG(s) dict_keys(['orquestation']) retrieved from /opt/airflow/dags/5.1-orchestration.py
[2024-07-07T10:11:38.146+0000] {logging_mixin.py:120} INFO - [2024-07-07T10:11:38.146+0000] {dag.py:2585} INFO - Sync 1 DAGs
[2024-07-07T10:11:38.170+0000] {logging_mixin.py:120} INFO - [2024-07-07T10:11:38.170+0000] {dag.py:3340} INFO - Setting next_dagrun for orquestation to 2024-07-07T00:00:00+00:00, run_after=2024-07-08T00:00:00+00:00
[2024-07-07T10:11:38.192+0000] {processor.py:176} INFO - Processing /opt/airflow/dags/5.1-orchestration.py took 0.100 seconds
[2024-07-07T10:12:08.695+0000] {processor.py:154} INFO - Started process (PID=2694) to work on /opt/airflow/dags/5.1-orchestration.py
[2024-07-07T10:12:08.702+0000] {processor.py:756} INFO - Processing file /opt/airflow/dags/5.1-orchestration.py for tasks to queue
[2024-07-07T10:12:08.703+0000] {logging_mixin.py:120} INFO - [2024-07-07T10:12:08.703+0000] {dagbag.py:537} INFO - Filling up the DagBag from /opt/airflow/dags/5.1-orchestration.py
[2024-07-07T10:12:08.728+0000] {processor.py:766} INFO - DAG(s) dict_keys(['orquestation']) retrieved from /opt/airflow/dags/5.1-orchestration.py
[2024-07-07T10:12:08.799+0000] {logging_mixin.py:120} INFO - [2024-07-07T10:12:08.799+0000] {dag.py:2585} INFO - Sync 1 DAGs
[2024-07-07T10:12:08.895+0000] {logging_mixin.py:120} INFO - [2024-07-07T10:12:08.895+0000] {dag.py:3340} INFO - Setting next_dagrun for orquestation to 2024-07-07T00:00:00+00:00, run_after=2024-07-08T00:00:00+00:00
[2024-07-07T10:12:08.964+0000] {processor.py:176} INFO - Processing /opt/airflow/dags/5.1-orchestration.py took 0.272 seconds
[2024-07-07T10:12:39.230+0000] {processor.py:154} INFO - Started process (PID=2727) to work on /opt/airflow/dags/5.1-orchestration.py
[2024-07-07T10:12:39.231+0000] {processor.py:756} INFO - Processing file /opt/airflow/dags/5.1-orchestration.py for tasks to queue
[2024-07-07T10:12:39.231+0000] {logging_mixin.py:120} INFO - [2024-07-07T10:12:39.231+0000] {dagbag.py:537} INFO - Filling up the DagBag from /opt/airflow/dags/5.1-orchestration.py
[2024-07-07T10:12:39.254+0000] {processor.py:766} INFO - DAG(s) dict_keys(['orquestation']) retrieved from /opt/airflow/dags/5.1-orchestration.py
[2024-07-07T10:12:39.331+0000] {logging_mixin.py:120} INFO - [2024-07-07T10:12:39.331+0000] {dag.py:2585} INFO - Sync 1 DAGs
[2024-07-07T10:12:39.399+0000] {logging_mixin.py:120} INFO - [2024-07-07T10:12:39.399+0000] {dag.py:3340} INFO - Setting next_dagrun for orquestation to 2024-07-07T00:00:00+00:00, run_after=2024-07-08T00:00:00+00:00
[2024-07-07T10:12:39.432+0000] {processor.py:176} INFO - Processing /opt/airflow/dags/5.1-orchestration.py took 0.205 seconds
[2024-07-07T10:13:09.849+0000] {processor.py:154} INFO - Started process (PID=2751) to work on /opt/airflow/dags/5.1-orchestration.py
[2024-07-07T10:13:09.850+0000] {processor.py:756} INFO - Processing file /opt/airflow/dags/5.1-orchestration.py for tasks to queue
[2024-07-07T10:13:09.850+0000] {logging_mixin.py:120} INFO - [2024-07-07T10:13:09.850+0000] {dagbag.py:537} INFO - Filling up the DagBag from /opt/airflow/dags/5.1-orchestration.py
[2024-07-07T10:13:09.868+0000] {processor.py:766} INFO - DAG(s) dict_keys(['orquestation']) retrieved from /opt/airflow/dags/5.1-orchestration.py
[2024-07-07T10:13:09.908+0000] {logging_mixin.py:120} INFO - [2024-07-07T10:13:09.908+0000] {dag.py:2585} INFO - Sync 1 DAGs
[2024-07-07T10:13:09.937+0000] {logging_mixin.py:120} INFO - [2024-07-07T10:13:09.937+0000] {dag.py:3340} INFO - Setting next_dagrun for orquestation to 2024-07-07T00:00:00+00:00, run_after=2024-07-08T00:00:00+00:00
[2024-07-07T10:13:09.961+0000] {processor.py:176} INFO - Processing /opt/airflow/dags/5.1-orchestration.py took 0.115 seconds
[2024-07-07T10:13:40.381+0000] {processor.py:154} INFO - Started process (PID=2784) to work on /opt/airflow/dags/5.1-orchestration.py
[2024-07-07T10:13:40.381+0000] {processor.py:756} INFO - Processing file /opt/airflow/dags/5.1-orchestration.py for tasks to queue
[2024-07-07T10:13:40.382+0000] {logging_mixin.py:120} INFO - [2024-07-07T10:13:40.382+0000] {dagbag.py:537} INFO - Filling up the DagBag from /opt/airflow/dags/5.1-orchestration.py
[2024-07-07T10:13:40.399+0000] {processor.py:766} INFO - DAG(s) dict_keys(['orquestation']) retrieved from /opt/airflow/dags/5.1-orchestration.py
[2024-07-07T10:13:40.437+0000] {logging_mixin.py:120} INFO - [2024-07-07T10:13:40.437+0000] {dag.py:2585} INFO - Sync 1 DAGs
[2024-07-07T10:13:40.468+0000] {logging_mixin.py:120} INFO - [2024-07-07T10:13:40.468+0000] {dag.py:3340} INFO - Setting next_dagrun for orquestation to 2024-07-07T00:00:00+00:00, run_after=2024-07-08T00:00:00+00:00
[2024-07-07T10:13:40.516+0000] {processor.py:176} INFO - Processing /opt/airflow/dags/5.1-orchestration.py took 0.138 seconds
[2024-07-07T10:14:11.237+0000] {processor.py:154} INFO - Started process (PID=2817) to work on /opt/airflow/dags/5.1-orchestration.py
[2024-07-07T10:14:11.250+0000] {processor.py:756} INFO - Processing file /opt/airflow/dags/5.1-orchestration.py for tasks to queue
[2024-07-07T10:14:11.251+0000] {logging_mixin.py:120} INFO - [2024-07-07T10:14:11.251+0000] {dagbag.py:537} INFO - Filling up the DagBag from /opt/airflow/dags/5.1-orchestration.py
[2024-07-07T10:14:11.370+0000] {processor.py:766} INFO - DAG(s) dict_keys(['orquestation']) retrieved from /opt/airflow/dags/5.1-orchestration.py
[2024-07-07T10:14:11.573+0000] {logging_mixin.py:120} INFO - [2024-07-07T10:14:11.573+0000] {dag.py:2585} INFO - Sync 1 DAGs
[2024-07-07T10:14:11.715+0000] {logging_mixin.py:120} INFO - [2024-07-07T10:14:11.715+0000] {dag.py:3340} INFO - Setting next_dagrun for orquestation to 2024-07-07T00:00:00+00:00, run_after=2024-07-08T00:00:00+00:00
[2024-07-07T10:14:11.944+0000] {processor.py:176} INFO - Processing /opt/airflow/dags/5.1-orchestration.py took 0.726 seconds
[2024-07-07T10:14:42.389+0000] {processor.py:154} INFO - Started process (PID=2841) to work on /opt/airflow/dags/5.1-orchestration.py
[2024-07-07T10:14:42.389+0000] {processor.py:756} INFO - Processing file /opt/airflow/dags/5.1-orchestration.py for tasks to queue
[2024-07-07T10:14:42.390+0000] {logging_mixin.py:120} INFO - [2024-07-07T10:14:42.390+0000] {dagbag.py:537} INFO - Filling up the DagBag from /opt/airflow/dags/5.1-orchestration.py
[2024-07-07T10:14:42.408+0000] {processor.py:766} INFO - DAG(s) dict_keys(['orquestation']) retrieved from /opt/airflow/dags/5.1-orchestration.py
[2024-07-07T10:14:42.452+0000] {logging_mixin.py:120} INFO - [2024-07-07T10:14:42.451+0000] {dag.py:2585} INFO - Sync 1 DAGs
[2024-07-07T10:14:42.479+0000] {logging_mixin.py:120} INFO - [2024-07-07T10:14:42.479+0000] {dag.py:3340} INFO - Setting next_dagrun for orquestation to 2024-07-07T00:00:00+00:00, run_after=2024-07-08T00:00:00+00:00
[2024-07-07T10:14:42.498+0000] {processor.py:176} INFO - Processing /opt/airflow/dags/5.1-orchestration.py took 0.112 seconds
[2024-07-07T10:15:13.048+0000] {processor.py:154} INFO - Started process (PID=2875) to work on /opt/airflow/dags/5.1-orchestration.py
[2024-07-07T10:15:13.070+0000] {processor.py:756} INFO - Processing file /opt/airflow/dags/5.1-orchestration.py for tasks to queue
[2024-07-07T10:15:13.071+0000] {logging_mixin.py:120} INFO - [2024-07-07T10:15:13.071+0000] {dagbag.py:537} INFO - Filling up the DagBag from /opt/airflow/dags/5.1-orchestration.py
[2024-07-07T10:15:13.098+0000] {processor.py:766} INFO - DAG(s) dict_keys(['orquestation']) retrieved from /opt/airflow/dags/5.1-orchestration.py
[2024-07-07T10:15:13.144+0000] {logging_mixin.py:120} INFO - [2024-07-07T10:15:13.144+0000] {dag.py:2585} INFO - Sync 1 DAGs
[2024-07-07T10:15:13.171+0000] {logging_mixin.py:120} INFO - [2024-07-07T10:15:13.171+0000] {dag.py:3340} INFO - Setting next_dagrun for orquestation to 2024-07-07T00:00:00+00:00, run_after=2024-07-08T00:00:00+00:00
[2024-07-07T10:15:13.188+0000] {processor.py:176} INFO - Processing /opt/airflow/dags/5.1-orchestration.py took 0.144 seconds
[2024-07-07T10:15:43.843+0000] {processor.py:154} INFO - Started process (PID=2908) to work on /opt/airflow/dags/5.1-orchestration.py
[2024-07-07T10:15:43.844+0000] {processor.py:756} INFO - Processing file /opt/airflow/dags/5.1-orchestration.py for tasks to queue
[2024-07-07T10:15:43.845+0000] {logging_mixin.py:120} INFO - [2024-07-07T10:15:43.845+0000] {dagbag.py:537} INFO - Filling up the DagBag from /opt/airflow/dags/5.1-orchestration.py
[2024-07-07T10:15:43.864+0000] {processor.py:766} INFO - DAG(s) dict_keys(['orquestation']) retrieved from /opt/airflow/dags/5.1-orchestration.py
[2024-07-07T10:15:43.900+0000] {logging_mixin.py:120} INFO - [2024-07-07T10:15:43.900+0000] {dag.py:2585} INFO - Sync 1 DAGs
[2024-07-07T10:15:43.925+0000] {logging_mixin.py:120} INFO - [2024-07-07T10:15:43.924+0000] {dag.py:3340} INFO - Setting next_dagrun for orquestation to 2024-07-07T00:00:00+00:00, run_after=2024-07-08T00:00:00+00:00
[2024-07-07T10:15:43.944+0000] {processor.py:176} INFO - Processing /opt/airflow/dags/5.1-orchestration.py took 0.103 seconds
[2024-07-07T10:16:14.521+0000] {processor.py:154} INFO - Started process (PID=2932) to work on /opt/airflow/dags/5.1-orchestration.py
[2024-07-07T10:16:14.522+0000] {processor.py:756} INFO - Processing file /opt/airflow/dags/5.1-orchestration.py for tasks to queue
[2024-07-07T10:16:14.523+0000] {logging_mixin.py:120} INFO - [2024-07-07T10:16:14.523+0000] {dagbag.py:537} INFO - Filling up the DagBag from /opt/airflow/dags/5.1-orchestration.py
[2024-07-07T10:16:14.539+0000] {processor.py:766} INFO - DAG(s) dict_keys(['orquestation']) retrieved from /opt/airflow/dags/5.1-orchestration.py
[2024-07-07T10:16:14.577+0000] {logging_mixin.py:120} INFO - [2024-07-07T10:16:14.577+0000] {dag.py:2585} INFO - Sync 1 DAGs
[2024-07-07T10:16:14.604+0000] {logging_mixin.py:120} INFO - [2024-07-07T10:16:14.603+0000] {dag.py:3340} INFO - Setting next_dagrun for orquestation to 2024-07-07T00:00:00+00:00, run_after=2024-07-08T00:00:00+00:00
[2024-07-07T10:16:14.624+0000] {processor.py:176} INFO - Processing /opt/airflow/dags/5.1-orchestration.py took 0.107 seconds
[2024-07-07T10:16:45.301+0000] {processor.py:154} INFO - Started process (PID=2967) to work on /opt/airflow/dags/5.1-orchestration.py
[2024-07-07T10:16:45.306+0000] {processor.py:756} INFO - Processing file /opt/airflow/dags/5.1-orchestration.py for tasks to queue
[2024-07-07T10:16:45.307+0000] {logging_mixin.py:120} INFO - [2024-07-07T10:16:45.307+0000] {dagbag.py:537} INFO - Filling up the DagBag from /opt/airflow/dags/5.1-orchestration.py
[2024-07-07T10:16:45.325+0000] {processor.py:766} INFO - DAG(s) dict_keys(['orquestation']) retrieved from /opt/airflow/dags/5.1-orchestration.py
[2024-07-07T10:16:45.403+0000] {logging_mixin.py:120} INFO - [2024-07-07T10:16:45.403+0000] {dag.py:2585} INFO - Sync 1 DAGs
[2024-07-07T10:16:45.430+0000] {logging_mixin.py:120} INFO - [2024-07-07T10:16:45.430+0000] {dag.py:3340} INFO - Setting next_dagrun for orquestation to 2024-07-07T00:00:00+00:00, run_after=2024-07-08T00:00:00+00:00
[2024-07-07T10:16:45.447+0000] {processor.py:176} INFO - Processing /opt/airflow/dags/5.1-orchestration.py took 0.149 seconds
[2024-07-07T10:17:15.716+0000] {processor.py:154} INFO - Started process (PID=3001) to work on /opt/airflow/dags/5.1-orchestration.py
[2024-07-07T10:17:15.717+0000] {processor.py:756} INFO - Processing file /opt/airflow/dags/5.1-orchestration.py for tasks to queue
[2024-07-07T10:17:15.717+0000] {logging_mixin.py:120} INFO - [2024-07-07T10:17:15.717+0000] {dagbag.py:537} INFO - Filling up the DagBag from /opt/airflow/dags/5.1-orchestration.py
[2024-07-07T10:17:15.735+0000] {processor.py:766} INFO - DAG(s) dict_keys(['orquestation']) retrieved from /opt/airflow/dags/5.1-orchestration.py
[2024-07-07T10:17:15.784+0000] {logging_mixin.py:120} INFO - [2024-07-07T10:17:15.784+0000] {dag.py:2585} INFO - Sync 1 DAGs
[2024-07-07T10:17:15.809+0000] {logging_mixin.py:120} INFO - [2024-07-07T10:17:15.809+0000] {dag.py:3340} INFO - Setting next_dagrun for orquestation to 2024-07-07T00:00:00+00:00, run_after=2024-07-08T00:00:00+00:00
[2024-07-07T10:17:15.830+0000] {processor.py:176} INFO - Processing /opt/airflow/dags/5.1-orchestration.py took 0.117 seconds
[2024-07-07T10:17:46.157+0000] {processor.py:154} INFO - Started process (PID=3035) to work on /opt/airflow/dags/5.1-orchestration.py
[2024-07-07T10:17:46.158+0000] {processor.py:756} INFO - Processing file /opt/airflow/dags/5.1-orchestration.py for tasks to queue
[2024-07-07T10:17:46.158+0000] {logging_mixin.py:120} INFO - [2024-07-07T10:17:46.158+0000] {dagbag.py:537} INFO - Filling up the DagBag from /opt/airflow/dags/5.1-orchestration.py
[2024-07-07T10:17:46.189+0000] {processor.py:766} INFO - DAG(s) dict_keys(['orquestation']) retrieved from /opt/airflow/dags/5.1-orchestration.py
[2024-07-07T10:17:46.225+0000] {logging_mixin.py:120} INFO - [2024-07-07T10:17:46.225+0000] {dag.py:2585} INFO - Sync 1 DAGs
[2024-07-07T10:17:46.251+0000] {logging_mixin.py:120} INFO - [2024-07-07T10:17:46.251+0000] {dag.py:3340} INFO - Setting next_dagrun for orquestation to 2024-07-07T00:00:00+00:00, run_after=2024-07-08T00:00:00+00:00
[2024-07-07T10:17:46.271+0000] {processor.py:176} INFO - Processing /opt/airflow/dags/5.1-orchestration.py took 0.117 seconds
[2024-07-07T10:18:16.779+0000] {processor.py:154} INFO - Started process (PID=3059) to work on /opt/airflow/dags/5.1-orchestration.py
[2024-07-07T10:18:16.780+0000] {processor.py:756} INFO - Processing file /opt/airflow/dags/5.1-orchestration.py for tasks to queue
[2024-07-07T10:18:16.780+0000] {logging_mixin.py:120} INFO - [2024-07-07T10:18:16.780+0000] {dagbag.py:537} INFO - Filling up the DagBag from /opt/airflow/dags/5.1-orchestration.py
[2024-07-07T10:18:16.795+0000] {processor.py:766} INFO - DAG(s) dict_keys(['orquestation']) retrieved from /opt/airflow/dags/5.1-orchestration.py
[2024-07-07T10:18:16.828+0000] {logging_mixin.py:120} INFO - [2024-07-07T10:18:16.828+0000] {dag.py:2585} INFO - Sync 1 DAGs
[2024-07-07T10:18:16.850+0000] {logging_mixin.py:120} INFO - [2024-07-07T10:18:16.850+0000] {dag.py:3340} INFO - Setting next_dagrun for orquestation to 2024-07-07T00:00:00+00:00, run_after=2024-07-08T00:00:00+00:00
[2024-07-07T10:18:16.870+0000] {processor.py:176} INFO - Processing /opt/airflow/dags/5.1-orchestration.py took 0.103 seconds
[2024-07-07T10:18:47.192+0000] {processor.py:154} INFO - Started process (PID=3093) to work on /opt/airflow/dags/5.1-orchestration.py
[2024-07-07T10:18:47.193+0000] {processor.py:756} INFO - Processing file /opt/airflow/dags/5.1-orchestration.py for tasks to queue
[2024-07-07T10:18:47.193+0000] {logging_mixin.py:120} INFO - [2024-07-07T10:18:47.193+0000] {dagbag.py:537} INFO - Filling up the DagBag from /opt/airflow/dags/5.1-orchestration.py
[2024-07-07T10:18:47.207+0000] {processor.py:766} INFO - DAG(s) dict_keys(['orquestation']) retrieved from /opt/airflow/dags/5.1-orchestration.py
[2024-07-07T10:18:47.242+0000] {logging_mixin.py:120} INFO - [2024-07-07T10:18:47.241+0000] {dag.py:2585} INFO - Sync 1 DAGs
[2024-07-07T10:18:47.265+0000] {logging_mixin.py:120} INFO - [2024-07-07T10:18:47.264+0000] {dag.py:3340} INFO - Setting next_dagrun for orquestation to 2024-07-07T00:00:00+00:00, run_after=2024-07-08T00:00:00+00:00
[2024-07-07T10:18:47.286+0000] {processor.py:176} INFO - Processing /opt/airflow/dags/5.1-orchestration.py took 0.097 seconds
[2024-07-07T10:19:17.656+0000] {processor.py:154} INFO - Started process (PID=3127) to work on /opt/airflow/dags/5.1-orchestration.py
[2024-07-07T10:19:17.658+0000] {processor.py:756} INFO - Processing file /opt/airflow/dags/5.1-orchestration.py for tasks to queue
[2024-07-07T10:19:17.660+0000] {logging_mixin.py:120} INFO - [2024-07-07T10:19:17.660+0000] {dagbag.py:537} INFO - Filling up the DagBag from /opt/airflow/dags/5.1-orchestration.py
[2024-07-07T10:19:17.703+0000] {processor.py:766} INFO - DAG(s) dict_keys(['orquestation']) retrieved from /opt/airflow/dags/5.1-orchestration.py
[2024-07-07T10:19:17.786+0000] {logging_mixin.py:120} INFO - [2024-07-07T10:19:17.785+0000] {dag.py:2585} INFO - Sync 1 DAGs
[2024-07-07T10:19:17.945+0000] {logging_mixin.py:120} INFO - [2024-07-07T10:19:17.945+0000] {dag.py:3340} INFO - Setting next_dagrun for orquestation to 2024-07-07T00:00:00+00:00, run_after=2024-07-08T00:00:00+00:00
[2024-07-07T10:19:18.120+0000] {processor.py:176} INFO - Processing /opt/airflow/dags/5.1-orchestration.py took 0.468 seconds
[2024-07-07T10:19:48.346+0000] {processor.py:154} INFO - Started process (PID=3150) to work on /opt/airflow/dags/5.1-orchestration.py
[2024-07-07T10:19:48.348+0000] {processor.py:756} INFO - Processing file /opt/airflow/dags/5.1-orchestration.py for tasks to queue
[2024-07-07T10:19:48.349+0000] {logging_mixin.py:120} INFO - [2024-07-07T10:19:48.349+0000] {dagbag.py:537} INFO - Filling up the DagBag from /opt/airflow/dags/5.1-orchestration.py
[2024-07-07T10:19:48.372+0000] {processor.py:766} INFO - DAG(s) dict_keys(['orquestation']) retrieved from /opt/airflow/dags/5.1-orchestration.py
[2024-07-07T10:19:48.431+0000] {logging_mixin.py:120} INFO - [2024-07-07T10:19:48.430+0000] {dag.py:2585} INFO - Sync 1 DAGs
[2024-07-07T10:19:48.473+0000] {logging_mixin.py:120} INFO - [2024-07-07T10:19:48.472+0000] {dag.py:3340} INFO - Setting next_dagrun for orquestation to 2024-07-07T00:00:00+00:00, run_after=2024-07-08T00:00:00+00:00
[2024-07-07T10:19:48.502+0000] {processor.py:176} INFO - Processing /opt/airflow/dags/5.1-orchestration.py took 0.159 seconds
[2024-07-07T10:20:18.783+0000] {processor.py:154} INFO - Started process (PID=3183) to work on /opt/airflow/dags/5.1-orchestration.py
[2024-07-07T10:20:18.784+0000] {processor.py:756} INFO - Processing file /opt/airflow/dags/5.1-orchestration.py for tasks to queue
[2024-07-07T10:20:18.785+0000] {logging_mixin.py:120} INFO - [2024-07-07T10:20:18.784+0000] {dagbag.py:537} INFO - Filling up the DagBag from /opt/airflow/dags/5.1-orchestration.py
[2024-07-07T10:20:18.799+0000] {processor.py:766} INFO - DAG(s) dict_keys(['orquestation']) retrieved from /opt/airflow/dags/5.1-orchestration.py
[2024-07-07T10:20:18.833+0000] {logging_mixin.py:120} INFO - [2024-07-07T10:20:18.833+0000] {dag.py:2585} INFO - Sync 1 DAGs
[2024-07-07T10:20:18.855+0000] {logging_mixin.py:120} INFO - [2024-07-07T10:20:18.854+0000] {dag.py:3340} INFO - Setting next_dagrun for orquestation to 2024-07-07T00:00:00+00:00, run_after=2024-07-08T00:00:00+00:00
[2024-07-07T10:20:18.875+0000] {processor.py:176} INFO - Processing /opt/airflow/dags/5.1-orchestration.py took 0.094 seconds
[2024-07-07T10:20:49.636+0000] {processor.py:154} INFO - Started process (PID=3217) to work on /opt/airflow/dags/5.1-orchestration.py
[2024-07-07T10:20:49.637+0000] {processor.py:756} INFO - Processing file /opt/airflow/dags/5.1-orchestration.py for tasks to queue
[2024-07-07T10:20:49.638+0000] {logging_mixin.py:120} INFO - [2024-07-07T10:20:49.638+0000] {dagbag.py:537} INFO - Filling up the DagBag from /opt/airflow/dags/5.1-orchestration.py
[2024-07-07T10:20:49.654+0000] {processor.py:766} INFO - DAG(s) dict_keys(['orquestation']) retrieved from /opt/airflow/dags/5.1-orchestration.py
[2024-07-07T10:20:49.695+0000] {logging_mixin.py:120} INFO - [2024-07-07T10:20:49.694+0000] {dag.py:2585} INFO - Sync 1 DAGs
[2024-07-07T10:20:49.721+0000] {logging_mixin.py:120} INFO - [2024-07-07T10:20:49.721+0000] {dag.py:3340} INFO - Setting next_dagrun for orquestation to 2024-07-07T00:00:00+00:00, run_after=2024-07-08T00:00:00+00:00
[2024-07-07T10:20:49.741+0000] {processor.py:176} INFO - Processing /opt/airflow/dags/5.1-orchestration.py took 0.109 seconds
[2024-07-07T10:21:20.098+0000] {processor.py:154} INFO - Started process (PID=3252) to work on /opt/airflow/dags/5.1-orchestration.py
[2024-07-07T10:21:20.099+0000] {processor.py:756} INFO - Processing file /opt/airflow/dags/5.1-orchestration.py for tasks to queue
[2024-07-07T10:21:20.100+0000] {logging_mixin.py:120} INFO - [2024-07-07T10:21:20.100+0000] {dagbag.py:537} INFO - Filling up the DagBag from /opt/airflow/dags/5.1-orchestration.py
[2024-07-07T10:21:20.127+0000] {processor.py:766} INFO - DAG(s) dict_keys(['orquestation']) retrieved from /opt/airflow/dags/5.1-orchestration.py
[2024-07-07T10:21:20.166+0000] {logging_mixin.py:120} INFO - [2024-07-07T10:21:20.166+0000] {dag.py:2585} INFO - Sync 1 DAGs
[2024-07-07T10:21:20.193+0000] {logging_mixin.py:120} INFO - [2024-07-07T10:21:20.193+0000] {dag.py:3340} INFO - Setting next_dagrun for orquestation to 2024-07-07T00:00:00+00:00, run_after=2024-07-08T00:00:00+00:00
[2024-07-07T10:21:20.215+0000] {processor.py:176} INFO - Processing /opt/airflow/dags/5.1-orchestration.py took 0.124 seconds
[2024-07-07T10:21:50.818+0000] {processor.py:154} INFO - Started process (PID=3277) to work on /opt/airflow/dags/5.1-orchestration.py
[2024-07-07T10:21:50.819+0000] {processor.py:756} INFO - Processing file /opt/airflow/dags/5.1-orchestration.py for tasks to queue
[2024-07-07T10:21:50.820+0000] {logging_mixin.py:120} INFO - [2024-07-07T10:21:50.820+0000] {dagbag.py:537} INFO - Filling up the DagBag from /opt/airflow/dags/5.1-orchestration.py
[2024-07-07T10:21:50.836+0000] {processor.py:766} INFO - DAG(s) dict_keys(['orquestation']) retrieved from /opt/airflow/dags/5.1-orchestration.py
[2024-07-07T10:21:50.879+0000] {logging_mixin.py:120} INFO - [2024-07-07T10:21:50.879+0000] {dag.py:2585} INFO - Sync 1 DAGs
[2024-07-07T10:21:50.922+0000] {logging_mixin.py:120} INFO - [2024-07-07T10:21:50.922+0000] {dag.py:3340} INFO - Setting next_dagrun for orquestation to 2024-07-07T00:00:00+00:00, run_after=2024-07-08T00:00:00+00:00
[2024-07-07T10:21:50.955+0000] {processor.py:176} INFO - Processing /opt/airflow/dags/5.1-orchestration.py took 0.140 seconds
[2024-07-07T10:22:21.586+0000] {processor.py:154} INFO - Started process (PID=3311) to work on /opt/airflow/dags/5.1-orchestration.py
[2024-07-07T10:22:21.588+0000] {processor.py:756} INFO - Processing file /opt/airflow/dags/5.1-orchestration.py for tasks to queue
[2024-07-07T10:22:21.589+0000] {logging_mixin.py:120} INFO - [2024-07-07T10:22:21.589+0000] {dagbag.py:537} INFO - Filling up the DagBag from /opt/airflow/dags/5.1-orchestration.py
[2024-07-07T10:22:21.607+0000] {processor.py:766} INFO - DAG(s) dict_keys(['orquestation']) retrieved from /opt/airflow/dags/5.1-orchestration.py
[2024-07-07T10:22:21.651+0000] {logging_mixin.py:120} INFO - [2024-07-07T10:22:21.651+0000] {dag.py:2585} INFO - Sync 1 DAGs
[2024-07-07T10:22:21.702+0000] {logging_mixin.py:120} INFO - [2024-07-07T10:22:21.702+0000] {dag.py:3340} INFO - Setting next_dagrun for orquestation to 2024-07-07T00:00:00+00:00, run_after=2024-07-08T00:00:00+00:00
[2024-07-07T10:22:21.722+0000] {processor.py:176} INFO - Processing /opt/airflow/dags/5.1-orchestration.py took 0.139 seconds
[2024-07-07T10:22:52.387+0000] {processor.py:154} INFO - Started process (PID=3345) to work on /opt/airflow/dags/5.1-orchestration.py
[2024-07-07T10:22:52.389+0000] {processor.py:756} INFO - Processing file /opt/airflow/dags/5.1-orchestration.py for tasks to queue
[2024-07-07T10:22:52.390+0000] {logging_mixin.py:120} INFO - [2024-07-07T10:22:52.389+0000] {dagbag.py:537} INFO - Filling up the DagBag from /opt/airflow/dags/5.1-orchestration.py
[2024-07-07T10:22:52.408+0000] {processor.py:766} INFO - DAG(s) dict_keys(['orquestation']) retrieved from /opt/airflow/dags/5.1-orchestration.py
[2024-07-07T10:22:52.447+0000] {logging_mixin.py:120} INFO - [2024-07-07T10:22:52.446+0000] {dag.py:2585} INFO - Sync 1 DAGs
[2024-07-07T10:22:52.474+0000] {logging_mixin.py:120} INFO - [2024-07-07T10:22:52.474+0000] {dag.py:3340} INFO - Setting next_dagrun for orquestation to 2024-07-07T00:00:00+00:00, run_after=2024-07-08T00:00:00+00:00
[2024-07-07T10:22:52.496+0000] {processor.py:176} INFO - Processing /opt/airflow/dags/5.1-orchestration.py took 0.112 seconds
[2024-07-07T10:23:22.582+0000] {processor.py:154} INFO - Started process (PID=3379) to work on /opt/airflow/dags/5.1-orchestration.py
[2024-07-07T10:23:22.584+0000] {processor.py:756} INFO - Processing file /opt/airflow/dags/5.1-orchestration.py for tasks to queue
[2024-07-07T10:23:22.584+0000] {logging_mixin.py:120} INFO - [2024-07-07T10:23:22.584+0000] {dagbag.py:537} INFO - Filling up the DagBag from /opt/airflow/dags/5.1-orchestration.py
[2024-07-07T10:23:22.607+0000] {processor.py:766} INFO - DAG(s) dict_keys(['orquestation']) retrieved from /opt/airflow/dags/5.1-orchestration.py
[2024-07-07T10:23:22.675+0000] {logging_mixin.py:120} INFO - [2024-07-07T10:23:22.674+0000] {dag.py:2585} INFO - Sync 1 DAGs
[2024-07-07T10:23:22.703+0000] {logging_mixin.py:120} INFO - [2024-07-07T10:23:22.703+0000] {dag.py:3340} INFO - Setting next_dagrun for orquestation to 2024-07-07T00:00:00+00:00, run_after=2024-07-08T00:00:00+00:00
[2024-07-07T10:23:22.736+0000] {processor.py:176} INFO - Processing /opt/airflow/dags/5.1-orchestration.py took 0.158 seconds
[2024-07-07T10:23:52.979+0000] {processor.py:154} INFO - Started process (PID=3404) to work on /opt/airflow/dags/5.1-orchestration.py
[2024-07-07T10:23:52.979+0000] {processor.py:756} INFO - Processing file /opt/airflow/dags/5.1-orchestration.py for tasks to queue
[2024-07-07T10:23:52.980+0000] {logging_mixin.py:120} INFO - [2024-07-07T10:23:52.980+0000] {dagbag.py:537} INFO - Filling up the DagBag from /opt/airflow/dags/5.1-orchestration.py
[2024-07-07T10:23:52.995+0000] {processor.py:766} INFO - DAG(s) dict_keys(['orquestation']) retrieved from /opt/airflow/dags/5.1-orchestration.py
[2024-07-07T10:23:53.030+0000] {logging_mixin.py:120} INFO - [2024-07-07T10:23:53.030+0000] {dag.py:2585} INFO - Sync 1 DAGs
[2024-07-07T10:23:53.054+0000] {logging_mixin.py:120} INFO - [2024-07-07T10:23:53.054+0000] {dag.py:3340} INFO - Setting next_dagrun for orquestation to 2024-07-07T00:00:00+00:00, run_after=2024-07-08T00:00:00+00:00
[2024-07-07T10:23:53.073+0000] {processor.py:176} INFO - Processing /opt/airflow/dags/5.1-orchestration.py took 0.097 seconds
[2024-07-07T10:24:23.437+0000] {processor.py:154} INFO - Started process (PID=3438) to work on /opt/airflow/dags/5.1-orchestration.py
[2024-07-07T10:24:23.439+0000] {processor.py:756} INFO - Processing file /opt/airflow/dags/5.1-orchestration.py for tasks to queue
[2024-07-07T10:24:23.439+0000] {logging_mixin.py:120} INFO - [2024-07-07T10:24:23.439+0000] {dagbag.py:537} INFO - Filling up the DagBag from /opt/airflow/dags/5.1-orchestration.py
[2024-07-07T10:24:23.457+0000] {processor.py:766} INFO - DAG(s) dict_keys(['orquestation']) retrieved from /opt/airflow/dags/5.1-orchestration.py
[2024-07-07T10:24:23.500+0000] {logging_mixin.py:120} INFO - [2024-07-07T10:24:23.500+0000] {dag.py:2585} INFO - Sync 1 DAGs
[2024-07-07T10:24:23.542+0000] {logging_mixin.py:120} INFO - [2024-07-07T10:24:23.541+0000] {dag.py:3340} INFO - Setting next_dagrun for orquestation to 2024-07-07T00:00:00+00:00, run_after=2024-07-08T00:00:00+00:00
[2024-07-07T10:24:23.569+0000] {processor.py:176} INFO - Processing /opt/airflow/dags/5.1-orchestration.py took 0.136 seconds
[2024-07-07T10:24:53.717+0000] {processor.py:154} INFO - Started process (PID=3471) to work on /opt/airflow/dags/5.1-orchestration.py
[2024-07-07T10:24:53.717+0000] {processor.py:756} INFO - Processing file /opt/airflow/dags/5.1-orchestration.py for tasks to queue
[2024-07-07T10:24:53.718+0000] {logging_mixin.py:120} INFO - [2024-07-07T10:24:53.718+0000] {dagbag.py:537} INFO - Filling up the DagBag from /opt/airflow/dags/5.1-orchestration.py
[2024-07-07T10:24:53.733+0000] {processor.py:766} INFO - DAG(s) dict_keys(['orquestation']) retrieved from /opt/airflow/dags/5.1-orchestration.py
[2024-07-07T10:24:53.771+0000] {logging_mixin.py:120} INFO - [2024-07-07T10:24:53.770+0000] {dag.py:2585} INFO - Sync 1 DAGs
[2024-07-07T10:24:53.798+0000] {logging_mixin.py:120} INFO - [2024-07-07T10:24:53.798+0000] {dag.py:3340} INFO - Setting next_dagrun for orquestation to 2024-07-07T00:00:00+00:00, run_after=2024-07-08T00:00:00+00:00
[2024-07-07T10:24:53.820+0000] {processor.py:176} INFO - Processing /opt/airflow/dags/5.1-orchestration.py took 0.107 seconds
[2024-07-07T10:25:24.526+0000] {processor.py:154} INFO - Started process (PID=3496) to work on /opt/airflow/dags/5.1-orchestration.py
[2024-07-07T10:25:24.527+0000] {processor.py:756} INFO - Processing file /opt/airflow/dags/5.1-orchestration.py for tasks to queue
[2024-07-07T10:25:24.528+0000] {logging_mixin.py:120} INFO - [2024-07-07T10:25:24.528+0000] {dagbag.py:537} INFO - Filling up the DagBag from /opt/airflow/dags/5.1-orchestration.py
[2024-07-07T10:25:24.541+0000] {processor.py:766} INFO - DAG(s) dict_keys(['orquestation']) retrieved from /opt/airflow/dags/5.1-orchestration.py
[2024-07-07T10:25:24.576+0000] {logging_mixin.py:120} INFO - [2024-07-07T10:25:24.576+0000] {dag.py:2585} INFO - Sync 1 DAGs
[2024-07-07T10:25:24.600+0000] {logging_mixin.py:120} INFO - [2024-07-07T10:25:24.600+0000] {dag.py:3340} INFO - Setting next_dagrun for orquestation to 2024-07-07T00:00:00+00:00, run_after=2024-07-08T00:00:00+00:00
[2024-07-07T10:25:24.621+0000] {processor.py:176} INFO - Processing /opt/airflow/dags/5.1-orchestration.py took 0.098 seconds
[2024-07-07T10:25:54.977+0000] {processor.py:154} INFO - Started process (PID=3530) to work on /opt/airflow/dags/5.1-orchestration.py
[2024-07-07T10:25:54.978+0000] {processor.py:756} INFO - Processing file /opt/airflow/dags/5.1-orchestration.py for tasks to queue
[2024-07-07T10:25:54.979+0000] {logging_mixin.py:120} INFO - [2024-07-07T10:25:54.979+0000] {dagbag.py:537} INFO - Filling up the DagBag from /opt/airflow/dags/5.1-orchestration.py
[2024-07-07T10:25:55.005+0000] {processor.py:766} INFO - DAG(s) dict_keys(['orquestation']) retrieved from /opt/airflow/dags/5.1-orchestration.py
[2024-07-07T10:25:55.046+0000] {logging_mixin.py:120} INFO - [2024-07-07T10:25:55.046+0000] {dag.py:2585} INFO - Sync 1 DAGs
[2024-07-07T10:25:55.077+0000] {logging_mixin.py:120} INFO - [2024-07-07T10:25:55.076+0000] {dag.py:3340} INFO - Setting next_dagrun for orquestation to 2024-07-07T00:00:00+00:00, run_after=2024-07-08T00:00:00+00:00
[2024-07-07T10:25:55.098+0000] {processor.py:176} INFO - Processing /opt/airflow/dags/5.1-orchestration.py took 0.125 seconds
[2024-07-07T10:26:25.623+0000] {processor.py:154} INFO - Started process (PID=3564) to work on /opt/airflow/dags/5.1-orchestration.py
[2024-07-07T10:26:25.625+0000] {processor.py:756} INFO - Processing file /opt/airflow/dags/5.1-orchestration.py for tasks to queue
[2024-07-07T10:26:25.625+0000] {logging_mixin.py:120} INFO - [2024-07-07T10:26:25.625+0000] {dagbag.py:537} INFO - Filling up the DagBag from /opt/airflow/dags/5.1-orchestration.py
[2024-07-07T10:26:25.643+0000] {processor.py:766} INFO - DAG(s) dict_keys(['orquestation']) retrieved from /opt/airflow/dags/5.1-orchestration.py
[2024-07-07T10:26:25.689+0000] {logging_mixin.py:120} INFO - [2024-07-07T10:26:25.689+0000] {dag.py:2585} INFO - Sync 1 DAGs
[2024-07-07T10:26:25.724+0000] {logging_mixin.py:120} INFO - [2024-07-07T10:26:25.724+0000] {dag.py:3340} INFO - Setting next_dagrun for orquestation to 2024-07-07T00:00:00+00:00, run_after=2024-07-08T00:00:00+00:00
[2024-07-07T10:26:25.748+0000] {processor.py:176} INFO - Processing /opt/airflow/dags/5.1-orchestration.py took 0.128 seconds
[2024-07-07T10:26:56.123+0000] {processor.py:154} INFO - Started process (PID=3590) to work on /opt/airflow/dags/5.1-orchestration.py
[2024-07-07T10:26:56.124+0000] {processor.py:756} INFO - Processing file /opt/airflow/dags/5.1-orchestration.py for tasks to queue
[2024-07-07T10:26:56.124+0000] {logging_mixin.py:120} INFO - [2024-07-07T10:26:56.124+0000] {dagbag.py:537} INFO - Filling up the DagBag from /opt/airflow/dags/5.1-orchestration.py
[2024-07-07T10:26:56.142+0000] {processor.py:766} INFO - DAG(s) dict_keys(['orquestation']) retrieved from /opt/airflow/dags/5.1-orchestration.py
[2024-07-07T10:26:56.186+0000] {logging_mixin.py:120} INFO - [2024-07-07T10:26:56.185+0000] {dag.py:2585} INFO - Sync 1 DAGs
[2024-07-07T10:26:56.214+0000] {logging_mixin.py:120} INFO - [2024-07-07T10:26:56.214+0000] {dag.py:3340} INFO - Setting next_dagrun for orquestation to 2024-07-07T00:00:00+00:00, run_after=2024-07-08T00:00:00+00:00
[2024-07-07T10:26:56.239+0000] {processor.py:176} INFO - Processing /opt/airflow/dags/5.1-orchestration.py took 0.121 seconds
[2024-07-07T10:27:27.220+0000] {processor.py:154} INFO - Started process (PID=3624) to work on /opt/airflow/dags/5.1-orchestration.py
[2024-07-07T10:27:27.228+0000] {processor.py:756} INFO - Processing file /opt/airflow/dags/5.1-orchestration.py for tasks to queue
[2024-07-07T10:27:27.228+0000] {logging_mixin.py:120} INFO - [2024-07-07T10:27:27.228+0000] {dagbag.py:537} INFO - Filling up the DagBag from /opt/airflow/dags/5.1-orchestration.py
[2024-07-07T10:27:27.248+0000] {processor.py:766} INFO - DAG(s) dict_keys(['orquestation']) retrieved from /opt/airflow/dags/5.1-orchestration.py
[2024-07-07T10:27:27.331+0000] {logging_mixin.py:120} INFO - [2024-07-07T10:27:27.331+0000] {dag.py:2585} INFO - Sync 1 DAGs
[2024-07-07T10:27:27.394+0000] {logging_mixin.py:120} INFO - [2024-07-07T10:27:27.394+0000] {dag.py:3340} INFO - Setting next_dagrun for orquestation to 2024-07-07T00:00:00+00:00, run_after=2024-07-08T00:00:00+00:00
[2024-07-07T10:27:27.423+0000] {processor.py:176} INFO - Processing /opt/airflow/dags/5.1-orchestration.py took 0.208 seconds
[2024-07-07T10:27:58.067+0000] {processor.py:154} INFO - Started process (PID=3661) to work on /opt/airflow/dags/5.1-orchestration.py
[2024-07-07T10:27:58.068+0000] {processor.py:756} INFO - Processing file /opt/airflow/dags/5.1-orchestration.py for tasks to queue
[2024-07-07T10:27:58.069+0000] {logging_mixin.py:120} INFO - [2024-07-07T10:27:58.069+0000] {dagbag.py:537} INFO - Filling up the DagBag from /opt/airflow/dags/5.1-orchestration.py
[2024-07-07T10:27:58.088+0000] {processor.py:766} INFO - DAG(s) dict_keys(['orquestation']) retrieved from /opt/airflow/dags/5.1-orchestration.py
[2024-07-07T10:27:58.126+0000] {logging_mixin.py:120} INFO - [2024-07-07T10:27:58.126+0000] {dag.py:2585} INFO - Sync 1 DAGs
[2024-07-07T10:27:58.159+0000] {logging_mixin.py:120} INFO - [2024-07-07T10:27:58.159+0000] {dag.py:3340} INFO - Setting next_dagrun for orquestation to 2024-07-07T00:00:00+00:00, run_after=2024-07-08T00:00:00+00:00
[2024-07-07T10:27:58.185+0000] {processor.py:176} INFO - Processing /opt/airflow/dags/5.1-orchestration.py took 0.123 seconds
[2024-07-07T10:28:28.629+0000] {processor.py:154} INFO - Started process (PID=3686) to work on /opt/airflow/dags/5.1-orchestration.py
[2024-07-07T10:28:28.631+0000] {processor.py:756} INFO - Processing file /opt/airflow/dags/5.1-orchestration.py for tasks to queue
[2024-07-07T10:28:28.631+0000] {logging_mixin.py:120} INFO - [2024-07-07T10:28:28.631+0000] {dagbag.py:537} INFO - Filling up the DagBag from /opt/airflow/dags/5.1-orchestration.py
[2024-07-07T10:28:28.647+0000] {processor.py:766} INFO - DAG(s) dict_keys(['orquestation']) retrieved from /opt/airflow/dags/5.1-orchestration.py
[2024-07-07T10:28:28.685+0000] {logging_mixin.py:120} INFO - [2024-07-07T10:28:28.684+0000] {dag.py:2585} INFO - Sync 1 DAGs
[2024-07-07T10:28:28.714+0000] {logging_mixin.py:120} INFO - [2024-07-07T10:28:28.714+0000] {dag.py:3340} INFO - Setting next_dagrun for orquestation to 2024-07-07T00:00:00+00:00, run_after=2024-07-08T00:00:00+00:00
[2024-07-07T10:28:28.736+0000] {processor.py:176} INFO - Processing /opt/airflow/dags/5.1-orchestration.py took 0.111 seconds
[2024-07-07T10:28:59.422+0000] {processor.py:154} INFO - Started process (PID=3721) to work on /opt/airflow/dags/5.1-orchestration.py
[2024-07-07T10:28:59.423+0000] {processor.py:756} INFO - Processing file /opt/airflow/dags/5.1-orchestration.py for tasks to queue
[2024-07-07T10:28:59.424+0000] {logging_mixin.py:120} INFO - [2024-07-07T10:28:59.424+0000] {dagbag.py:537} INFO - Filling up the DagBag from /opt/airflow/dags/5.1-orchestration.py
[2024-07-07T10:28:59.441+0000] {processor.py:766} INFO - DAG(s) dict_keys(['orquestation']) retrieved from /opt/airflow/dags/5.1-orchestration.py
[2024-07-07T10:28:59.482+0000] {logging_mixin.py:120} INFO - [2024-07-07T10:28:59.482+0000] {dag.py:2585} INFO - Sync 1 DAGs
[2024-07-07T10:28:59.510+0000] {logging_mixin.py:120} INFO - [2024-07-07T10:28:59.510+0000] {dag.py:3340} INFO - Setting next_dagrun for orquestation to 2024-07-07T00:00:00+00:00, run_after=2024-07-08T00:00:00+00:00
[2024-07-07T10:28:59.533+0000] {processor.py:176} INFO - Processing /opt/airflow/dags/5.1-orchestration.py took 0.114 seconds
[2024-07-07T10:29:30.153+0000] {processor.py:154} INFO - Started process (PID=3756) to work on /opt/airflow/dags/5.1-orchestration.py
[2024-07-07T10:29:30.155+0000] {processor.py:756} INFO - Processing file /opt/airflow/dags/5.1-orchestration.py for tasks to queue
[2024-07-07T10:29:30.155+0000] {logging_mixin.py:120} INFO - [2024-07-07T10:29:30.155+0000] {dagbag.py:537} INFO - Filling up the DagBag from /opt/airflow/dags/5.1-orchestration.py
[2024-07-07T10:29:30.171+0000] {processor.py:766} INFO - DAG(s) dict_keys(['orquestation']) retrieved from /opt/airflow/dags/5.1-orchestration.py
[2024-07-07T10:29:30.213+0000] {logging_mixin.py:120} INFO - [2024-07-07T10:29:30.213+0000] {dag.py:2585} INFO - Sync 1 DAGs
[2024-07-07T10:29:30.242+0000] {logging_mixin.py:120} INFO - [2024-07-07T10:29:30.242+0000] {dag.py:3340} INFO - Setting next_dagrun for orquestation to 2024-07-07T00:00:00+00:00, run_after=2024-07-08T00:00:00+00:00
[2024-07-07T10:29:30.262+0000] {processor.py:176} INFO - Processing /opt/airflow/dags/5.1-orchestration.py took 0.112 seconds
[2024-07-07T10:30:00.723+0000] {processor.py:154} INFO - Started process (PID=3790) to work on /opt/airflow/dags/5.1-orchestration.py
[2024-07-07T10:30:00.724+0000] {processor.py:756} INFO - Processing file /opt/airflow/dags/5.1-orchestration.py for tasks to queue
[2024-07-07T10:30:00.725+0000] {logging_mixin.py:120} INFO - [2024-07-07T10:30:00.725+0000] {dagbag.py:537} INFO - Filling up the DagBag from /opt/airflow/dags/5.1-orchestration.py
[2024-07-07T10:30:00.747+0000] {processor.py:766} INFO - DAG(s) dict_keys(['orquestation']) retrieved from /opt/airflow/dags/5.1-orchestration.py
[2024-07-07T10:30:00.791+0000] {logging_mixin.py:120} INFO - [2024-07-07T10:30:00.790+0000] {dag.py:2585} INFO - Sync 1 DAGs
[2024-07-07T10:30:00.817+0000] {logging_mixin.py:120} INFO - [2024-07-07T10:30:00.817+0000] {dag.py:3340} INFO - Setting next_dagrun for orquestation to 2024-07-07T00:00:00+00:00, run_after=2024-07-08T00:00:00+00:00
[2024-07-07T10:30:00.841+0000] {processor.py:176} INFO - Processing /opt/airflow/dags/5.1-orchestration.py took 0.122 seconds
[2024-07-07T10:30:31.711+0000] {processor.py:154} INFO - Started process (PID=3816) to work on /opt/airflow/dags/5.1-orchestration.py
[2024-07-07T10:30:31.713+0000] {processor.py:756} INFO - Processing file /opt/airflow/dags/5.1-orchestration.py for tasks to queue
[2024-07-07T10:30:31.714+0000] {logging_mixin.py:120} INFO - [2024-07-07T10:30:31.713+0000] {dagbag.py:537} INFO - Filling up the DagBag from /opt/airflow/dags/5.1-orchestration.py
[2024-07-07T10:30:31.733+0000] {processor.py:766} INFO - DAG(s) dict_keys(['orquestation']) retrieved from /opt/airflow/dags/5.1-orchestration.py
[2024-07-07T10:30:31.774+0000] {logging_mixin.py:120} INFO - [2024-07-07T10:30:31.774+0000] {dag.py:2585} INFO - Sync 1 DAGs
[2024-07-07T10:30:31.800+0000] {logging_mixin.py:120} INFO - [2024-07-07T10:30:31.800+0000] {dag.py:3340} INFO - Setting next_dagrun for orquestation to 2024-07-07T00:00:00+00:00, run_after=2024-07-08T00:00:00+00:00
[2024-07-07T10:30:31.826+0000] {processor.py:176} INFO - Processing /opt/airflow/dags/5.1-orchestration.py took 0.118 seconds
