[2024-07-07T17:30:02.303+0000] {processor.py:154} INFO - Started process (PID=14623) to work on /opt/airflow/dags/6.1-monitoring.py
[2024-07-07T17:30:02.304+0000] {processor.py:756} INFO - Processing file /opt/airflow/dags/6.1-monitoring.py for tasks to queue
[2024-07-07T17:30:02.305+0000] {logging_mixin.py:120} INFO - [2024-07-07T17:30:02.305+0000] {dagbag.py:537} INFO - Filling up the DagBag from /opt/airflow/dags/6.1-monitoring.py
[2024-07-07T17:30:02.333+0000] {processor.py:766} INFO - DAG(s) dict_keys(['monitoring']) retrieved from /opt/airflow/dags/6.1-monitoring.py
[2024-07-07T17:30:02.682+0000] {logging_mixin.py:120} INFO - [2024-07-07T17:30:02.682+0000] {manager.py:507} INFO - Created Permission View: can read on DAG:monitoring
[2024-07-07T17:30:02.695+0000] {logging_mixin.py:120} INFO - [2024-07-07T17:30:02.695+0000] {manager.py:507} INFO - Created Permission View: can edit on DAG:monitoring
[2024-07-07T17:30:02.705+0000] {logging_mixin.py:120} INFO - [2024-07-07T17:30:02.705+0000] {manager.py:507} INFO - Created Permission View: can delete on DAG:monitoring
[2024-07-07T17:30:02.705+0000] {logging_mixin.py:120} INFO - [2024-07-07T17:30:02.705+0000] {dag.py:2585} INFO - Sync 1 DAGs
[2024-07-07T17:30:02.721+0000] {logging_mixin.py:120} INFO - [2024-07-07T17:30:02.721+0000] {dag.py:2606} INFO - Creating ORM DAG for monitoring
[2024-07-07T17:30:02.734+0000] {logging_mixin.py:120} INFO - [2024-07-07T17:30:02.733+0000] {dag.py:3340} INFO - Setting next_dagrun for monitoring to 2024-01-01T00:00:00+00:00, run_after=2024-01-02T00:00:00+00:00
[2024-07-07T17:30:02.756+0000] {processor.py:176} INFO - Processing /opt/airflow/dags/6.1-monitoring.py took 0.456 seconds
[2024-07-07T17:30:12.194+0000] {processor.py:154} INFO - Started process (PID=14638) to work on /opt/airflow/dags/6.1-monitoring.py
[2024-07-07T17:30:12.195+0000] {processor.py:756} INFO - Processing file /opt/airflow/dags/6.1-monitoring.py for tasks to queue
[2024-07-07T17:30:12.196+0000] {logging_mixin.py:120} INFO - [2024-07-07T17:30:12.195+0000] {dagbag.py:537} INFO - Filling up the DagBag from /opt/airflow/dags/6.1-monitoring.py
[2024-07-07T17:30:12.216+0000] {processor.py:766} INFO - DAG(s) dict_keys(['monitoring']) retrieved from /opt/airflow/dags/6.1-monitoring.py
[2024-07-07T17:30:12.244+0000] {logging_mixin.py:120} INFO - [2024-07-07T17:30:12.243+0000] {dag.py:2585} INFO - Sync 1 DAGs
[2024-07-07T17:30:12.270+0000] {logging_mixin.py:120} INFO - [2024-07-07T17:30:12.270+0000] {dag.py:3340} INFO - Setting next_dagrun for monitoring to 2024-01-01T00:00:00+00:00, run_after=2024-01-02T00:00:00+00:00
[2024-07-07T17:30:12.299+0000] {processor.py:176} INFO - Processing /opt/airflow/dags/6.1-monitoring.py took 0.109 seconds
[2024-07-07T17:30:21.414+0000] {processor.py:154} INFO - Started process (PID=14647) to work on /opt/airflow/dags/6.1-monitoring.py
[2024-07-07T17:30:21.415+0000] {processor.py:756} INFO - Processing file /opt/airflow/dags/6.1-monitoring.py for tasks to queue
[2024-07-07T17:30:21.416+0000] {logging_mixin.py:120} INFO - [2024-07-07T17:30:21.416+0000] {dagbag.py:537} INFO - Filling up the DagBag from /opt/airflow/dags/6.1-monitoring.py
[2024-07-07T17:30:21.463+0000] {processor.py:766} INFO - DAG(s) dict_keys(['monitoring']) retrieved from /opt/airflow/dags/6.1-monitoring.py
[2024-07-07T17:30:21.597+0000] {logging_mixin.py:120} INFO - [2024-07-07T17:30:21.596+0000] {dag.py:2585} INFO - Sync 1 DAGs
[2024-07-07T17:30:21.693+0000] {logging_mixin.py:120} INFO - [2024-07-07T17:30:21.692+0000] {dag.py:3340} INFO - Setting next_dagrun for monitoring to 2024-01-01T00:00:00+00:00, run_after=2024-01-02T00:00:00+00:00
[2024-07-07T17:30:21.750+0000] {processor.py:176} INFO - Processing /opt/airflow/dags/6.1-monitoring.py took 0.360 seconds
[2024-07-07T17:30:47.944+0000] {processor.py:154} INFO - Started process (PID=14673) to work on /opt/airflow/dags/6.1-monitoring.py
[2024-07-07T17:30:47.945+0000] {processor.py:756} INFO - Processing file /opt/airflow/dags/6.1-monitoring.py for tasks to queue
[2024-07-07T17:30:47.947+0000] {logging_mixin.py:120} INFO - [2024-07-07T17:30:47.947+0000] {dagbag.py:537} INFO - Filling up the DagBag from /opt/airflow/dags/6.1-monitoring.py
[2024-07-07T17:30:47.969+0000] {processor.py:766} INFO - DAG(s) dict_keys(['monitoring']) retrieved from /opt/airflow/dags/6.1-monitoring.py
[2024-07-07T17:30:48.014+0000] {logging_mixin.py:120} INFO - [2024-07-07T17:30:48.014+0000] {dag.py:2585} INFO - Sync 1 DAGs
[2024-07-07T17:30:48.042+0000] {logging_mixin.py:120} INFO - [2024-07-07T17:30:48.041+0000] {dag.py:3340} INFO - Setting next_dagrun for monitoring to 2024-01-01T00:00:00+00:00, run_after=2024-01-02T00:00:00+00:00
[2024-07-07T17:30:48.064+0000] {processor.py:176} INFO - Processing /opt/airflow/dags/6.1-monitoring.py took 0.123 seconds
[2024-07-07T17:31:18.519+0000] {processor.py:154} INFO - Started process (PID=14700) to work on /opt/airflow/dags/6.1-monitoring.py
[2024-07-07T17:31:18.520+0000] {processor.py:756} INFO - Processing file /opt/airflow/dags/6.1-monitoring.py for tasks to queue
[2024-07-07T17:31:18.521+0000] {logging_mixin.py:120} INFO - [2024-07-07T17:31:18.521+0000] {dagbag.py:537} INFO - Filling up the DagBag from /opt/airflow/dags/6.1-monitoring.py
[2024-07-07T17:31:18.540+0000] {processor.py:766} INFO - DAG(s) dict_keys(['monitoring']) retrieved from /opt/airflow/dags/6.1-monitoring.py
[2024-07-07T17:31:18.580+0000] {logging_mixin.py:120} INFO - [2024-07-07T17:31:18.580+0000] {dag.py:2585} INFO - Sync 1 DAGs
[2024-07-07T17:31:18.608+0000] {logging_mixin.py:120} INFO - [2024-07-07T17:31:18.607+0000] {dag.py:3340} INFO - Setting next_dagrun for monitoring to 2024-01-01T00:00:00+00:00, run_after=2024-01-02T00:00:00+00:00
[2024-07-07T17:31:18.628+0000] {processor.py:176} INFO - Processing /opt/airflow/dags/6.1-monitoring.py took 0.112 seconds
[2024-07-07T17:31:49.475+0000] {processor.py:154} INFO - Started process (PID=14736) to work on /opt/airflow/dags/6.1-monitoring.py
[2024-07-07T17:31:49.476+0000] {processor.py:756} INFO - Processing file /opt/airflow/dags/6.1-monitoring.py for tasks to queue
[2024-07-07T17:31:49.477+0000] {logging_mixin.py:120} INFO - [2024-07-07T17:31:49.477+0000] {dagbag.py:537} INFO - Filling up the DagBag from /opt/airflow/dags/6.1-monitoring.py
[2024-07-07T17:31:49.504+0000] {processor.py:766} INFO - DAG(s) dict_keys(['monitoring']) retrieved from /opt/airflow/dags/6.1-monitoring.py
[2024-07-07T17:31:49.560+0000] {logging_mixin.py:120} INFO - [2024-07-07T17:31:49.560+0000] {dag.py:2585} INFO - Sync 1 DAGs
[2024-07-07T17:31:49.603+0000] {logging_mixin.py:120} INFO - [2024-07-07T17:31:49.603+0000] {dag.py:3340} INFO - Setting next_dagrun for monitoring to 2024-01-01T00:00:00+00:00, run_after=2024-01-02T00:00:00+00:00
[2024-07-07T17:31:49.627+0000] {processor.py:176} INFO - Processing /opt/airflow/dags/6.1-monitoring.py took 0.155 seconds
[2024-07-07T17:32:20.258+0000] {processor.py:154} INFO - Started process (PID=14764) to work on /opt/airflow/dags/6.1-monitoring.py
[2024-07-07T17:32:20.269+0000] {processor.py:756} INFO - Processing file /opt/airflow/dags/6.1-monitoring.py for tasks to queue
[2024-07-07T17:32:20.270+0000] {logging_mixin.py:120} INFO - [2024-07-07T17:32:20.269+0000] {dagbag.py:537} INFO - Filling up the DagBag from /opt/airflow/dags/6.1-monitoring.py
[2024-07-07T17:32:20.311+0000] {processor.py:766} INFO - DAG(s) dict_keys(['monitoring']) retrieved from /opt/airflow/dags/6.1-monitoring.py
[2024-07-07T17:32:20.393+0000] {logging_mixin.py:120} INFO - [2024-07-07T17:32:20.393+0000] {dag.py:2585} INFO - Sync 1 DAGs
[2024-07-07T17:32:20.418+0000] {logging_mixin.py:120} INFO - [2024-07-07T17:32:20.418+0000] {dag.py:3340} INFO - Setting next_dagrun for monitoring to 2024-01-01T00:00:00+00:00, run_after=2024-01-02T00:00:00+00:00
[2024-07-07T17:32:20.463+0000] {processor.py:176} INFO - Processing /opt/airflow/dags/6.1-monitoring.py took 0.209 seconds
[2024-07-07T17:32:50.984+0000] {processor.py:154} INFO - Started process (PID=14800) to work on /opt/airflow/dags/6.1-monitoring.py
[2024-07-07T17:32:50.985+0000] {processor.py:756} INFO - Processing file /opt/airflow/dags/6.1-monitoring.py for tasks to queue
[2024-07-07T17:32:50.985+0000] {logging_mixin.py:120} INFO - [2024-07-07T17:32:50.985+0000] {dagbag.py:537} INFO - Filling up the DagBag from /opt/airflow/dags/6.1-monitoring.py
[2024-07-07T17:32:51.005+0000] {processor.py:766} INFO - DAG(s) dict_keys(['monitoring']) retrieved from /opt/airflow/dags/6.1-monitoring.py
[2024-07-07T17:32:51.045+0000] {logging_mixin.py:120} INFO - [2024-07-07T17:32:51.045+0000] {dag.py:2585} INFO - Sync 1 DAGs
[2024-07-07T17:32:51.069+0000] {logging_mixin.py:120} INFO - [2024-07-07T17:32:51.069+0000] {dag.py:3340} INFO - Setting next_dagrun for monitoring to 2024-01-01T00:00:00+00:00, run_after=2024-01-02T00:00:00+00:00
[2024-07-07T17:32:51.094+0000] {processor.py:176} INFO - Processing /opt/airflow/dags/6.1-monitoring.py took 0.112 seconds
[2024-07-07T17:33:21.515+0000] {processor.py:154} INFO - Started process (PID=14828) to work on /opt/airflow/dags/6.1-monitoring.py
[2024-07-07T17:33:21.519+0000] {processor.py:756} INFO - Processing file /opt/airflow/dags/6.1-monitoring.py for tasks to queue
[2024-07-07T17:33:21.519+0000] {logging_mixin.py:120} INFO - [2024-07-07T17:33:21.519+0000] {dagbag.py:537} INFO - Filling up the DagBag from /opt/airflow/dags/6.1-monitoring.py
[2024-07-07T17:33:21.602+0000] {processor.py:766} INFO - DAG(s) dict_keys(['monitoring']) retrieved from /opt/airflow/dags/6.1-monitoring.py
[2024-07-07T17:33:21.706+0000] {logging_mixin.py:120} INFO - [2024-07-07T17:33:21.706+0000] {dag.py:2585} INFO - Sync 1 DAGs
[2024-07-07T17:33:21.768+0000] {logging_mixin.py:120} INFO - [2024-07-07T17:33:21.768+0000] {dag.py:3340} INFO - Setting next_dagrun for monitoring to 2024-01-01T00:00:00+00:00, run_after=2024-01-02T00:00:00+00:00
[2024-07-07T17:33:21.811+0000] {processor.py:176} INFO - Processing /opt/airflow/dags/6.1-monitoring.py took 0.299 seconds
[2024-07-07T17:33:52.366+0000] {processor.py:154} INFO - Started process (PID=14863) to work on /opt/airflow/dags/6.1-monitoring.py
[2024-07-07T17:33:52.369+0000] {processor.py:756} INFO - Processing file /opt/airflow/dags/6.1-monitoring.py for tasks to queue
[2024-07-07T17:33:52.372+0000] {logging_mixin.py:120} INFO - [2024-07-07T17:33:52.372+0000] {dagbag.py:537} INFO - Filling up the DagBag from /opt/airflow/dags/6.1-monitoring.py
[2024-07-07T17:33:52.398+0000] {processor.py:766} INFO - DAG(s) dict_keys(['monitoring']) retrieved from /opt/airflow/dags/6.1-monitoring.py
[2024-07-07T17:33:52.438+0000] {logging_mixin.py:120} INFO - [2024-07-07T17:33:52.438+0000] {dag.py:2585} INFO - Sync 1 DAGs
[2024-07-07T17:33:52.465+0000] {logging_mixin.py:120} INFO - [2024-07-07T17:33:52.465+0000] {dag.py:3340} INFO - Setting next_dagrun for monitoring to 2024-01-01T00:00:00+00:00, run_after=2024-01-02T00:00:00+00:00
[2024-07-07T17:33:52.489+0000] {processor.py:176} INFO - Processing /opt/airflow/dags/6.1-monitoring.py took 0.126 seconds
[2024-07-07T17:34:23.223+0000] {processor.py:154} INFO - Started process (PID=14899) to work on /opt/airflow/dags/6.1-monitoring.py
[2024-07-07T17:34:23.223+0000] {processor.py:756} INFO - Processing file /opt/airflow/dags/6.1-monitoring.py for tasks to queue
[2024-07-07T17:34:23.224+0000] {logging_mixin.py:120} INFO - [2024-07-07T17:34:23.224+0000] {dagbag.py:537} INFO - Filling up the DagBag from /opt/airflow/dags/6.1-monitoring.py
[2024-07-07T17:34:23.241+0000] {processor.py:766} INFO - DAG(s) dict_keys(['monitoring']) retrieved from /opt/airflow/dags/6.1-monitoring.py
[2024-07-07T17:34:23.278+0000] {logging_mixin.py:120} INFO - [2024-07-07T17:34:23.278+0000] {dag.py:2585} INFO - Sync 1 DAGs
[2024-07-07T17:34:23.309+0000] {logging_mixin.py:120} INFO - [2024-07-07T17:34:23.308+0000] {dag.py:3340} INFO - Setting next_dagrun for monitoring to 2024-01-01T00:00:00+00:00, run_after=2024-01-02T00:00:00+00:00
[2024-07-07T17:34:23.330+0000] {processor.py:176} INFO - Processing /opt/airflow/dags/6.1-monitoring.py took 0.111 seconds
[2024-07-07T17:34:53.514+0000] {processor.py:154} INFO - Started process (PID=14926) to work on /opt/airflow/dags/6.1-monitoring.py
[2024-07-07T17:34:53.516+0000] {processor.py:756} INFO - Processing file /opt/airflow/dags/6.1-monitoring.py for tasks to queue
[2024-07-07T17:34:53.517+0000] {logging_mixin.py:120} INFO - [2024-07-07T17:34:53.516+0000] {dagbag.py:537} INFO - Filling up the DagBag from /opt/airflow/dags/6.1-monitoring.py
[2024-07-07T17:34:53.532+0000] {processor.py:766} INFO - DAG(s) dict_keys(['monitoring']) retrieved from /opt/airflow/dags/6.1-monitoring.py
[2024-07-07T17:34:53.570+0000] {logging_mixin.py:120} INFO - [2024-07-07T17:34:53.570+0000] {dag.py:2585} INFO - Sync 1 DAGs
[2024-07-07T17:34:53.599+0000] {logging_mixin.py:120} INFO - [2024-07-07T17:34:53.599+0000] {dag.py:3340} INFO - Setting next_dagrun for monitoring to 2024-01-01T00:00:00+00:00, run_after=2024-01-02T00:00:00+00:00
[2024-07-07T17:34:53.622+0000] {processor.py:176} INFO - Processing /opt/airflow/dags/6.1-monitoring.py took 0.111 seconds
[2024-07-07T17:35:23.715+0000] {processor.py:154} INFO - Started process (PID=14962) to work on /opt/airflow/dags/6.1-monitoring.py
[2024-07-07T17:35:23.715+0000] {processor.py:756} INFO - Processing file /opt/airflow/dags/6.1-monitoring.py for tasks to queue
[2024-07-07T17:35:23.716+0000] {logging_mixin.py:120} INFO - [2024-07-07T17:35:23.716+0000] {dagbag.py:537} INFO - Filling up the DagBag from /opt/airflow/dags/6.1-monitoring.py
[2024-07-07T17:35:23.735+0000] {processor.py:766} INFO - DAG(s) dict_keys(['monitoring']) retrieved from /opt/airflow/dags/6.1-monitoring.py
[2024-07-07T17:35:23.775+0000] {logging_mixin.py:120} INFO - [2024-07-07T17:35:23.774+0000] {dag.py:2585} INFO - Sync 1 DAGs
[2024-07-07T17:35:23.804+0000] {logging_mixin.py:120} INFO - [2024-07-07T17:35:23.804+0000] {dag.py:3340} INFO - Setting next_dagrun for monitoring to 2024-01-01T00:00:00+00:00, run_after=2024-01-02T00:00:00+00:00
[2024-07-07T17:35:23.829+0000] {processor.py:176} INFO - Processing /opt/airflow/dags/6.1-monitoring.py took 0.119 seconds
[2024-07-07T17:35:54.295+0000] {processor.py:154} INFO - Started process (PID=14998) to work on /opt/airflow/dags/6.1-monitoring.py
[2024-07-07T17:35:54.296+0000] {processor.py:756} INFO - Processing file /opt/airflow/dags/6.1-monitoring.py for tasks to queue
[2024-07-07T17:35:54.297+0000] {logging_mixin.py:120} INFO - [2024-07-07T17:35:54.297+0000] {dagbag.py:537} INFO - Filling up the DagBag from /opt/airflow/dags/6.1-monitoring.py
[2024-07-07T17:35:54.314+0000] {processor.py:766} INFO - DAG(s) dict_keys(['monitoring']) retrieved from /opt/airflow/dags/6.1-monitoring.py
[2024-07-07T17:35:54.351+0000] {logging_mixin.py:120} INFO - [2024-07-07T17:35:54.351+0000] {dag.py:2585} INFO - Sync 1 DAGs
[2024-07-07T17:35:54.377+0000] {logging_mixin.py:120} INFO - [2024-07-07T17:35:54.377+0000] {dag.py:3340} INFO - Setting next_dagrun for monitoring to 2024-01-01T00:00:00+00:00, run_after=2024-01-02T00:00:00+00:00
[2024-07-07T17:35:54.401+0000] {processor.py:176} INFO - Processing /opt/airflow/dags/6.1-monitoring.py took 0.110 seconds
[2024-07-07T17:36:25.117+0000] {processor.py:154} INFO - Started process (PID=15032) to work on /opt/airflow/dags/6.1-monitoring.py
[2024-07-07T17:36:25.118+0000] {processor.py:756} INFO - Processing file /opt/airflow/dags/6.1-monitoring.py for tasks to queue
[2024-07-07T17:36:25.119+0000] {logging_mixin.py:120} INFO - [2024-07-07T17:36:25.119+0000] {dagbag.py:537} INFO - Filling up the DagBag from /opt/airflow/dags/6.1-monitoring.py
[2024-07-07T17:36:25.142+0000] {processor.py:766} INFO - DAG(s) dict_keys(['monitoring']) retrieved from /opt/airflow/dags/6.1-monitoring.py
[2024-07-07T17:36:25.191+0000] {logging_mixin.py:120} INFO - [2024-07-07T17:36:25.191+0000] {dag.py:2585} INFO - Sync 1 DAGs
[2024-07-07T17:36:25.215+0000] {logging_mixin.py:120} INFO - [2024-07-07T17:36:25.215+0000] {dag.py:3340} INFO - Setting next_dagrun for monitoring to 2024-01-01T00:00:00+00:00, run_after=2024-01-02T00:00:00+00:00
[2024-07-07T17:36:25.238+0000] {processor.py:176} INFO - Processing /opt/airflow/dags/6.1-monitoring.py took 0.131 seconds
[2024-07-07T17:36:55.675+0000] {processor.py:154} INFO - Started process (PID=15059) to work on /opt/airflow/dags/6.1-monitoring.py
[2024-07-07T17:36:55.676+0000] {processor.py:756} INFO - Processing file /opt/airflow/dags/6.1-monitoring.py for tasks to queue
[2024-07-07T17:36:55.677+0000] {logging_mixin.py:120} INFO - [2024-07-07T17:36:55.677+0000] {dagbag.py:537} INFO - Filling up the DagBag from /opt/airflow/dags/6.1-monitoring.py
[2024-07-07T17:36:55.694+0000] {processor.py:766} INFO - DAG(s) dict_keys(['monitoring']) retrieved from /opt/airflow/dags/6.1-monitoring.py
[2024-07-07T17:36:55.733+0000] {logging_mixin.py:120} INFO - [2024-07-07T17:36:55.732+0000] {dag.py:2585} INFO - Sync 1 DAGs
[2024-07-07T17:36:55.759+0000] {logging_mixin.py:120} INFO - [2024-07-07T17:36:55.759+0000] {dag.py:3340} INFO - Setting next_dagrun for monitoring to 2024-01-01T00:00:00+00:00, run_after=2024-01-02T00:00:00+00:00
[2024-07-07T17:36:55.779+0000] {processor.py:176} INFO - Processing /opt/airflow/dags/6.1-monitoring.py took 0.107 seconds
[2024-07-07T17:37:26.490+0000] {processor.py:154} INFO - Started process (PID=15095) to work on /opt/airflow/dags/6.1-monitoring.py
[2024-07-07T17:37:26.491+0000] {processor.py:756} INFO - Processing file /opt/airflow/dags/6.1-monitoring.py for tasks to queue
[2024-07-07T17:37:26.491+0000] {logging_mixin.py:120} INFO - [2024-07-07T17:37:26.491+0000] {dagbag.py:537} INFO - Filling up the DagBag from /opt/airflow/dags/6.1-monitoring.py
[2024-07-07T17:37:26.508+0000] {processor.py:766} INFO - DAG(s) dict_keys(['monitoring']) retrieved from /opt/airflow/dags/6.1-monitoring.py
[2024-07-07T17:37:26.544+0000] {logging_mixin.py:120} INFO - [2024-07-07T17:37:26.544+0000] {dag.py:2585} INFO - Sync 1 DAGs
[2024-07-07T17:37:26.568+0000] {logging_mixin.py:120} INFO - [2024-07-07T17:37:26.568+0000] {dag.py:3340} INFO - Setting next_dagrun for monitoring to 2024-01-01T00:00:00+00:00, run_after=2024-01-02T00:00:00+00:00
[2024-07-07T17:37:26.591+0000] {processor.py:176} INFO - Processing /opt/airflow/dags/6.1-monitoring.py took 0.105 seconds
[2024-07-07T17:37:57.246+0000] {processor.py:154} INFO - Started process (PID=15131) to work on /opt/airflow/dags/6.1-monitoring.py
[2024-07-07T17:37:57.248+0000] {processor.py:756} INFO - Processing file /opt/airflow/dags/6.1-monitoring.py for tasks to queue
[2024-07-07T17:37:57.249+0000] {logging_mixin.py:120} INFO - [2024-07-07T17:37:57.248+0000] {dagbag.py:537} INFO - Filling up the DagBag from /opt/airflow/dags/6.1-monitoring.py
[2024-07-07T17:37:57.273+0000] {processor.py:766} INFO - DAG(s) dict_keys(['monitoring']) retrieved from /opt/airflow/dags/6.1-monitoring.py
[2024-07-07T17:37:57.315+0000] {logging_mixin.py:120} INFO - [2024-07-07T17:37:57.315+0000] {dag.py:2585} INFO - Sync 1 DAGs
[2024-07-07T17:37:57.339+0000] {logging_mixin.py:120} INFO - [2024-07-07T17:37:57.339+0000] {dag.py:3340} INFO - Setting next_dagrun for monitoring to 2024-01-01T00:00:00+00:00, run_after=2024-01-02T00:00:00+00:00
[2024-07-07T17:37:57.358+0000] {processor.py:176} INFO - Processing /opt/airflow/dags/6.1-monitoring.py took 0.116 seconds
[2024-07-07T17:38:27.825+0000] {processor.py:154} INFO - Started process (PID=15167) to work on /opt/airflow/dags/6.1-monitoring.py
[2024-07-07T17:38:27.826+0000] {processor.py:756} INFO - Processing file /opt/airflow/dags/6.1-monitoring.py for tasks to queue
[2024-07-07T17:38:27.827+0000] {logging_mixin.py:120} INFO - [2024-07-07T17:38:27.827+0000] {dagbag.py:537} INFO - Filling up the DagBag from /opt/airflow/dags/6.1-monitoring.py
[2024-07-07T17:38:27.844+0000] {processor.py:766} INFO - DAG(s) dict_keys(['monitoring']) retrieved from /opt/airflow/dags/6.1-monitoring.py
[2024-07-07T17:38:27.887+0000] {logging_mixin.py:120} INFO - [2024-07-07T17:38:27.887+0000] {dag.py:2585} INFO - Sync 1 DAGs
[2024-07-07T17:38:27.920+0000] {logging_mixin.py:120} INFO - [2024-07-07T17:38:27.920+0000] {dag.py:3340} INFO - Setting next_dagrun for monitoring to 2024-01-01T00:00:00+00:00, run_after=2024-01-02T00:00:00+00:00
[2024-07-07T17:38:27.941+0000] {processor.py:176} INFO - Processing /opt/airflow/dags/6.1-monitoring.py took 0.119 seconds
[2024-07-07T17:38:58.590+0000] {processor.py:154} INFO - Started process (PID=15194) to work on /opt/airflow/dags/6.1-monitoring.py
[2024-07-07T17:38:58.592+0000] {processor.py:756} INFO - Processing file /opt/airflow/dags/6.1-monitoring.py for tasks to queue
[2024-07-07T17:38:58.593+0000] {logging_mixin.py:120} INFO - [2024-07-07T17:38:58.593+0000] {dagbag.py:537} INFO - Filling up the DagBag from /opt/airflow/dags/6.1-monitoring.py
[2024-07-07T17:38:58.611+0000] {processor.py:766} INFO - DAG(s) dict_keys(['monitoring']) retrieved from /opt/airflow/dags/6.1-monitoring.py
[2024-07-07T17:38:58.658+0000] {logging_mixin.py:120} INFO - [2024-07-07T17:38:58.658+0000] {dag.py:2585} INFO - Sync 1 DAGs
[2024-07-07T17:38:58.693+0000] {logging_mixin.py:120} INFO - [2024-07-07T17:38:58.693+0000] {dag.py:3340} INFO - Setting next_dagrun for monitoring to 2024-01-01T00:00:00+00:00, run_after=2024-01-02T00:00:00+00:00
[2024-07-07T17:38:58.717+0000] {processor.py:176} INFO - Processing /opt/airflow/dags/6.1-monitoring.py took 0.131 seconds
[2024-07-07T17:39:29.279+0000] {processor.py:154} INFO - Started process (PID=15231) to work on /opt/airflow/dags/6.1-monitoring.py
[2024-07-07T17:39:29.280+0000] {processor.py:756} INFO - Processing file /opt/airflow/dags/6.1-monitoring.py for tasks to queue
[2024-07-07T17:39:29.281+0000] {logging_mixin.py:120} INFO - [2024-07-07T17:39:29.281+0000] {dagbag.py:537} INFO - Filling up the DagBag from /opt/airflow/dags/6.1-monitoring.py
[2024-07-07T17:39:29.300+0000] {processor.py:766} INFO - DAG(s) dict_keys(['monitoring']) retrieved from /opt/airflow/dags/6.1-monitoring.py
[2024-07-07T17:39:29.337+0000] {logging_mixin.py:120} INFO - [2024-07-07T17:39:29.337+0000] {dag.py:2585} INFO - Sync 1 DAGs
[2024-07-07T17:39:29.365+0000] {logging_mixin.py:120} INFO - [2024-07-07T17:39:29.365+0000] {dag.py:3340} INFO - Setting next_dagrun for monitoring to 2024-01-01T00:00:00+00:00, run_after=2024-01-02T00:00:00+00:00
[2024-07-07T17:39:29.389+0000] {processor.py:176} INFO - Processing /opt/airflow/dags/6.1-monitoring.py took 0.114 seconds
[2024-07-07T17:40:00.304+0000] {processor.py:154} INFO - Started process (PID=15267) to work on /opt/airflow/dags/6.1-monitoring.py
[2024-07-07T17:40:00.305+0000] {processor.py:756} INFO - Processing file /opt/airflow/dags/6.1-monitoring.py for tasks to queue
[2024-07-07T17:40:00.305+0000] {logging_mixin.py:120} INFO - [2024-07-07T17:40:00.305+0000] {dagbag.py:537} INFO - Filling up the DagBag from /opt/airflow/dags/6.1-monitoring.py
[2024-07-07T17:40:00.324+0000] {processor.py:766} INFO - DAG(s) dict_keys(['monitoring']) retrieved from /opt/airflow/dags/6.1-monitoring.py
[2024-07-07T17:40:00.361+0000] {logging_mixin.py:120} INFO - [2024-07-07T17:40:00.361+0000] {dag.py:2585} INFO - Sync 1 DAGs
[2024-07-07T17:40:00.393+0000] {logging_mixin.py:120} INFO - [2024-07-07T17:40:00.393+0000] {dag.py:3340} INFO - Setting next_dagrun for monitoring to 2024-01-01T00:00:00+00:00, run_after=2024-01-02T00:00:00+00:00
[2024-07-07T17:40:00.416+0000] {processor.py:176} INFO - Processing /opt/airflow/dags/6.1-monitoring.py took 0.121 seconds
[2024-07-07T17:40:30.944+0000] {processor.py:154} INFO - Started process (PID=15302) to work on /opt/airflow/dags/6.1-monitoring.py
[2024-07-07T17:40:30.945+0000] {processor.py:756} INFO - Processing file /opt/airflow/dags/6.1-monitoring.py for tasks to queue
[2024-07-07T17:40:30.946+0000] {logging_mixin.py:120} INFO - [2024-07-07T17:40:30.945+0000] {dagbag.py:537} INFO - Filling up the DagBag from /opt/airflow/dags/6.1-monitoring.py
[2024-07-07T17:40:30.963+0000] {processor.py:766} INFO - DAG(s) dict_keys(['monitoring']) retrieved from /opt/airflow/dags/6.1-monitoring.py
[2024-07-07T17:40:31.003+0000] {logging_mixin.py:120} INFO - [2024-07-07T17:40:31.003+0000] {dag.py:2585} INFO - Sync 1 DAGs
[2024-07-07T17:40:31.028+0000] {logging_mixin.py:120} INFO - [2024-07-07T17:40:31.028+0000] {dag.py:3340} INFO - Setting next_dagrun for monitoring to 2024-01-01T00:00:00+00:00, run_after=2024-01-02T00:00:00+00:00
[2024-07-07T17:40:31.056+0000] {processor.py:176} INFO - Processing /opt/airflow/dags/6.1-monitoring.py took 0.116 seconds
[2024-07-07T17:41:01.883+0000] {processor.py:154} INFO - Started process (PID=15337) to work on /opt/airflow/dags/6.1-monitoring.py
[2024-07-07T17:41:01.884+0000] {processor.py:756} INFO - Processing file /opt/airflow/dags/6.1-monitoring.py for tasks to queue
[2024-07-07T17:41:01.885+0000] {logging_mixin.py:120} INFO - [2024-07-07T17:41:01.884+0000] {dagbag.py:537} INFO - Filling up the DagBag from /opt/airflow/dags/6.1-monitoring.py
[2024-07-07T17:41:01.902+0000] {processor.py:766} INFO - DAG(s) dict_keys(['monitoring']) retrieved from /opt/airflow/dags/6.1-monitoring.py
[2024-07-07T17:41:01.941+0000] {logging_mixin.py:120} INFO - [2024-07-07T17:41:01.941+0000] {dag.py:2585} INFO - Sync 1 DAGs
[2024-07-07T17:41:01.970+0000] {logging_mixin.py:120} INFO - [2024-07-07T17:41:01.969+0000] {dag.py:3340} INFO - Setting next_dagrun for monitoring to 2024-01-01T00:00:00+00:00, run_after=2024-01-02T00:00:00+00:00
[2024-07-07T17:41:01.989+0000] {processor.py:176} INFO - Processing /opt/airflow/dags/6.1-monitoring.py took 0.109 seconds
[2024-07-07T17:41:32.558+0000] {processor.py:154} INFO - Started process (PID=15367) to work on /opt/airflow/dags/6.1-monitoring.py
[2024-07-07T17:41:32.560+0000] {processor.py:756} INFO - Processing file /opt/airflow/dags/6.1-monitoring.py for tasks to queue
[2024-07-07T17:41:32.560+0000] {logging_mixin.py:120} INFO - [2024-07-07T17:41:32.560+0000] {dagbag.py:537} INFO - Filling up the DagBag from /opt/airflow/dags/6.1-monitoring.py
[2024-07-07T17:41:32.578+0000] {processor.py:766} INFO - DAG(s) dict_keys(['monitoring']) retrieved from /opt/airflow/dags/6.1-monitoring.py
[2024-07-07T17:41:32.618+0000] {logging_mixin.py:120} INFO - [2024-07-07T17:41:32.618+0000] {dag.py:2585} INFO - Sync 1 DAGs
[2024-07-07T17:41:32.644+0000] {logging_mixin.py:120} INFO - [2024-07-07T17:41:32.643+0000] {dag.py:3340} INFO - Setting next_dagrun for monitoring to 2024-01-01T00:00:00+00:00, run_after=2024-01-02T00:00:00+00:00
[2024-07-07T17:41:32.666+0000] {processor.py:176} INFO - Processing /opt/airflow/dags/6.1-monitoring.py took 0.111 seconds
[2024-07-07T17:42:03.173+0000] {processor.py:154} INFO - Started process (PID=15403) to work on /opt/airflow/dags/6.1-monitoring.py
[2024-07-07T17:42:03.174+0000] {processor.py:756} INFO - Processing file /opt/airflow/dags/6.1-monitoring.py for tasks to queue
[2024-07-07T17:42:03.175+0000] {logging_mixin.py:120} INFO - [2024-07-07T17:42:03.175+0000] {dagbag.py:537} INFO - Filling up the DagBag from /opt/airflow/dags/6.1-monitoring.py
[2024-07-07T17:42:03.192+0000] {processor.py:766} INFO - DAG(s) dict_keys(['monitoring']) retrieved from /opt/airflow/dags/6.1-monitoring.py
[2024-07-07T17:42:03.230+0000] {logging_mixin.py:120} INFO - [2024-07-07T17:42:03.229+0000] {dag.py:2585} INFO - Sync 1 DAGs
[2024-07-07T17:42:03.252+0000] {logging_mixin.py:120} INFO - [2024-07-07T17:42:03.252+0000] {dag.py:3340} INFO - Setting next_dagrun for monitoring to 2024-01-01T00:00:00+00:00, run_after=2024-01-02T00:00:00+00:00
[2024-07-07T17:42:03.276+0000] {processor.py:176} INFO - Processing /opt/airflow/dags/6.1-monitoring.py took 0.106 seconds
[2024-07-07T17:42:33.830+0000] {processor.py:154} INFO - Started process (PID=15440) to work on /opt/airflow/dags/6.1-monitoring.py
[2024-07-07T17:42:33.838+0000] {processor.py:756} INFO - Processing file /opt/airflow/dags/6.1-monitoring.py for tasks to queue
[2024-07-07T17:42:33.839+0000] {logging_mixin.py:120} INFO - [2024-07-07T17:42:33.839+0000] {dagbag.py:537} INFO - Filling up the DagBag from /opt/airflow/dags/6.1-monitoring.py
[2024-07-07T17:42:33.855+0000] {processor.py:766} INFO - DAG(s) dict_keys(['monitoring']) retrieved from /opt/airflow/dags/6.1-monitoring.py
[2024-07-07T17:42:33.893+0000] {logging_mixin.py:120} INFO - [2024-07-07T17:42:33.893+0000] {dag.py:2585} INFO - Sync 1 DAGs
[2024-07-07T17:42:33.917+0000] {logging_mixin.py:120} INFO - [2024-07-07T17:42:33.917+0000] {dag.py:3340} INFO - Setting next_dagrun for monitoring to 2024-01-01T00:00:00+00:00, run_after=2024-01-02T00:00:00+00:00
[2024-07-07T17:42:33.940+0000] {processor.py:176} INFO - Processing /opt/airflow/dags/6.1-monitoring.py took 0.113 seconds
[2024-07-07T17:43:04.454+0000] {processor.py:154} INFO - Started process (PID=15476) to work on /opt/airflow/dags/6.1-monitoring.py
[2024-07-07T17:43:04.455+0000] {processor.py:756} INFO - Processing file /opt/airflow/dags/6.1-monitoring.py for tasks to queue
[2024-07-07T17:43:04.456+0000] {logging_mixin.py:120} INFO - [2024-07-07T17:43:04.456+0000] {dagbag.py:537} INFO - Filling up the DagBag from /opt/airflow/dags/6.1-monitoring.py
[2024-07-07T17:43:04.479+0000] {processor.py:766} INFO - DAG(s) dict_keys(['monitoring']) retrieved from /opt/airflow/dags/6.1-monitoring.py
[2024-07-07T17:43:04.518+0000] {logging_mixin.py:120} INFO - [2024-07-07T17:43:04.517+0000] {dag.py:2585} INFO - Sync 1 DAGs
[2024-07-07T17:43:04.544+0000] {logging_mixin.py:120} INFO - [2024-07-07T17:43:04.544+0000] {dag.py:3340} INFO - Setting next_dagrun for monitoring to 2024-01-01T00:00:00+00:00, run_after=2024-01-02T00:00:00+00:00
[2024-07-07T17:43:04.562+0000] {processor.py:176} INFO - Processing /opt/airflow/dags/6.1-monitoring.py took 0.112 seconds
[2024-07-07T17:43:34.645+0000] {processor.py:154} INFO - Started process (PID=15504) to work on /opt/airflow/dags/6.1-monitoring.py
[2024-07-07T17:43:34.653+0000] {processor.py:756} INFO - Processing file /opt/airflow/dags/6.1-monitoring.py for tasks to queue
[2024-07-07T17:43:34.654+0000] {logging_mixin.py:120} INFO - [2024-07-07T17:43:34.654+0000] {dagbag.py:537} INFO - Filling up the DagBag from /opt/airflow/dags/6.1-monitoring.py
[2024-07-07T17:43:34.671+0000] {processor.py:766} INFO - DAG(s) dict_keys(['monitoring']) retrieved from /opt/airflow/dags/6.1-monitoring.py
[2024-07-07T17:43:34.708+0000] {logging_mixin.py:120} INFO - [2024-07-07T17:43:34.708+0000] {dag.py:2585} INFO - Sync 1 DAGs
[2024-07-07T17:43:34.730+0000] {logging_mixin.py:120} INFO - [2024-07-07T17:43:34.730+0000] {dag.py:3340} INFO - Setting next_dagrun for monitoring to 2024-01-01T00:00:00+00:00, run_after=2024-01-02T00:00:00+00:00
[2024-07-07T17:43:34.754+0000] {processor.py:176} INFO - Processing /opt/airflow/dags/6.1-monitoring.py took 0.112 seconds
[2024-07-07T17:44:05.344+0000] {processor.py:154} INFO - Started process (PID=15540) to work on /opt/airflow/dags/6.1-monitoring.py
[2024-07-07T17:44:05.345+0000] {processor.py:756} INFO - Processing file /opt/airflow/dags/6.1-monitoring.py for tasks to queue
[2024-07-07T17:44:05.346+0000] {logging_mixin.py:120} INFO - [2024-07-07T17:44:05.346+0000] {dagbag.py:537} INFO - Filling up the DagBag from /opt/airflow/dags/6.1-monitoring.py
[2024-07-07T17:44:05.363+0000] {processor.py:766} INFO - DAG(s) dict_keys(['monitoring']) retrieved from /opt/airflow/dags/6.1-monitoring.py
[2024-07-07T17:44:05.403+0000] {logging_mixin.py:120} INFO - [2024-07-07T17:44:05.403+0000] {dag.py:2585} INFO - Sync 1 DAGs
[2024-07-07T17:44:05.428+0000] {logging_mixin.py:120} INFO - [2024-07-07T17:44:05.428+0000] {dag.py:3340} INFO - Setting next_dagrun for monitoring to 2024-01-01T00:00:00+00:00, run_after=2024-01-02T00:00:00+00:00
[2024-07-07T17:44:05.453+0000] {processor.py:176} INFO - Processing /opt/airflow/dags/6.1-monitoring.py took 0.111 seconds
[2024-07-07T17:44:36.129+0000] {processor.py:154} INFO - Started process (PID=15575) to work on /opt/airflow/dags/6.1-monitoring.py
[2024-07-07T17:44:36.131+0000] {processor.py:756} INFO - Processing file /opt/airflow/dags/6.1-monitoring.py for tasks to queue
[2024-07-07T17:44:36.131+0000] {logging_mixin.py:120} INFO - [2024-07-07T17:44:36.131+0000] {dagbag.py:537} INFO - Filling up the DagBag from /opt/airflow/dags/6.1-monitoring.py
[2024-07-07T17:44:36.150+0000] {processor.py:766} INFO - DAG(s) dict_keys(['monitoring']) retrieved from /opt/airflow/dags/6.1-monitoring.py
[2024-07-07T17:44:36.188+0000] {logging_mixin.py:120} INFO - [2024-07-07T17:44:36.188+0000] {dag.py:2585} INFO - Sync 1 DAGs
[2024-07-07T17:44:36.213+0000] {logging_mixin.py:120} INFO - [2024-07-07T17:44:36.213+0000] {dag.py:3340} INFO - Setting next_dagrun for monitoring to 2024-01-01T00:00:00+00:00, run_after=2024-01-02T00:00:00+00:00
[2024-07-07T17:44:36.234+0000] {processor.py:176} INFO - Processing /opt/airflow/dags/6.1-monitoring.py took 0.109 seconds
[2024-07-07T17:45:06.380+0000] {processor.py:154} INFO - Started process (PID=15601) to work on /opt/airflow/dags/6.1-monitoring.py
[2024-07-07T17:45:06.388+0000] {processor.py:756} INFO - Processing file /opt/airflow/dags/6.1-monitoring.py for tasks to queue
[2024-07-07T17:45:06.389+0000] {logging_mixin.py:120} INFO - [2024-07-07T17:45:06.389+0000] {dagbag.py:537} INFO - Filling up the DagBag from /opt/airflow/dags/6.1-monitoring.py
[2024-07-07T17:45:06.407+0000] {processor.py:766} INFO - DAG(s) dict_keys(['monitoring']) retrieved from /opt/airflow/dags/6.1-monitoring.py
[2024-07-07T17:45:06.446+0000] {logging_mixin.py:120} INFO - [2024-07-07T17:45:06.446+0000] {dag.py:2585} INFO - Sync 1 DAGs
[2024-07-07T17:45:06.471+0000] {logging_mixin.py:120} INFO - [2024-07-07T17:45:06.471+0000] {dag.py:3340} INFO - Setting next_dagrun for monitoring to 2024-01-01T00:00:00+00:00, run_after=2024-01-02T00:00:00+00:00
[2024-07-07T17:45:06.495+0000] {processor.py:176} INFO - Processing /opt/airflow/dags/6.1-monitoring.py took 0.117 seconds
[2024-07-07T17:45:37.201+0000] {processor.py:154} INFO - Started process (PID=15637) to work on /opt/airflow/dags/6.1-monitoring.py
[2024-07-07T17:45:37.201+0000] {processor.py:756} INFO - Processing file /opt/airflow/dags/6.1-monitoring.py for tasks to queue
[2024-07-07T17:45:37.202+0000] {logging_mixin.py:120} INFO - [2024-07-07T17:45:37.202+0000] {dagbag.py:537} INFO - Filling up the DagBag from /opt/airflow/dags/6.1-monitoring.py
[2024-07-07T17:45:37.227+0000] {processor.py:766} INFO - DAG(s) dict_keys(['monitoring']) retrieved from /opt/airflow/dags/6.1-monitoring.py
[2024-07-07T17:45:37.272+0000] {logging_mixin.py:120} INFO - [2024-07-07T17:45:37.272+0000] {dag.py:2585} INFO - Sync 1 DAGs
[2024-07-07T17:45:37.321+0000] {logging_mixin.py:120} INFO - [2024-07-07T17:45:37.320+0000] {dag.py:3340} INFO - Setting next_dagrun for monitoring to 2024-01-01T00:00:00+00:00, run_after=2024-01-02T00:00:00+00:00
[2024-07-07T17:45:37.344+0000] {processor.py:176} INFO - Processing /opt/airflow/dags/6.1-monitoring.py took 0.147 seconds
[2024-07-07T17:46:07.905+0000] {processor.py:154} INFO - Started process (PID=15674) to work on /opt/airflow/dags/6.1-monitoring.py
[2024-07-07T17:46:07.908+0000] {processor.py:756} INFO - Processing file /opt/airflow/dags/6.1-monitoring.py for tasks to queue
[2024-07-07T17:46:07.909+0000] {logging_mixin.py:120} INFO - [2024-07-07T17:46:07.909+0000] {dagbag.py:537} INFO - Filling up the DagBag from /opt/airflow/dags/6.1-monitoring.py
[2024-07-07T17:46:07.926+0000] {processor.py:766} INFO - DAG(s) dict_keys(['monitoring']) retrieved from /opt/airflow/dags/6.1-monitoring.py
[2024-07-07T17:46:07.963+0000] {logging_mixin.py:120} INFO - [2024-07-07T17:46:07.963+0000] {dag.py:2585} INFO - Sync 1 DAGs
[2024-07-07T17:46:07.986+0000] {logging_mixin.py:120} INFO - [2024-07-07T17:46:07.986+0000] {dag.py:3340} INFO - Setting next_dagrun for monitoring to 2024-01-01T00:00:00+00:00, run_after=2024-01-02T00:00:00+00:00
[2024-07-07T17:46:08.009+0000] {processor.py:176} INFO - Processing /opt/airflow/dags/6.1-monitoring.py took 0.107 seconds
[2024-07-07T17:46:38.637+0000] {processor.py:154} INFO - Started process (PID=15703) to work on /opt/airflow/dags/6.1-monitoring.py
[2024-07-07T17:46:38.637+0000] {processor.py:756} INFO - Processing file /opt/airflow/dags/6.1-monitoring.py for tasks to queue
[2024-07-07T17:46:38.638+0000] {logging_mixin.py:120} INFO - [2024-07-07T17:46:38.638+0000] {dagbag.py:537} INFO - Filling up the DagBag from /opt/airflow/dags/6.1-monitoring.py
[2024-07-07T17:46:38.655+0000] {processor.py:766} INFO - DAG(s) dict_keys(['monitoring']) retrieved from /opt/airflow/dags/6.1-monitoring.py
[2024-07-07T17:46:38.692+0000] {logging_mixin.py:120} INFO - [2024-07-07T17:46:38.692+0000] {dag.py:2585} INFO - Sync 1 DAGs
[2024-07-07T17:46:38.718+0000] {logging_mixin.py:120} INFO - [2024-07-07T17:46:38.717+0000] {dag.py:3340} INFO - Setting next_dagrun for monitoring to 2024-01-01T00:00:00+00:00, run_after=2024-01-02T00:00:00+00:00
[2024-07-07T17:46:38.740+0000] {processor.py:176} INFO - Processing /opt/airflow/dags/6.1-monitoring.py took 0.106 seconds
[2024-07-07T17:47:09.359+0000] {processor.py:154} INFO - Started process (PID=15737) to work on /opt/airflow/dags/6.1-monitoring.py
[2024-07-07T17:47:09.360+0000] {processor.py:756} INFO - Processing file /opt/airflow/dags/6.1-monitoring.py for tasks to queue
[2024-07-07T17:47:09.361+0000] {logging_mixin.py:120} INFO - [2024-07-07T17:47:09.361+0000] {dagbag.py:537} INFO - Filling up the DagBag from /opt/airflow/dags/6.1-monitoring.py
[2024-07-07T17:47:09.379+0000] {processor.py:766} INFO - DAG(s) dict_keys(['monitoring']) retrieved from /opt/airflow/dags/6.1-monitoring.py
[2024-07-07T17:47:09.419+0000] {logging_mixin.py:120} INFO - [2024-07-07T17:47:09.419+0000] {dag.py:2585} INFO - Sync 1 DAGs
[2024-07-07T17:47:09.450+0000] {logging_mixin.py:120} INFO - [2024-07-07T17:47:09.450+0000] {dag.py:3340} INFO - Setting next_dagrun for monitoring to 2024-01-01T00:00:00+00:00, run_after=2024-01-02T00:00:00+00:00
[2024-07-07T17:47:09.472+0000] {processor.py:176} INFO - Processing /opt/airflow/dags/6.1-monitoring.py took 0.116 seconds
[2024-07-07T17:47:40.075+0000] {processor.py:154} INFO - Started process (PID=15772) to work on /opt/airflow/dags/6.1-monitoring.py
[2024-07-07T17:47:40.078+0000] {processor.py:756} INFO - Processing file /opt/airflow/dags/6.1-monitoring.py for tasks to queue
[2024-07-07T17:47:40.078+0000] {logging_mixin.py:120} INFO - [2024-07-07T17:47:40.078+0000] {dagbag.py:537} INFO - Filling up the DagBag from /opt/airflow/dags/6.1-monitoring.py
[2024-07-07T17:47:40.097+0000] {processor.py:766} INFO - DAG(s) dict_keys(['monitoring']) retrieved from /opt/airflow/dags/6.1-monitoring.py
[2024-07-07T17:47:40.133+0000] {logging_mixin.py:120} INFO - [2024-07-07T17:47:40.133+0000] {dag.py:2585} INFO - Sync 1 DAGs
[2024-07-07T17:47:40.156+0000] {logging_mixin.py:120} INFO - [2024-07-07T17:47:40.156+0000] {dag.py:3340} INFO - Setting next_dagrun for monitoring to 2024-01-01T00:00:00+00:00, run_after=2024-01-02T00:00:00+00:00
[2024-07-07T17:47:40.180+0000] {processor.py:176} INFO - Processing /opt/airflow/dags/6.1-monitoring.py took 0.108 seconds
[2024-07-07T17:48:10.883+0000] {processor.py:154} INFO - Started process (PID=15809) to work on /opt/airflow/dags/6.1-monitoring.py
[2024-07-07T17:48:10.886+0000] {processor.py:756} INFO - Processing file /opt/airflow/dags/6.1-monitoring.py for tasks to queue
[2024-07-07T17:48:10.887+0000] {logging_mixin.py:120} INFO - [2024-07-07T17:48:10.887+0000] {dagbag.py:537} INFO - Filling up the DagBag from /opt/airflow/dags/6.1-monitoring.py
[2024-07-07T17:48:10.914+0000] {processor.py:766} INFO - DAG(s) dict_keys(['monitoring']) retrieved from /opt/airflow/dags/6.1-monitoring.py
[2024-07-07T17:48:10.983+0000] {logging_mixin.py:120} INFO - [2024-07-07T17:48:10.982+0000] {dag.py:2585} INFO - Sync 1 DAGs
[2024-07-07T17:48:11.021+0000] {logging_mixin.py:120} INFO - [2024-07-07T17:48:11.021+0000] {dag.py:3340} INFO - Setting next_dagrun for monitoring to 2024-01-01T00:00:00+00:00, run_after=2024-01-02T00:00:00+00:00
[2024-07-07T17:48:11.049+0000] {processor.py:176} INFO - Processing /opt/airflow/dags/6.1-monitoring.py took 0.179 seconds
[2024-07-07T17:48:41.710+0000] {processor.py:154} INFO - Started process (PID=15845) to work on /opt/airflow/dags/6.1-monitoring.py
[2024-07-07T17:48:41.711+0000] {processor.py:756} INFO - Processing file /opt/airflow/dags/6.1-monitoring.py for tasks to queue
[2024-07-07T17:48:41.712+0000] {logging_mixin.py:120} INFO - [2024-07-07T17:48:41.712+0000] {dagbag.py:537} INFO - Filling up the DagBag from /opt/airflow/dags/6.1-monitoring.py
[2024-07-07T17:48:41.735+0000] {processor.py:766} INFO - DAG(s) dict_keys(['monitoring']) retrieved from /opt/airflow/dags/6.1-monitoring.py
[2024-07-07T17:48:41.775+0000] {logging_mixin.py:120} INFO - [2024-07-07T17:48:41.775+0000] {dag.py:2585} INFO - Sync 1 DAGs
[2024-07-07T17:48:41.802+0000] {logging_mixin.py:120} INFO - [2024-07-07T17:48:41.802+0000] {dag.py:3340} INFO - Setting next_dagrun for monitoring to 2024-01-01T00:00:00+00:00, run_after=2024-01-02T00:00:00+00:00
[2024-07-07T17:48:41.824+0000] {processor.py:176} INFO - Processing /opt/airflow/dags/6.1-monitoring.py took 0.117 seconds
[2024-07-07T17:49:12.613+0000] {processor.py:154} INFO - Started process (PID=15873) to work on /opt/airflow/dags/6.1-monitoring.py
[2024-07-07T17:49:12.614+0000] {processor.py:756} INFO - Processing file /opt/airflow/dags/6.1-monitoring.py for tasks to queue
[2024-07-07T17:49:12.615+0000] {logging_mixin.py:120} INFO - [2024-07-07T17:49:12.614+0000] {dagbag.py:537} INFO - Filling up the DagBag from /opt/airflow/dags/6.1-monitoring.py
[2024-07-07T17:49:12.631+0000] {processor.py:766} INFO - DAG(s) dict_keys(['monitoring']) retrieved from /opt/airflow/dags/6.1-monitoring.py
[2024-07-07T17:49:12.673+0000] {logging_mixin.py:120} INFO - [2024-07-07T17:49:12.673+0000] {dag.py:2585} INFO - Sync 1 DAGs
[2024-07-07T17:49:12.697+0000] {logging_mixin.py:120} INFO - [2024-07-07T17:49:12.697+0000] {dag.py:3340} INFO - Setting next_dagrun for monitoring to 2024-01-01T00:00:00+00:00, run_after=2024-01-02T00:00:00+00:00
[2024-07-07T17:49:12.719+0000] {processor.py:176} INFO - Processing /opt/airflow/dags/6.1-monitoring.py took 0.109 seconds
[2024-07-07T17:49:43.291+0000] {processor.py:154} INFO - Started process (PID=15911) to work on /opt/airflow/dags/6.1-monitoring.py
[2024-07-07T17:49:43.292+0000] {processor.py:756} INFO - Processing file /opt/airflow/dags/6.1-monitoring.py for tasks to queue
[2024-07-07T17:49:43.293+0000] {logging_mixin.py:120} INFO - [2024-07-07T17:49:43.293+0000] {dagbag.py:537} INFO - Filling up the DagBag from /opt/airflow/dags/6.1-monitoring.py
[2024-07-07T17:49:43.319+0000] {processor.py:766} INFO - DAG(s) dict_keys(['monitoring']) retrieved from /opt/airflow/dags/6.1-monitoring.py
[2024-07-07T17:49:43.363+0000] {logging_mixin.py:120} INFO - [2024-07-07T17:49:43.363+0000] {dag.py:2585} INFO - Sync 1 DAGs
[2024-07-07T17:49:43.391+0000] {logging_mixin.py:120} INFO - [2024-07-07T17:49:43.391+0000] {dag.py:3340} INFO - Setting next_dagrun for monitoring to 2024-01-01T00:00:00+00:00, run_after=2024-01-02T00:00:00+00:00
[2024-07-07T17:49:43.417+0000] {processor.py:176} INFO - Processing /opt/airflow/dags/6.1-monitoring.py took 0.130 seconds
[2024-07-07T17:50:13.917+0000] {processor.py:154} INFO - Started process (PID=15947) to work on /opt/airflow/dags/6.1-monitoring.py
[2024-07-07T17:50:13.918+0000] {processor.py:756} INFO - Processing file /opt/airflow/dags/6.1-monitoring.py for tasks to queue
[2024-07-07T17:50:13.919+0000] {logging_mixin.py:120} INFO - [2024-07-07T17:50:13.919+0000] {dagbag.py:537} INFO - Filling up the DagBag from /opt/airflow/dags/6.1-monitoring.py
[2024-07-07T17:50:13.936+0000] {processor.py:766} INFO - DAG(s) dict_keys(['monitoring']) retrieved from /opt/airflow/dags/6.1-monitoring.py
[2024-07-07T17:50:13.972+0000] {logging_mixin.py:120} INFO - [2024-07-07T17:50:13.972+0000] {dag.py:2585} INFO - Sync 1 DAGs
[2024-07-07T17:50:13.995+0000] {logging_mixin.py:120} INFO - [2024-07-07T17:50:13.995+0000] {dag.py:3340} INFO - Setting next_dagrun for monitoring to 2024-01-01T00:00:00+00:00, run_after=2024-01-02T00:00:00+00:00
[2024-07-07T17:50:14.016+0000] {processor.py:176} INFO - Processing /opt/airflow/dags/6.1-monitoring.py took 0.102 seconds
[2024-07-07T17:50:44.694+0000] {processor.py:154} INFO - Started process (PID=15982) to work on /opt/airflow/dags/6.1-monitoring.py
[2024-07-07T17:50:44.697+0000] {processor.py:756} INFO - Processing file /opt/airflow/dags/6.1-monitoring.py for tasks to queue
[2024-07-07T17:50:44.698+0000] {logging_mixin.py:120} INFO - [2024-07-07T17:50:44.697+0000] {dagbag.py:537} INFO - Filling up the DagBag from /opt/airflow/dags/6.1-monitoring.py
[2024-07-07T17:50:44.715+0000] {processor.py:766} INFO - DAG(s) dict_keys(['monitoring']) retrieved from /opt/airflow/dags/6.1-monitoring.py
[2024-07-07T17:50:44.759+0000] {logging_mixin.py:120} INFO - [2024-07-07T17:50:44.758+0000] {dag.py:2585} INFO - Sync 1 DAGs
[2024-07-07T17:50:44.788+0000] {logging_mixin.py:120} INFO - [2024-07-07T17:50:44.787+0000] {dag.py:3340} INFO - Setting next_dagrun for monitoring to 2024-01-01T00:00:00+00:00, run_after=2024-01-02T00:00:00+00:00
[2024-07-07T17:50:44.807+0000] {processor.py:176} INFO - Processing /opt/airflow/dags/6.1-monitoring.py took 0.116 seconds
[2024-07-07T17:51:15.447+0000] {processor.py:154} INFO - Started process (PID=16010) to work on /opt/airflow/dags/6.1-monitoring.py
[2024-07-07T17:51:15.448+0000] {processor.py:756} INFO - Processing file /opt/airflow/dags/6.1-monitoring.py for tasks to queue
[2024-07-07T17:51:15.449+0000] {logging_mixin.py:120} INFO - [2024-07-07T17:51:15.449+0000] {dagbag.py:537} INFO - Filling up the DagBag from /opt/airflow/dags/6.1-monitoring.py
[2024-07-07T17:51:15.472+0000] {processor.py:766} INFO - DAG(s) dict_keys(['monitoring']) retrieved from /opt/airflow/dags/6.1-monitoring.py
[2024-07-07T17:51:15.518+0000] {logging_mixin.py:120} INFO - [2024-07-07T17:51:15.517+0000] {dag.py:2585} INFO - Sync 1 DAGs
[2024-07-07T17:51:15.547+0000] {logging_mixin.py:120} INFO - [2024-07-07T17:51:15.547+0000] {dag.py:3340} INFO - Setting next_dagrun for monitoring to 2024-01-01T00:00:00+00:00, run_after=2024-01-02T00:00:00+00:00
[2024-07-07T17:51:15.567+0000] {processor.py:176} INFO - Processing /opt/airflow/dags/6.1-monitoring.py took 0.125 seconds
[2024-07-07T17:51:46.257+0000] {processor.py:154} INFO - Started process (PID=16046) to work on /opt/airflow/dags/6.1-monitoring.py
[2024-07-07T17:51:46.271+0000] {processor.py:756} INFO - Processing file /opt/airflow/dags/6.1-monitoring.py for tasks to queue
[2024-07-07T17:51:46.272+0000] {logging_mixin.py:120} INFO - [2024-07-07T17:51:46.272+0000] {dagbag.py:537} INFO - Filling up the DagBag from /opt/airflow/dags/6.1-monitoring.py
[2024-07-07T17:51:46.317+0000] {processor.py:766} INFO - DAG(s) dict_keys(['monitoring']) retrieved from /opt/airflow/dags/6.1-monitoring.py
[2024-07-07T17:51:46.422+0000] {logging_mixin.py:120} INFO - [2024-07-07T17:51:46.421+0000] {dag.py:2585} INFO - Sync 1 DAGs
[2024-07-07T17:51:46.501+0000] {logging_mixin.py:120} INFO - [2024-07-07T17:51:46.501+0000] {dag.py:3340} INFO - Setting next_dagrun for monitoring to 2024-01-01T00:00:00+00:00, run_after=2024-01-02T00:00:00+00:00
[2024-07-07T17:51:46.564+0000] {processor.py:176} INFO - Processing /opt/airflow/dags/6.1-monitoring.py took 0.311 seconds
[2024-07-07T17:52:16.925+0000] {processor.py:154} INFO - Started process (PID=16083) to work on /opt/airflow/dags/6.1-monitoring.py
[2024-07-07T17:52:16.927+0000] {processor.py:756} INFO - Processing file /opt/airflow/dags/6.1-monitoring.py for tasks to queue
[2024-07-07T17:52:16.928+0000] {logging_mixin.py:120} INFO - [2024-07-07T17:52:16.928+0000] {dagbag.py:537} INFO - Filling up the DagBag from /opt/airflow/dags/6.1-monitoring.py
[2024-07-07T17:52:16.950+0000] {processor.py:766} INFO - DAG(s) dict_keys(['monitoring']) retrieved from /opt/airflow/dags/6.1-monitoring.py
[2024-07-07T17:52:16.996+0000] {logging_mixin.py:120} INFO - [2024-07-07T17:52:16.996+0000] {dag.py:2585} INFO - Sync 1 DAGs
[2024-07-07T17:52:17.029+0000] {logging_mixin.py:120} INFO - [2024-07-07T17:52:17.029+0000] {dag.py:3340} INFO - Setting next_dagrun for monitoring to 2024-01-01T00:00:00+00:00, run_after=2024-01-02T00:00:00+00:00
[2024-07-07T17:52:17.054+0000] {processor.py:176} INFO - Processing /opt/airflow/dags/6.1-monitoring.py took 0.132 seconds
[2024-07-07T17:52:48.040+0000] {processor.py:154} INFO - Started process (PID=16119) to work on /opt/airflow/dags/6.1-monitoring.py
[2024-07-07T17:52:48.041+0000] {processor.py:756} INFO - Processing file /opt/airflow/dags/6.1-monitoring.py for tasks to queue
[2024-07-07T17:52:48.042+0000] {logging_mixin.py:120} INFO - [2024-07-07T17:52:48.042+0000] {dagbag.py:537} INFO - Filling up the DagBag from /opt/airflow/dags/6.1-monitoring.py
[2024-07-07T17:52:48.059+0000] {processor.py:766} INFO - DAG(s) dict_keys(['monitoring']) retrieved from /opt/airflow/dags/6.1-monitoring.py
[2024-07-07T17:52:48.096+0000] {logging_mixin.py:120} INFO - [2024-07-07T17:52:48.095+0000] {dag.py:2585} INFO - Sync 1 DAGs
[2024-07-07T17:52:48.125+0000] {logging_mixin.py:120} INFO - [2024-07-07T17:52:48.125+0000] {dag.py:3340} INFO - Setting next_dagrun for monitoring to 2024-01-01T00:00:00+00:00, run_after=2024-01-02T00:00:00+00:00
[2024-07-07T17:52:48.147+0000] {processor.py:176} INFO - Processing /opt/airflow/dags/6.1-monitoring.py took 0.110 seconds
[2024-07-07T17:53:18.987+0000] {processor.py:154} INFO - Started process (PID=16146) to work on /opt/airflow/dags/6.1-monitoring.py
[2024-07-07T17:53:18.988+0000] {processor.py:756} INFO - Processing file /opt/airflow/dags/6.1-monitoring.py for tasks to queue
[2024-07-07T17:53:18.989+0000] {logging_mixin.py:120} INFO - [2024-07-07T17:53:18.989+0000] {dagbag.py:537} INFO - Filling up the DagBag from /opt/airflow/dags/6.1-monitoring.py
[2024-07-07T17:53:19.010+0000] {processor.py:766} INFO - DAG(s) dict_keys(['monitoring']) retrieved from /opt/airflow/dags/6.1-monitoring.py
[2024-07-07T17:53:19.046+0000] {logging_mixin.py:120} INFO - [2024-07-07T17:53:19.046+0000] {dag.py:2585} INFO - Sync 1 DAGs
[2024-07-07T17:53:19.072+0000] {logging_mixin.py:120} INFO - [2024-07-07T17:53:19.072+0000] {dag.py:3340} INFO - Setting next_dagrun for monitoring to 2024-01-01T00:00:00+00:00, run_after=2024-01-02T00:00:00+00:00
[2024-07-07T17:53:19.090+0000] {processor.py:176} INFO - Processing /opt/airflow/dags/6.1-monitoring.py took 0.106 seconds
[2024-07-07T17:53:49.651+0000] {processor.py:154} INFO - Started process (PID=16180) to work on /opt/airflow/dags/6.1-monitoring.py
[2024-07-07T17:53:49.659+0000] {processor.py:756} INFO - Processing file /opt/airflow/dags/6.1-monitoring.py for tasks to queue
[2024-07-07T17:53:49.659+0000] {logging_mixin.py:120} INFO - [2024-07-07T17:53:49.659+0000] {dagbag.py:537} INFO - Filling up the DagBag from /opt/airflow/dags/6.1-monitoring.py
[2024-07-07T17:53:49.677+0000] {processor.py:766} INFO - DAG(s) dict_keys(['monitoring']) retrieved from /opt/airflow/dags/6.1-monitoring.py
[2024-07-07T17:53:49.714+0000] {logging_mixin.py:120} INFO - [2024-07-07T17:53:49.713+0000] {dag.py:2585} INFO - Sync 1 DAGs
[2024-07-07T17:53:49.738+0000] {logging_mixin.py:120} INFO - [2024-07-07T17:53:49.737+0000] {dag.py:3340} INFO - Setting next_dagrun for monitoring to 2024-01-01T00:00:00+00:00, run_after=2024-01-02T00:00:00+00:00
[2024-07-07T17:53:49.760+0000] {processor.py:176} INFO - Processing /opt/airflow/dags/6.1-monitoring.py took 0.112 seconds
[2024-07-07T17:54:19.916+0000] {processor.py:154} INFO - Started process (PID=16216) to work on /opt/airflow/dags/6.1-monitoring.py
[2024-07-07T17:54:19.917+0000] {processor.py:756} INFO - Processing file /opt/airflow/dags/6.1-monitoring.py for tasks to queue
[2024-07-07T17:54:19.918+0000] {logging_mixin.py:120} INFO - [2024-07-07T17:54:19.918+0000] {dagbag.py:537} INFO - Filling up the DagBag from /opt/airflow/dags/6.1-monitoring.py
[2024-07-07T17:54:19.936+0000] {processor.py:766} INFO - DAG(s) dict_keys(['monitoring']) retrieved from /opt/airflow/dags/6.1-monitoring.py
[2024-07-07T17:54:19.974+0000] {logging_mixin.py:120} INFO - [2024-07-07T17:54:19.974+0000] {dag.py:2585} INFO - Sync 1 DAGs
[2024-07-07T17:54:20.001+0000] {logging_mixin.py:120} INFO - [2024-07-07T17:54:20.000+0000] {dag.py:3340} INFO - Setting next_dagrun for monitoring to 2024-01-01T00:00:00+00:00, run_after=2024-01-02T00:00:00+00:00
[2024-07-07T17:54:20.023+0000] {processor.py:176} INFO - Processing /opt/airflow/dags/6.1-monitoring.py took 0.109 seconds
[2024-07-07T17:54:50.694+0000] {processor.py:154} INFO - Started process (PID=16252) to work on /opt/airflow/dags/6.1-monitoring.py
[2024-07-07T17:54:50.695+0000] {processor.py:756} INFO - Processing file /opt/airflow/dags/6.1-monitoring.py for tasks to queue
[2024-07-07T17:54:50.696+0000] {logging_mixin.py:120} INFO - [2024-07-07T17:54:50.696+0000] {dagbag.py:537} INFO - Filling up the DagBag from /opt/airflow/dags/6.1-monitoring.py
[2024-07-07T17:54:50.717+0000] {processor.py:766} INFO - DAG(s) dict_keys(['monitoring']) retrieved from /opt/airflow/dags/6.1-monitoring.py
[2024-07-07T17:54:50.761+0000] {logging_mixin.py:120} INFO - [2024-07-07T17:54:50.761+0000] {dag.py:2585} INFO - Sync 1 DAGs
[2024-07-07T17:54:50.787+0000] {logging_mixin.py:120} INFO - [2024-07-07T17:54:50.786+0000] {dag.py:3340} INFO - Setting next_dagrun for monitoring to 2024-01-01T00:00:00+00:00, run_after=2024-01-02T00:00:00+00:00
[2024-07-07T17:54:50.808+0000] {processor.py:176} INFO - Processing /opt/airflow/dags/6.1-monitoring.py took 0.117 seconds
[2024-07-07T17:55:21.581+0000] {processor.py:154} INFO - Started process (PID=16278) to work on /opt/airflow/dags/6.1-monitoring.py
[2024-07-07T17:55:21.582+0000] {processor.py:756} INFO - Processing file /opt/airflow/dags/6.1-monitoring.py for tasks to queue
[2024-07-07T17:55:21.583+0000] {logging_mixin.py:120} INFO - [2024-07-07T17:55:21.583+0000] {dagbag.py:537} INFO - Filling up the DagBag from /opt/airflow/dags/6.1-monitoring.py
[2024-07-07T17:55:21.601+0000] {processor.py:766} INFO - DAG(s) dict_keys(['monitoring']) retrieved from /opt/airflow/dags/6.1-monitoring.py
[2024-07-07T17:55:21.640+0000] {logging_mixin.py:120} INFO - [2024-07-07T17:55:21.640+0000] {dag.py:2585} INFO - Sync 1 DAGs
[2024-07-07T17:55:21.664+0000] {logging_mixin.py:120} INFO - [2024-07-07T17:55:21.664+0000] {dag.py:3340} INFO - Setting next_dagrun for monitoring to 2024-01-01T00:00:00+00:00, run_after=2024-01-02T00:00:00+00:00
[2024-07-07T17:55:21.689+0000] {processor.py:176} INFO - Processing /opt/airflow/dags/6.1-monitoring.py took 0.110 seconds
[2024-07-07T17:55:52.478+0000] {processor.py:154} INFO - Started process (PID=16314) to work on /opt/airflow/dags/6.1-monitoring.py
[2024-07-07T17:55:52.480+0000] {processor.py:756} INFO - Processing file /opt/airflow/dags/6.1-monitoring.py for tasks to queue
[2024-07-07T17:55:52.481+0000] {logging_mixin.py:120} INFO - [2024-07-07T17:55:52.481+0000] {dagbag.py:537} INFO - Filling up the DagBag from /opt/airflow/dags/6.1-monitoring.py
[2024-07-07T17:55:52.504+0000] {processor.py:766} INFO - DAG(s) dict_keys(['monitoring']) retrieved from /opt/airflow/dags/6.1-monitoring.py
[2024-07-07T17:55:52.540+0000] {logging_mixin.py:120} INFO - [2024-07-07T17:55:52.540+0000] {dag.py:2585} INFO - Sync 1 DAGs
[2024-07-07T17:55:52.571+0000] {logging_mixin.py:120} INFO - [2024-07-07T17:55:52.571+0000] {dag.py:3340} INFO - Setting next_dagrun for monitoring to 2024-01-01T00:00:00+00:00, run_after=2024-01-02T00:00:00+00:00
[2024-07-07T17:55:52.591+0000] {processor.py:176} INFO - Processing /opt/airflow/dags/6.1-monitoring.py took 0.116 seconds
[2024-07-07T17:56:22.651+0000] {processor.py:154} INFO - Started process (PID=16350) to work on /opt/airflow/dags/6.1-monitoring.py
[2024-07-07T17:56:22.652+0000] {processor.py:756} INFO - Processing file /opt/airflow/dags/6.1-monitoring.py for tasks to queue
[2024-07-07T17:56:22.653+0000] {logging_mixin.py:120} INFO - [2024-07-07T17:56:22.653+0000] {dagbag.py:537} INFO - Filling up the DagBag from /opt/airflow/dags/6.1-monitoring.py
[2024-07-07T17:56:22.708+0000] {processor.py:766} INFO - DAG(s) dict_keys(['monitoring']) retrieved from /opt/airflow/dags/6.1-monitoring.py
[2024-07-07T17:56:22.745+0000] {logging_mixin.py:120} INFO - [2024-07-07T17:56:22.745+0000] {dag.py:2585} INFO - Sync 1 DAGs
[2024-07-07T17:56:22.769+0000] {logging_mixin.py:120} INFO - [2024-07-07T17:56:22.769+0000] {dag.py:3340} INFO - Setting next_dagrun for monitoring to 2024-01-01T00:00:00+00:00, run_after=2024-01-02T00:00:00+00:00
[2024-07-07T17:56:22.794+0000] {processor.py:176} INFO - Processing /opt/airflow/dags/6.1-monitoring.py took 0.146 seconds
[2024-07-07T17:56:53.157+0000] {processor.py:154} INFO - Started process (PID=16378) to work on /opt/airflow/dags/6.1-monitoring.py
[2024-07-07T17:56:53.158+0000] {processor.py:756} INFO - Processing file /opt/airflow/dags/6.1-monitoring.py for tasks to queue
[2024-07-07T17:56:53.159+0000] {logging_mixin.py:120} INFO - [2024-07-07T17:56:53.159+0000] {dagbag.py:537} INFO - Filling up the DagBag from /opt/airflow/dags/6.1-monitoring.py
[2024-07-07T17:56:53.175+0000] {processor.py:766} INFO - DAG(s) dict_keys(['monitoring']) retrieved from /opt/airflow/dags/6.1-monitoring.py
[2024-07-07T17:56:53.212+0000] {logging_mixin.py:120} INFO - [2024-07-07T17:56:53.211+0000] {dag.py:2585} INFO - Sync 1 DAGs
[2024-07-07T17:56:53.236+0000] {logging_mixin.py:120} INFO - [2024-07-07T17:56:53.236+0000] {dag.py:3340} INFO - Setting next_dagrun for monitoring to 2024-01-01T00:00:00+00:00, run_after=2024-01-02T00:00:00+00:00
[2024-07-07T17:56:53.256+0000] {processor.py:176} INFO - Processing /opt/airflow/dags/6.1-monitoring.py took 0.102 seconds
[2024-07-07T17:57:23.554+0000] {processor.py:154} INFO - Started process (PID=16413) to work on /opt/airflow/dags/6.1-monitoring.py
[2024-07-07T17:57:23.555+0000] {processor.py:756} INFO - Processing file /opt/airflow/dags/6.1-monitoring.py for tasks to queue
[2024-07-07T17:57:23.556+0000] {logging_mixin.py:120} INFO - [2024-07-07T17:57:23.556+0000] {dagbag.py:537} INFO - Filling up the DagBag from /opt/airflow/dags/6.1-monitoring.py
[2024-07-07T17:57:23.671+0000] {processor.py:766} INFO - DAG(s) dict_keys(['monitoring']) retrieved from /opt/airflow/dags/6.1-monitoring.py
[2024-07-07T17:57:23.768+0000] {logging_mixin.py:120} INFO - [2024-07-07T17:57:23.768+0000] {dag.py:2585} INFO - Sync 1 DAGs
[2024-07-07T17:57:23.841+0000] {logging_mixin.py:120} INFO - [2024-07-07T17:57:23.840+0000] {dag.py:3340} INFO - Setting next_dagrun for monitoring to 2024-01-01T00:00:00+00:00, run_after=2024-01-02T00:00:00+00:00
[2024-07-07T17:57:23.882+0000] {processor.py:176} INFO - Processing /opt/airflow/dags/6.1-monitoring.py took 0.331 seconds
[2024-07-07T17:57:54.362+0000] {processor.py:154} INFO - Started process (PID=16440) to work on /opt/airflow/dags/6.1-monitoring.py
[2024-07-07T17:57:54.364+0000] {processor.py:756} INFO - Processing file /opt/airflow/dags/6.1-monitoring.py for tasks to queue
[2024-07-07T17:57:54.365+0000] {logging_mixin.py:120} INFO - [2024-07-07T17:57:54.365+0000] {dagbag.py:537} INFO - Filling up the DagBag from /opt/airflow/dags/6.1-monitoring.py
[2024-07-07T17:57:54.383+0000] {processor.py:766} INFO - DAG(s) dict_keys(['monitoring']) retrieved from /opt/airflow/dags/6.1-monitoring.py
[2024-07-07T17:57:54.424+0000] {logging_mixin.py:120} INFO - [2024-07-07T17:57:54.424+0000] {dag.py:2585} INFO - Sync 1 DAGs
[2024-07-07T17:57:54.449+0000] {logging_mixin.py:120} INFO - [2024-07-07T17:57:54.449+0000] {dag.py:3340} INFO - Setting next_dagrun for monitoring to 2024-01-01T00:00:00+00:00, run_after=2024-01-02T00:00:00+00:00
[2024-07-07T17:57:54.470+0000] {processor.py:176} INFO - Processing /opt/airflow/dags/6.1-monitoring.py took 0.110 seconds
[2024-07-07T17:58:25.358+0000] {processor.py:154} INFO - Started process (PID=16476) to work on /opt/airflow/dags/6.1-monitoring.py
[2024-07-07T17:58:25.365+0000] {processor.py:756} INFO - Processing file /opt/airflow/dags/6.1-monitoring.py for tasks to queue
[2024-07-07T17:58:25.366+0000] {logging_mixin.py:120} INFO - [2024-07-07T17:58:25.366+0000] {dagbag.py:537} INFO - Filling up the DagBag from /opt/airflow/dags/6.1-monitoring.py
[2024-07-07T17:58:25.382+0000] {processor.py:766} INFO - DAG(s) dict_keys(['monitoring']) retrieved from /opt/airflow/dags/6.1-monitoring.py
[2024-07-07T17:58:25.418+0000] {logging_mixin.py:120} INFO - [2024-07-07T17:58:25.418+0000] {dag.py:2585} INFO - Sync 1 DAGs
[2024-07-07T17:58:25.439+0000] {logging_mixin.py:120} INFO - [2024-07-07T17:58:25.439+0000] {dag.py:3340} INFO - Setting next_dagrun for monitoring to 2024-01-01T00:00:00+00:00, run_after=2024-01-02T00:00:00+00:00
[2024-07-07T17:58:25.459+0000] {processor.py:176} INFO - Processing /opt/airflow/dags/6.1-monitoring.py took 0.104 seconds
[2024-07-07T17:58:56.268+0000] {processor.py:154} INFO - Started process (PID=16511) to work on /opt/airflow/dags/6.1-monitoring.py
[2024-07-07T17:58:56.270+0000] {processor.py:756} INFO - Processing file /opt/airflow/dags/6.1-monitoring.py for tasks to queue
[2024-07-07T17:58:56.270+0000] {logging_mixin.py:120} INFO - [2024-07-07T17:58:56.270+0000] {dagbag.py:537} INFO - Filling up the DagBag from /opt/airflow/dags/6.1-monitoring.py
[2024-07-07T17:58:56.288+0000] {processor.py:766} INFO - DAG(s) dict_keys(['monitoring']) retrieved from /opt/airflow/dags/6.1-monitoring.py
[2024-07-07T17:58:56.323+0000] {logging_mixin.py:120} INFO - [2024-07-07T17:58:56.323+0000] {dag.py:2585} INFO - Sync 1 DAGs
[2024-07-07T17:58:56.345+0000] {logging_mixin.py:120} INFO - [2024-07-07T17:58:56.345+0000] {dag.py:3340} INFO - Setting next_dagrun for monitoring to 2024-01-01T00:00:00+00:00, run_after=2024-01-02T00:00:00+00:00
[2024-07-07T17:58:56.364+0000] {processor.py:176} INFO - Processing /opt/airflow/dags/6.1-monitoring.py took 0.099 seconds
[2024-07-07T17:59:27.009+0000] {processor.py:154} INFO - Started process (PID=16547) to work on /opt/airflow/dags/6.1-monitoring.py
[2024-07-07T17:59:27.010+0000] {processor.py:756} INFO - Processing file /opt/airflow/dags/6.1-monitoring.py for tasks to queue
[2024-07-07T17:59:27.011+0000] {logging_mixin.py:120} INFO - [2024-07-07T17:59:27.011+0000] {dagbag.py:537} INFO - Filling up the DagBag from /opt/airflow/dags/6.1-monitoring.py
[2024-07-07T17:59:27.033+0000] {processor.py:766} INFO - DAG(s) dict_keys(['monitoring']) retrieved from /opt/airflow/dags/6.1-monitoring.py
[2024-07-07T17:59:27.075+0000] {logging_mixin.py:120} INFO - [2024-07-07T17:59:27.074+0000] {dag.py:2585} INFO - Sync 1 DAGs
[2024-07-07T17:59:27.105+0000] {logging_mixin.py:120} INFO - [2024-07-07T17:59:27.105+0000] {dag.py:3340} INFO - Setting next_dagrun for monitoring to 2024-01-01T00:00:00+00:00, run_after=2024-01-02T00:00:00+00:00
[2024-07-07T17:59:27.125+0000] {processor.py:176} INFO - Processing /opt/airflow/dags/6.1-monitoring.py took 0.119 seconds
[2024-07-07T17:59:57.994+0000] {processor.py:154} INFO - Started process (PID=16573) to work on /opt/airflow/dags/6.1-monitoring.py
[2024-07-07T17:59:57.996+0000] {processor.py:756} INFO - Processing file /opt/airflow/dags/6.1-monitoring.py for tasks to queue
[2024-07-07T17:59:57.996+0000] {logging_mixin.py:120} INFO - [2024-07-07T17:59:57.996+0000] {dagbag.py:537} INFO - Filling up the DagBag from /opt/airflow/dags/6.1-monitoring.py
[2024-07-07T17:59:58.012+0000] {processor.py:766} INFO - DAG(s) dict_keys(['monitoring']) retrieved from /opt/airflow/dags/6.1-monitoring.py
[2024-07-07T17:59:58.051+0000] {logging_mixin.py:120} INFO - [2024-07-07T17:59:58.051+0000] {dag.py:2585} INFO - Sync 1 DAGs
[2024-07-07T17:59:58.079+0000] {logging_mixin.py:120} INFO - [2024-07-07T17:59:58.079+0000] {dag.py:3340} INFO - Setting next_dagrun for monitoring to 2024-01-01T00:00:00+00:00, run_after=2024-01-02T00:00:00+00:00
[2024-07-07T17:59:58.099+0000] {processor.py:176} INFO - Processing /opt/airflow/dags/6.1-monitoring.py took 0.108 seconds
[2024-07-07T18:00:29.085+0000] {processor.py:154} INFO - Started process (PID=16610) to work on /opt/airflow/dags/6.1-monitoring.py
[2024-07-07T18:00:29.086+0000] {processor.py:756} INFO - Processing file /opt/airflow/dags/6.1-monitoring.py for tasks to queue
[2024-07-07T18:00:29.087+0000] {logging_mixin.py:120} INFO - [2024-07-07T18:00:29.087+0000] {dagbag.py:537} INFO - Filling up the DagBag from /opt/airflow/dags/6.1-monitoring.py
[2024-07-07T18:00:29.105+0000] {processor.py:766} INFO - DAG(s) dict_keys(['monitoring']) retrieved from /opt/airflow/dags/6.1-monitoring.py
[2024-07-07T18:00:29.142+0000] {logging_mixin.py:120} INFO - [2024-07-07T18:00:29.142+0000] {dag.py:2585} INFO - Sync 1 DAGs
[2024-07-07T18:00:29.165+0000] {logging_mixin.py:120} INFO - [2024-07-07T18:00:29.165+0000] {dag.py:3340} INFO - Setting next_dagrun for monitoring to 2024-01-01T00:00:00+00:00, run_after=2024-01-02T00:00:00+00:00
[2024-07-07T18:00:29.185+0000] {processor.py:176} INFO - Processing /opt/airflow/dags/6.1-monitoring.py took 0.103 seconds
[2024-07-07T18:00:59.845+0000] {processor.py:154} INFO - Started process (PID=16646) to work on /opt/airflow/dags/6.1-monitoring.py
[2024-07-07T18:00:59.846+0000] {processor.py:756} INFO - Processing file /opt/airflow/dags/6.1-monitoring.py for tasks to queue
[2024-07-07T18:00:59.847+0000] {logging_mixin.py:120} INFO - [2024-07-07T18:00:59.847+0000] {dagbag.py:537} INFO - Filling up the DagBag from /opt/airflow/dags/6.1-monitoring.py
[2024-07-07T18:00:59.868+0000] {processor.py:766} INFO - DAG(s) dict_keys(['monitoring']) retrieved from /opt/airflow/dags/6.1-monitoring.py
[2024-07-07T18:00:59.910+0000] {logging_mixin.py:120} INFO - [2024-07-07T18:00:59.910+0000] {dag.py:2585} INFO - Sync 1 DAGs
[2024-07-07T18:00:59.938+0000] {logging_mixin.py:120} INFO - [2024-07-07T18:00:59.938+0000] {dag.py:3340} INFO - Setting next_dagrun for monitoring to 2024-01-01T00:00:00+00:00, run_after=2024-01-02T00:00:00+00:00
[2024-07-07T18:00:59.961+0000] {processor.py:176} INFO - Processing /opt/airflow/dags/6.1-monitoring.py took 0.120 seconds
[2024-07-07T18:01:30.516+0000] {processor.py:154} INFO - Started process (PID=16682) to work on /opt/airflow/dags/6.1-monitoring.py
[2024-07-07T18:01:30.518+0000] {processor.py:756} INFO - Processing file /opt/airflow/dags/6.1-monitoring.py for tasks to queue
[2024-07-07T18:01:30.518+0000] {logging_mixin.py:120} INFO - [2024-07-07T18:01:30.518+0000] {dagbag.py:537} INFO - Filling up the DagBag from /opt/airflow/dags/6.1-monitoring.py
[2024-07-07T18:01:30.539+0000] {processor.py:766} INFO - DAG(s) dict_keys(['monitoring']) retrieved from /opt/airflow/dags/6.1-monitoring.py
[2024-07-07T18:01:30.578+0000] {logging_mixin.py:120} INFO - [2024-07-07T18:01:30.578+0000] {dag.py:2585} INFO - Sync 1 DAGs
[2024-07-07T18:01:30.605+0000] {logging_mixin.py:120} INFO - [2024-07-07T18:01:30.605+0000] {dag.py:3340} INFO - Setting next_dagrun for monitoring to 2024-01-01T00:00:00+00:00, run_after=2024-01-02T00:00:00+00:00
[2024-07-07T18:01:30.626+0000] {processor.py:176} INFO - Processing /opt/airflow/dags/6.1-monitoring.py took 0.114 seconds
[2024-07-07T18:02:01.400+0000] {processor.py:154} INFO - Started process (PID=16709) to work on /opt/airflow/dags/6.1-monitoring.py
[2024-07-07T18:02:01.401+0000] {processor.py:756} INFO - Processing file /opt/airflow/dags/6.1-monitoring.py for tasks to queue
[2024-07-07T18:02:01.402+0000] {logging_mixin.py:120} INFO - [2024-07-07T18:02:01.402+0000] {dagbag.py:537} INFO - Filling up the DagBag from /opt/airflow/dags/6.1-monitoring.py
[2024-07-07T18:02:01.422+0000] {processor.py:766} INFO - DAG(s) dict_keys(['monitoring']) retrieved from /opt/airflow/dags/6.1-monitoring.py
[2024-07-07T18:02:01.480+0000] {logging_mixin.py:120} INFO - [2024-07-07T18:02:01.480+0000] {dag.py:2585} INFO - Sync 1 DAGs
[2024-07-07T18:02:01.530+0000] {logging_mixin.py:120} INFO - [2024-07-07T18:02:01.529+0000] {dag.py:3340} INFO - Setting next_dagrun for monitoring to 2024-01-01T00:00:00+00:00, run_after=2024-01-02T00:00:00+00:00
[2024-07-07T18:02:01.556+0000] {processor.py:176} INFO - Processing /opt/airflow/dags/6.1-monitoring.py took 0.162 seconds
[2024-07-07T18:02:32.256+0000] {processor.py:154} INFO - Started process (PID=16745) to work on /opt/airflow/dags/6.1-monitoring.py
[2024-07-07T18:02:32.258+0000] {processor.py:756} INFO - Processing file /opt/airflow/dags/6.1-monitoring.py for tasks to queue
[2024-07-07T18:02:32.259+0000] {logging_mixin.py:120} INFO - [2024-07-07T18:02:32.259+0000] {dagbag.py:537} INFO - Filling up the DagBag from /opt/airflow/dags/6.1-monitoring.py
[2024-07-07T18:02:32.284+0000] {processor.py:766} INFO - DAG(s) dict_keys(['monitoring']) retrieved from /opt/airflow/dags/6.1-monitoring.py
[2024-07-07T18:02:32.320+0000] {logging_mixin.py:120} INFO - [2024-07-07T18:02:32.320+0000] {dag.py:2585} INFO - Sync 1 DAGs
[2024-07-07T18:02:32.351+0000] {logging_mixin.py:120} INFO - [2024-07-07T18:02:32.350+0000] {dag.py:3340} INFO - Setting next_dagrun for monitoring to 2024-01-01T00:00:00+00:00, run_after=2024-01-02T00:00:00+00:00
[2024-07-07T18:02:32.367+0000] {processor.py:176} INFO - Processing /opt/airflow/dags/6.1-monitoring.py took 0.115 seconds
[2024-07-07T18:03:02.535+0000] {processor.py:154} INFO - Started process (PID=16783) to work on /opt/airflow/dags/6.1-monitoring.py
[2024-07-07T18:03:02.537+0000] {processor.py:756} INFO - Processing file /opt/airflow/dags/6.1-monitoring.py for tasks to queue
[2024-07-07T18:03:02.537+0000] {logging_mixin.py:120} INFO - [2024-07-07T18:03:02.537+0000] {dagbag.py:537} INFO - Filling up the DagBag from /opt/airflow/dags/6.1-monitoring.py
[2024-07-07T18:03:02.561+0000] {processor.py:766} INFO - DAG(s) dict_keys(['monitoring']) retrieved from /opt/airflow/dags/6.1-monitoring.py
[2024-07-07T18:03:02.602+0000] {logging_mixin.py:120} INFO - [2024-07-07T18:03:02.601+0000] {dag.py:2585} INFO - Sync 1 DAGs
[2024-07-07T18:03:02.630+0000] {logging_mixin.py:120} INFO - [2024-07-07T18:03:02.630+0000] {dag.py:3340} INFO - Setting next_dagrun for monitoring to 2024-01-01T00:00:00+00:00, run_after=2024-01-02T00:00:00+00:00
[2024-07-07T18:03:02.653+0000] {processor.py:176} INFO - Processing /opt/airflow/dags/6.1-monitoring.py took 0.121 seconds
