[2024-07-07T19:10:09.761+0000] {processor.py:154} INFO - Started process (PID=21248) to work on /opt/airflow/dags/7.2-ExternalTaskSensor.py
[2024-07-07T19:10:09.762+0000] {processor.py:756} INFO - Processing file /opt/airflow/dags/7.2-ExternalTaskSensor.py for tasks to queue
[2024-07-07T19:10:09.763+0000] {logging_mixin.py:120} INFO - [2024-07-07T19:10:09.763+0000] {dagbag.py:537} INFO - Filling up the DagBag from /opt/airflow/dags/7.2-ExternalTaskSensor.py
[2024-07-07T19:10:09.813+0000] {processor.py:766} INFO - DAG(s) dict_keys(['7.2-externalTaskSensor']) retrieved from /opt/airflow/dags/7.2-ExternalTaskSensor.py
[2024-07-07T19:10:12.727+0000] {logging_mixin.py:120} INFO - [2024-07-07T19:10:12.726+0000] {manager.py:507} INFO - Created Permission View: can read on DAG:7.2-externalTaskSensor
[2024-07-07T19:10:12.748+0000] {logging_mixin.py:120} INFO - [2024-07-07T19:10:12.747+0000] {manager.py:507} INFO - Created Permission View: can edit on DAG:7.2-externalTaskSensor
[2024-07-07T19:10:12.767+0000] {logging_mixin.py:120} INFO - [2024-07-07T19:10:12.766+0000] {manager.py:507} INFO - Created Permission View: can delete on DAG:7.2-externalTaskSensor
[2024-07-07T19:10:12.767+0000] {logging_mixin.py:120} INFO - [2024-07-07T19:10:12.767+0000] {dag.py:2585} INFO - Sync 1 DAGs
[2024-07-07T19:10:12.804+0000] {logging_mixin.py:120} INFO - [2024-07-07T19:10:12.803+0000] {dag.py:2606} INFO - Creating ORM DAG for 7.2-externalTaskSensor
[2024-07-07T19:10:12.832+0000] {logging_mixin.py:120} INFO - [2024-07-07T19:10:12.831+0000] {dag.py:3340} INFO - Setting next_dagrun for 7.2-externalTaskSensor to 2022-08-20T00:00:00+00:00, run_after=2022-08-21T00:00:00+00:00
[2024-07-07T19:10:12.942+0000] {processor.py:176} INFO - Processing /opt/airflow/dags/7.2-ExternalTaskSensor.py took 3.198 seconds
[2024-07-07T19:10:44.009+0000] {processor.py:154} INFO - Started process (PID=21291) to work on /opt/airflow/dags/7.2-ExternalTaskSensor.py
[2024-07-07T19:10:44.015+0000] {processor.py:756} INFO - Processing file /opt/airflow/dags/7.2-ExternalTaskSensor.py for tasks to queue
[2024-07-07T19:10:44.016+0000] {logging_mixin.py:120} INFO - [2024-07-07T19:10:44.016+0000] {dagbag.py:537} INFO - Filling up the DagBag from /opt/airflow/dags/7.2-ExternalTaskSensor.py
[2024-07-07T19:10:44.133+0000] {processor.py:766} INFO - DAG(s) dict_keys(['7.2-externalTaskSensor']) retrieved from /opt/airflow/dags/7.2-ExternalTaskSensor.py
[2024-07-07T19:10:44.715+0000] {logging_mixin.py:120} INFO - [2024-07-07T19:10:44.715+0000] {dag.py:2585} INFO - Sync 1 DAGs
[2024-07-07T19:10:44.899+0000] {logging_mixin.py:120} INFO - [2024-07-07T19:10:44.899+0000] {dag.py:3340} INFO - Setting next_dagrun for 7.2-externalTaskSensor to 2022-08-20T00:00:00+00:00, run_after=2022-08-21T00:00:00+00:00
[2024-07-07T19:10:45.125+0000] {processor.py:176} INFO - Processing /opt/airflow/dags/7.2-ExternalTaskSensor.py took 1.120 seconds
[2024-07-07T19:11:15.281+0000] {processor.py:154} INFO - Started process (PID=21331) to work on /opt/airflow/dags/7.2-ExternalTaskSensor.py
[2024-07-07T19:11:15.293+0000] {processor.py:756} INFO - Processing file /opt/airflow/dags/7.2-ExternalTaskSensor.py for tasks to queue
[2024-07-07T19:11:15.297+0000] {logging_mixin.py:120} INFO - [2024-07-07T19:11:15.295+0000] {dagbag.py:537} INFO - Filling up the DagBag from /opt/airflow/dags/7.2-ExternalTaskSensor.py
[2024-07-07T19:11:15.371+0000] {processor.py:766} INFO - DAG(s) dict_keys(['7.2-externalTaskSensor']) retrieved from /opt/airflow/dags/7.2-ExternalTaskSensor.py
[2024-07-07T19:11:15.889+0000] {logging_mixin.py:120} INFO - [2024-07-07T19:11:15.889+0000] {dag.py:2585} INFO - Sync 1 DAGs
[2024-07-07T19:11:15.926+0000] {logging_mixin.py:120} INFO - [2024-07-07T19:11:15.926+0000] {dag.py:3340} INFO - Setting next_dagrun for 7.2-externalTaskSensor to 2022-08-20T00:00:00+00:00, run_after=2022-08-21T00:00:00+00:00
[2024-07-07T19:11:15.975+0000] {processor.py:176} INFO - Processing /opt/airflow/dags/7.2-ExternalTaskSensor.py took 0.702 seconds
[2024-07-07T19:11:46.266+0000] {processor.py:154} INFO - Started process (PID=21361) to work on /opt/airflow/dags/7.2-ExternalTaskSensor.py
[2024-07-07T19:11:46.267+0000] {processor.py:756} INFO - Processing file /opt/airflow/dags/7.2-ExternalTaskSensor.py for tasks to queue
[2024-07-07T19:11:46.270+0000] {logging_mixin.py:120} INFO - [2024-07-07T19:11:46.268+0000] {dagbag.py:537} INFO - Filling up the DagBag from /opt/airflow/dags/7.2-ExternalTaskSensor.py
[2024-07-07T19:11:46.303+0000] {processor.py:766} INFO - DAG(s) dict_keys(['7.2-externalTaskSensor']) retrieved from /opt/airflow/dags/7.2-ExternalTaskSensor.py
[2024-07-07T19:11:46.788+0000] {logging_mixin.py:120} INFO - [2024-07-07T19:11:46.788+0000] {dag.py:2585} INFO - Sync 1 DAGs
[2024-07-07T19:11:46.846+0000] {logging_mixin.py:120} INFO - [2024-07-07T19:11:46.846+0000] {dag.py:3340} INFO - Setting next_dagrun for 7.2-externalTaskSensor to 2022-08-20T00:00:00+00:00, run_after=2022-08-21T00:00:00+00:00
[2024-07-07T19:11:46.897+0000] {processor.py:176} INFO - Processing /opt/airflow/dags/7.2-ExternalTaskSensor.py took 0.635 seconds
[2024-07-07T19:12:17.130+0000] {processor.py:154} INFO - Started process (PID=21398) to work on /opt/airflow/dags/7.2-ExternalTaskSensor.py
[2024-07-07T19:12:17.131+0000] {processor.py:756} INFO - Processing file /opt/airflow/dags/7.2-ExternalTaskSensor.py for tasks to queue
[2024-07-07T19:12:17.132+0000] {logging_mixin.py:120} INFO - [2024-07-07T19:12:17.132+0000] {dagbag.py:537} INFO - Filling up the DagBag from /opt/airflow/dags/7.2-ExternalTaskSensor.py
[2024-07-07T19:12:17.242+0000] {processor.py:766} INFO - DAG(s) dict_keys(['7.2-externalTaskSensor']) retrieved from /opt/airflow/dags/7.2-ExternalTaskSensor.py
[2024-07-07T19:12:17.775+0000] {logging_mixin.py:120} INFO - [2024-07-07T19:12:17.774+0000] {dag.py:2585} INFO - Sync 1 DAGs
[2024-07-07T19:12:17.855+0000] {logging_mixin.py:120} INFO - [2024-07-07T19:12:17.854+0000] {dag.py:3340} INFO - Setting next_dagrun for 7.2-externalTaskSensor to 2022-08-20T00:00:00+00:00, run_after=2022-08-21T00:00:00+00:00
[2024-07-07T19:12:17.919+0000] {processor.py:176} INFO - Processing /opt/airflow/dags/7.2-ExternalTaskSensor.py took 0.841 seconds
[2024-07-07T19:12:48.422+0000] {processor.py:154} INFO - Started process (PID=21432) to work on /opt/airflow/dags/7.2-ExternalTaskSensor.py
[2024-07-07T19:12:48.424+0000] {processor.py:756} INFO - Processing file /opt/airflow/dags/7.2-ExternalTaskSensor.py for tasks to queue
[2024-07-07T19:12:48.430+0000] {logging_mixin.py:120} INFO - [2024-07-07T19:12:48.430+0000] {dagbag.py:537} INFO - Filling up the DagBag from /opt/airflow/dags/7.2-ExternalTaskSensor.py
[2024-07-07T19:12:48.460+0000] {processor.py:766} INFO - DAG(s) dict_keys(['7.2-externalTaskSensor']) retrieved from /opt/airflow/dags/7.2-ExternalTaskSensor.py
[2024-07-07T19:12:48.794+0000] {logging_mixin.py:120} INFO - [2024-07-07T19:12:48.794+0000] {dag.py:2585} INFO - Sync 1 DAGs
[2024-07-07T19:12:48.828+0000] {logging_mixin.py:120} INFO - [2024-07-07T19:12:48.828+0000] {dag.py:3340} INFO - Setting next_dagrun for 7.2-externalTaskSensor to 2022-08-20T00:00:00+00:00, run_after=2022-08-21T00:00:00+00:00
[2024-07-07T19:12:48.859+0000] {processor.py:176} INFO - Processing /opt/airflow/dags/7.2-ExternalTaskSensor.py took 0.442 seconds
[2024-07-07T19:13:19.380+0000] {processor.py:154} INFO - Started process (PID=21473) to work on /opt/airflow/dags/7.2-ExternalTaskSensor.py
[2024-07-07T19:13:19.382+0000] {processor.py:756} INFO - Processing file /opt/airflow/dags/7.2-ExternalTaskSensor.py for tasks to queue
[2024-07-07T19:13:19.386+0000] {logging_mixin.py:120} INFO - [2024-07-07T19:13:19.386+0000] {dagbag.py:537} INFO - Filling up the DagBag from /opt/airflow/dags/7.2-ExternalTaskSensor.py
[2024-07-07T19:13:19.404+0000] {processor.py:766} INFO - DAG(s) dict_keys(['7.2-externalTaskSensor']) retrieved from /opt/airflow/dags/7.2-ExternalTaskSensor.py
[2024-07-07T19:13:19.654+0000] {logging_mixin.py:120} INFO - [2024-07-07T19:13:19.654+0000] {dag.py:2585} INFO - Sync 1 DAGs
[2024-07-07T19:13:19.687+0000] {logging_mixin.py:120} INFO - [2024-07-07T19:13:19.687+0000] {dag.py:3340} INFO - Setting next_dagrun for 7.2-externalTaskSensor to 2022-08-20T00:00:00+00:00, run_after=2022-08-21T00:00:00+00:00
[2024-07-07T19:13:19.709+0000] {processor.py:176} INFO - Processing /opt/airflow/dags/7.2-ExternalTaskSensor.py took 0.332 seconds
[2024-07-07T19:13:49.755+0000] {processor.py:154} INFO - Started process (PID=21504) to work on /opt/airflow/dags/7.2-ExternalTaskSensor.py
[2024-07-07T19:13:49.782+0000] {processor.py:756} INFO - Processing file /opt/airflow/dags/7.2-ExternalTaskSensor.py for tasks to queue
[2024-07-07T19:13:49.783+0000] {logging_mixin.py:120} INFO - [2024-07-07T19:13:49.782+0000] {dagbag.py:537} INFO - Filling up the DagBag from /opt/airflow/dags/7.2-ExternalTaskSensor.py
[2024-07-07T19:13:49.843+0000] {processor.py:766} INFO - DAG(s) dict_keys(['7.2-externalTaskSensor']) retrieved from /opt/airflow/dags/7.2-ExternalTaskSensor.py
[2024-07-07T19:13:50.320+0000] {logging_mixin.py:120} INFO - [2024-07-07T19:13:50.320+0000] {dag.py:2585} INFO - Sync 1 DAGs
[2024-07-07T19:13:50.421+0000] {logging_mixin.py:120} INFO - [2024-07-07T19:13:50.421+0000] {dag.py:3340} INFO - Setting next_dagrun for 7.2-externalTaskSensor to 2022-08-20T00:00:00+00:00, run_after=2022-08-21T00:00:00+00:00
[2024-07-07T19:13:50.487+0000] {processor.py:176} INFO - Processing /opt/airflow/dags/7.2-ExternalTaskSensor.py took 0.735 seconds
[2024-07-07T19:14:20.901+0000] {processor.py:154} INFO - Started process (PID=21542) to work on /opt/airflow/dags/7.2-ExternalTaskSensor.py
[2024-07-07T19:14:20.902+0000] {processor.py:756} INFO - Processing file /opt/airflow/dags/7.2-ExternalTaskSensor.py for tasks to queue
[2024-07-07T19:14:20.902+0000] {logging_mixin.py:120} INFO - [2024-07-07T19:14:20.902+0000] {dagbag.py:537} INFO - Filling up the DagBag from /opt/airflow/dags/7.2-ExternalTaskSensor.py
[2024-07-07T19:14:20.926+0000] {processor.py:766} INFO - DAG(s) dict_keys(['7.2-externalTaskSensor']) retrieved from /opt/airflow/dags/7.2-ExternalTaskSensor.py
[2024-07-07T19:14:21.160+0000] {logging_mixin.py:120} INFO - [2024-07-07T19:14:21.159+0000] {dag.py:2585} INFO - Sync 1 DAGs
[2024-07-07T19:14:21.186+0000] {logging_mixin.py:120} INFO - [2024-07-07T19:14:21.186+0000] {dag.py:3340} INFO - Setting next_dagrun for 7.2-externalTaskSensor to 2022-08-20T00:00:00+00:00, run_after=2022-08-21T00:00:00+00:00
[2024-07-07T19:14:21.215+0000] {processor.py:176} INFO - Processing /opt/airflow/dags/7.2-ExternalTaskSensor.py took 0.318 seconds
[2024-07-07T19:14:51.449+0000] {processor.py:154} INFO - Started process (PID=21581) to work on /opt/airflow/dags/7.2-ExternalTaskSensor.py
[2024-07-07T19:14:51.452+0000] {processor.py:756} INFO - Processing file /opt/airflow/dags/7.2-ExternalTaskSensor.py for tasks to queue
[2024-07-07T19:14:51.455+0000] {logging_mixin.py:120} INFO - [2024-07-07T19:14:51.454+0000] {dagbag.py:537} INFO - Filling up the DagBag from /opt/airflow/dags/7.2-ExternalTaskSensor.py
[2024-07-07T19:14:51.486+0000] {processor.py:766} INFO - DAG(s) dict_keys(['7.2-externalTaskSensor']) retrieved from /opt/airflow/dags/7.2-ExternalTaskSensor.py
[2024-07-07T19:14:51.744+0000] {logging_mixin.py:120} INFO - [2024-07-07T19:14:51.744+0000] {dag.py:2585} INFO - Sync 1 DAGs
[2024-07-07T19:14:51.774+0000] {logging_mixin.py:120} INFO - [2024-07-07T19:14:51.774+0000] {dag.py:3340} INFO - Setting next_dagrun for 7.2-externalTaskSensor to 2022-08-20T00:00:00+00:00, run_after=2022-08-21T00:00:00+00:00
[2024-07-07T19:14:51.800+0000] {processor.py:176} INFO - Processing /opt/airflow/dags/7.2-ExternalTaskSensor.py took 0.367 seconds
[2024-07-07T19:15:22.127+0000] {processor.py:154} INFO - Started process (PID=21613) to work on /opt/airflow/dags/7.2-ExternalTaskSensor.py
[2024-07-07T19:15:22.145+0000] {processor.py:756} INFO - Processing file /opt/airflow/dags/7.2-ExternalTaskSensor.py for tasks to queue
[2024-07-07T19:15:22.147+0000] {logging_mixin.py:120} INFO - [2024-07-07T19:15:22.147+0000] {dagbag.py:537} INFO - Filling up the DagBag from /opt/airflow/dags/7.2-ExternalTaskSensor.py
[2024-07-07T19:15:22.172+0000] {processor.py:766} INFO - DAG(s) dict_keys(['7.2-externalTaskSensor']) retrieved from /opt/airflow/dags/7.2-ExternalTaskSensor.py
[2024-07-07T19:15:22.575+0000] {logging_mixin.py:120} INFO - [2024-07-07T19:15:22.575+0000] {dag.py:2585} INFO - Sync 1 DAGs
[2024-07-07T19:15:22.642+0000] {logging_mixin.py:120} INFO - [2024-07-07T19:15:22.641+0000] {dag.py:3340} INFO - Setting next_dagrun for 7.2-externalTaskSensor to 2022-08-20T00:00:00+00:00, run_after=2022-08-21T00:00:00+00:00
[2024-07-07T19:15:22.682+0000] {processor.py:176} INFO - Processing /opt/airflow/dags/7.2-ExternalTaskSensor.py took 0.559 seconds
[2024-07-07T19:15:52.966+0000] {processor.py:154} INFO - Started process (PID=21653) to work on /opt/airflow/dags/7.2-ExternalTaskSensor.py
[2024-07-07T19:15:52.974+0000] {processor.py:756} INFO - Processing file /opt/airflow/dags/7.2-ExternalTaskSensor.py for tasks to queue
[2024-07-07T19:15:52.975+0000] {logging_mixin.py:120} INFO - [2024-07-07T19:15:52.975+0000] {dagbag.py:537} INFO - Filling up the DagBag from /opt/airflow/dags/7.2-ExternalTaskSensor.py
[2024-07-07T19:15:53.012+0000] {processor.py:766} INFO - DAG(s) dict_keys(['7.2-externalTaskSensor']) retrieved from /opt/airflow/dags/7.2-ExternalTaskSensor.py
[2024-07-07T19:15:53.315+0000] {logging_mixin.py:120} INFO - [2024-07-07T19:15:53.315+0000] {dag.py:2585} INFO - Sync 1 DAGs
[2024-07-07T19:15:53.343+0000] {logging_mixin.py:120} INFO - [2024-07-07T19:15:53.343+0000] {dag.py:3340} INFO - Setting next_dagrun for 7.2-externalTaskSensor to 2022-08-20T00:00:00+00:00, run_after=2022-08-21T00:00:00+00:00
[2024-07-07T19:15:53.374+0000] {processor.py:176} INFO - Processing /opt/airflow/dags/7.2-ExternalTaskSensor.py took 0.413 seconds
[2024-07-07T19:16:23.640+0000] {processor.py:154} INFO - Started process (PID=21691) to work on /opt/airflow/dags/7.2-ExternalTaskSensor.py
[2024-07-07T19:16:23.641+0000] {processor.py:756} INFO - Processing file /opt/airflow/dags/7.2-ExternalTaskSensor.py for tasks to queue
[2024-07-07T19:16:23.642+0000] {logging_mixin.py:120} INFO - [2024-07-07T19:16:23.642+0000] {dagbag.py:537} INFO - Filling up the DagBag from /opt/airflow/dags/7.2-ExternalTaskSensor.py
[2024-07-07T19:16:23.667+0000] {processor.py:766} INFO - DAG(s) dict_keys(['7.2-externalTaskSensor']) retrieved from /opt/airflow/dags/7.2-ExternalTaskSensor.py
[2024-07-07T19:16:23.877+0000] {logging_mixin.py:120} INFO - [2024-07-07T19:16:23.877+0000] {dag.py:2585} INFO - Sync 1 DAGs
[2024-07-07T19:16:23.907+0000] {logging_mixin.py:120} INFO - [2024-07-07T19:16:23.907+0000] {dag.py:3340} INFO - Setting next_dagrun for 7.2-externalTaskSensor to 2022-08-20T00:00:00+00:00, run_after=2022-08-21T00:00:00+00:00
[2024-07-07T19:16:23.934+0000] {processor.py:176} INFO - Processing /opt/airflow/dags/7.2-ExternalTaskSensor.py took 0.305 seconds
[2024-07-07T19:16:54.081+0000] {processor.py:154} INFO - Started process (PID=21722) to work on /opt/airflow/dags/7.2-ExternalTaskSensor.py
[2024-07-07T19:16:54.082+0000] {processor.py:756} INFO - Processing file /opt/airflow/dags/7.2-ExternalTaskSensor.py for tasks to queue
[2024-07-07T19:16:54.084+0000] {logging_mixin.py:120} INFO - [2024-07-07T19:16:54.084+0000] {dagbag.py:537} INFO - Filling up the DagBag from /opt/airflow/dags/7.2-ExternalTaskSensor.py
[2024-07-07T19:16:54.135+0000] {processor.py:766} INFO - DAG(s) dict_keys(['7.2-externalTaskSensor']) retrieved from /opt/airflow/dags/7.2-ExternalTaskSensor.py
[2024-07-07T19:16:54.678+0000] {logging_mixin.py:120} INFO - [2024-07-07T19:16:54.678+0000] {dag.py:2585} INFO - Sync 1 DAGs
[2024-07-07T19:16:54.725+0000] {logging_mixin.py:120} INFO - [2024-07-07T19:16:54.725+0000] {dag.py:3340} INFO - Setting next_dagrun for 7.2-externalTaskSensor to 2022-08-20T00:00:00+00:00, run_after=2022-08-21T00:00:00+00:00
[2024-07-07T19:16:54.768+0000] {processor.py:176} INFO - Processing /opt/airflow/dags/7.2-ExternalTaskSensor.py took 0.690 seconds
[2024-07-07T19:17:25.350+0000] {processor.py:154} INFO - Started process (PID=21760) to work on /opt/airflow/dags/7.2-ExternalTaskSensor.py
[2024-07-07T19:17:25.353+0000] {processor.py:756} INFO - Processing file /opt/airflow/dags/7.2-ExternalTaskSensor.py for tasks to queue
[2024-07-07T19:17:25.353+0000] {logging_mixin.py:120} INFO - [2024-07-07T19:17:25.353+0000] {dagbag.py:537} INFO - Filling up the DagBag from /opt/airflow/dags/7.2-ExternalTaskSensor.py
[2024-07-07T19:17:25.384+0000] {processor.py:766} INFO - DAG(s) dict_keys(['7.2-externalTaskSensor']) retrieved from /opt/airflow/dags/7.2-ExternalTaskSensor.py
[2024-07-07T19:17:25.654+0000] {logging_mixin.py:120} INFO - [2024-07-07T19:17:25.653+0000] {dag.py:2585} INFO - Sync 1 DAGs
[2024-07-07T19:17:25.683+0000] {logging_mixin.py:120} INFO - [2024-07-07T19:17:25.683+0000] {dag.py:3340} INFO - Setting next_dagrun for 7.2-externalTaskSensor to 2022-08-20T00:00:00+00:00, run_after=2022-08-21T00:00:00+00:00
[2024-07-07T19:17:25.721+0000] {processor.py:176} INFO - Processing /opt/airflow/dags/7.2-ExternalTaskSensor.py took 0.374 seconds
[2024-07-07T19:17:55.918+0000] {processor.py:154} INFO - Started process (PID=21799) to work on /opt/airflow/dags/7.2-ExternalTaskSensor.py
[2024-07-07T19:17:55.924+0000] {processor.py:756} INFO - Processing file /opt/airflow/dags/7.2-ExternalTaskSensor.py for tasks to queue
[2024-07-07T19:17:55.925+0000] {logging_mixin.py:120} INFO - [2024-07-07T19:17:55.925+0000] {dagbag.py:537} INFO - Filling up the DagBag from /opt/airflow/dags/7.2-ExternalTaskSensor.py
[2024-07-07T19:17:55.942+0000] {processor.py:766} INFO - DAG(s) dict_keys(['7.2-externalTaskSensor']) retrieved from /opt/airflow/dags/7.2-ExternalTaskSensor.py
[2024-07-07T19:17:56.118+0000] {logging_mixin.py:120} INFO - [2024-07-07T19:17:56.118+0000] {dag.py:2585} INFO - Sync 1 DAGs
[2024-07-07T19:17:56.146+0000] {logging_mixin.py:120} INFO - [2024-07-07T19:17:56.146+0000] {dag.py:3340} INFO - Setting next_dagrun for 7.2-externalTaskSensor to 2022-08-20T00:00:00+00:00, run_after=2022-08-21T00:00:00+00:00
[2024-07-07T19:17:56.168+0000] {processor.py:176} INFO - Processing /opt/airflow/dags/7.2-ExternalTaskSensor.py took 0.253 seconds
[2024-07-07T19:18:26.677+0000] {processor.py:154} INFO - Started process (PID=21830) to work on /opt/airflow/dags/7.2-ExternalTaskSensor.py
[2024-07-07T19:18:26.680+0000] {processor.py:756} INFO - Processing file /opt/airflow/dags/7.2-ExternalTaskSensor.py for tasks to queue
[2024-07-07T19:18:26.681+0000] {logging_mixin.py:120} INFO - [2024-07-07T19:18:26.681+0000] {dagbag.py:537} INFO - Filling up the DagBag from /opt/airflow/dags/7.2-ExternalTaskSensor.py
[2024-07-07T19:18:26.708+0000] {processor.py:766} INFO - DAG(s) dict_keys(['7.2-externalTaskSensor']) retrieved from /opt/airflow/dags/7.2-ExternalTaskSensor.py
[2024-07-07T19:18:26.965+0000] {logging_mixin.py:120} INFO - [2024-07-07T19:18:26.964+0000] {dag.py:2585} INFO - Sync 1 DAGs
[2024-07-07T19:18:26.990+0000] {logging_mixin.py:120} INFO - [2024-07-07T19:18:26.990+0000] {dag.py:3340} INFO - Setting next_dagrun for 7.2-externalTaskSensor to 2022-08-20T00:00:00+00:00, run_after=2022-08-21T00:00:00+00:00
[2024-07-07T19:18:27.049+0000] {processor.py:176} INFO - Processing /opt/airflow/dags/7.2-ExternalTaskSensor.py took 0.381 seconds
