[2024-07-07T18:06:33.865+0000] {taskinstance.py:1165} INFO - Dependencies all met for <TaskInstance: monitoring2.tarea2 scheduled__2024-01-01T00:00:00+00:00 [queued]>
[2024-07-07T18:06:33.886+0000] {taskinstance.py:1165} INFO - Dependencies all met for <TaskInstance: monitoring2.tarea2 scheduled__2024-01-01T00:00:00+00:00 [queued]>
[2024-07-07T18:06:33.886+0000] {taskinstance.py:1362} INFO - 
--------------------------------------------------------------------------------
[2024-07-07T18:06:33.886+0000] {taskinstance.py:1363} INFO - Starting attempt 1 of 3
[2024-07-07T18:06:33.886+0000] {taskinstance.py:1364} INFO - 
--------------------------------------------------------------------------------
[2024-07-07T18:06:33.939+0000] {taskinstance.py:1383} INFO - Executing <Task(BashOperator): tarea2> on 2024-01-01 00:00:00+00:00
[2024-07-07T18:06:33.962+0000] {standard_task_runner.py:55} INFO - Started process 13134 to run task
[2024-07-07T18:06:33.963+0000] {standard_task_runner.py:82} INFO - Running: ['***', 'tasks', 'run', 'monitoring2', 'tarea2', 'scheduled__2024-01-01T00:00:00+00:00', '--job-id', '106', '--raw', '--subdir', 'DAGS_FOLDER/6.2-monitoring.py', '--cfg-path', '/tmp/tmpgyq506x9']
[2024-07-07T18:06:33.963+0000] {standard_task_runner.py:83} INFO - Job 106: Subtask tarea2
[2024-07-07T18:06:34.195+0000] {task_command.py:376} INFO - Running <TaskInstance: monitoring2.tarea2 scheduled__2024-01-01T00:00:00+00:00 [running]> on host 76c37bb8730f
[2024-07-07T18:06:34.415+0000] {taskinstance.py:1592} INFO - Exporting the following env vars:
AIRFLOW_CTX_DAG_OWNER=***
AIRFLOW_CTX_DAG_ID=monitoring2
AIRFLOW_CTX_TASK_ID=tarea2
AIRFLOW_CTX_EXECUTION_DATE=2024-01-01T00:00:00+00:00
AIRFLOW_CTX_TRY_NUMBER=1
AIRFLOW_CTX_DAG_RUN_ID=scheduled__2024-01-01T00:00:00+00:00
[2024-07-07T18:06:34.416+0000] {subprocess.py:63} INFO - Tmp dir root location: 
 /tmp
[2024-07-07T18:06:34.416+0000] {subprocess.py:75} INFO - Running command: ['/bin/bash', '-c', "sleep 2 && echo 'Segunda tarea !!'"]
[2024-07-07T18:06:34.450+0000] {subprocess.py:86} INFO - Output:
[2024-07-07T18:06:36.498+0000] {subprocess.py:93} INFO - Segunda tarea !!
[2024-07-07T18:06:36.499+0000] {subprocess.py:97} INFO - Command exited with return code 0
[2024-07-07T18:06:36.527+0000] {taskinstance.py:1406} INFO - Marking task as SUCCESS. dag_id=monitoring2, task_id=tarea2, execution_date=20240101T000000, start_date=20240707T180633, end_date=20240707T180636
[2024-07-07T18:06:36.558+0000] {local_task_job.py:164} INFO - Task exited with return code 0
[2024-07-07T18:06:36.596+0000] {local_task_job.py:273} INFO - 0 downstream tasks scheduled from follow-on schedule check
