[2024-07-07T09:58:44.860+0000] {taskinstance.py:1165} INFO - Dependencies all met for <TaskInstance: orquestation.task14 scheduled__2024-07-01T00:00:00+00:00 [queued]>
[2024-07-07T09:58:44.905+0000] {taskinstance.py:1165} INFO - Dependencies all met for <TaskInstance: orquestation.task14 scheduled__2024-07-01T00:00:00+00:00 [queued]>
[2024-07-07T09:58:44.905+0000] {taskinstance.py:1362} INFO - 
--------------------------------------------------------------------------------
[2024-07-07T09:58:44.905+0000] {taskinstance.py:1363} INFO - Starting attempt 1 of 1
[2024-07-07T09:58:44.906+0000] {taskinstance.py:1364} INFO - 
--------------------------------------------------------------------------------
[2024-07-07T09:58:44.940+0000] {taskinstance.py:1383} INFO - Executing <Task(BashOperator): task14> on 2024-07-01 00:00:00+00:00
[2024-07-07T09:58:44.948+0000] {standard_task_runner.py:55} INFO - Started process 1494 to run task
[2024-07-07T09:58:45.027+0000] {standard_task_runner.py:82} INFO - Running: ['***', 'tasks', 'run', 'orquestation', 'task14', 'scheduled__2024-07-01T00:00:00+00:00', '--job-id', '82', '--raw', '--subdir', 'DAGS_FOLDER/5.1-orchestration.py', '--cfg-path', '/tmp/tmpqx70olso']
[2024-07-07T09:58:45.029+0000] {standard_task_runner.py:83} INFO - Job 82: Subtask task14
[2024-07-07T09:58:45.454+0000] {task_command.py:376} INFO - Running <TaskInstance: orquestation.task14 scheduled__2024-07-01T00:00:00+00:00 [running]> on host 76c37bb8730f
[2024-07-07T09:58:45.702+0000] {taskinstance.py:1592} INFO - Exporting the following env vars:
AIRFLOW_CTX_DAG_OWNER=***
AIRFLOW_CTX_DAG_ID=orquestation
AIRFLOW_CTX_TASK_ID=task14
AIRFLOW_CTX_EXECUTION_DATE=2024-07-01T00:00:00+00:00
AIRFLOW_CTX_TRY_NUMBER=1
AIRFLOW_CTX_DAG_RUN_ID=scheduled__2024-07-01T00:00:00+00:00
[2024-07-07T09:58:45.715+0000] {subprocess.py:63} INFO - Tmp dir root location: 
 /tmp
[2024-07-07T09:58:45.716+0000] {subprocess.py:75} INFO - Running command: ['/bin/bash', '-c', "sleep 2 && echo 'Orquestando en tarea 4'"]
[2024-07-07T09:58:45.731+0000] {subprocess.py:86} INFO - Output:
[2024-07-07T09:58:47.735+0000] {subprocess.py:93} INFO - Orquestando en tarea 4
[2024-07-07T09:58:47.737+0000] {subprocess.py:97} INFO - Command exited with return code 0
[2024-07-07T09:58:47.870+0000] {taskinstance.py:1406} INFO - Marking task as SUCCESS. dag_id=orquestation, task_id=task14, execution_date=20240701T000000, start_date=20240707T095844, end_date=20240707T095847
[2024-07-07T09:58:47.933+0000] {local_task_job.py:164} INFO - Task exited with return code 0
[2024-07-07T09:58:47.975+0000] {local_task_job.py:273} INFO - 0 downstream tasks scheduled from follow-on schedule check
