[2024-07-07T19:32:55.445+0000] {taskinstance.py:1165} INFO - Dependencies all met for <TaskInstance: filesensor.waiting_file scheduled__2022-10-30T00:00:00+00:00 [queued]>
[2024-07-07T19:32:55.464+0000] {taskinstance.py:1165} INFO - Dependencies all met for <TaskInstance: filesensor.waiting_file scheduled__2022-10-30T00:00:00+00:00 [queued]>
[2024-07-07T19:32:55.464+0000] {taskinstance.py:1362} INFO - 
--------------------------------------------------------------------------------
[2024-07-07T19:32:55.464+0000] {taskinstance.py:1363} INFO - Starting attempt 1 of 1
[2024-07-07T19:32:55.465+0000] {taskinstance.py:1364} INFO - 
--------------------------------------------------------------------------------
[2024-07-07T19:32:55.495+0000] {taskinstance.py:1383} INFO - Executing <Task(FileSensor): waiting_file> on 2022-10-30 00:00:00+00:00
[2024-07-07T19:32:55.505+0000] {standard_task_runner.py:55} INFO - Started process 17446 to run task
[2024-07-07T19:32:55.508+0000] {standard_task_runner.py:82} INFO - Running: ['***', 'tasks', 'run', 'filesensor', 'waiting_file', 'scheduled__2022-10-30T00:00:00+00:00', '--job-id', '242', '--raw', '--subdir', 'DAGS_FOLDER/7.3-FileSensor.py', '--cfg-path', '/tmp/tmp788gbrvy']
[2024-07-07T19:32:55.509+0000] {standard_task_runner.py:83} INFO - Job 242: Subtask waiting_file
[2024-07-07T19:32:55.593+0000] {task_command.py:376} INFO - Running <TaskInstance: filesensor.waiting_file scheduled__2022-10-30T00:00:00+00:00 [running]> on host 76c37bb8730f
[2024-07-07T19:32:55.702+0000] {taskinstance.py:1592} INFO - Exporting the following env vars:
AIRFLOW_CTX_DAG_OWNER=***
AIRFLOW_CTX_DAG_ID=filesensor
AIRFLOW_CTX_TASK_ID=waiting_file
AIRFLOW_CTX_EXECUTION_DATE=2022-10-30T00:00:00+00:00
AIRFLOW_CTX_TRY_NUMBER=1
AIRFLOW_CTX_DAG_RUN_ID=scheduled__2022-10-30T00:00:00+00:00
[2024-07-07T19:32:55.711+0000] {base.py:71} INFO - Using connection ID 'fs_default' for task execution.
[2024-07-07T19:32:55.712+0000] {filesystem.py:58} INFO - Poking for file /tmp/file.txt
[2024-07-07T19:32:55.712+0000] {filesystem.py:63} INFO - Found File /tmp/file.txt last modified: 20240707193254
[2024-07-07T19:32:55.712+0000] {base.py:213} INFO - Success criteria met. Exiting.
[2024-07-07T19:32:55.725+0000] {taskinstance.py:1406} INFO - Marking task as SUCCESS. dag_id=filesensor, task_id=waiting_file, execution_date=20221030T000000, start_date=20240707T193255, end_date=20240707T193255
[2024-07-07T19:32:55.770+0000] {local_task_job.py:164} INFO - Task exited with return code 0
[2024-07-07T19:32:55.808+0000] {local_task_job.py:273} INFO - 1 downstream tasks scheduled from follow-on schedule check
