[2024-07-07T09:59:18.768+0000] {taskinstance.py:1165} INFO - Dependencies all met for <TaskInstance: orquestation.task1 scheduled__2024-07-04T00:00:00+00:00 [queued]>
[2024-07-07T09:59:18.779+0000] {taskinstance.py:1165} INFO - Dependencies all met for <TaskInstance: orquestation.task1 scheduled__2024-07-04T00:00:00+00:00 [queued]>
[2024-07-07T09:59:18.780+0000] {taskinstance.py:1362} INFO - 
--------------------------------------------------------------------------------
[2024-07-07T09:59:18.780+0000] {taskinstance.py:1363} INFO - Starting attempt 1 of 1
[2024-07-07T09:59:18.780+0000] {taskinstance.py:1364} INFO - 
--------------------------------------------------------------------------------
[2024-07-07T09:59:18.824+0000] {taskinstance.py:1383} INFO - Executing <Task(BashOperator): task1> on 2024-07-04 00:00:00+00:00
[2024-07-07T09:59:18.829+0000] {standard_task_runner.py:55} INFO - Started process 1560 to run task
[2024-07-07T09:59:18.833+0000] {standard_task_runner.py:82} INFO - Running: ['***', 'tasks', 'run', 'orquestation', 'task1', 'scheduled__2024-07-04T00:00:00+00:00', '--job-id', '92', '--raw', '--subdir', 'DAGS_FOLDER/5.1-orchestration.py', '--cfg-path', '/tmp/tmpzr7ln2wc']
[2024-07-07T09:59:18.833+0000] {standard_task_runner.py:83} INFO - Job 92: Subtask task1
[2024-07-07T09:59:18.922+0000] {task_command.py:376} INFO - Running <TaskInstance: orquestation.task1 scheduled__2024-07-04T00:00:00+00:00 [running]> on host 76c37bb8730f
[2024-07-07T09:59:18.995+0000] {taskinstance.py:1592} INFO - Exporting the following env vars:
AIRFLOW_CTX_DAG_OWNER=***
AIRFLOW_CTX_DAG_ID=orquestation
AIRFLOW_CTX_TASK_ID=task1
AIRFLOW_CTX_EXECUTION_DATE=2024-07-04T00:00:00+00:00
AIRFLOW_CTX_TRY_NUMBER=1
AIRFLOW_CTX_DAG_RUN_ID=scheduled__2024-07-04T00:00:00+00:00
[2024-07-07T09:59:18.996+0000] {subprocess.py:63} INFO - Tmp dir root location: 
 /tmp
[2024-07-07T09:59:18.996+0000] {subprocess.py:75} INFO - Running command: ['/bin/bash', '-c', "sleep 2 && echo 'Orquestando en tarea 1'"]
[2024-07-07T09:59:19.009+0000] {subprocess.py:86} INFO - Output:
[2024-07-07T09:59:21.013+0000] {subprocess.py:93} INFO - Orquestando en tarea 1
[2024-07-07T09:59:21.013+0000] {subprocess.py:97} INFO - Command exited with return code 0
[2024-07-07T09:59:21.039+0000] {taskinstance.py:1406} INFO - Marking task as SUCCESS. dag_id=orquestation, task_id=task1, execution_date=20240704T000000, start_date=20240707T095918, end_date=20240707T095921
[2024-07-07T09:59:21.078+0000] {local_task_job.py:164} INFO - Task exited with return code 0
[2024-07-07T09:59:21.117+0000] {local_task_job.py:273} INFO - 1 downstream tasks scheduled from follow-on schedule check
