[2024-07-07T19:31:03.922+0000] {taskinstance.py:1165} INFO - Dependencies all met for <TaskInstance: filesensor.end_task scheduled__2022-10-23T00:00:00+00:00 [queued]>
[2024-07-07T19:31:03.942+0000] {taskinstance.py:1165} INFO - Dependencies all met for <TaskInstance: filesensor.end_task scheduled__2022-10-23T00:00:00+00:00 [queued]>
[2024-07-07T19:31:03.942+0000] {taskinstance.py:1362} INFO - 
--------------------------------------------------------------------------------
[2024-07-07T19:31:03.943+0000] {taskinstance.py:1363} INFO - Starting attempt 1 of 1
[2024-07-07T19:31:03.943+0000] {taskinstance.py:1364} INFO - 
--------------------------------------------------------------------------------
[2024-07-07T19:31:03.963+0000] {taskinstance.py:1383} INFO - Executing <Task(BashOperator): end_task> on 2022-10-23 00:00:00+00:00
[2024-07-07T19:31:03.970+0000] {standard_task_runner.py:55} INFO - Started process 17305 to run task
[2024-07-07T19:31:03.978+0000] {standard_task_runner.py:82} INFO - Running: ['***', 'tasks', 'run', 'filesensor', 'end_task', 'scheduled__2022-10-23T00:00:00+00:00', '--job-id', '222', '--raw', '--subdir', 'DAGS_FOLDER/7.3-FileSensor.py', '--cfg-path', '/tmp/tmp9u3s8rxo']
[2024-07-07T19:31:03.978+0000] {standard_task_runner.py:83} INFO - Job 222: Subtask end_task
[2024-07-07T19:31:04.076+0000] {task_command.py:376} INFO - Running <TaskInstance: filesensor.end_task scheduled__2022-10-23T00:00:00+00:00 [running]> on host 76c37bb8730f
[2024-07-07T19:31:04.193+0000] {taskinstance.py:1592} INFO - Exporting the following env vars:
AIRFLOW_CTX_DAG_OWNER=***
AIRFLOW_CTX_DAG_ID=filesensor
AIRFLOW_CTX_TASK_ID=end_task
AIRFLOW_CTX_EXECUTION_DATE=2022-10-23T00:00:00+00:00
AIRFLOW_CTX_TRY_NUMBER=1
AIRFLOW_CTX_DAG_RUN_ID=scheduled__2022-10-23T00:00:00+00:00
[2024-07-07T19:31:04.194+0000] {subprocess.py:63} INFO - Tmp dir root location: 
 /tmp
[2024-07-07T19:31:04.195+0000] {subprocess.py:75} INFO - Running command: ['/bin/bash', '-c', "echo 'The file has been received, and contains this: ' && cat /tmp/file.txt"]
[2024-07-07T19:31:04.214+0000] {subprocess.py:86} INFO - Output:
[2024-07-07T19:31:04.216+0000] {subprocess.py:93} INFO - The file has been received, and contains this:
[2024-07-07T19:31:04.217+0000] {subprocess.py:93} INFO - Hi, from my first FileSensor.
[2024-07-07T19:31:04.218+0000] {subprocess.py:97} INFO - Command exited with return code 0
[2024-07-07T19:31:04.253+0000] {taskinstance.py:1406} INFO - Marking task as SUCCESS. dag_id=filesensor, task_id=end_task, execution_date=20221023T000000, start_date=20240707T193103, end_date=20240707T193104
[2024-07-07T19:31:04.311+0000] {local_task_job.py:164} INFO - Task exited with return code 0
[2024-07-07T19:31:04.336+0000] {local_task_job.py:273} INFO - 0 downstream tasks scheduled from follow-on schedule check
