[2024-07-07T18:06:51.423+0000] {taskinstance.py:1165} INFO - Dependencies all met for <TaskInstance: monitoring2.tarea1 scheduled__2024-01-02T00:00:00+00:00 [queued]>
[2024-07-07T18:06:51.440+0000] {taskinstance.py:1165} INFO - Dependencies all met for <TaskInstance: monitoring2.tarea1 scheduled__2024-01-02T00:00:00+00:00 [queued]>
[2024-07-07T18:06:51.440+0000] {taskinstance.py:1362} INFO - 
--------------------------------------------------------------------------------
[2024-07-07T18:06:51.440+0000] {taskinstance.py:1363} INFO - Starting attempt 1 of 4
[2024-07-07T18:06:51.441+0000] {taskinstance.py:1364} INFO - 
--------------------------------------------------------------------------------
[2024-07-07T18:06:51.459+0000] {taskinstance.py:1383} INFO - Executing <Task(BashOperator): tarea1> on 2024-01-02 00:00:00+00:00
[2024-07-07T18:06:51.468+0000] {standard_task_runner.py:55} INFO - Started process 13154 to run task
[2024-07-07T18:06:51.474+0000] {standard_task_runner.py:82} INFO - Running: ['***', 'tasks', 'run', 'monitoring2', 'tarea1', 'scheduled__2024-01-02T00:00:00+00:00', '--job-id', '111', '--raw', '--subdir', 'DAGS_FOLDER/6.2-monitoring.py', '--cfg-path', '/tmp/tmpgd6nd3c0']
[2024-07-07T18:06:51.474+0000] {standard_task_runner.py:83} INFO - Job 111: Subtask tarea1
[2024-07-07T18:06:51.551+0000] {task_command.py:376} INFO - Running <TaskInstance: monitoring2.tarea1 scheduled__2024-01-02T00:00:00+00:00 [running]> on host 76c37bb8730f
[2024-07-07T18:06:51.637+0000] {taskinstance.py:1592} INFO - Exporting the following env vars:
AIRFLOW_CTX_DAG_OWNER=***
AIRFLOW_CTX_DAG_ID=monitoring2
AIRFLOW_CTX_TASK_ID=tarea1
AIRFLOW_CTX_EXECUTION_DATE=2024-01-02T00:00:00+00:00
AIRFLOW_CTX_TRY_NUMBER=1
AIRFLOW_CTX_DAG_RUN_ID=scheduled__2024-01-02T00:00:00+00:00
[2024-07-07T18:06:51.638+0000] {subprocess.py:63} INFO - Tmp dir root location: 
 /tmp
[2024-07-07T18:06:51.639+0000] {subprocess.py:75} INFO - Running command: ['/bin/bash', '-c', "sleep 2 && echo 'Primera tarea !!'"]
[2024-07-07T18:06:51.652+0000] {subprocess.py:86} INFO - Output:
[2024-07-07T18:06:53.657+0000] {subprocess.py:93} INFO - Primera tarea !!
[2024-07-07T18:06:53.657+0000] {subprocess.py:97} INFO - Command exited with return code 0
[2024-07-07T18:06:53.714+0000] {taskinstance.py:1406} INFO - Marking task as SUCCESS. dag_id=monitoring2, task_id=tarea1, execution_date=20240102T000000, start_date=20240707T180651, end_date=20240707T180653
[2024-07-07T18:06:53.786+0000] {local_task_job.py:164} INFO - Task exited with return code 0
[2024-07-07T18:06:53.835+0000] {local_task_job.py:273} INFO - 1 downstream tasks scheduled from follow-on schedule check
