[2024-07-07T09:18:47.673+0000] {taskinstance.py:1165} INFO - Dependencies all met for <TaskInstance: customoperator.hello scheduled__2022-08-18T00:00:00+00:00 [queued]>
[2024-07-07T09:18:47.808+0000] {taskinstance.py:1165} INFO - Dependencies all met for <TaskInstance: customoperator.hello scheduled__2022-08-18T00:00:00+00:00 [queued]>
[2024-07-07T09:18:47.808+0000] {taskinstance.py:1362} INFO - 
--------------------------------------------------------------------------------
[2024-07-07T09:18:47.809+0000] {taskinstance.py:1363} INFO - Starting attempt 1 of 1
[2024-07-07T09:18:47.809+0000] {taskinstance.py:1364} INFO - 
--------------------------------------------------------------------------------
[2024-07-07T09:18:48.028+0000] {taskinstance.py:1383} INFO - Executing <Task(HelloOperator): hello> on 2022-08-18 00:00:00+00:00
[2024-07-07T09:18:48.183+0000] {standard_task_runner.py:55} INFO - Started process 6012 to run task
[2024-07-07T09:18:48.228+0000] {standard_task_runner.py:82} INFO - Running: ['***', 'tasks', 'run', 'customoperator', 'hello', 'scheduled__2022-08-18T00:00:00+00:00', '--job-id', '64', '--raw', '--subdir', 'DAGS_FOLDER/4-customoperator.py', '--cfg-path', '/tmp/tmpdv5dp_vf']
[2024-07-07T09:18:48.251+0000] {standard_task_runner.py:83} INFO - Job 64: Subtask hello
[2024-07-07T09:18:49.289+0000] {task_command.py:376} INFO - Running <TaskInstance: customoperator.hello scheduled__2022-08-18T00:00:00+00:00 [running]> on host 76c37bb8730f
[2024-07-07T09:18:50.609+0000] {taskinstance.py:1592} INFO - Exporting the following env vars:
AIRFLOW_CTX_DAG_OWNER=***
AIRFLOW_CTX_DAG_ID=customoperator
AIRFLOW_CTX_TASK_ID=hello
AIRFLOW_CTX_EXECUTION_DATE=2022-08-18T00:00:00+00:00
AIRFLOW_CTX_TRY_NUMBER=1
AIRFLOW_CTX_DAG_RUN_ID=scheduled__2022-08-18T00:00:00+00:00
[2024-07-07T09:18:50.624+0000] {logging_mixin.py:120} INFO - Hi Dani
[2024-07-07T09:18:50.696+0000] {taskinstance.py:1406} INFO - Marking task as SUCCESS. dag_id=customoperator, task_id=hello, execution_date=20220818T000000, start_date=20240707T091847, end_date=20240707T091850
[2024-07-07T09:18:51.118+0000] {local_task_job.py:164} INFO - Task exited with return code 0
[2024-07-07T09:18:51.376+0000] {local_task_job.py:273} INFO - 0 downstream tasks scheduled from follow-on schedule check
