[2024-07-04T09:18:22.634+0000] {manager.py:483} INFO - Processing files using up to 2 processes at a time 
[2024-07-04T09:18:22.661+0000] {manager.py:484} INFO - Process each file at most once every 30 seconds
[2024-07-04T09:18:22.661+0000] {manager.py:486} INFO - Checking for new files in /opt/airflow/dags every 300 seconds
[2024-07-04T09:18:22.661+0000] {manager.py:724} INFO - Searching for files in /opt/airflow/dags
[2024-07-04T09:18:22.663+0000] {manager.py:727} INFO - There are 0 files in /opt/airflow/dags
[2024-07-04T09:18:55.581+0000] {manager.py:465} INFO - Exiting gracefully upon receiving signal 15
[2024-07-04T09:26:57.033+0000] {manager.py:483} INFO - Processing files using up to 2 processes at a time 
[2024-07-04T09:26:57.055+0000] {manager.py:484} INFO - Process each file at most once every 30 seconds
[2024-07-04T09:26:57.055+0000] {manager.py:486} INFO - Checking for new files in /opt/airflow/dags every 300 seconds
[2024-07-04T09:26:57.055+0000] {manager.py:724} INFO - Searching for files in /opt/airflow/dags
[2024-07-04T09:26:57.056+0000] {manager.py:727} INFO - There are 0 files in /opt/airflow/dags
[2024-07-04T09:31:57.083+0000] {manager.py:724} INFO - Searching for files in /opt/airflow/dags
[2024-07-04T09:31:57.187+0000] {manager.py:727} INFO - There are 0 files in /opt/airflow/dags
[2024-07-04T09:36:57.843+0000] {manager.py:724} INFO - Searching for files in /opt/airflow/dags
[2024-07-04T09:36:57.881+0000] {manager.py:727} INFO - There are 0 files in /opt/airflow/dags
[2024-07-04T09:41:58.662+0000] {manager.py:724} INFO - Searching for files in /opt/airflow/dags
[2024-07-04T09:41:58.684+0000] {manager.py:727} INFO - There are 0 files in /opt/airflow/dags
[2024-07-04T09:46:59.294+0000] {manager.py:724} INFO - Searching for files in /opt/airflow/dags
[2024-07-04T09:46:59.339+0000] {manager.py:727} INFO - There are 0 files in /opt/airflow/dags
[2024-07-04T09:51:59.935+0000] {manager.py:724} INFO - Searching for files in /opt/airflow/dags
[2024-07-04T09:51:59.956+0000] {manager.py:727} INFO - There are 1 files in /opt/airflow/dags
[2024-07-04T09:52:07.281+0000] {manager.py:846} INFO - 
================================================================================
DAG File Processing Stats

File Path                        PID    Runtime      # DAGs    # Errors  Last Runtime    Last Run
-------------------------------  -----  ---------  --------  ----------  --------------  -------------------
/opt/airflow/dags/0-firstdag.py                           0           1  0.38s           2024-07-04T09:52:00
================================================================================
[2024-07-04T09:52:37.698+0000] {manager.py:846} INFO - 
================================================================================
DAG File Processing Stats

File Path                        PID    Runtime      # DAGs    # Errors  Last Runtime    Last Run
-------------------------------  -----  ---------  --------  ----------  --------------  -------------------
/opt/airflow/dags/0-firstdag.py                           0           1  0.07s           2024-07-04T09:52:29
================================================================================
[2024-07-04T09:53:07.944+0000] {manager.py:846} INFO - 
================================================================================
DAG File Processing Stats

File Path                        PID    Runtime      # DAGs    # Errors  Last Runtime    Last Run
-------------------------------  -----  ---------  --------  ----------  --------------  -------------------
/opt/airflow/dags/0-firstdag.py                           0           1  0.06s           2024-07-04T09:53:00
================================================================================
[2024-07-04T09:53:38.128+0000] {manager.py:846} INFO - 
================================================================================
DAG File Processing Stats

File Path                          PID  Runtime      # DAGs    # Errors  Last Runtime    Last Run
-------------------------------  -----  ---------  --------  ----------  --------------  -------------------
/opt/airflow/dags/0-firstdag.py   1315  0.01s             0           1  0.05s           2024-07-04T09:53:31
================================================================================
[2024-07-04T09:54:08.287+0000] {manager.py:846} INFO - 
================================================================================
DAG File Processing Stats

File Path                          PID  Runtime      # DAGs    # Errors  Last Runtime    Last Run
-------------------------------  -----  ---------  --------  ----------  --------------  -------------------
/opt/airflow/dags/0-firstdag.py   1334  0.01s             0           1  0.11s           2024-07-04T09:53:38
================================================================================
[2024-07-04T09:54:38.440+0000] {manager.py:846} INFO - 
================================================================================
DAG File Processing Stats

File Path                          PID  Runtime      # DAGs    # Errors  Last Runtime    Last Run
-------------------------------  -----  ---------  --------  ----------  --------------  -------------------
/opt/airflow/dags/0-firstdag.py   1362  0.01s             0           1  0.07s           2024-07-04T09:54:08
================================================================================
[2024-07-04T09:55:08.820+0000] {manager.py:846} INFO - 
================================================================================
DAG File Processing Stats

File Path                          PID  Runtime      # DAGs    # Errors  Last Runtime    Last Run
-------------------------------  -----  ---------  --------  ----------  --------------  -------------------
/opt/airflow/dags/0-firstdag.py   1388  0.11s             0           1  0.05s           2024-07-04T09:54:38
================================================================================
[2024-07-04T09:55:39.154+0000] {manager.py:846} INFO - 
================================================================================
DAG File Processing Stats

File Path                        PID    Runtime      # DAGs    # Errors  Last Runtime    Last Run
-------------------------------  -----  ---------  --------  ----------  --------------  -------------------
/opt/airflow/dags/0-firstdag.py                           0           1  1.33s           2024-07-04T09:55:09
================================================================================
[2024-07-04T09:56:09.385+0000] {manager.py:846} INFO - 
================================================================================
DAG File Processing Stats

File Path                        PID    Runtime      # DAGs    # Errors  Last Runtime    Last Run
-------------------------------  -----  ---------  --------  ----------  --------------  -------------------
/opt/airflow/dags/0-firstdag.py                           0           1  0.08s           2024-07-04T09:55:40
================================================================================
[2024-07-04T09:56:39.599+0000] {manager.py:846} INFO - 
================================================================================
DAG File Processing Stats

File Path                        PID    Runtime      # DAGs    # Errors  Last Runtime    Last Run
-------------------------------  -----  ---------  --------  ----------  --------------  -------------------
/opt/airflow/dags/0-firstdag.py                           0           1  0.10s           2024-07-04T09:56:10
================================================================================
[2024-07-04T09:57:00.805+0000] {manager.py:724} INFO - Searching for files in /opt/airflow/dags
[2024-07-04T09:57:00.812+0000] {manager.py:727} INFO - There are 1 files in /opt/airflow/dags
[2024-07-04T09:57:09.899+0000] {manager.py:846} INFO - 
================================================================================
DAG File Processing Stats

File Path                        PID    Runtime      # DAGs    # Errors  Last Runtime    Last Run
-------------------------------  -----  ---------  --------  ----------  --------------  -------------------
/opt/airflow/dags/0-firstdag.py                           0           1  0.06s           2024-07-04T09:56:40
================================================================================
[2024-07-04T09:57:40.081+0000] {manager.py:846} INFO - 
================================================================================
DAG File Processing Stats

File Path                        PID    Runtime      # DAGs    # Errors  Last Runtime    Last Run
-------------------------------  -----  ---------  --------  ----------  --------------  -------------------
/opt/airflow/dags/0-firstdag.py                           0           1  0.10s           2024-07-04T09:57:11
================================================================================
[2024-07-04T09:58:10.283+0000] {manager.py:846} INFO - 
================================================================================
DAG File Processing Stats

File Path                        PID    Runtime      # DAGs    # Errors  Last Runtime    Last Run
-------------------------------  -----  ---------  --------  ----------  --------------  -------------------
/opt/airflow/dags/0-firstdag.py                           0           1  0.06s           2024-07-04T09:57:48
================================================================================
[2024-07-04T09:58:40.449+0000] {manager.py:846} INFO - 
================================================================================
DAG File Processing Stats

File Path                        PID    Runtime      # DAGs    # Errors  Last Runtime    Last Run
-------------------------------  -----  ---------  --------  ----------  --------------  -------------------
/opt/airflow/dags/0-firstdag.py                           0           1  0.07s           2024-07-04T09:58:18
================================================================================
[2024-07-04T09:59:10.643+0000] {manager.py:846} INFO - 
================================================================================
DAG File Processing Stats

File Path                          PID  Runtime      # DAGs    # Errors  Last Runtime    Last Run
-------------------------------  -----  ---------  --------  ----------  --------------  -------------------
/opt/airflow/dags/0-firstdag.py   1575  0.01s             0           1  0.05s           2024-07-04T09:58:48
================================================================================
[2024-07-04T09:59:40.771+0000] {manager.py:846} INFO - 
================================================================================
DAG File Processing Stats

File Path                        PID    Runtime      # DAGs    # Errors  Last Runtime    Last Run
-------------------------------  -----  ---------  --------  ----------  --------------  -------------------
/opt/airflow/dags/0-firstdag.py                           1           0  1.32s           2024-07-04T09:59:11
================================================================================
[2024-07-04T10:00:11.227+0000] {manager.py:846} INFO - 
================================================================================
DAG File Processing Stats

File Path                        PID    Runtime      # DAGs    # Errors  Last Runtime    Last Run
-------------------------------  -----  ---------  --------  ----------  --------------  -------------------
/opt/airflow/dags/0-firstdag.py                           1           0  0.15s           2024-07-04T09:59:42
================================================================================
[2024-07-04T10:00:41.502+0000] {manager.py:846} INFO - 
================================================================================
DAG File Processing Stats

File Path                        PID    Runtime      # DAGs    # Errors  Last Runtime    Last Run
-------------------------------  -----  ---------  --------  ----------  --------------  -------------------
/opt/airflow/dags/0-firstdag.py                           1           0  0.16s           2024-07-04T10:00:12
================================================================================
[2024-07-04T10:01:11.645+0000] {manager.py:846} INFO - 
================================================================================
DAG File Processing Stats

File Path                        PID    Runtime      # DAGs    # Errors  Last Runtime    Last Run
-------------------------------  -----  ---------  --------  ----------  --------------  -------------------
/opt/airflow/dags/0-firstdag.py                           1           0  0.13s           2024-07-04T10:00:42
================================================================================
[2024-07-04T10:01:41.900+0000] {manager.py:846} INFO - 
================================================================================
DAG File Processing Stats

File Path                        PID    Runtime      # DAGs    # Errors  Last Runtime    Last Run
-------------------------------  -----  ---------  --------  ----------  --------------  -------------------
/opt/airflow/dags/0-firstdag.py                           1           0  0.13s           2024-07-04T10:01:12
================================================================================
[2024-07-04T10:02:01.000+0000] {manager.py:724} INFO - Searching for files in /opt/airflow/dags
[2024-07-04T10:02:01.005+0000] {manager.py:727} INFO - There are 1 files in /opt/airflow/dags
[2024-07-04T10:02:12.075+0000] {manager.py:846} INFO - 
================================================================================
DAG File Processing Stats

File Path                        PID    Runtime      # DAGs    # Errors  Last Runtime    Last Run
-------------------------------  -----  ---------  --------  ----------  --------------  -------------------
/opt/airflow/dags/0-firstdag.py                           1           0  0.12s           2024-07-04T10:01:43
================================================================================
[2024-07-04T10:02:42.290+0000] {manager.py:846} INFO - 
================================================================================
DAG File Processing Stats

File Path                        PID    Runtime      # DAGs    # Errors  Last Runtime    Last Run
-------------------------------  -----  ---------  --------  ----------  --------------  -------------------
/opt/airflow/dags/0-firstdag.py                           1           0  0.16s           2024-07-04T10:02:13
================================================================================
[2024-07-04T10:03:12.523+0000] {manager.py:846} INFO - 
================================================================================
DAG File Processing Stats

File Path                        PID    Runtime      # DAGs    # Errors  Last Runtime    Last Run
-------------------------------  -----  ---------  --------  ----------  --------------  -------------------
/opt/airflow/dags/0-firstdag.py                           1           0  0.24s           2024-07-04T10:02:43
================================================================================
[2024-07-04T10:03:42.796+0000] {manager.py:846} INFO - 
================================================================================
DAG File Processing Stats

File Path                        PID    Runtime      # DAGs    # Errors  Last Runtime    Last Run
-------------------------------  -----  ---------  --------  ----------  --------------  -------------------
/opt/airflow/dags/0-firstdag.py                           1           0  0.12s           2024-07-04T10:03:13
================================================================================
[2024-07-04T10:04:13.054+0000] {manager.py:846} INFO - 
================================================================================
DAG File Processing Stats

File Path                        PID    Runtime      # DAGs    # Errors  Last Runtime    Last Run
-------------------------------  -----  ---------  --------  ----------  --------------  -------------------
/opt/airflow/dags/0-firstdag.py                           1           0  0.18s           2024-07-04T10:03:43
================================================================================
[2024-07-04T10:04:43.338+0000] {manager.py:846} INFO - 
================================================================================
DAG File Processing Stats

File Path                        PID    Runtime      # DAGs    # Errors  Last Runtime    Last Run
-------------------------------  -----  ---------  --------  ----------  --------------  -------------------
/opt/airflow/dags/0-firstdag.py                           1           0  0.15s           2024-07-04T10:04:14
================================================================================
[2024-07-04T10:05:13.513+0000] {manager.py:846} INFO - 
================================================================================
DAG File Processing Stats

File Path                        PID    Runtime      # DAGs    # Errors  Last Runtime    Last Run
-------------------------------  -----  ---------  --------  ----------  --------------  -------------------
/opt/airflow/dags/0-firstdag.py                           1           0  0.16s           2024-07-04T10:04:44
================================================================================
[2024-07-04T10:05:43.807+0000] {manager.py:846} INFO - 
================================================================================
DAG File Processing Stats

File Path                        PID    Runtime      # DAGs    # Errors  Last Runtime    Last Run
-------------------------------  -----  ---------  --------  ----------  --------------  -------------------
/opt/airflow/dags/0-firstdag.py                           1           0  0.24s           2024-07-04T10:05:14
================================================================================
[2024-07-04T10:06:14.075+0000] {manager.py:846} INFO - 
================================================================================
DAG File Processing Stats

File Path                        PID    Runtime      # DAGs    # Errors  Last Runtime    Last Run
-------------------------------  -----  ---------  --------  ----------  --------------  -------------------
/opt/airflow/dags/0-firstdag.py                           1           0  0.14s           2024-07-04T10:05:44
================================================================================
[2024-07-04T10:06:44.282+0000] {manager.py:846} INFO - 
================================================================================
DAG File Processing Stats

File Path                        PID    Runtime      # DAGs    # Errors  Last Runtime    Last Run
-------------------------------  -----  ---------  --------  ----------  --------------  -------------------
/opt/airflow/dags/0-firstdag.py                           1           0  0.13s           2024-07-04T10:06:15
================================================================================
[2024-07-04T10:07:01.460+0000] {manager.py:724} INFO - Searching for files in /opt/airflow/dags
[2024-07-04T10:07:01.466+0000] {manager.py:727} INFO - There are 1 files in /opt/airflow/dags
[2024-07-04T10:07:14.549+0000] {manager.py:846} INFO - 
================================================================================
DAG File Processing Stats

File Path                        PID    Runtime      # DAGs    # Errors  Last Runtime    Last Run
-------------------------------  -----  ---------  --------  ----------  --------------  -------------------
/opt/airflow/dags/0-firstdag.py                           1           0  0.14s           2024-07-04T10:06:45
================================================================================
[2024-07-04T10:07:44.738+0000] {manager.py:846} INFO - 
================================================================================
DAG File Processing Stats

File Path                        PID    Runtime      # DAGs    # Errors  Last Runtime    Last Run
-------------------------------  -----  ---------  --------  ----------  --------------  -------------------
/opt/airflow/dags/0-firstdag.py                           1           0  0.32s           2024-07-04T10:07:15
================================================================================
[2024-07-04T10:08:15.188+0000] {manager.py:846} INFO - 
================================================================================
DAG File Processing Stats

File Path                        PID    Runtime      # DAGs    # Errors  Last Runtime    Last Run
-------------------------------  -----  ---------  --------  ----------  --------------  -------------------
/opt/airflow/dags/0-firstdag.py                           1           0  0.12s           2024-07-04T10:07:46
================================================================================
[2024-07-04T10:08:45.427+0000] {manager.py:846} INFO - 
================================================================================
DAG File Processing Stats

File Path                        PID    Runtime      # DAGs    # Errors  Last Runtime    Last Run
-------------------------------  -----  ---------  --------  ----------  --------------  -------------------
/opt/airflow/dags/0-firstdag.py                           1           0  0.24s           2024-07-04T10:08:16
================================================================================
[2024-07-04T10:09:15.739+0000] {manager.py:846} INFO - 
================================================================================
DAG File Processing Stats

File Path                        PID    Runtime      # DAGs    # Errors  Last Runtime    Last Run
-------------------------------  -----  ---------  --------  ----------  --------------  -------------------
/opt/airflow/dags/0-firstdag.py                           1           0  0.27s           2024-07-04T10:08:46
================================================================================
[2024-07-04T10:09:46.225+0000] {manager.py:846} INFO - 
================================================================================
DAG File Processing Stats

File Path                        PID    Runtime      # DAGs    # Errors  Last Runtime    Last Run
-------------------------------  -----  ---------  --------  ----------  --------------  -------------------
/opt/airflow/dags/0-firstdag.py                           1           0  0.17s           2024-07-04T10:09:17
================================================================================
[2024-07-04T10:10:16.516+0000] {manager.py:846} INFO - 
================================================================================
DAG File Processing Stats

File Path                        PID    Runtime      # DAGs    # Errors  Last Runtime    Last Run
-------------------------------  -----  ---------  --------  ----------  --------------  -------------------
/opt/airflow/dags/0-firstdag.py                           1           0  0.26s           2024-07-04T10:09:47
================================================================================
[2024-07-04T10:10:46.782+0000] {manager.py:846} INFO - 
================================================================================
DAG File Processing Stats

File Path                        PID    Runtime      # DAGs    # Errors  Last Runtime    Last Run
-------------------------------  -----  ---------  --------  ----------  --------------  -------------------
/opt/airflow/dags/0-firstdag.py                           1           0  0.12s           2024-07-04T10:10:17
================================================================================
[2024-07-04T10:11:16.977+0000] {manager.py:846} INFO - 
================================================================================
DAG File Processing Stats

File Path                        PID    Runtime      # DAGs    # Errors  Last Runtime    Last Run
-------------------------------  -----  ---------  --------  ----------  --------------  -------------------
/opt/airflow/dags/0-firstdag.py                           1           0  0.14s           2024-07-04T10:10:47
================================================================================
[2024-07-04T10:11:47.201+0000] {manager.py:846} INFO - 
================================================================================
DAG File Processing Stats

File Path                        PID    Runtime      # DAGs    # Errors  Last Runtime    Last Run
-------------------------------  -----  ---------  --------  ----------  --------------  -------------------
/opt/airflow/dags/0-firstdag.py                           1           0  0.18s           2024-07-04T10:11:18
================================================================================
[2024-07-04T10:12:02.346+0000] {manager.py:724} INFO - Searching for files in /opt/airflow/dags
[2024-07-04T10:12:02.352+0000] {manager.py:727} INFO - There are 2 files in /opt/airflow/dags
[2024-07-04T10:12:17.530+0000] {manager.py:846} INFO - 
================================================================================
DAG File Processing Stats

File Path                            PID    Runtime      # DAGs    # Errors  Last Runtime    Last Run
-----------------------------------  -----  ---------  --------  ----------  --------------  -------------------
/opt/airflow/dags/1.bashoperator.py                           0           1  0.09s           2024-07-04T10:12:02
/opt/airflow/dags/0-firstdag.py                               1           0  0.13s           2024-07-04T10:11:48
================================================================================
[2024-07-04T10:12:47.710+0000] {manager.py:846} INFO - 
================================================================================
DAG File Processing Stats

File Path                            PID    Runtime      # DAGs    # Errors  Last Runtime    Last Run
-----------------------------------  -----  ---------  --------  ----------  --------------  -------------------
/opt/airflow/dags/1.bashoperator.py                           0           1  0.05s           2024-07-04T10:12:32
/opt/airflow/dags/0-firstdag.py                               1           0  0.20s           2024-07-04T10:12:18
================================================================================
[2024-07-04T10:13:18.098+0000] {manager.py:846} INFO - 
================================================================================
DAG File Processing Stats

File Path                            PID    Runtime      # DAGs    # Errors  Last Runtime    Last Run
-----------------------------------  -----  ---------  --------  ----------  --------------  -------------------
/opt/airflow/dags/0-firstdag.py                               1           0  0.11s           2024-07-04T10:12:48
/opt/airflow/dags/1.bashoperator.py                           1           0  0.51s           2024-07-04T10:12:59
================================================================================
[2024-07-04T10:13:48.120+0000] {manager.py:846} INFO - 
================================================================================
DAG File Processing Stats

File Path                            PID    Runtime      # DAGs    # Errors  Last Runtime    Last Run
-----------------------------------  -----  ---------  --------  ----------  --------------  -------------------
/opt/airflow/dags/0-firstdag.py                               1           0  4.34s           2024-07-04T10:13:23
/opt/airflow/dags/1.bashoperator.py                           1           0  0.57s           2024-07-04T10:13:30
================================================================================
[2024-07-04T10:14:18.904+0000] {manager.py:846} INFO - 
================================================================================
DAG File Processing Stats

File Path                            PID    Runtime      # DAGs    # Errors  Last Runtime    Last Run
-----------------------------------  -----  ---------  --------  ----------  --------------  -------------------
/opt/airflow/dags/0-firstdag.py                               1           0  0.13s           2024-07-04T10:13:53
/opt/airflow/dags/1.bashoperator.py                           1           0  0.12s           2024-07-04T10:14:00
================================================================================
[2024-07-04T10:14:49.079+0000] {manager.py:846} INFO - 
================================================================================
DAG File Processing Stats

File Path                            PID    Runtime      # DAGs    # Errors  Last Runtime    Last Run
-----------------------------------  -----  ---------  --------  ----------  --------------  -------------------
/opt/airflow/dags/0-firstdag.py                               1           0  0.26s           2024-07-04T10:14:24
/opt/airflow/dags/1.bashoperator.py                           1           0  0.12s           2024-07-04T10:14:31
================================================================================
[2024-07-04T10:15:19.347+0000] {manager.py:846} INFO - 
================================================================================
DAG File Processing Stats

File Path                            PID    Runtime      # DAGs    # Errors  Last Runtime    Last Run
-----------------------------------  -----  ---------  --------  ----------  --------------  -------------------
/opt/airflow/dags/0-firstdag.py                               1           0  0.28s           2024-07-04T10:14:54
/opt/airflow/dags/1.bashoperator.py                           1           0  0.14s           2024-07-04T10:15:01
================================================================================
[2024-07-04T10:15:49.878+0000] {manager.py:846} INFO - 
================================================================================
DAG File Processing Stats

File Path                            PID    Runtime      # DAGs    # Errors  Last Runtime    Last Run
-----------------------------------  -----  ---------  --------  ----------  --------------  -------------------
/opt/airflow/dags/0-firstdag.py                               1           0  0.11s           2024-07-04T10:15:24
/opt/airflow/dags/1.bashoperator.py                           1           0  0.50s           2024-07-04T10:15:32
================================================================================
[2024-07-04T10:16:20.199+0000] {manager.py:846} INFO - 
================================================================================
DAG File Processing Stats

File Path                            PID    Runtime      # DAGs    # Errors  Last Runtime    Last Run
-----------------------------------  -----  ---------  --------  ----------  --------------  -------------------
/opt/airflow/dags/0-firstdag.py                               1           0  0.16s           2024-07-04T10:15:55
/opt/airflow/dags/1.bashoperator.py                           1           0  0.18s           2024-07-04T10:16:02
================================================================================
[2024-07-04T10:16:50.532+0000] {manager.py:846} INFO - 
================================================================================
DAG File Processing Stats

File Path                            PID    Runtime      # DAGs    # Errors  Last Runtime    Last Run
-----------------------------------  -----  ---------  --------  ----------  --------------  -------------------
/opt/airflow/dags/0-firstdag.py                               1           0  0.29s           2024-07-04T10:16:25
/opt/airflow/dags/1.bashoperator.py                           1           0  0.12s           2024-07-04T10:16:32
================================================================================
[2024-07-04T10:17:02.615+0000] {manager.py:724} INFO - Searching for files in /opt/airflow/dags
[2024-07-04T10:17:02.620+0000] {manager.py:727} INFO - There are 2 files in /opt/airflow/dags
[2024-07-04T10:17:20.870+0000] {manager.py:846} INFO - 
================================================================================
DAG File Processing Stats

File Path                            PID    Runtime      # DAGs    # Errors  Last Runtime    Last Run
-----------------------------------  -----  ---------  --------  ----------  --------------  -------------------
/opt/airflow/dags/0-firstdag.py                               1           0  0.16s           2024-07-04T10:16:55
/opt/airflow/dags/1.bashoperator.py                           1           0  0.18s           2024-07-04T10:17:02
================================================================================
[2024-07-04T10:17:51.203+0000] {manager.py:846} INFO - 
================================================================================
DAG File Processing Stats

File Path                            PID    Runtime      # DAGs    # Errors  Last Runtime    Last Run
-----------------------------------  -----  ---------  --------  ----------  --------------  -------------------
/opt/airflow/dags/0-firstdag.py                               1           0  0.15s           2024-07-04T10:17:26
/opt/airflow/dags/1.bashoperator.py                           1           0  0.15s           2024-07-04T10:17:33
================================================================================
[2024-07-04T10:18:21.487+0000] {manager.py:846} INFO - 
================================================================================
DAG File Processing Stats

File Path                            PID    Runtime      # DAGs    # Errors  Last Runtime    Last Run
-----------------------------------  -----  ---------  --------  ----------  --------------  -------------------
/opt/airflow/dags/0-firstdag.py                               1           0  0.14s           2024-07-04T10:17:56
/opt/airflow/dags/1.bashoperator.py                           1           0  0.16s           2024-07-04T10:18:03
================================================================================
[2024-07-04T10:18:51.798+0000] {manager.py:846} INFO - 
================================================================================
DAG File Processing Stats

File Path                            PID    Runtime      # DAGs    # Errors  Last Runtime    Last Run
-----------------------------------  -----  ---------  --------  ----------  --------------  -------------------
/opt/airflow/dags/0-firstdag.py                               1           0  0.14s           2024-07-04T10:18:26
/opt/airflow/dags/1.bashoperator.py                           1           0  0.19s           2024-07-04T10:18:33
================================================================================
[2024-07-04T10:19:22.126+0000] {manager.py:846} INFO - 
================================================================================
DAG File Processing Stats

File Path                            PID    Runtime      # DAGs    # Errors  Last Runtime    Last Run
-----------------------------------  -----  ---------  --------  ----------  --------------  -------------------
/opt/airflow/dags/0-firstdag.py                               1           0  0.17s           2024-07-04T10:18:56
/opt/airflow/dags/1.bashoperator.py                           1           0  0.14s           2024-07-04T10:19:04
================================================================================
[2024-07-04T10:19:52.433+0000] {manager.py:846} INFO - 
================================================================================
DAG File Processing Stats

File Path                            PID    Runtime      # DAGs    # Errors  Last Runtime    Last Run
-----------------------------------  -----  ---------  --------  ----------  --------------  -------------------
/opt/airflow/dags/0-firstdag.py                               1           0  0.14s           2024-07-04T10:19:27
/opt/airflow/dags/1.bashoperator.py                           1           0  0.18s           2024-07-04T10:19:34
================================================================================
[2024-07-04T10:20:22.843+0000] {manager.py:846} INFO - 
================================================================================
DAG File Processing Stats

File Path                            PID    Runtime      # DAGs    # Errors  Last Runtime    Last Run
-----------------------------------  -----  ---------  --------  ----------  --------------  -------------------
/opt/airflow/dags/0-firstdag.py                               1           0  0.55s           2024-07-04T10:19:58
/opt/airflow/dags/1.bashoperator.py                           1           0  0.20s           2024-07-04T10:20:04
================================================================================
[2024-07-04T10:20:53.256+0000] {manager.py:846} INFO - 
================================================================================
DAG File Processing Stats

File Path                            PID    Runtime      # DAGs    # Errors  Last Runtime    Last Run
-----------------------------------  -----  ---------  --------  ----------  --------------  -------------------
/opt/airflow/dags/0-firstdag.py                               1           0  0.12s           2024-07-04T10:20:28
/opt/airflow/dags/1.bashoperator.py                           1           0  0.12s           2024-07-04T10:20:35
================================================================================
[2024-07-04T10:21:23.647+0000] {manager.py:846} INFO - 
================================================================================
DAG File Processing Stats

File Path                            PID    Runtime      # DAGs    # Errors  Last Runtime    Last Run
-----------------------------------  -----  ---------  --------  ----------  --------------  -------------------
/opt/airflow/dags/0-firstdag.py                               1           0  0.14s           2024-07-04T10:20:58
/opt/airflow/dags/1.bashoperator.py                           1           0  0.41s           2024-07-04T10:21:05
================================================================================
[2024-07-04T10:21:54.176+0000] {manager.py:846} INFO - 
================================================================================
DAG File Processing Stats

File Path                            PID    Runtime      # DAGs    # Errors  Last Runtime    Last Run
-----------------------------------  -----  ---------  --------  ----------  --------------  -------------------
/opt/airflow/dags/0-firstdag.py                               1           0  0.35s           2024-07-04T10:21:29
/opt/airflow/dags/1.bashoperator.py                           1           0  0.38s           2024-07-04T10:21:36
================================================================================
[2024-07-04T10:22:03.445+0000] {manager.py:724} INFO - Searching for files in /opt/airflow/dags
[2024-07-04T10:22:03.459+0000] {manager.py:727} INFO - There are 2 files in /opt/airflow/dags
[2024-07-04T10:22:24.672+0000] {manager.py:846} INFO - 
================================================================================
DAG File Processing Stats

File Path                            PID    Runtime      # DAGs    # Errors  Last Runtime    Last Run
-----------------------------------  -----  ---------  --------  ----------  --------------  -------------------
/opt/airflow/dags/0-firstdag.py                               1           0  0.21s           2024-07-04T10:21:59
/opt/airflow/dags/1.bashoperator.py                           1           0  0.12s           2024-07-04T10:22:06
================================================================================
[2024-07-04T10:22:55.033+0000] {manager.py:846} INFO - 
================================================================================
DAG File Processing Stats

File Path                            PID    Runtime      # DAGs    # Errors  Last Runtime    Last Run
-----------------------------------  -----  ---------  --------  ----------  --------------  -------------------
/opt/airflow/dags/0-firstdag.py                               1           0  0.15s           2024-07-04T10:22:29
/opt/airflow/dags/1.bashoperator.py                           1           0  0.27s           2024-07-04T10:22:37
================================================================================
[2024-07-04T10:23:25.279+0000] {manager.py:846} INFO - 
================================================================================
DAG File Processing Stats

File Path                            PID    Runtime      # DAGs    # Errors  Last Runtime    Last Run
-----------------------------------  -----  ---------  --------  ----------  --------------  -------------------
/opt/airflow/dags/0-firstdag.py                               1           0  0.15s           2024-07-04T10:23:00
/opt/airflow/dags/1.bashoperator.py                           1           0  0.13s           2024-07-04T10:23:07
================================================================================
[2024-07-04T10:23:55.580+0000] {manager.py:846} INFO - 
================================================================================
DAG File Processing Stats

File Path                            PID    Runtime      # DAGs    # Errors  Last Runtime    Last Run
-----------------------------------  -----  ---------  --------  ----------  --------------  -------------------
/opt/airflow/dags/0-firstdag.py                               1           0  0.15s           2024-07-04T10:23:30
/opt/airflow/dags/1.bashoperator.py                           1           0  0.15s           2024-07-04T10:23:37
================================================================================
[2024-07-04T10:24:25.879+0000] {manager.py:846} INFO - 
================================================================================
DAG File Processing Stats

File Path                            PID    Runtime      # DAGs    # Errors  Last Runtime    Last Run
-----------------------------------  -----  ---------  --------  ----------  --------------  -------------------
/opt/airflow/dags/0-firstdag.py                               1           0  0.54s           2024-07-04T10:24:01
/opt/airflow/dags/1.bashoperator.py                           1           0  0.13s           2024-07-04T10:24:07
================================================================================
[2024-07-04T10:24:56.184+0000] {manager.py:846} INFO - 
================================================================================
DAG File Processing Stats

File Path                            PID    Runtime      # DAGs    # Errors  Last Runtime    Last Run
-----------------------------------  -----  ---------  --------  ----------  --------------  -------------------
/opt/airflow/dags/0-firstdag.py                               1           0  0.15s           2024-07-04T10:24:32
/opt/airflow/dags/1.bashoperator.py                           1           0  0.13s           2024-07-04T10:24:38
================================================================================
[2024-07-04T10:25:26.458+0000] {manager.py:846} INFO - 
================================================================================
DAG File Processing Stats

File Path                            PID    Runtime      # DAGs    # Errors  Last Runtime    Last Run
-----------------------------------  -----  ---------  --------  ----------  --------------  -------------------
/opt/airflow/dags/0-firstdag.py                               1           0  0.13s           2024-07-04T10:25:02
/opt/airflow/dags/1.bashoperator.py                           1           0  0.14s           2024-07-04T10:25:08
================================================================================
[2024-07-04T10:25:56.730+0000] {manager.py:846} INFO - 
================================================================================
DAG File Processing Stats

File Path                            PID    Runtime      # DAGs    # Errors  Last Runtime    Last Run
-----------------------------------  -----  ---------  --------  ----------  --------------  -------------------
/opt/airflow/dags/0-firstdag.py                               1           0  0.13s           2024-07-04T10:25:32
/opt/airflow/dags/1.bashoperator.py                           1           0  0.12s           2024-07-04T10:25:38
================================================================================
[2024-07-04T10:26:26.997+0000] {manager.py:846} INFO - 
================================================================================
DAG File Processing Stats

File Path                            PID    Runtime      # DAGs    # Errors  Last Runtime    Last Run
-----------------------------------  -----  ---------  --------  ----------  --------------  -------------------
/opt/airflow/dags/0-firstdag.py                               1           0  0.13s           2024-07-04T10:26:02
/opt/airflow/dags/1.bashoperator.py                           1           0  0.26s           2024-07-04T10:26:09
================================================================================
[2024-07-04T10:26:57.258+0000] {manager.py:846} INFO - 
================================================================================
DAG File Processing Stats

File Path                            PID    Runtime      # DAGs    # Errors  Last Runtime    Last Run
-----------------------------------  -----  ---------  --------  ----------  --------------  -------------------
/opt/airflow/dags/0-firstdag.py                               1           0  0.12s           2024-07-04T10:26:33
/opt/airflow/dags/1.bashoperator.py                           1           0  0.12s           2024-07-04T10:26:39
================================================================================
[2024-07-04T10:27:04.314+0000] {manager.py:724} INFO - Searching for files in /opt/airflow/dags
[2024-07-04T10:27:04.317+0000] {manager.py:727} INFO - There are 2 files in /opt/airflow/dags
[2024-07-04T10:27:27.541+0000] {manager.py:846} INFO - 
================================================================================
DAG File Processing Stats

File Path                            PID    Runtime      # DAGs    # Errors  Last Runtime    Last Run
-----------------------------------  -----  ---------  --------  ----------  --------------  -------------------
/opt/airflow/dags/0-firstdag.py                               1           0  0.12s           2024-07-04T10:27:03
/opt/airflow/dags/1.bashoperator.py                           1           0  0.13s           2024-07-04T10:27:09
================================================================================
[2024-07-04T10:27:57.820+0000] {manager.py:846} INFO - 
================================================================================
DAG File Processing Stats

File Path                            PID    Runtime      # DAGs    # Errors  Last Runtime    Last Run
-----------------------------------  -----  ---------  --------  ----------  --------------  -------------------
/opt/airflow/dags/0-firstdag.py                               1           0  0.12s           2024-07-04T10:27:33
/opt/airflow/dags/1.bashoperator.py                           1           0  0.14s           2024-07-04T10:27:39
================================================================================
[2024-07-04T10:28:28.083+0000] {manager.py:846} INFO - 
================================================================================
DAG File Processing Stats

File Path                            PID    Runtime      # DAGs    # Errors  Last Runtime    Last Run
-----------------------------------  -----  ---------  --------  ----------  --------------  -------------------
/opt/airflow/dags/0-firstdag.py                               1           0  0.12s           2024-07-04T10:28:03
/opt/airflow/dags/1.bashoperator.py                           1           0  0.15s           2024-07-04T10:28:10
================================================================================
[2024-07-04T10:28:58.344+0000] {manager.py:846} INFO - 
================================================================================
DAG File Processing Stats

File Path                            PID    Runtime      # DAGs    # Errors  Last Runtime    Last Run
-----------------------------------  -----  ---------  --------  ----------  --------------  -------------------
/opt/airflow/dags/0-firstdag.py                               1           0  0.12s           2024-07-04T10:28:34
/opt/airflow/dags/1.bashoperator.py                           1           0  0.17s           2024-07-04T10:28:40
================================================================================
[2024-07-04T10:29:28.608+0000] {manager.py:846} INFO - 
================================================================================
DAG File Processing Stats

File Path                            PID    Runtime      # DAGs    # Errors  Last Runtime    Last Run
-----------------------------------  -----  ---------  --------  ----------  --------------  -------------------
/opt/airflow/dags/0-firstdag.py                               1           0  0.12s           2024-07-04T10:29:04
/opt/airflow/dags/1.bashoperator.py                           1           0  0.14s           2024-07-04T10:29:10
================================================================================
[2024-07-04T10:29:58.869+0000] {manager.py:846} INFO - 
================================================================================
DAG File Processing Stats

File Path                            PID    Runtime      # DAGs    # Errors  Last Runtime    Last Run
-----------------------------------  -----  ---------  --------  ----------  --------------  -------------------
/opt/airflow/dags/0-firstdag.py                               1           0  0.12s           2024-07-04T10:29:34
/opt/airflow/dags/1.bashoperator.py                           1           0  0.13s           2024-07-04T10:29:40
================================================================================
[2024-07-04T10:30:29.132+0000] {manager.py:846} INFO - 
================================================================================
DAG File Processing Stats

File Path                            PID    Runtime      # DAGs    # Errors  Last Runtime    Last Run
-----------------------------------  -----  ---------  --------  ----------  --------------  -------------------
/opt/airflow/dags/0-firstdag.py                               1           0  0.11s           2024-07-04T10:30:05
/opt/airflow/dags/1.bashoperator.py                           1           0  0.11s           2024-07-04T10:30:11
================================================================================
[2024-07-04T10:30:59.612+0000] {manager.py:846} INFO - 
================================================================================
DAG File Processing Stats

File Path                            PID    Runtime      # DAGs    # Errors  Last Runtime    Last Run
-----------------------------------  -----  ---------  --------  ----------  --------------  -------------------
/opt/airflow/dags/0-firstdag.py                               1           0  0.12s           2024-07-04T10:30:35
/opt/airflow/dags/1.bashoperator.py                           1           0  0.58s           2024-07-04T10:30:41
================================================================================
[2024-07-04T10:31:29.877+0000] {manager.py:846} INFO - 
================================================================================
DAG File Processing Stats

File Path                            PID    Runtime      # DAGs    # Errors  Last Runtime    Last Run
-----------------------------------  -----  ---------  --------  ----------  --------------  -------------------
/opt/airflow/dags/0-firstdag.py                               1           0  0.11s           2024-07-04T10:31:05
/opt/airflow/dags/1.bashoperator.py                           1           0  0.12s           2024-07-04T10:31:12
================================================================================
[2024-07-04T10:32:00.136+0000] {manager.py:846} INFO - 
================================================================================
DAG File Processing Stats

File Path                            PID    Runtime      # DAGs    # Errors  Last Runtime    Last Run
-----------------------------------  -----  ---------  --------  ----------  --------------  -------------------
/opt/airflow/dags/0-firstdag.py                               1           0  0.11s           2024-07-04T10:31:36
/opt/airflow/dags/1.bashoperator.py                           1           0  0.13s           2024-07-04T10:31:43
================================================================================
[2024-07-04T10:32:05.159+0000] {manager.py:724} INFO - Searching for files in /opt/airflow/dags
[2024-07-04T10:32:05.162+0000] {manager.py:727} INFO - There are 2 files in /opt/airflow/dags
[2024-07-04T10:32:30.317+0000] {manager.py:846} INFO - 
================================================================================
DAG File Processing Stats

File Path                            PID    Runtime      # DAGs    # Errors  Last Runtime    Last Run
-----------------------------------  -----  ---------  --------  ----------  --------------  -------------------
/opt/airflow/dags/0-firstdag.py                               1           0  0.17s           2024-07-04T10:32:06
/opt/airflow/dags/1.bashoperator.py                           1           0  0.12s           2024-07-04T10:32:13
================================================================================
[2024-07-04T10:33:00.571+0000] {manager.py:846} INFO - 
================================================================================
DAG File Processing Stats

File Path                            PID    Runtime      # DAGs    # Errors  Last Runtime    Last Run
-----------------------------------  -----  ---------  --------  ----------  --------------  -------------------
/opt/airflow/dags/0-firstdag.py                               1           0  0.13s           2024-07-04T10:32:36
/opt/airflow/dags/1.bashoperator.py                           1           0  0.12s           2024-07-04T10:32:43
================================================================================
[2024-07-04T10:33:30.848+0000] {manager.py:846} INFO - 
================================================================================
DAG File Processing Stats

File Path                            PID    Runtime      # DAGs    # Errors  Last Runtime    Last Run
-----------------------------------  -----  ---------  --------  ----------  --------------  -------------------
/opt/airflow/dags/0-firstdag.py                               1           0  0.11s           2024-07-04T10:33:06
/opt/airflow/dags/1.bashoperator.py                           1           0  0.12s           2024-07-04T10:33:13
================================================================================
[2024-07-04T10:34:01.110+0000] {manager.py:846} INFO - 
================================================================================
DAG File Processing Stats

File Path                            PID    Runtime      # DAGs    # Errors  Last Runtime    Last Run
-----------------------------------  -----  ---------  --------  ----------  --------------  -------------------
/opt/airflow/dags/0-firstdag.py                               1           0  0.11s           2024-07-04T10:33:36
/opt/airflow/dags/1.bashoperator.py                           1           0  0.16s           2024-07-04T10:33:44
================================================================================
[2024-07-04T10:34:31.380+0000] {manager.py:846} INFO - 
================================================================================
DAG File Processing Stats

File Path                            PID    Runtime      # DAGs    # Errors  Last Runtime    Last Run
-----------------------------------  -----  ---------  --------  ----------  --------------  -------------------
/opt/airflow/dags/0-firstdag.py                               1           0  0.11s           2024-07-04T10:34:07
/opt/airflow/dags/1.bashoperator.py                           1           0  0.11s           2024-07-04T10:34:14
================================================================================
[2024-07-04T10:35:01.577+0000] {manager.py:846} INFO - 
================================================================================
DAG File Processing Stats

File Path                            PID    Runtime      # DAGs    # Errors  Last Runtime    Last Run
-----------------------------------  -----  ---------  --------  ----------  --------------  -------------------
/opt/airflow/dags/0-firstdag.py                               1           0  0.18s           2024-07-04T10:34:37
/opt/airflow/dags/1.bashoperator.py                           1           0  0.11s           2024-07-04T10:34:44
================================================================================
[2024-07-04T10:35:31.970+0000] {manager.py:846} INFO - 
================================================================================
DAG File Processing Stats

File Path                            PID    Runtime      # DAGs    # Errors  Last Runtime    Last Run
-----------------------------------  -----  ---------  --------  ----------  --------------  -------------------
/opt/airflow/dags/0-firstdag.py                               1           0  0.11s           2024-07-04T10:35:07
/opt/airflow/dags/1.bashoperator.py                           1           0  0.12s           2024-07-04T10:35:14
================================================================================
[2024-07-04T11:27:41.301+0000] {manager.py:724} INFO - Searching for files in /opt/airflow/dags
[2024-07-04T11:27:42.152+0000] {manager.py:727} INFO - There are 2 files in /opt/airflow/dags
[2024-07-04T11:27:43.796+0000] {manager.py:846} INFO - 
================================================================================
DAG File Processing Stats

File Path                              PID  Runtime      # DAGs    # Errors  Last Runtime    Last Run
-----------------------------------  -----  ---------  --------  ----------  --------------  -------------------
/opt/airflow/dags/0-firstdag.py       3465  0.15s             1           0  0.11s           2024-07-04T10:35:38
/opt/airflow/dags/1.bashoperator.py   3464  0.34s             1           0  0.12s           2024-07-04T10:35:45
================================================================================
[2024-07-04T11:28:14.773+0000] {manager.py:846} INFO - 
================================================================================
DAG File Processing Stats

File Path                            PID    Runtime      # DAGs    # Errors  Last Runtime    Last Run
-----------------------------------  -----  ---------  --------  ----------  --------------  -------------------
/opt/airflow/dags/0-firstdag.py                               1           0  7.77s           2024-07-04T11:27:51
/opt/airflow/dags/1.bashoperator.py                           1           0  7.96s           2024-07-04T11:27:51
================================================================================
[2024-07-04T11:28:45.023+0000] {manager.py:846} INFO - 
================================================================================
DAG File Processing Stats

File Path                            PID    Runtime      # DAGs    # Errors  Last Runtime    Last Run
-----------------------------------  -----  ---------  --------  ----------  --------------  -------------------
/opt/airflow/dags/0-firstdag.py                               1           0  5.90s           2024-07-04T11:28:27
/opt/airflow/dags/1.bashoperator.py                           1           0  5.95s           2024-07-04T11:28:27
================================================================================
[2024-07-04T11:29:15.940+0000] {manager.py:846} INFO - 
================================================================================
DAG File Processing Stats

File Path                            PID    Runtime      # DAGs    # Errors  Last Runtime    Last Run
-----------------------------------  -----  ---------  --------  ----------  --------------  -------------------
/opt/airflow/dags/0-firstdag.py                               1           0  0.67s           2024-07-04T11:28:58
/opt/airflow/dags/1.bashoperator.py                           1           0  0.78s           2024-07-04T11:28:58
================================================================================
[2024-07-04T11:29:46.762+0000] {manager.py:846} INFO - 
================================================================================
DAG File Processing Stats

File Path                            PID    Runtime      # DAGs    # Errors  Last Runtime    Last Run
-----------------------------------  -----  ---------  --------  ----------  --------------  -------------------
/opt/airflow/dags/0-firstdag.py                               1           0  0.60s           2024-07-04T11:29:29
/opt/airflow/dags/1.bashoperator.py                           1           0  0.80s           2024-07-04T11:29:29
================================================================================
[2024-07-04T11:30:17.194+0000] {manager.py:846} INFO - 
================================================================================
DAG File Processing Stats

File Path                            PID    Runtime      # DAGs    # Errors  Last Runtime    Last Run
-----------------------------------  -----  ---------  --------  ----------  --------------  -------------------
/opt/airflow/dags/0-firstdag.py                               1           0  0.44s           2024-07-04T11:30:00
/opt/airflow/dags/1.bashoperator.py                           1           0  0.46s           2024-07-04T11:30:00
================================================================================
[2024-07-04T11:30:47.285+0000] {manager.py:846} INFO - 
================================================================================
DAG File Processing Stats

File Path                            PID    Runtime      # DAGs    # Errors  Last Runtime    Last Run
-----------------------------------  -----  ---------  --------  ----------  --------------  -------------------
/opt/airflow/dags/0-firstdag.py                               1           0  1.42s           2024-07-04T11:30:32
/opt/airflow/dags/1.bashoperator.py                           1           0  1.42s           2024-07-04T11:30:32
================================================================================
[2024-07-04T11:31:17.500+0000] {manager.py:846} INFO - 
================================================================================
DAG File Processing Stats

File Path                            PID    Runtime      # DAGs    # Errors  Last Runtime    Last Run
-----------------------------------  -----  ---------  --------  ----------  --------------  -------------------
/opt/airflow/dags/0-firstdag.py                               1           0  0.40s           2024-07-04T11:31:02
/opt/airflow/dags/1.bashoperator.py                           1           0  0.42s           2024-07-04T11:31:02
================================================================================
[2024-07-04T11:31:48.276+0000] {manager.py:846} INFO - 
================================================================================
DAG File Processing Stats

File Path                            PID    Runtime      # DAGs    # Errors  Last Runtime    Last Run
-----------------------------------  -----  ---------  --------  ----------  --------------  -------------------
/opt/airflow/dags/0-firstdag.py                               1           0  0.19s           2024-07-04T11:31:33
/opt/airflow/dags/1.bashoperator.py                           1           0  0.19s           2024-07-04T11:31:33
================================================================================
[2024-07-04T11:32:18.720+0000] {manager.py:846} INFO - 
================================================================================
DAG File Processing Stats

File Path                            PID    Runtime      # DAGs    # Errors  Last Runtime    Last Run
-----------------------------------  -----  ---------  --------  ----------  --------------  -------------------
/opt/airflow/dags/0-firstdag.py                               1           0  1.49s           2024-07-04T11:32:05
/opt/airflow/dags/1.bashoperator.py                           1           0  1.56s           2024-07-04T11:32:05
================================================================================
[2024-07-04T11:32:41.395+0000] {manager.py:724} INFO - Searching for files in /opt/airflow/dags
[2024-07-04T11:32:41.399+0000] {manager.py:727} INFO - There are 2 files in /opt/airflow/dags
[2024-07-04T11:32:49.507+0000] {manager.py:846} INFO - 
================================================================================
DAG File Processing Stats

File Path                            PID    Runtime      # DAGs    # Errors  Last Runtime    Last Run
-----------------------------------  -----  ---------  --------  ----------  --------------  -------------------
/opt/airflow/dags/0-firstdag.py                               1           0  0.16s           2024-07-04T11:32:35
/opt/airflow/dags/1.bashoperator.py                           1           0  0.17s           2024-07-04T11:32:35
================================================================================
[2024-07-04T11:33:19.829+0000] {manager.py:846} INFO - 
================================================================================
DAG File Processing Stats

File Path                            PID    Runtime      # DAGs    # Errors  Last Runtime    Last Run
-----------------------------------  -----  ---------  --------  ----------  --------------  -------------------
/opt/airflow/dags/0-firstdag.py                               1           0  0.15s           2024-07-04T11:33:05
/opt/airflow/dags/1.bashoperator.py                           1           0  0.13s           2024-07-04T11:33:05
================================================================================
[2024-07-04T11:33:50.733+0000] {manager.py:846} INFO - 
================================================================================
DAG File Processing Stats

File Path                            PID    Runtime      # DAGs    # Errors  Last Runtime    Last Run
-----------------------------------  -----  ---------  --------  ----------  --------------  -------------------
/opt/airflow/dags/0-firstdag.py                               1           0  0.69s           2024-07-04T11:33:36
/opt/airflow/dags/1.bashoperator.py                           1           0  0.81s           2024-07-04T11:33:36
================================================================================
[2024-07-04T11:34:20.955+0000] {manager.py:846} INFO - 
================================================================================
DAG File Processing Stats

File Path                            PID    Runtime      # DAGs    # Errors  Last Runtime    Last Run
-----------------------------------  -----  ---------  --------  ----------  --------------  -------------------
/opt/airflow/dags/0-firstdag.py                               1           0  0.12s           2024-07-04T11:34:06
/opt/airflow/dags/1.bashoperator.py                           1           0  0.13s           2024-07-04T11:34:06
================================================================================
[2024-07-04T11:34:51.393+0000] {manager.py:846} INFO - 
================================================================================
DAG File Processing Stats

File Path                            PID    Runtime      # DAGs    # Errors  Last Runtime    Last Run
-----------------------------------  -----  ---------  --------  ----------  --------------  -------------------
/opt/airflow/dags/0-firstdag.py                               1           0  0.27s           2024-07-04T11:34:37
/opt/airflow/dags/1.bashoperator.py                           1           0  0.35s           2024-07-04T11:34:37
================================================================================
[2024-07-04T11:35:21.777+0000] {manager.py:846} INFO - 
================================================================================
DAG File Processing Stats

File Path                            PID    Runtime      # DAGs    # Errors  Last Runtime    Last Run
-----------------------------------  -----  ---------  --------  ----------  --------------  -------------------
/opt/airflow/dags/0-firstdag.py                               1           0  0.22s           2024-07-04T11:35:07
/opt/airflow/dags/1.bashoperator.py                           1           0  0.26s           2024-07-04T11:35:07
================================================================================
[2024-07-04T11:35:52.185+0000] {manager.py:846} INFO - 
================================================================================
DAG File Processing Stats

File Path                            PID    Runtime      # DAGs    # Errors  Last Runtime    Last Run
-----------------------------------  -----  ---------  --------  ----------  --------------  -------------------
/opt/airflow/dags/0-firstdag.py                               1           0  0.24s           2024-07-04T11:35:38
/opt/airflow/dags/1.bashoperator.py                           1           0  0.25s           2024-07-04T11:35:38
================================================================================
[2024-07-04T11:36:22.501+0000] {manager.py:846} INFO - 
================================================================================
DAG File Processing Stats

File Path                            PID    Runtime      # DAGs    # Errors  Last Runtime    Last Run
-----------------------------------  -----  ---------  --------  ----------  --------------  -------------------
/opt/airflow/dags/0-firstdag.py                               1           0  1.17s           2024-07-04T11:36:09
/opt/airflow/dags/1.bashoperator.py                           1           0  1.20s           2024-07-04T11:36:09
================================================================================
[2024-07-04T11:36:52.813+0000] {manager.py:846} INFO - 
================================================================================
DAG File Processing Stats

File Path                            PID    Runtime      # DAGs    # Errors  Last Runtime    Last Run
-----------------------------------  -----  ---------  --------  ----------  --------------  -------------------
/opt/airflow/dags/0-firstdag.py                               1           0  0.12s           2024-07-04T11:36:39
/opt/airflow/dags/1.bashoperator.py                           1           0  0.12s           2024-07-04T11:36:39
================================================================================
[2024-07-04T11:37:23.245+0000] {manager.py:846} INFO - 
================================================================================
DAG File Processing Stats

File Path                            PID    Runtime      # DAGs    # Errors  Last Runtime    Last Run
-----------------------------------  -----  ---------  --------  ----------  --------------  -------------------
/opt/airflow/dags/0-firstdag.py                               1           0  0.32s           2024-07-04T11:37:10
/opt/airflow/dags/1.bashoperator.py                           1           0  0.28s           2024-07-04T11:37:10
================================================================================
[2024-07-04T11:37:41.468+0000] {manager.py:724} INFO - Searching for files in /opt/airflow/dags
[2024-07-04T11:37:41.472+0000] {manager.py:727} INFO - There are 2 files in /opt/airflow/dags
[2024-07-04T11:37:53.580+0000] {manager.py:846} INFO - 
================================================================================
DAG File Processing Stats

File Path                            PID    Runtime      # DAGs    # Errors  Last Runtime    Last Run
-----------------------------------  -----  ---------  --------  ----------  --------------  -------------------
/opt/airflow/dags/0-firstdag.py                               1           0  0.12s           2024-07-04T11:37:40
/opt/airflow/dags/1.bashoperator.py                           1           0  0.12s           2024-07-04T11:37:40
================================================================================
[2024-07-04T11:38:23.901+0000] {manager.py:846} INFO - 
================================================================================
DAG File Processing Stats

File Path                            PID    Runtime      # DAGs    # Errors  Last Runtime    Last Run
-----------------------------------  -----  ---------  --------  ----------  --------------  -------------------
/opt/airflow/dags/0-firstdag.py                               1           0  0.19s           2024-07-04T11:38:10
/opt/airflow/dags/1.bashoperator.py                           1           0  0.18s           2024-07-04T11:38:10
================================================================================
[2024-07-04T11:38:54.441+0000] {manager.py:846} INFO - 
================================================================================
DAG File Processing Stats

File Path                            PID    Runtime      # DAGs    # Errors  Last Runtime    Last Run
-----------------------------------  -----  ---------  --------  ----------  --------------  -------------------
/opt/airflow/dags/0-firstdag.py                               1           0  0.38s           2024-07-04T11:38:41
/opt/airflow/dags/1.bashoperator.py                           1           0  0.43s           2024-07-04T11:38:41
================================================================================
[2024-07-04T11:39:24.807+0000] {manager.py:846} INFO - 
================================================================================
DAG File Processing Stats

File Path                            PID    Runtime      # DAGs    # Errors  Last Runtime    Last Run
-----------------------------------  -----  ---------  --------  ----------  --------------  -------------------
/opt/airflow/dags/0-firstdag.py                               1           0  0.24s           2024-07-04T11:39:11
/opt/airflow/dags/1.bashoperator.py                           1           0  0.21s           2024-07-04T11:39:11
================================================================================
[2024-07-04T11:39:55.119+0000] {manager.py:846} INFO - 
================================================================================
DAG File Processing Stats

File Path                            PID    Runtime      # DAGs    # Errors  Last Runtime    Last Run
-----------------------------------  -----  ---------  --------  ----------  --------------  -------------------
/opt/airflow/dags/0-firstdag.py                               1           0  0.15s           2024-07-04T11:39:42
/opt/airflow/dags/1.bashoperator.py                           1           0  0.15s           2024-07-04T11:39:42
================================================================================
[2024-07-04T11:40:25.286+0000] {manager.py:846} INFO - 
================================================================================
DAG File Processing Stats

File Path                            PID    Runtime      # DAGs    # Errors  Last Runtime    Last Run
-----------------------------------  -----  ---------  --------  ----------  --------------  -------------------
/opt/airflow/dags/0-firstdag.py                               1           0  0.19s           2024-07-04T11:40:12
/opt/airflow/dags/1.bashoperator.py                           1           0  0.19s           2024-07-04T11:40:12
================================================================================
[2024-07-04T11:40:55.799+0000] {manager.py:846} INFO - 
================================================================================
DAG File Processing Stats

File Path                            PID    Runtime      # DAGs    # Errors  Last Runtime    Last Run
-----------------------------------  -----  ---------  --------  ----------  --------------  -------------------
/opt/airflow/dags/0-firstdag.py                               1           0  0.19s           2024-07-04T11:40:42
/opt/airflow/dags/1.bashoperator.py                           1           0  0.18s           2024-07-04T11:40:42
================================================================================
[2024-07-04T11:41:25.996+0000] {manager.py:846} INFO - 
================================================================================
DAG File Processing Stats

File Path                            PID    Runtime      # DAGs    # Errors  Last Runtime    Last Run
-----------------------------------  -----  ---------  --------  ----------  --------------  -------------------
/opt/airflow/dags/0-firstdag.py                               1           0  0.13s           2024-07-04T11:41:13
/opt/airflow/dags/1.bashoperator.py                           1           0  0.13s           2024-07-04T11:41:13
================================================================================
[2024-07-04T11:41:56.352+0000] {manager.py:846} INFO - 
================================================================================
DAG File Processing Stats

File Path                            PID    Runtime      # DAGs    # Errors  Last Runtime    Last Run
-----------------------------------  -----  ---------  --------  ----------  --------------  -------------------
/opt/airflow/dags/0-firstdag.py                               1           0  0.19s           2024-07-04T11:41:43
/opt/airflow/dags/1.bashoperator.py                           1           0  0.24s           2024-07-04T11:41:43
================================================================================
[2024-07-04T11:42:26.649+0000] {manager.py:846} INFO - 
================================================================================
DAG File Processing Stats

File Path                            PID    Runtime      # DAGs    # Errors  Last Runtime    Last Run
-----------------------------------  -----  ---------  --------  ----------  --------------  -------------------
/opt/airflow/dags/0-firstdag.py                               1           0  0.13s           2024-07-04T11:42:13
/opt/airflow/dags/1.bashoperator.py                           1           0  0.13s           2024-07-04T11:42:13
================================================================================
[2024-07-04T11:42:41.716+0000] {manager.py:724} INFO - Searching for files in /opt/airflow/dags
[2024-07-04T11:42:42.209+0000] {manager.py:727} INFO - There are 2 files in /opt/airflow/dags
[2024-07-04T11:42:57.567+0000] {manager.py:846} INFO - 
================================================================================
DAG File Processing Stats

File Path                            PID    Runtime      # DAGs    # Errors  Last Runtime    Last Run
-----------------------------------  -----  ---------  --------  ----------  --------------  -------------------
/opt/airflow/dags/0-firstdag.py                               1           0  0.30s           2024-07-04T11:42:44
/opt/airflow/dags/1.bashoperator.py                           1           0  0.24s           2024-07-04T11:42:44
================================================================================
[2024-07-04T11:43:28.282+0000] {manager.py:846} INFO - 
================================================================================
DAG File Processing Stats

File Path                            PID    Runtime      # DAGs    # Errors  Last Runtime    Last Run
-----------------------------------  -----  ---------  --------  ----------  --------------  -------------------
/opt/airflow/dags/0-firstdag.py                               1           0  0.59s           2024-07-04T11:43:15
/opt/airflow/dags/1.bashoperator.py                           1           0  0.55s           2024-07-04T11:43:15
================================================================================
[2024-07-04T11:43:58.471+0000] {manager.py:846} INFO - 
================================================================================
DAG File Processing Stats

File Path                            PID    Runtime      # DAGs    # Errors  Last Runtime    Last Run
-----------------------------------  -----  ---------  --------  ----------  --------------  -------------------
/opt/airflow/dags/0-firstdag.py                               1           0  0.13s           2024-07-04T11:43:45
/opt/airflow/dags/1.bashoperator.py                           1           0  0.13s           2024-07-04T11:43:45
================================================================================
[2024-07-04T11:44:28.767+0000] {manager.py:846} INFO - 
================================================================================
DAG File Processing Stats

File Path                            PID    Runtime      # DAGs    # Errors  Last Runtime    Last Run
-----------------------------------  -----  ---------  --------  ----------  --------------  -------------------
/opt/airflow/dags/0-firstdag.py                               1           0  0.14s           2024-07-04T11:44:15
/opt/airflow/dags/1.bashoperator.py                           1           0  0.16s           2024-07-04T11:44:15
================================================================================
[2024-07-04T11:44:59.119+0000] {manager.py:846} INFO - 
================================================================================
DAG File Processing Stats

File Path                            PID    Runtime      # DAGs    # Errors  Last Runtime    Last Run
-----------------------------------  -----  ---------  --------  ----------  --------------  -------------------
/opt/airflow/dags/0-firstdag.py                               1           0  0.17s           2024-07-04T11:44:46
/opt/airflow/dags/1.bashoperator.py                           1           0  0.17s           2024-07-04T11:44:46
================================================================================
[2024-07-04T11:45:29.673+0000] {manager.py:846} INFO - 
================================================================================
DAG File Processing Stats

File Path                            PID    Runtime      # DAGs    # Errors  Last Runtime    Last Run
-----------------------------------  -----  ---------  --------  ----------  --------------  -------------------
/opt/airflow/dags/0-firstdag.py                               1           0  0.41s           2024-07-04T11:45:16
/opt/airflow/dags/1.bashoperator.py                           1           0  0.39s           2024-07-04T11:45:16
================================================================================
[2024-07-04T11:46:00.030+0000] {manager.py:846} INFO - 
================================================================================
DAG File Processing Stats

File Path                            PID    Runtime      # DAGs    # Errors  Last Runtime    Last Run
-----------------------------------  -----  ---------  --------  ----------  --------------  -------------------
/opt/airflow/dags/0-firstdag.py                               1           0  0.18s           2024-07-04T11:45:46
/opt/airflow/dags/1.bashoperator.py                           1           0  0.21s           2024-07-04T11:45:46
================================================================================
[2024-07-04T11:46:30.438+0000] {manager.py:846} INFO - 
================================================================================
DAG File Processing Stats

File Path                            PID    Runtime      # DAGs    # Errors  Last Runtime    Last Run
-----------------------------------  -----  ---------  --------  ----------  --------------  -------------------
/opt/airflow/dags/0-firstdag.py                               1           0  0.24s           2024-07-04T11:46:17
/opt/airflow/dags/1.bashoperator.py                           1           0  0.22s           2024-07-04T11:46:17
================================================================================
[2024-07-04T11:47:00.623+0000] {manager.py:846} INFO - 
================================================================================
DAG File Processing Stats

File Path                            PID    Runtime      # DAGs    # Errors  Last Runtime    Last Run
-----------------------------------  -----  ---------  --------  ----------  --------------  -------------------
/opt/airflow/dags/0-firstdag.py                               1           0  0.27s           2024-07-04T11:46:47
/opt/airflow/dags/1.bashoperator.py                           1           0  0.28s           2024-07-04T11:46:47
================================================================================
[2024-07-04T11:47:31.224+0000] {manager.py:846} INFO - 
================================================================================
DAG File Processing Stats

File Path                            PID    Runtime      # DAGs    # Errors  Last Runtime    Last Run
-----------------------------------  -----  ---------  --------  ----------  --------------  -------------------
/opt/airflow/dags/0-firstdag.py                               1           0  0.20s           2024-07-04T11:47:18
/opt/airflow/dags/1.bashoperator.py                           1           0  0.19s           2024-07-04T11:47:18
================================================================================
[2024-07-04T11:47:42.280+0000] {manager.py:724} INFO - Searching for files in /opt/airflow/dags
[2024-07-04T11:47:42.284+0000] {manager.py:727} INFO - There are 2 files in /opt/airflow/dags
[2024-07-04T11:48:01.575+0000] {manager.py:846} INFO - 
================================================================================
DAG File Processing Stats

File Path                            PID    Runtime      # DAGs    # Errors  Last Runtime    Last Run
-----------------------------------  -----  ---------  --------  ----------  --------------  -------------------
/opt/airflow/dags/0-firstdag.py                               1           0  0.16s           2024-07-04T11:47:48
/opt/airflow/dags/1.bashoperator.py                           1           0  0.16s           2024-07-04T11:47:48
================================================================================
[2024-07-04T11:48:31.881+0000] {manager.py:846} INFO - 
================================================================================
DAG File Processing Stats

File Path                            PID    Runtime      # DAGs    # Errors  Last Runtime    Last Run
-----------------------------------  -----  ---------  --------  ----------  --------------  -------------------
/opt/airflow/dags/0-firstdag.py                               1           0  0.13s           2024-07-04T11:48:18
/opt/airflow/dags/1.bashoperator.py                           1           0  0.14s           2024-07-04T11:48:18
================================================================================
[2024-07-04T11:49:02.223+0000] {manager.py:846} INFO - 
================================================================================
DAG File Processing Stats

File Path                            PID    Runtime      # DAGs    # Errors  Last Runtime    Last Run
-----------------------------------  -----  ---------  --------  ----------  --------------  -------------------
/opt/airflow/dags/0-firstdag.py                               1           0  0.14s           2024-07-04T11:48:49
/opt/airflow/dags/1.bashoperator.py                           1           0  0.15s           2024-07-04T11:48:49
================================================================================
[2024-07-04T11:49:32.412+0000] {manager.py:846} INFO - 
================================================================================
DAG File Processing Stats

File Path                            PID    Runtime      # DAGs    # Errors  Last Runtime    Last Run
-----------------------------------  -----  ---------  --------  ----------  --------------  -------------------
/opt/airflow/dags/0-firstdag.py                               1           0  0.17s           2024-07-04T11:49:19
/opt/airflow/dags/1.bashoperator.py                           1           0  0.17s           2024-07-04T11:49:19
================================================================================
[2024-07-04T11:50:02.691+0000] {manager.py:846} INFO - 
================================================================================
DAG File Processing Stats

File Path                            PID    Runtime      # DAGs    # Errors  Last Runtime    Last Run
-----------------------------------  -----  ---------  --------  ----------  --------------  -------------------
/opt/airflow/dags/0-firstdag.py                               1           0  0.11s           2024-07-04T11:49:49
/opt/airflow/dags/1.bashoperator.py                           1           0  0.13s           2024-07-04T11:49:49
================================================================================
[2024-07-04T11:50:32.986+0000] {manager.py:846} INFO - 
================================================================================
DAG File Processing Stats

File Path                            PID    Runtime      # DAGs    # Errors  Last Runtime    Last Run
-----------------------------------  -----  ---------  --------  ----------  --------------  -------------------
/opt/airflow/dags/0-firstdag.py                               1           0  0.13s           2024-07-04T11:50:19
/opt/airflow/dags/1.bashoperator.py                           1           0  0.13s           2024-07-04T11:50:19
================================================================================
[2024-07-04T11:51:03.418+0000] {manager.py:846} INFO - 
================================================================================
DAG File Processing Stats

File Path                            PID    Runtime      # DAGs    # Errors  Last Runtime    Last Run
-----------------------------------  -----  ---------  --------  ----------  --------------  -------------------
/opt/airflow/dags/0-firstdag.py                               1           0  0.43s           2024-07-04T11:50:50
/opt/airflow/dags/1.bashoperator.py                           1           0  0.25s           2024-07-04T11:50:50
================================================================================
[2024-07-04T11:51:33.719+0000] {manager.py:846} INFO - 
================================================================================
DAG File Processing Stats

File Path                            PID    Runtime      # DAGs    # Errors  Last Runtime    Last Run
-----------------------------------  -----  ---------  --------  ----------  --------------  -------------------
/opt/airflow/dags/0-firstdag.py                               1           0  0.12s           2024-07-04T11:51:20
/opt/airflow/dags/1.bashoperator.py                           1           0  0.14s           2024-07-04T11:51:20
================================================================================
[2024-07-04T11:52:04.033+0000] {manager.py:846} INFO - 
================================================================================
DAG File Processing Stats

File Path                            PID    Runtime      # DAGs    # Errors  Last Runtime    Last Run
-----------------------------------  -----  ---------  --------  ----------  --------------  -------------------
/opt/airflow/dags/0-firstdag.py                               1           0  0.15s           2024-07-04T11:51:50
/opt/airflow/dags/1.bashoperator.py                           1           0  0.15s           2024-07-04T11:51:50
================================================================================
[2024-07-04T11:52:34.294+0000] {manager.py:846} INFO - 
================================================================================
DAG File Processing Stats

File Path                            PID    Runtime      # DAGs    # Errors  Last Runtime    Last Run
-----------------------------------  -----  ---------  --------  ----------  --------------  -------------------
/opt/airflow/dags/0-firstdag.py                               1           0  0.56s           2024-07-04T11:52:21
/opt/airflow/dags/1.bashoperator.py                           1           0  0.58s           2024-07-04T11:52:21
================================================================================
[2024-07-04T11:52:42.329+0000] {manager.py:724} INFO - Searching for files in /opt/airflow/dags
[2024-07-04T11:52:42.333+0000] {manager.py:727} INFO - There are 2 files in /opt/airflow/dags
[2024-07-04T11:53:05.109+0000] {manager.py:846} INFO - 
================================================================================
DAG File Processing Stats

File Path                            PID    Runtime      # DAGs    # Errors  Last Runtime    Last Run
-----------------------------------  -----  ---------  --------  ----------  --------------  -------------------
/opt/airflow/dags/0-firstdag.py                               1           0  0.14s           2024-07-04T11:52:52
/opt/airflow/dags/1.bashoperator.py                           1           0  0.15s           2024-07-04T11:52:52
================================================================================
[2024-07-04T11:53:35.297+0000] {manager.py:846} INFO - 
================================================================================
DAG File Processing Stats

File Path                            PID    Runtime      # DAGs    # Errors  Last Runtime    Last Run
-----------------------------------  -----  ---------  --------  ----------  --------------  -------------------
/opt/airflow/dags/0-firstdag.py                               1           0  0.12s           2024-07-04T11:53:22
/opt/airflow/dags/1.bashoperator.py                           1           0  0.14s           2024-07-04T11:53:22
================================================================================
[2024-07-04T11:54:05.610+0000] {manager.py:846} INFO - 
================================================================================
DAG File Processing Stats

File Path                            PID    Runtime      # DAGs    # Errors  Last Runtime    Last Run
-----------------------------------  -----  ---------  --------  ----------  --------------  -------------------
/opt/airflow/dags/0-firstdag.py                               1           0  0.18s           2024-07-04T11:53:52
/opt/airflow/dags/1.bashoperator.py                           1           0  0.16s           2024-07-04T11:53:52
================================================================================
[2024-07-04T11:54:35.787+0000] {manager.py:846} INFO - 
================================================================================
DAG File Processing Stats

File Path                            PID    Runtime      # DAGs    # Errors  Last Runtime    Last Run
-----------------------------------  -----  ---------  --------  ----------  --------------  -------------------
/opt/airflow/dags/0-firstdag.py                               1           0  0.12s           2024-07-04T11:54:22
/opt/airflow/dags/1.bashoperator.py                           1           0  0.12s           2024-07-04T11:54:22
================================================================================
[2024-07-04T11:55:06.077+0000] {manager.py:846} INFO - 
================================================================================
DAG File Processing Stats

File Path                            PID    Runtime      # DAGs    # Errors  Last Runtime    Last Run
-----------------------------------  -----  ---------  --------  ----------  --------------  -------------------
/opt/airflow/dags/0-firstdag.py                               1           0  0.12s           2024-07-04T11:54:53
/opt/airflow/dags/1.bashoperator.py                           1           0  0.13s           2024-07-04T11:54:53
================================================================================
[2024-07-04T11:55:36.705+0000] {manager.py:846} INFO - 
================================================================================
DAG File Processing Stats

File Path                            PID    Runtime      # DAGs    # Errors  Last Runtime    Last Run
-----------------------------------  -----  ---------  --------  ----------  --------------  -------------------
/opt/airflow/dags/0-firstdag.py                               1           0  0.47s           2024-07-04T11:55:23
/opt/airflow/dags/1.bashoperator.py                           1           0  0.50s           2024-07-04T11:55:23
================================================================================
[2024-07-04T11:56:07.003+0000] {manager.py:846} INFO - 
================================================================================
DAG File Processing Stats

File Path                            PID    Runtime      # DAGs    # Errors  Last Runtime    Last Run
-----------------------------------  -----  ---------  --------  ----------  --------------  -------------------
/opt/airflow/dags/0-firstdag.py                               1           0  0.13s           2024-07-04T11:55:53
/opt/airflow/dags/1.bashoperator.py                           1           0  0.12s           2024-07-04T11:55:53
================================================================================
[2024-07-04T11:56:37.293+0000] {manager.py:846} INFO - 
================================================================================
DAG File Processing Stats

File Path                            PID    Runtime      # DAGs    # Errors  Last Runtime    Last Run
-----------------------------------  -----  ---------  --------  ----------  --------------  -------------------
/opt/airflow/dags/0-firstdag.py                               1           0  0.12s           2024-07-04T11:56:24
/opt/airflow/dags/1.bashoperator.py                           1           0  0.12s           2024-07-04T11:56:24
================================================================================
[2024-07-04T11:57:07.586+0000] {manager.py:846} INFO - 
================================================================================
DAG File Processing Stats

File Path                            PID    Runtime      # DAGs    # Errors  Last Runtime    Last Run
-----------------------------------  -----  ---------  --------  ----------  --------------  -------------------
/opt/airflow/dags/0-firstdag.py                               1           0  0.14s           2024-07-04T11:56:54
/opt/airflow/dags/1.bashoperator.py                           1           0  0.14s           2024-07-04T11:56:54
================================================================================
