[2024-07-07T09:19:07.198+0000] {taskinstance.py:1165} INFO - Dependencies all met for <TaskInstance: customoperator.hello scheduled__2022-08-23T00:00:00+00:00 [queued]>
[2024-07-07T09:19:07.496+0000] {taskinstance.py:1165} INFO - Dependencies all met for <TaskInstance: customoperator.hello scheduled__2022-08-23T00:00:00+00:00 [queued]>
[2024-07-07T09:19:07.505+0000] {taskinstance.py:1362} INFO - 
--------------------------------------------------------------------------------
[2024-07-07T09:19:07.511+0000] {taskinstance.py:1363} INFO - Starting attempt 1 of 1
[2024-07-07T09:19:07.512+0000] {taskinstance.py:1364} INFO - 
--------------------------------------------------------------------------------
[2024-07-07T09:19:07.796+0000] {taskinstance.py:1383} INFO - Executing <Task(HelloOperator): hello> on 2022-08-23 00:00:00+00:00
[2024-07-07T09:19:07.972+0000] {standard_task_runner.py:55} INFO - Started process 6040 to run task
[2024-07-07T09:19:08.000+0000] {standard_task_runner.py:82} INFO - Running: ['***', 'tasks', 'run', 'customoperator', 'hello', 'scheduled__2022-08-23T00:00:00+00:00', '--job-id', '72', '--raw', '--subdir', 'DAGS_FOLDER/4-customoperator.py', '--cfg-path', '/tmp/tmpxi7d0_o6']
[2024-07-07T09:19:08.017+0000] {standard_task_runner.py:83} INFO - Job 72: Subtask hello
[2024-07-07T09:19:14.720+0000] {task_command.py:376} INFO - Running <TaskInstance: customoperator.hello scheduled__2022-08-23T00:00:00+00:00 [running]> on host 76c37bb8730f
[2024-07-07T09:19:19.433+0000] {taskinstance.py:1592} INFO - Exporting the following env vars:
AIRFLOW_CTX_DAG_OWNER=***
AIRFLOW_CTX_DAG_ID=customoperator
AIRFLOW_CTX_TASK_ID=hello
AIRFLOW_CTX_EXECUTION_DATE=2022-08-23T00:00:00+00:00
AIRFLOW_CTX_TRY_NUMBER=1
AIRFLOW_CTX_DAG_RUN_ID=scheduled__2022-08-23T00:00:00+00:00
[2024-07-07T09:19:19.516+0000] {logging_mixin.py:120} INFO - Hi Dani
[2024-07-07T09:19:19.822+0000] {taskinstance.py:1406} INFO - Marking task as SUCCESS. dag_id=customoperator, task_id=hello, execution_date=20220823T000000, start_date=20240707T091907, end_date=20240707T091919
[2024-07-07T09:19:20.093+0000] {local_task_job.py:164} INFO - Task exited with return code 0
[2024-07-07T09:19:20.740+0000] {local_task_job.py:273} INFO - 0 downstream tasks scheduled from follow-on schedule check
