[2024-07-07T19:33:21.314+0000] {taskinstance.py:1165} INFO - Dependencies all met for <TaskInstance: filesensor.waiting_file scheduled__2022-10-31T00:00:00+00:00 [queued]>
[2024-07-07T19:33:21.346+0000] {taskinstance.py:1165} INFO - Dependencies all met for <TaskInstance: filesensor.waiting_file scheduled__2022-10-31T00:00:00+00:00 [queued]>
[2024-07-07T19:33:21.347+0000] {taskinstance.py:1362} INFO - 
--------------------------------------------------------------------------------
[2024-07-07T19:33:21.348+0000] {taskinstance.py:1363} INFO - Starting attempt 1 of 1
[2024-07-07T19:33:21.348+0000] {taskinstance.py:1364} INFO - 
--------------------------------------------------------------------------------
[2024-07-07T19:33:21.389+0000] {taskinstance.py:1383} INFO - Executing <Task(FileSensor): waiting_file> on 2022-10-31 00:00:00+00:00
[2024-07-07T19:33:21.423+0000] {standard_task_runner.py:55} INFO - Started process 17473 to run task
[2024-07-07T19:33:21.461+0000] {standard_task_runner.py:82} INFO - Running: ['***', 'tasks', 'run', 'filesensor', 'waiting_file', 'scheduled__2022-10-31T00:00:00+00:00', '--job-id', '245', '--raw', '--subdir', 'DAGS_FOLDER/7.3-FileSensor.py', '--cfg-path', '/tmp/tmpxahm77oc']
[2024-07-07T19:33:21.482+0000] {standard_task_runner.py:83} INFO - Job 245: Subtask waiting_file
[2024-07-07T19:33:21.807+0000] {task_command.py:376} INFO - Running <TaskInstance: filesensor.waiting_file scheduled__2022-10-31T00:00:00+00:00 [running]> on host 76c37bb8730f
[2024-07-07T19:33:23.675+0000] {taskinstance.py:1592} INFO - Exporting the following env vars:
AIRFLOW_CTX_DAG_OWNER=***
AIRFLOW_CTX_DAG_ID=filesensor
AIRFLOW_CTX_TASK_ID=waiting_file
AIRFLOW_CTX_EXECUTION_DATE=2022-10-31T00:00:00+00:00
AIRFLOW_CTX_TRY_NUMBER=1
AIRFLOW_CTX_DAG_RUN_ID=scheduled__2022-10-31T00:00:00+00:00
[2024-07-07T19:33:23.763+0000] {base.py:71} INFO - Using connection ID 'fs_default' for task execution.
[2024-07-07T19:33:23.768+0000] {filesystem.py:58} INFO - Poking for file /tmp/file.txt
[2024-07-07T19:33:23.778+0000] {filesystem.py:63} INFO - Found File /tmp/file.txt last modified: 20240707193317
[2024-07-07T19:33:23.779+0000] {base.py:213} INFO - Success criteria met. Exiting.
[2024-07-07T19:33:23.867+0000] {taskinstance.py:1406} INFO - Marking task as SUCCESS. dag_id=filesensor, task_id=waiting_file, execution_date=20221031T000000, start_date=20240707T193321, end_date=20240707T193323
[2024-07-07T19:33:24.165+0000] {local_task_job.py:164} INFO - Task exited with return code 0
[2024-07-07T19:33:24.377+0000] {local_task_job.py:273} INFO - 1 downstream tasks scheduled from follow-on schedule check
