[2024-07-07T09:59:21.728+0000] {taskinstance.py:1165} INFO - Dependencies all met for <TaskInstance: orquestation.task2 scheduled__2024-07-04T00:00:00+00:00 [queued]>
[2024-07-07T09:59:21.744+0000] {taskinstance.py:1165} INFO - Dependencies all met for <TaskInstance: orquestation.task2 scheduled__2024-07-04T00:00:00+00:00 [queued]>
[2024-07-07T09:59:21.744+0000] {taskinstance.py:1362} INFO - 
--------------------------------------------------------------------------------
[2024-07-07T09:59:21.744+0000] {taskinstance.py:1363} INFO - Starting attempt 1 of 1
[2024-07-07T09:59:21.745+0000] {taskinstance.py:1364} INFO - 
--------------------------------------------------------------------------------
[2024-07-07T09:59:21.762+0000] {taskinstance.py:1383} INFO - Executing <Task(BashOperator): task2> on 2024-07-04 00:00:00+00:00
[2024-07-07T09:59:21.769+0000] {standard_task_runner.py:55} INFO - Started process 1571 to run task
[2024-07-07T09:59:21.782+0000] {standard_task_runner.py:82} INFO - Running: ['***', 'tasks', 'run', 'orquestation', 'task2', 'scheduled__2024-07-04T00:00:00+00:00', '--job-id', '93', '--raw', '--subdir', 'DAGS_FOLDER/5.1-orchestration.py', '--cfg-path', '/tmp/tmpt7p7d52l']
[2024-07-07T09:59:21.783+0000] {standard_task_runner.py:83} INFO - Job 93: Subtask task2
[2024-07-07T09:59:21.854+0000] {task_command.py:376} INFO - Running <TaskInstance: orquestation.task2 scheduled__2024-07-04T00:00:00+00:00 [running]> on host 76c37bb8730f
[2024-07-07T09:59:21.975+0000] {taskinstance.py:1592} INFO - Exporting the following env vars:
AIRFLOW_CTX_DAG_OWNER=***
AIRFLOW_CTX_DAG_ID=orquestation
AIRFLOW_CTX_TASK_ID=task2
AIRFLOW_CTX_EXECUTION_DATE=2024-07-04T00:00:00+00:00
AIRFLOW_CTX_TRY_NUMBER=1
AIRFLOW_CTX_DAG_RUN_ID=scheduled__2024-07-04T00:00:00+00:00
[2024-07-07T09:59:21.975+0000] {subprocess.py:63} INFO - Tmp dir root location: 
 /tmp
[2024-07-07T09:59:21.976+0000] {subprocess.py:75} INFO - Running command: ['/bin/bash', '-c', "sleep 3 && echo 'Orquestando en tarea 2'"]
[2024-07-07T09:59:21.991+0000] {subprocess.py:86} INFO - Output:
[2024-07-07T09:59:24.995+0000] {subprocess.py:93} INFO - Orquestando en tarea 2
[2024-07-07T09:59:24.995+0000] {subprocess.py:97} INFO - Command exited with return code 0
[2024-07-07T09:59:25.051+0000] {taskinstance.py:1406} INFO - Marking task as SUCCESS. dag_id=orquestation, task_id=task2, execution_date=20240704T000000, start_date=20240707T095921, end_date=20240707T095925
[2024-07-07T09:59:25.116+0000] {local_task_job.py:164} INFO - Task exited with return code 0
[2024-07-07T09:59:25.157+0000] {local_task_job.py:273} INFO - 2 downstream tasks scheduled from follow-on schedule check
