[2024-07-07T19:22:56.474+0000] {taskinstance.py:1165} INFO - Dependencies all met for <TaskInstance: filesensor.waiting_file scheduled__2022-09-21T00:00:00+00:00 [queued]>
[2024-07-07T19:22:56.486+0000] {taskinstance.py:1165} INFO - Dependencies all met for <TaskInstance: filesensor.waiting_file scheduled__2022-09-21T00:00:00+00:00 [queued]>
[2024-07-07T19:22:56.486+0000] {taskinstance.py:1362} INFO - 
--------------------------------------------------------------------------------
[2024-07-07T19:22:56.486+0000] {taskinstance.py:1363} INFO - Starting attempt 2 of 2
[2024-07-07T19:22:56.486+0000] {taskinstance.py:1364} INFO - 
--------------------------------------------------------------------------------
[2024-07-07T19:22:56.505+0000] {taskinstance.py:1383} INFO - Executing <Task(FileSensor): waiting_file> on 2022-09-21 00:00:00+00:00
[2024-07-07T19:22:56.512+0000] {standard_task_runner.py:55} INFO - Started process 16708 to run task
[2024-07-07T19:22:56.518+0000] {standard_task_runner.py:82} INFO - Running: ['***', 'tasks', 'run', 'filesensor', 'waiting_file', 'scheduled__2022-09-21T00:00:00+00:00', '--job-id', '130', '--raw', '--subdir', 'DAGS_FOLDER/7.3-FileSensor.py', '--cfg-path', '/tmp/tmp0qdjhgva']
[2024-07-07T19:22:56.519+0000] {standard_task_runner.py:83} INFO - Job 130: Subtask waiting_file
[2024-07-07T19:22:56.602+0000] {task_command.py:376} INFO - Running <TaskInstance: filesensor.waiting_file scheduled__2022-09-21T00:00:00+00:00 [running]> on host 76c37bb8730f
[2024-07-07T19:22:56.677+0000] {taskinstance.py:1592} INFO - Exporting the following env vars:
AIRFLOW_CTX_DAG_OWNER=***
AIRFLOW_CTX_DAG_ID=filesensor
AIRFLOW_CTX_TASK_ID=waiting_file
AIRFLOW_CTX_EXECUTION_DATE=2022-09-21T00:00:00+00:00
AIRFLOW_CTX_TRY_NUMBER=2
AIRFLOW_CTX_DAG_RUN_ID=scheduled__2022-09-21T00:00:00+00:00
[2024-07-07T19:22:56.688+0000] {base.py:71} INFO - Using connection ID 'fs_default' for task execution.
[2024-07-07T19:22:56.688+0000] {filesystem.py:58} INFO - Poking for file /tmp/file.txt
[2024-07-07T19:22:56.688+0000] {filesystem.py:63} INFO - Found File /tmp/file.txt last modified: 20240707192243
[2024-07-07T19:22:56.689+0000] {base.py:213} INFO - Success criteria met. Exiting.
[2024-07-07T19:22:56.699+0000] {taskinstance.py:1406} INFO - Marking task as SUCCESS. dag_id=filesensor, task_id=waiting_file, execution_date=20220921T000000, start_date=20240707T192256, end_date=20240707T192256
[2024-07-07T19:22:56.738+0000] {local_task_job.py:164} INFO - Task exited with return code 0
[2024-07-07T19:22:56.775+0000] {local_task_job.py:273} INFO - 1 downstream tasks scheduled from follow-on schedule check
