[2024-07-07T19:34:50.906+0000] {taskinstance.py:1165} INFO - Dependencies all met for <TaskInstance: filesensor.end_task scheduled__2022-11-05T00:00:00+00:00 [queued]>
[2024-07-07T19:34:50.918+0000] {taskinstance.py:1165} INFO - Dependencies all met for <TaskInstance: filesensor.end_task scheduled__2022-11-05T00:00:00+00:00 [queued]>
[2024-07-07T19:34:50.918+0000] {taskinstance.py:1362} INFO - 
--------------------------------------------------------------------------------
[2024-07-07T19:34:50.918+0000] {taskinstance.py:1363} INFO - Starting attempt 1 of 1
[2024-07-07T19:34:50.919+0000] {taskinstance.py:1364} INFO - 
--------------------------------------------------------------------------------
[2024-07-07T19:34:50.936+0000] {taskinstance.py:1383} INFO - Executing <Task(BashOperator): end_task> on 2022-11-05 00:00:00+00:00
[2024-07-07T19:34:50.942+0000] {standard_task_runner.py:55} INFO - Started process 17575 to run task
[2024-07-07T19:34:50.946+0000] {standard_task_runner.py:82} INFO - Running: ['***', 'tasks', 'run', 'filesensor', 'end_task', 'scheduled__2022-11-05T00:00:00+00:00', '--job-id', '261', '--raw', '--subdir', 'DAGS_FOLDER/7.3-FileSensor.py', '--cfg-path', '/tmp/tmpldl00irl']
[2024-07-07T19:34:50.946+0000] {standard_task_runner.py:83} INFO - Job 261: Subtask end_task
[2024-07-07T19:34:51.021+0000] {task_command.py:376} INFO - Running <TaskInstance: filesensor.end_task scheduled__2022-11-05T00:00:00+00:00 [running]> on host 76c37bb8730f
[2024-07-07T19:34:51.092+0000] {taskinstance.py:1592} INFO - Exporting the following env vars:
AIRFLOW_CTX_DAG_OWNER=***
AIRFLOW_CTX_DAG_ID=filesensor
AIRFLOW_CTX_TASK_ID=end_task
AIRFLOW_CTX_EXECUTION_DATE=2022-11-05T00:00:00+00:00
AIRFLOW_CTX_TRY_NUMBER=1
AIRFLOW_CTX_DAG_RUN_ID=scheduled__2022-11-05T00:00:00+00:00
[2024-07-07T19:34:51.093+0000] {subprocess.py:63} INFO - Tmp dir root location: 
 /tmp
[2024-07-07T19:34:51.094+0000] {subprocess.py:75} INFO - Running command: ['/bin/bash', '-c', "echo 'The file has been received, and contains this: ' && cat /tmp/file.txt"]
[2024-07-07T19:34:51.106+0000] {subprocess.py:86} INFO - Output:
[2024-07-07T19:34:51.107+0000] {subprocess.py:93} INFO - The file has been received, and contains this:
[2024-07-07T19:34:51.110+0000] {subprocess.py:93} INFO - Hi, from my first FileSensor.
[2024-07-07T19:34:51.110+0000] {subprocess.py:97} INFO - Command exited with return code 0
[2024-07-07T19:34:51.136+0000] {taskinstance.py:1406} INFO - Marking task as SUCCESS. dag_id=filesensor, task_id=end_task, execution_date=20221105T000000, start_date=20240707T193450, end_date=20240707T193451
[2024-07-07T19:34:51.160+0000] {local_task_job.py:164} INFO - Task exited with return code 0
[2024-07-07T19:34:51.179+0000] {local_task_job.py:273} INFO - 0 downstream tasks scheduled from follow-on schedule check
